{"message":"Session created received the id:1f422554-25d4-48ac-bafb-7a1c929b09f9","level":"\u001b[34minfo\u001b[39m","timestamp":"2021-08-18 18:29:28"}
{"message":"Session created received the id:45d9e101-c3ea-40b2-997a-d94ec5c046be","level":"\u001b[34minfo\u001b[39m","timestamp":"2021-08-18 18:29:42"}
{"message":"404 - Not Found","level":"\u001b[33mwarn\u001b[39m","timestamp":"2021-08-18 18:29:57"}
{"message":"Session created received the id:b6e6b1d9-9f82-4595-bc69-2464f9b6f8bb","level":"\u001b[34minfo\u001b[39m","timestamp":"2021-08-18 18:31:10"}
{"message":"Session created received the id:d9d0ba76-4c9e-4821-bb14-d712aa804de4","level":"\u001b[34minfo\u001b[39m","timestamp":"2021-08-18 18:32:22"}
{"message":"Session created received the id:0b129fa9-a211-4080-b1e4-f29c78b810b3","level":"\u001b[34minfo\u001b[39m","timestamp":"2021-08-18 18:32:54"}
{"message":"Session created received the id:ec04d8c8-4f92-4f17-b93e-c6bd863220f6","level":"\u001b[34minfo\u001b[39m","timestamp":"2021-08-18 18:34:53"}
{"message":"Session created received the id:3e5a6630-5780-4489-a9a6-e9e84226babc","level":"\u001b[34minfo\u001b[39m","timestamp":"2021-08-18 18:35:17"}
{"message":"Session created received the id:a645d92a-e874-49e1-b88c-2e7dd0c9c8d6","level":"\u001b[34minfo\u001b[39m","timestamp":"2021-08-18 18:36:11"}
{"message":"Session created received the id:cf11bf0f-d37d-4637-beb9-00250ab7d5e0","level":"\u001b[34minfo\u001b[39m","timestamp":"2021-08-18 18:37:18"}
{"message":"Session created received the id:bfff0fee-34c2-4e15-9204-8b8397a3e1ae","level":"\u001b[34minfo\u001b[39m","timestamp":"2021-08-18 18:39:30"}
{"message":"Session created received the id:914bef9b-f008-4186-ae52-dab1bb38fdd9","level":"\u001b[34minfo\u001b[39m","timestamp":"2021-08-18 18:40:55"}
{"message":"Session created received the id:94ce4d54-57e6-40c0-93fd-88748ae4e360","level":"\u001b[34minfo\u001b[39m","timestamp":"2021-08-18 18:45:11"}
{"message":"No data in database","level":"\u001b[33mwarn\u001b[39m","timestamp":"2021-08-18 18:45:11"}
{"message":"Session created received the id:94ce4d54-57e6-40c0-93fd-88748ae4e360","level":"\u001b[34minfo\u001b[39m","timestamp":"2021-08-18 18:45:33"}
{"message":"No data in database","level":"\u001b[33mwarn\u001b[39m","timestamp":"2021-08-18 18:45:33"}
{"message":"Session created received the id:94ce4d54-57e6-40c0-93fd-88748ae4e360","level":"\u001b[34minfo\u001b[39m","timestamp":"2021-08-18 18:46:10"}
{"message":"No data in database","level":"\u001b[33mwarn\u001b[39m","timestamp":"2021-08-18 18:46:10"}
{"message":"Session created received the id:94ce4d54-57e6-40c0-93fd-88748ae4e360","level":"\u001b[34minfo\u001b[39m","timestamp":"2021-08-18 18:46:39"}
{"message":"No data in database","level":"\u001b[33mwarn\u001b[39m","timestamp":"2021-08-18 18:46:39"}
{"message":"Session created received the id:d6a5af6b-d61a-41f2-a1e2-0c39a6d13dd4","level":"\u001b[34minfo\u001b[39m","timestamp":"2021-08-18 18:48:27"}
{"message":"No data in database","level":"\u001b[33mwarn\u001b[39m","timestamp":"2021-08-18 18:48:27"}
{"message":"Session created received the id:defb37ca-31ee-4b65-80d3-7f06f3428a3f","level":"\u001b[34minfo\u001b[39m","timestamp":"2021-08-18 18:49:07"}
{"message":"No data in database","level":"\u001b[33mwarn\u001b[39m","timestamp":"2021-08-18 18:49:07"}
{"message":"Session created received the id:f69e0450-1414-4f3d-b075-41446741d51a","level":"\u001b[34minfo\u001b[39m","timestamp":"2021-08-18 18:51:47"}
{"message":"Session created received the id:194824c0-cda3-410f-a779-bed10a3ee2ac","level":"\u001b[34minfo\u001b[39m","timestamp":"2021-08-18 18:52:29"}
{"message":"Session created received the id:6c8741cc-1a0e-4ca3-b36e-9482e031d66b","level":"\u001b[34minfo\u001b[39m","timestamp":"2021-08-18 18:53:06"}
{"message":"No data in database","level":"\u001b[33mwarn\u001b[39m","timestamp":"2021-08-18 18:53:06"}
{"message":"Session created received the id:e578bc87-aabc-498f-a8ed-a20d5d290370","level":"\u001b[34minfo\u001b[39m","timestamp":"2021-08-18 18:53:25"}
{"message":"No data in database","level":"\u001b[33mwarn\u001b[39m","timestamp":"2021-08-18 18:53:25"}
{"message":"Session created received the id:e335c0d0-ea51-45bf-93d7-44c61c5bd516","level":"\u001b[34minfo\u001b[39m","timestamp":"2021-08-18 18:54:21"}
{"message":"No data in database","level":"\u001b[33mwarn\u001b[39m","timestamp":"2021-08-18 18:54:21"}
{"message":"Session created received the id:23dd1d7e-57a8-40e2-93af-618dda17ad53","level":"\u001b[34minfo\u001b[39m","timestamp":"2021-08-18 18:58:00"}
{"message":"No data in database","level":"\u001b[33mwarn\u001b[39m","timestamp":"2021-08-18 18:58:01"}
{"message":"Session created received the id:4e2238e5-9b8f-4b34-bc5c-5c32994c5e62","level":"\u001b[34minfo\u001b[39m","timestamp":"2021-08-18 19:00:29"}
{"message":"No data in database","level":"\u001b[33mwarn\u001b[39m","timestamp":"2021-08-18 19:00:29"}
{"message":"Session created received the id:d0f4c3a3-e2ee-4520-9b2c-04c92caff9a3","level":"\u001b[34minfo\u001b[39m","timestamp":"2021-08-18 19:00:57"}
{"message":"Session created received the id:5c612253-bb9f-48cd-a731-e1637288263e","level":"\u001b[34minfo\u001b[39m","timestamp":"2021-08-18 19:01:20"}
{"message":"Session created received the id:b8bc88de-c29d-4a35-98c2-ab2e4c2c3bf5","level":"\u001b[34minfo\u001b[39m","timestamp":"2021-08-18 19:02:46"}
{"message":"No data in database","level":"\u001b[33mwarn\u001b[39m","timestamp":"2021-08-18 19:02:46"}
{"message":"Session created received the id:390cd7bf-e8ec-40a3-9a3e-56195569e4ad","level":"\u001b[34minfo\u001b[39m","timestamp":"2021-08-18 19:04:00"}
{"message":"Session created received the id:c31caf01-9b16-4806-babc-38a8947dbd27","level":"\u001b[34minfo\u001b[39m","timestamp":"2021-08-18 19:04:49"}
{"message":"Session created received the id:c31caf01-9b16-4806-babc-38a8947dbd27","level":"\u001b[34minfo\u001b[39m","timestamp":"2021-08-18 19:05:14"}
{"message":"No data in database","level":"\u001b[33mwarn\u001b[39m","timestamp":"2021-08-18 19:05:14"}
