{"message":"garbage collector started on path: C:\\develop\\nodejs\\projects\\aitam\\work\\","level":"\u001b[34minfo\u001b[39m","timestamp":"2021-02-20 14:57:23"}
{"message":"Session created received the id:f29ca550-de46-4eea-b1c1-b367aa30a7c9","level":"\u001b[34minfo\u001b[39m","timestamp":"2021-02-20 14:57:39"}
{"message":"404 - Not Found","level":"\u001b[33mwarn\u001b[39m","timestamp":"2021-02-20 14:57:40"}
{"message":"garbage collector started on path: C:\\develop\\nodejs\\projects\\aitam\\work\\","level":"\u001b[34minfo\u001b[39m","timestamp":"2021-02-20 15:03:03"}
{"message":"garbage collector started on path: C:\\develop\\nodejs\\projects\\aitam\\work\\","level":"\u001b[34minfo\u001b[39m","timestamp":"2021-02-20 15:04:31"}
{"message":"garbage collector started on path: C:\\develop\\nodejs\\projects\\aitam\\work\\","level":"\u001b[34minfo\u001b[39m","timestamp":"2021-02-20 15:04:34"}
{"message":"Session created received the id:e7cf1a7c-f9cf-4974-8740-333dc1f6bd61","level":"\u001b[34minfo\u001b[39m","timestamp":"2021-02-20 15:04:36"}
{"message":"garbage collector started on path: C:\\develop\\nodejs\\projects\\aitam\\work\\","level":"\u001b[34minfo\u001b[39m","timestamp":"2021-02-20 15:04:37"}
{"message":"Session created received the id:1611f89c-7013-402c-b2bb-cba3917e05a6","level":"\u001b[34minfo\u001b[39m","timestamp":"2021-02-20 15:04:42"}
{"message":"garbage collector started on path: C:\\develop\\nodejs\\projects\\aitam\\work\\","level":"\u001b[34minfo\u001b[39m","timestamp":"2021-02-20 15:06:03"}
{"message":"Session created received the id:b7a6a5f1-9b71-4041-b533-9c6932bd04e8","level":"\u001b[34minfo\u001b[39m","timestamp":"2021-02-20 15:06:06"}
{"message":"garbage collector started on path: C:\\develop\\nodejs\\projects\\aitam\\work\\","level":"\u001b[34minfo\u001b[39m","timestamp":"2021-02-20 15:07:02"}
{"message":"Session created received the id:c6c68f2d-53db-4f28-b018-a4fe8a6fb9cb","level":"\u001b[34minfo\u001b[39m","timestamp":"2021-02-20 15:07:05"}
{"message":"Session created received the id:c6c68f2d-53db-4f28-b018-a4fe8a6fb9cb","level":"\u001b[34minfo\u001b[39m","timestamp":"2021-02-20 15:07:08"}
{"message":"Session created received the id:c6c68f2d-53db-4f28-b018-a4fe8a6fb9cb","level":"\u001b[34minfo\u001b[39m","timestamp":"2021-02-20 15:07:11"}
{"message":"garbage collector started on path: C:\\develop\\nodejs\\projects\\aitam\\work\\","level":"\u001b[34minfo\u001b[39m","timestamp":"2021-02-20 15:07:45"}
{"message":"Session created received the id:63267ad5-262a-4dbe-8229-fd520d218dc6","level":"\u001b[34minfo\u001b[39m","timestamp":"2021-02-20 15:07:47"}
{"message":"garbage collector started on path: C:\\develop\\nodejs\\projects\\aitam\\work\\","level":"\u001b[34minfo\u001b[39m","timestamp":"2021-02-20 15:08:19"}
{"message":"Session created received the id:bbd89a93-1bf8-4b64-a1bb-941b00d98dba","level":"\u001b[34minfo\u001b[39m","timestamp":"2021-02-20 15:08:21"}
{"message":"garbage collector started on path: C:\\develop\\nodejs\\projects\\aitam\\work\\","level":"\u001b[34minfo\u001b[39m","timestamp":"2021-02-20 15:13:50"}
{"message":"garbage collector started on path: C:\\develop\\nodejs\\projects\\aitam\\work\\","level":"\u001b[34minfo\u001b[39m","timestamp":"2021-02-20 15:37:47"}
{"message":"Session created received the id:2c0e6dec-542c-4391-b9ff-32d0e25ed556","level":"\u001b[34minfo\u001b[39m","timestamp":"2021-02-20 15:37:51"}
{"message":"garbage collector started on path: C:\\develop\\nodejs\\projects\\aitam\\work\\","level":"\u001b[34minfo\u001b[39m","timestamp":"2021-02-20 15:38:36"}
{"message":"Session created received the id:45d31476-ec57-4bea-b137-33bebb7a16d8","level":"\u001b[34minfo\u001b[39m","timestamp":"2021-02-20 15:38:38"}
{"message":"Session created received the id:45d31476-ec57-4bea-b137-33bebb7a16d8","level":"\u001b[34minfo\u001b[39m","timestamp":"2021-02-20 15:38:42"}
{"message":"garbage collector started on path: C:\\develop\\nodejs\\projects\\aitam\\work\\","level":"\u001b[34minfo\u001b[39m","timestamp":"2021-02-20 15:39:24"}
{"message":"garbage collector started on path: C:\\develop\\nodejs\\projects\\aitam\\work\\","level":"\u001b[34minfo\u001b[39m","timestamp":"2021-02-20 15:41:21"}
{"message":"garbage collector started on path: C:\\develop\\nodejs\\projects\\aitam\\work\\","level":"\u001b[34minfo\u001b[39m","timestamp":"2021-02-20 15:43:36"}
{"message":"Session created received the id:8375bdab-a295-4470-a5f2-cc640567b616","level":"\u001b[34minfo\u001b[39m","timestamp":"2021-02-20 15:43:40"}
{"message":"garbage collector started on path: C:\\develop\\nodejs\\projects\\aitam\\work\\","level":"\u001b[34minfo\u001b[39m","timestamp":"2021-02-20 15:45:24"}
{"message":"Session created received the id:b3a310d3-93a9-41ec-9269-280a34a34e3d","level":"\u001b[34minfo\u001b[39m","timestamp":"2021-02-20 15:45:28"}
{"message":"garbage collector started on path: C:\\develop\\nodejs\\projects\\aitam\\work\\","level":"\u001b[34minfo\u001b[39m","timestamp":"2021-02-20 15:47:24"}
{"message":"Session created received the id:f4c2d1e6-ab85-444e-91e0-4633f47d364e","level":"\u001b[34minfo\u001b[39m","timestamp":"2021-02-20 15:47:27"}
{"message":"garbage collector started on path: C:\\develop\\nodejs\\projects\\aitam\\work\\","level":"\u001b[34minfo\u001b[39m","timestamp":"2021-02-20 15:48:13"}
{"message":"garbage collector started on path: C:\\develop\\nodejs\\projects\\aitam\\work\\","level":"\u001b[34minfo\u001b[39m","timestamp":"2021-02-20 15:48:29"}
{"message":"garbage collector started on path: C:\\develop\\nodejs\\projects\\aitam\\work\\","level":"\u001b[34minfo\u001b[39m","timestamp":"2021-02-20 15:50:48"}
{"message":"garbage collector started on path: C:\\develop\\nodejs\\projects\\aitam\\work\\","level":"\u001b[34minfo\u001b[39m","timestamp":"2021-02-20 15:52:50"}
{"message":"garbage collector started on path: C:\\develop\\nodejs\\projects\\aitam\\work\\","level":"\u001b[34minfo\u001b[39m","timestamp":"2021-02-20 15:53:28"}
{"message":"garbage collector started on path: C:\\develop\\nodejs\\projects\\aitam\\work\\","level":"\u001b[34minfo\u001b[39m","timestamp":"2021-02-20 15:53:49"}
{"message":"garbage collector started on path: C:\\develop\\nodejs\\projects\\aitam\\work\\","level":"\u001b[34minfo\u001b[39m","timestamp":"2021-02-20 15:54:42"}
{"message":"garbage collector started on path: C:\\develop\\nodejs\\projects\\aitam\\work\\","level":"\u001b[34minfo\u001b[39m","timestamp":"2021-02-20 15:56:48"}
{"message":"garbage collector started on path: C:\\develop\\nodejs\\projects\\aitam\\work\\","level":"\u001b[34minfo\u001b[39m","timestamp":"2021-02-20 15:57:54"}
{"message":"garbage collector started on path: C:\\develop\\nodejs\\projects\\aitam\\work\\","level":"\u001b[34minfo\u001b[39m","timestamp":"2021-02-20 15:58:59"}
{"message":"garbage collector started on path: C:\\develop\\nodejs\\projects\\aitam\\work\\","level":"\u001b[34minfo\u001b[39m","timestamp":"2021-02-20 15:59:30"}
{"message":"garbage collector started on path: C:\\develop\\nodejs\\projects\\aitam\\work\\","level":"\u001b[34minfo\u001b[39m","timestamp":"2021-02-20 16:00:23"}
{"message":"garbage collector started on path: C:\\develop\\nodejs\\projects\\aitam\\work\\","level":"\u001b[34minfo\u001b[39m","timestamp":"2021-02-20 16:04:01"}
{"message":"garbage collector started on path: C:\\develop\\nodejs\\projects\\aitam\\work\\","level":"\u001b[34minfo\u001b[39m","timestamp":"2021-02-20 16:04:18"}
{"message":"garbage collector started on path: C:\\develop\\nodejs\\projects\\aitam\\work\\","level":"\u001b[34minfo\u001b[39m","timestamp":"2021-02-20 16:06:16"}
{"message":"garbage collector started on path: C:\\develop\\nodejs\\projects\\aitam\\work\\","level":"\u001b[34minfo\u001b[39m","timestamp":"2021-02-20 16:06:19"}
{"message":"Session created received the id:cad096b1-c391-4dc0-9865-fa593db2bf45","level":"\u001b[34minfo\u001b[39m","timestamp":"2021-02-20 16:06:21"}
{"message":"garbage collector started on path: C:\\develop\\nodejs\\projects\\aitam\\work\\","level":"\u001b[34minfo\u001b[39m","timestamp":"2021-02-20 16:06:23"}
{"message":"req.user: undefined","level":"\u001b[34minfo\u001b[39m","timestamp":"2021-02-20 16:06:39"}
{"message":"Session id started: {\"user\":\"2f24vvg\"}","level":"\u001b[34minfo\u001b[39m","timestamp":"2021-02-20 16:06:39"}
{"message":"User logged in: {\"id\":\"2f24vvg\",\"email\":\"test@test.com\",\"password\":\"$2a$10$A2g6pbxxhLA9MNYRJ0rnzOf/7Ara76B0KcRdjzUcsIBIclRuas/fG\"}","level":"\u001b[34minfo\u001b[39m","timestamp":"2021-02-20 16:06:39"}
{"message":"User (2f24vvg) uploaded a file: {\"file-upload\":{\"size\":465587,\"path\":\"C:\\\\develop\\\\nodejs\\\\projects\\\\aitam\\\\work\\\\321cb89c-20f9-4e8d-aa17-52c7a9a87681.xml\",\"name\":\"ATK-SIGTAS.xml\",\"type\":\"text/xml\",\"mtime\":\"2021-02-20T16:06:51.059Z\"}}","level":"\u001b[34minfo\u001b[39m","timestamp":"2021-02-20 16:06:51"}
{"message":"garbage collector started on path: C:\\develop\\nodejs\\projects\\aitam\\work\\","level":"\u001b[34minfo\u001b[39m","timestamp":"2021-02-20 16:55:11"}
{"message":"garbage collector started on path: C:\\develop\\nodejs\\projects\\aitam\\work\\","level":"\u001b[34minfo\u001b[39m","timestamp":"2021-02-20 16:55:14"}
{"message":"garbage collector started on path: C:\\develop\\nodejs\\projects\\aitam\\work\\","level":"\u001b[34minfo\u001b[39m","timestamp":"2021-02-20 16:55:33"}
{"message":"garbage collector started on path: C:\\develop\\nodejs\\projects\\aitam\\work\\","level":"\u001b[34minfo\u001b[39m","timestamp":"2021-02-20 16:56:08"}
{"message":"garbage collector started on path: C:\\develop\\nodejs\\projects\\aitam\\work\\","level":"\u001b[34minfo\u001b[39m","timestamp":"2021-02-20 16:57:13"}
{"message":"garbage collector started on path: C:\\develop\\nodejs\\projects\\aitam\\work\\","level":"\u001b[34minfo\u001b[39m","timestamp":"2021-02-20 16:58:11"}
{"message":"Session created received the id:b1b0bb18-72d0-4695-9e9d-429684bd51a4","level":"\u001b[34minfo\u001b[39m","timestamp":"2021-02-20 17:02:36"}
{"message":"garbage collector started on path: C:\\develop\\nodejs\\projects\\aitam\\work\\","level":"\u001b[34minfo\u001b[39m","timestamp":"2021-02-20 17:03:05"}
{"message":"Session created received the id:f01550ad-ea79-446c-92f7-22269ae8eeed","level":"\u001b[34minfo\u001b[39m","timestamp":"2021-02-20 17:03:14"}
{"message":"garbage collector started on path: C:\\develop\\nodejs\\projects\\aitam\\work\\","level":"\u001b[34minfo\u001b[39m","timestamp":"2021-02-20 17:09:54"}
{"message":"garbage collector started on path: C:\\develop\\nodejs\\projects\\aitam\\work\\","level":"\u001b[34minfo\u001b[39m","timestamp":"2021-02-20 17:09:57"}
{"message":"Session created received the id:9f311ca5-fbfe-4532-88f5-f56e7bda27b8","level":"\u001b[34minfo\u001b[39m","timestamp":"2021-02-20 17:22:18"}
{"message":"garbage collector started on path: C:\\develop\\nodejs\\projects\\aitam\\work\\","level":"\u001b[34minfo\u001b[39m","timestamp":"2021-02-20 17:22:19"}
{"message":"garbage collector started on path: C:\\develop\\nodejs\\projects\\aitam\\work\\","level":"\u001b[34minfo\u001b[39m","timestamp":"2021-02-20 17:28:52"}
{"message":"Session created received the id:3fa21fbe-7f12-4add-8684-bd7b71049dd0","level":"\u001b[34minfo\u001b[39m","timestamp":"2021-02-20 17:28:54"}
{"message":"Session created received the id:37990f2e-4553-4032-b183-c222b07917c1","level":"\u001b[34minfo\u001b[39m","timestamp":"2021-02-20 17:31:29"}
{"message":"404 - Not Found","level":"\u001b[33mwarn\u001b[39m","timestamp":"2021-02-20 17:31:30"}
