{"message":"garbage collector started on path: C:\\develop\\nodejs\\projects\\aitam\\work\\","level":"\u001b[34minfo\u001b[39m","timestamp":"2021-11-01 09:42:08"}
{"message":"garbage collector started on path: C:\\develop\\nodejs\\projects\\aitam\\work\\","level":"\u001b[34minfo\u001b[39m","timestamp":"2021-11-01 09:42:11"}
{"message":"Session created received the id:878ab121-d01b-4aab-8376-d34819911d40","level":"\u001b[34minfo\u001b[39m","timestamp":"2021-11-01 09:42:41"}
{"message":"garbage collector started on path: C:\\develop\\nodejs\\projects\\aitam\\work\\","level":"\u001b[34minfo\u001b[39m","timestamp":"2021-11-01 09:42:44"}
{"message":"404 - Not Found","level":"\u001b[33mwarn\u001b[39m","timestamp":"2021-11-01 09:42:47"}
{"message":"req.user: undefined","level":"\u001b[34minfo\u001b[39m","timestamp":"2021-11-01 09:42:57"}
{"message":"Session id started: {\"user\":\"2f24vvg\"}","level":"\u001b[34minfo\u001b[39m","timestamp":"2021-11-01 09:42:57"}
{"message":"User logged in: {\"id\":\"2f24vvg\",\"email\":\"test@test.com\",\"password\":\"$2a$10$A2g6pbxxhLA9MNYRJ0rnzOf/7Ara76B0KcRdjzUcsIBIclRuas/fG\"}","level":"\u001b[34minfo\u001b[39m","timestamp":"2021-11-01 09:42:57"}
{"message":"New audit file created:C:\\develop\\nodejs\\projects\\aitam\\work\\870ee02b-6b7a-4b3d-a182-9dffda589923.xml","level":"\u001b[34minfo\u001b[39m","timestamp":"2021-11-01 09:43:00"}
{"message":"garbage collector deleted  01a3acab-387b-4ae3-b3ff-efb6818f518d.xml on folder: C:\\develop\\nodejs\\projects\\aitam\\work\\, path: C:\\develop\\nodejs\\projects\\aitam\\work\\01a3acab-387b-4ae3-b3ff-efb6818f518d.xml","level":"\u001b[34minfo\u001b[39m","timestamp":"2021-11-01 09:45:00"}
{"message":"garbage collector deleted  091640b4-751b-483a-ab2e-34ef120b0d47.xml on folder: C:\\develop\\nodejs\\projects\\aitam\\work\\, path: C:\\develop\\nodejs\\projects\\aitam\\work\\091640b4-751b-483a-ab2e-34ef120b0d47.xml","level":"\u001b[34minfo\u001b[39m","timestamp":"2021-11-01 09:45:00"}
{"message":"garbage collector deleted  15e6ba34-103b-43e1-b688-0588238adffe.xml on folder: C:\\develop\\nodejs\\projects\\aitam\\work\\, path: C:\\develop\\nodejs\\projects\\aitam\\work\\15e6ba34-103b-43e1-b688-0588238adffe.xml","level":"\u001b[34minfo\u001b[39m","timestamp":"2021-11-01 09:45:00"}
{"message":"garbage collector deleted  14be3c40-b5cd-4f14-a372-0350428821ea.xml on folder: C:\\develop\\nodejs\\projects\\aitam\\work\\, path: C:\\develop\\nodejs\\projects\\aitam\\work\\14be3c40-b5cd-4f14-a372-0350428821ea.xml","level":"\u001b[34minfo\u001b[39m","timestamp":"2021-11-01 09:45:00"}
{"message":"garbage collector deleted  1e2fb132-ca20-4f46-bcb8-dd4024d6aecf.xml on folder: C:\\develop\\nodejs\\projects\\aitam\\work\\, path: C:\\develop\\nodejs\\projects\\aitam\\work\\1e2fb132-ca20-4f46-bcb8-dd4024d6aecf.xml","level":"\u001b[34minfo\u001b[39m","timestamp":"2021-11-01 09:45:00"}
{"message":"garbage collector deleted  2a9421db-bd97-457d-ad03-16bbec6d6577.xml on folder: C:\\develop\\nodejs\\projects\\aitam\\work\\, path: C:\\develop\\nodejs\\projects\\aitam\\work\\2a9421db-bd97-457d-ad03-16bbec6d6577.xml","level":"\u001b[34minfo\u001b[39m","timestamp":"2021-11-01 09:45:00"}
{"message":"garbage collector deleted  3e97a443-871d-4bfd-99e8-86c13fcd5478.xml on folder: C:\\develop\\nodejs\\projects\\aitam\\work\\, path: C:\\develop\\nodejs\\projects\\aitam\\work\\3e97a443-871d-4bfd-99e8-86c13fcd5478.xml","level":"\u001b[34minfo\u001b[39m","timestamp":"2021-11-01 09:45:00"}
{"message":"garbage collector deleted  44be1d08-474c-49a2-893f-658921154546.xml on folder: C:\\develop\\nodejs\\projects\\aitam\\work\\, path: C:\\develop\\nodejs\\projects\\aitam\\work\\44be1d08-474c-49a2-893f-658921154546.xml","level":"\u001b[34minfo\u001b[39m","timestamp":"2021-11-01 09:45:00"}
{"message":"garbage collector deleted  4f5d6753-d8f0-4cbc-876e-74d54a78cbd9.xml on folder: C:\\develop\\nodejs\\projects\\aitam\\work\\, path: C:\\develop\\nodejs\\projects\\aitam\\work\\4f5d6753-d8f0-4cbc-876e-74d54a78cbd9.xml","level":"\u001b[34minfo\u001b[39m","timestamp":"2021-11-01 09:45:00"}
{"message":"garbage collector deleted  53ec1f48-9e5f-484d-8bf2-ede7d3c89cb5.xml on folder: C:\\develop\\nodejs\\projects\\aitam\\work\\, path: C:\\develop\\nodejs\\projects\\aitam\\work\\53ec1f48-9e5f-484d-8bf2-ede7d3c89cb5.xml","level":"\u001b[34minfo\u001b[39m","timestamp":"2021-11-01 09:45:00"}
{"message":"garbage collector deleted  5a6dcb9c-ce6f-4614-827d-96d935e1dc31.xml on folder: C:\\develop\\nodejs\\projects\\aitam\\work\\, path: C:\\develop\\nodejs\\projects\\aitam\\work\\5a6dcb9c-ce6f-4614-827d-96d935e1dc31.xml","level":"\u001b[34minfo\u001b[39m","timestamp":"2021-11-01 09:45:00"}
{"message":"garbage collector deleted  667cecf2-3223-4589-af80-e5d09ff47f60.xml on folder: C:\\develop\\nodejs\\projects\\aitam\\work\\, path: C:\\develop\\nodejs\\projects\\aitam\\work\\667cecf2-3223-4589-af80-e5d09ff47f60.xml","level":"\u001b[34minfo\u001b[39m","timestamp":"2021-11-01 09:45:00"}
{"message":"garbage collector deleted  60c46aaf-d604-4194-957a-166471fd33c7.xml on folder: C:\\develop\\nodejs\\projects\\aitam\\work\\, path: C:\\develop\\nodejs\\projects\\aitam\\work\\60c46aaf-d604-4194-957a-166471fd33c7.xml","level":"\u001b[34minfo\u001b[39m","timestamp":"2021-11-01 09:45:00"}
{"message":"garbage collector deleted  68294f7e-68e6-42d3-be4d-9b34c1575db6.xml on folder: C:\\develop\\nodejs\\projects\\aitam\\work\\, path: C:\\develop\\nodejs\\projects\\aitam\\work\\68294f7e-68e6-42d3-be4d-9b34c1575db6.xml","level":"\u001b[34minfo\u001b[39m","timestamp":"2021-11-01 09:45:00"}
{"message":"garbage collector deleted  72e0b2e0-d28c-4b07-bac6-4711541530f6.xml on folder: C:\\develop\\nodejs\\projects\\aitam\\work\\, path: C:\\develop\\nodejs\\projects\\aitam\\work\\72e0b2e0-d28c-4b07-bac6-4711541530f6.xml","level":"\u001b[34minfo\u001b[39m","timestamp":"2021-11-01 09:45:00"}
{"message":"garbage collector deleted  846f0deb-5c74-4b16-b44c-f864989750a5.xml on folder: C:\\develop\\nodejs\\projects\\aitam\\work\\, path: C:\\develop\\nodejs\\projects\\aitam\\work\\846f0deb-5c74-4b16-b44c-f864989750a5.xml","level":"\u001b[34minfo\u001b[39m","timestamp":"2021-11-01 09:45:00"}
{"message":"garbage collector deleted  8f9c8051-7325-4859-bb3e-33c56a4aac0c.xml on folder: C:\\develop\\nodejs\\projects\\aitam\\work\\, path: C:\\develop\\nodejs\\projects\\aitam\\work\\8f9c8051-7325-4859-bb3e-33c56a4aac0c.xml","level":"\u001b[34minfo\u001b[39m","timestamp":"2021-11-01 09:45:00"}
{"message":"garbage collector deleted  92021942-ed71-4834-8b7d-d0259362a9f6.xml on folder: C:\\develop\\nodejs\\projects\\aitam\\work\\, path: C:\\develop\\nodejs\\projects\\aitam\\work\\92021942-ed71-4834-8b7d-d0259362a9f6.xml","level":"\u001b[34minfo\u001b[39m","timestamp":"2021-11-01 09:45:00"}
{"message":"garbage collector deleted  a2f185f7-e3a5-42f4-9f81-01321b7bb0b5.xml on folder: C:\\develop\\nodejs\\projects\\aitam\\work\\, path: C:\\develop\\nodejs\\projects\\aitam\\work\\a2f185f7-e3a5-42f4-9f81-01321b7bb0b5.xml","level":"\u001b[34minfo\u001b[39m","timestamp":"2021-11-01 09:45:00"}
{"message":"garbage collector deleted  c4b74497-320e-443b-bdd7-f063541eeaa7.xml on folder: C:\\develop\\nodejs\\projects\\aitam\\work\\, path: C:\\develop\\nodejs\\projects\\aitam\\work\\c4b74497-320e-443b-bdd7-f063541eeaa7.xml","level":"\u001b[34minfo\u001b[39m","timestamp":"2021-11-01 09:45:00"}
{"message":"garbage collector deleted  c579e0c2-4734-4570-a5e2-0e202af66847.xml on folder: C:\\develop\\nodejs\\projects\\aitam\\work\\, path: C:\\develop\\nodejs\\projects\\aitam\\work\\c579e0c2-4734-4570-a5e2-0e202af66847.xml","level":"\u001b[34minfo\u001b[39m","timestamp":"2021-11-01 09:45:00"}
{"message":"garbage collector deleted  c5958e80-9ae1-4b60-8ab6-56de38f11dd8.xml on folder: C:\\develop\\nodejs\\projects\\aitam\\work\\, path: C:\\develop\\nodejs\\projects\\aitam\\work\\c5958e80-9ae1-4b60-8ab6-56de38f11dd8.xml","level":"\u001b[34minfo\u001b[39m","timestamp":"2021-11-01 09:45:00"}
{"message":"garbage collector deleted  c81ab4ab-2684-4731-a841-55957e53ef07.xml on folder: C:\\develop\\nodejs\\projects\\aitam\\work\\, path: C:\\develop\\nodejs\\projects\\aitam\\work\\c81ab4ab-2684-4731-a841-55957e53ef07.xml","level":"\u001b[34minfo\u001b[39m","timestamp":"2021-11-01 09:45:00"}
{"message":"garbage collector deleted  e0f4a56d-e61b-4392-bec0-5e7393ab4d6c.xml on folder: C:\\develop\\nodejs\\projects\\aitam\\work\\, path: C:\\develop\\nodejs\\projects\\aitam\\work\\e0f4a56d-e61b-4392-bec0-5e7393ab4d6c.xml","level":"\u001b[34minfo\u001b[39m","timestamp":"2021-11-01 09:45:00"}
{"message":"garbage collector deleted  f07c3fa9-b131-40d9-9bdd-11cca48ec2ca.xml on folder: C:\\develop\\nodejs\\projects\\aitam\\work\\, path: C:\\develop\\nodejs\\projects\\aitam\\work\\f07c3fa9-b131-40d9-9bdd-11cca48ec2ca.xml","level":"\u001b[34minfo\u001b[39m","timestamp":"2021-11-01 09:45:00"}
{"message":"garbage collector deleted  fd2754e6-ccee-45fb-8c20-32cd7640d093.xml on folder: C:\\develop\\nodejs\\projects\\aitam\\work\\, path: C:\\develop\\nodejs\\projects\\aitam\\work\\fd2754e6-ccee-45fb-8c20-32cd7640d093.xml","level":"\u001b[34minfo\u001b[39m","timestamp":"2021-11-01 09:45:00"}
{"message":"garbage collector error:  Error: Can't delete C:\\develop\\nodejs\\projects\\aitam\\work\\01a3acab-387b-4ae3-b3ff-efb6818f518d.xml","level":"\u001b[34minfo\u001b[39m","timestamp":"2021-11-01 09:45:00"}
{"message":"garbage collector deleted  fb3b2bfe-851e-41dc-ad04-62af0373ee03.xml on folder: C:\\develop\\nodejs\\projects\\aitam\\work\\, path: C:\\develop\\nodejs\\projects\\aitam\\work\\fb3b2bfe-851e-41dc-ad04-62af0373ee03.xml","level":"\u001b[34minfo\u001b[39m","timestamp":"2021-11-01 09:45:00"}
{"message":"garbage collector error:  Error: Can't delete C:\\develop\\nodejs\\projects\\aitam\\work\\091640b4-751b-483a-ab2e-34ef120b0d47.xml","level":"\u001b[34minfo\u001b[39m","timestamp":"2021-11-01 09:45:00"}
{"message":"garbage collector error:  Error: Can't delete C:\\develop\\nodejs\\projects\\aitam\\work\\14be3c40-b5cd-4f14-a372-0350428821ea.xml","level":"\u001b[34minfo\u001b[39m","timestamp":"2021-11-01 09:45:00"}
{"message":"garbage collector error:  Error: Can't delete C:\\develop\\nodejs\\projects\\aitam\\work\\15e6ba34-103b-43e1-b688-0588238adffe.xml","level":"\u001b[34minfo\u001b[39m","timestamp":"2021-11-01 09:45:00"}
{"message":"garbage collector error:  Error: Can't delete C:\\develop\\nodejs\\projects\\aitam\\work\\1e2fb132-ca20-4f46-bcb8-dd4024d6aecf.xml","level":"\u001b[34minfo\u001b[39m","timestamp":"2021-11-01 09:45:00"}
{"message":"garbage collector error:  Error: Can't delete C:\\develop\\nodejs\\projects\\aitam\\work\\2a9421db-bd97-457d-ad03-16bbec6d6577.xml","level":"\u001b[34minfo\u001b[39m","timestamp":"2021-11-01 09:45:00"}
{"message":"garbage collector error:  Error: Can't delete C:\\develop\\nodejs\\projects\\aitam\\work\\3e97a443-871d-4bfd-99e8-86c13fcd5478.xml","level":"\u001b[34minfo\u001b[39m","timestamp":"2021-11-01 09:45:00"}
{"message":"garbage collector error:  Error: Can't delete C:\\develop\\nodejs\\projects\\aitam\\work\\44be1d08-474c-49a2-893f-658921154546.xml","level":"\u001b[34minfo\u001b[39m","timestamp":"2021-11-01 09:45:00"}
{"message":"garbage collector error:  Error: Can't delete C:\\develop\\nodejs\\projects\\aitam\\work\\4f5d6753-d8f0-4cbc-876e-74d54a78cbd9.xml","level":"\u001b[34minfo\u001b[39m","timestamp":"2021-11-01 09:45:00"}
{"message":"garbage collector error:  Error: Can't delete C:\\develop\\nodejs\\projects\\aitam\\work\\53ec1f48-9e5f-484d-8bf2-ede7d3c89cb5.xml","level":"\u001b[34minfo\u001b[39m","timestamp":"2021-11-01 09:45:00"}
{"message":"garbage collector deleted  ff23c627-28bf-484f-a6ed-661dd15d664f.xml on folder: C:\\develop\\nodejs\\projects\\aitam\\work\\, path: C:\\develop\\nodejs\\projects\\aitam\\work\\ff23c627-28bf-484f-a6ed-661dd15d664f.xml","level":"\u001b[34minfo\u001b[39m","timestamp":"2021-11-01 09:45:00"}
{"message":"garbage collector deleted  gazetteer.dic on folder: C:\\develop\\nodejs\\projects\\aitam\\work\\, path: C:\\develop\\nodejs\\projects\\aitam\\work\\gazetteer.dic","level":"\u001b[34minfo\u001b[39m","timestamp":"2021-11-01 09:45:00"}
{"message":"garbage collector error:  Error: Can't delete C:\\develop\\nodejs\\projects\\aitam\\work\\5a6dcb9c-ce6f-4614-827d-96d935e1dc31.xml","level":"\u001b[34minfo\u001b[39m","timestamp":"2021-11-01 09:45:00"}
{"message":"garbage collector error:  Error: Can't delete C:\\develop\\nodejs\\projects\\aitam\\work\\60c46aaf-d604-4194-957a-166471fd33c7.xml","level":"\u001b[34minfo\u001b[39m","timestamp":"2021-11-01 09:45:00"}
{"message":"garbage collector error:  Error: Can't delete C:\\develop\\nodejs\\projects\\aitam\\work\\667cecf2-3223-4589-af80-e5d09ff47f60.xml","level":"\u001b[34minfo\u001b[39m","timestamp":"2021-11-01 09:45:00"}
{"message":"garbage collector error:  Error: Can't delete C:\\develop\\nodejs\\projects\\aitam\\work\\68294f7e-68e6-42d3-be4d-9b34c1575db6.xml","level":"\u001b[34minfo\u001b[39m","timestamp":"2021-11-01 09:45:00"}
{"message":"garbage collector error:  Error: Can't delete C:\\develop\\nodejs\\projects\\aitam\\work\\72e0b2e0-d28c-4b07-bac6-4711541530f6.xml","level":"\u001b[34minfo\u001b[39m","timestamp":"2021-11-01 09:45:00"}
{"message":"garbage collector error:  Error: Can't delete C:\\develop\\nodejs\\projects\\aitam\\work\\846f0deb-5c74-4b16-b44c-f864989750a5.xml","level":"\u001b[34minfo\u001b[39m","timestamp":"2021-11-01 09:45:00"}
{"message":"garbage collector error:  Error: Can't delete C:\\develop\\nodejs\\projects\\aitam\\work\\8f9c8051-7325-4859-bb3e-33c56a4aac0c.xml","level":"\u001b[34minfo\u001b[39m","timestamp":"2021-11-01 09:45:00"}
{"message":"garbage collector error:  Error: Can't delete C:\\develop\\nodejs\\projects\\aitam\\work\\92021942-ed71-4834-8b7d-d0259362a9f6.xml","level":"\u001b[34minfo\u001b[39m","timestamp":"2021-11-01 09:45:00"}
{"message":"garbage collector error:  Error: Can't delete C:\\develop\\nodejs\\projects\\aitam\\work\\a2f185f7-e3a5-42f4-9f81-01321b7bb0b5.xml","level":"\u001b[34minfo\u001b[39m","timestamp":"2021-11-01 09:45:00"}
{"message":"garbage collector error:  Error: Can't delete C:\\develop\\nodejs\\projects\\aitam\\work\\c4b74497-320e-443b-bdd7-f063541eeaa7.xml","level":"\u001b[34minfo\u001b[39m","timestamp":"2021-11-01 09:45:00"}
{"message":"garbage collector error:  Error: Can't delete C:\\develop\\nodejs\\projects\\aitam\\work\\c579e0c2-4734-4570-a5e2-0e202af66847.xml","level":"\u001b[34minfo\u001b[39m","timestamp":"2021-11-01 09:45:00"}
{"message":"garbage collector error:  Error: Can't delete C:\\develop\\nodejs\\projects\\aitam\\work\\c5958e80-9ae1-4b60-8ab6-56de38f11dd8.xml","level":"\u001b[34minfo\u001b[39m","timestamp":"2021-11-01 09:45:00"}
{"message":"garbage collector error:  Error: Can't delete C:\\develop\\nodejs\\projects\\aitam\\work\\c81ab4ab-2684-4731-a841-55957e53ef07.xml","level":"\u001b[34minfo\u001b[39m","timestamp":"2021-11-01 09:45:00"}
{"message":"garbage collector error:  Error: Can't delete C:\\develop\\nodejs\\projects\\aitam\\work\\e0f4a56d-e61b-4392-bec0-5e7393ab4d6c.xml","level":"\u001b[34minfo\u001b[39m","timestamp":"2021-11-01 09:45:00"}
{"message":"garbage collector error:  Error: Can't delete C:\\develop\\nodejs\\projects\\aitam\\work\\f07c3fa9-b131-40d9-9bdd-11cca48ec2ca.xml","level":"\u001b[34minfo\u001b[39m","timestamp":"2021-11-01 09:45:00"}
{"message":"garbage collector error:  Error: Can't delete C:\\develop\\nodejs\\projects\\aitam\\work\\fb3b2bfe-851e-41dc-ad04-62af0373ee03.xml","level":"\u001b[34minfo\u001b[39m","timestamp":"2021-11-01 09:45:00"}
{"message":"garbage collector error:  Error: Can't delete C:\\develop\\nodejs\\projects\\aitam\\work\\fd2754e6-ccee-45fb-8c20-32cd7640d093.xml","level":"\u001b[34minfo\u001b[39m","timestamp":"2021-11-01 09:45:00"}
{"message":"garbage collector error:  Error: Can't delete C:\\develop\\nodejs\\projects\\aitam\\work\\ff23c627-28bf-484f-a6ed-661dd15d664f.xml","level":"\u001b[34minfo\u001b[39m","timestamp":"2021-11-01 09:45:00"}
{"message":"garbage collector error:  Error: Can't delete C:\\develop\\nodejs\\projects\\aitam\\work\\gazetteer.dic","level":"\u001b[34minfo\u001b[39m","timestamp":"2021-11-01 09:45:00"}
{"message":"garbage collector started on path: C:\\develop\\nodejs\\projects\\aitam\\work\\","level":"\u001b[34minfo\u001b[39m","timestamp":"2021-11-01 09:48:16"}
{"message":"garbage collector started on path: C:\\develop\\nodejs\\projects\\aitam\\work\\","level":"\u001b[34minfo\u001b[39m","timestamp":"2021-11-01 09:48:24"}
{"message":"req.user: undefined","level":"\u001b[34minfo\u001b[39m","timestamp":"2021-11-01 09:48:35"}
{"message":"Session id started: {\"user\":\"2f24vvg\"}","level":"\u001b[34minfo\u001b[39m","timestamp":"2021-11-01 09:48:35"}
{"message":"User logged in: {\"id\":\"2f24vvg\",\"email\":\"test@test.com\",\"password\":\"$2a$10$A2g6pbxxhLA9MNYRJ0rnzOf/7Ara76B0KcRdjzUcsIBIclRuas/fG\"}","level":"\u001b[34minfo\u001b[39m","timestamp":"2021-11-01 09:48:35"}
{"message":"New audit file created:C:\\develop\\nodejs\\projects\\aitam\\work\\a40b1c5b-86e2-45b4-a7d0-9befc51fcd33.xml","level":"\u001b[34minfo\u001b[39m","timestamp":"2021-11-01 09:48:37"}
{"message":"User (2f24vvg) uploaded a file: {\"file-upload\":{\"size\":465587,\"path\":\"C:\\\\develop\\\\nodejs\\\\projects\\\\aitam\\\\work\\\\a40b1c5b-86e2-45b4-a7d0-9befc51fcd33.xml\",\"name\":\"ATK-SIGTAS.xml\",\"type\":\"text/xml\",\"mtime\":\"2021-11-01T09:49:30.371Z\"}}","level":"\u001b[34minfo\u001b[39m","timestamp":"2021-11-01 09:49:30"}
{"message":"audit file download: C:\\develop\\nodejs\\projects\\aitam\\work\\a40b1c5b-86e2-45b4-a7d0-9befc51fcd33.xml","level":"\u001b[34minfo\u001b[39m","timestamp":"2021-11-01 09:50:07"}
{"message":"audit file download: C:\\develop\\nodejs\\projects\\aitam\\work\\a40b1c5b-86e2-45b4-a7d0-9befc51fcd33.xml","level":"\u001b[34minfo\u001b[39m","timestamp":"2021-11-01 09:50:14"}
{"message":"garbage collector started on path: C:\\develop\\nodejs\\projects\\aitam\\work\\","level":"\u001b[34minfo\u001b[39m","timestamp":"2021-11-01 09:54:54"}
{"message":"garbage collector started on path: C:\\develop\\nodejs\\projects\\aitam\\work\\","level":"\u001b[34minfo\u001b[39m","timestamp":"2021-11-01 09:54:58"}
{"message":"req.user: undefined","level":"\u001b[34minfo\u001b[39m","timestamp":"2021-11-01 09:55:29"}
{"message":"Session id started: {\"user\":\"2f24vvg\"}","level":"\u001b[34minfo\u001b[39m","timestamp":"2021-11-01 09:55:29"}
{"message":"User logged in: {\"id\":\"2f24vvg\",\"email\":\"test@test.com\",\"password\":\"$2a$10$A2g6pbxxhLA9MNYRJ0rnzOf/7Ara76B0KcRdjzUcsIBIclRuas/fG\"}","level":"\u001b[34minfo\u001b[39m","timestamp":"2021-11-01 09:55:29"}
{"message":"User (2f24vvg) uploaded a file: {\"file-upload\":{\"size\":465587,\"path\":\"C:\\\\develop\\\\nodejs\\\\projects\\\\aitam\\\\work\\\\8021b495-5e67-4968-af01-99cd4ccf40e9.xml\",\"name\":\"ATK-SIGTAS.xml\",\"type\":\"text/xml\",\"mtime\":\"2021-11-01T09:55:37.939Z\"}}","level":"\u001b[34minfo\u001b[39m","timestamp":"2021-11-01 09:55:38"}
{"message":"garbage collector started on path: C:\\develop\\nodejs\\projects\\aitam\\work\\","level":"\u001b[34minfo\u001b[39m","timestamp":"2021-11-01 10:01:01"}
{"message":"req.user: undefined","level":"\u001b[34minfo\u001b[39m","timestamp":"2021-11-01 10:01:11"}
{"message":"Session id started: {\"user\":\"2f24vvg\"}","level":"\u001b[34minfo\u001b[39m","timestamp":"2021-11-01 10:01:11"}
{"message":"User logged in: {\"id\":\"2f24vvg\",\"email\":\"test@test.com\",\"password\":\"$2a$10$A2g6pbxxhLA9MNYRJ0rnzOf/7Ara76B0KcRdjzUcsIBIclRuas/fG\"}","level":"\u001b[34minfo\u001b[39m","timestamp":"2021-11-01 10:01:11"}
{"message":"User (2f24vvg) uploaded a file: {\"file-upload\":{\"size\":465587,\"path\":\"C:\\\\develop\\\\nodejs\\\\projects\\\\aitam\\\\work\\\\a66f5667-9f32-4bfa-8a06-90b9d41dbeac.xml\",\"name\":\"ATK-SIGTAS.xml\",\"type\":\"text/xml\",\"mtime\":\"2021-11-01T10:01:16.997Z\"}}","level":"\u001b[34minfo\u001b[39m","timestamp":"2021-11-01 10:01:17"}
{"message":"garbage collector started on path: C:\\develop\\nodejs\\projects\\aitam\\work\\","level":"\u001b[34minfo\u001b[39m","timestamp":"2021-11-01 10:02:32"}
{"message":"req.user: undefined","level":"\u001b[34minfo\u001b[39m","timestamp":"2021-11-01 10:02:41"}
{"message":"Session id started: {\"user\":\"2f24vvg\"}","level":"\u001b[34minfo\u001b[39m","timestamp":"2021-11-01 10:02:41"}
{"message":"User logged in: {\"id\":\"2f24vvg\",\"email\":\"test@test.com\",\"password\":\"$2a$10$A2g6pbxxhLA9MNYRJ0rnzOf/7Ara76B0KcRdjzUcsIBIclRuas/fG\"}","level":"\u001b[34minfo\u001b[39m","timestamp":"2021-11-01 10:02:41"}
{"message":"User (2f24vvg) uploaded a file: {\"file-upload\":{\"size\":465587,\"path\":\"C:\\\\develop\\\\nodejs\\\\projects\\\\aitam\\\\work\\\\9dfa8a33-6510-4c4c-a02d-60474438f266.xml\",\"name\":\"ATK-SIGTAS.xml\",\"type\":\"text/xml\",\"mtime\":\"2021-11-01T10:02:46.754Z\"}}","level":"\u001b[34minfo\u001b[39m","timestamp":"2021-11-01 10:02:46"}
{"message":"garbage collector started on path: C:\\develop\\nodejs\\projects\\aitam\\work\\","level":"\u001b[34minfo\u001b[39m","timestamp":"2021-11-01 10:03:51"}
{"message":"req.user: undefined","level":"\u001b[34minfo\u001b[39m","timestamp":"2021-11-01 10:04:05"}
{"message":"Session id started: {\"user\":\"2f24vvg\"}","level":"\u001b[34minfo\u001b[39m","timestamp":"2021-11-01 10:04:05"}
{"message":"User logged in: {\"id\":\"2f24vvg\",\"email\":\"test@test.com\",\"password\":\"$2a$10$A2g6pbxxhLA9MNYRJ0rnzOf/7Ara76B0KcRdjzUcsIBIclRuas/fG\"}","level":"\u001b[34minfo\u001b[39m","timestamp":"2021-11-01 10:04:05"}
{"message":"User (2f24vvg) uploaded a file: {\"file-upload\":{\"size\":465587,\"path\":\"C:\\\\develop\\\\nodejs\\\\projects\\\\aitam\\\\work\\\\9abe8435-1bad-4428-8f45-4da813c79f83.xml\",\"name\":\"ATK-SIGTAS.xml\",\"type\":\"text/xml\",\"mtime\":\"2021-11-01T10:04:14.547Z\"}}","level":"\u001b[34minfo\u001b[39m","timestamp":"2021-11-01 10:04:14"}
{"message":"garbage collector started on path: C:\\develop\\nodejs\\projects\\aitam\\work\\","level":"\u001b[34minfo\u001b[39m","timestamp":"2021-11-01 10:14:47"}
{"message":"garbage collector started on path: C:\\develop\\nodejs\\projects\\aitam\\work\\","level":"\u001b[34minfo\u001b[39m","timestamp":"2021-11-01 10:14:53"}
{"message":"garbage collector started on path: C:\\develop\\nodejs\\projects\\aitam\\work\\","level":"\u001b[34minfo\u001b[39m","timestamp":"2021-11-01 10:15:38"}
{"message":"garbage collector started on path: C:\\develop\\nodejs\\projects\\aitam\\work\\","level":"\u001b[34minfo\u001b[39m","timestamp":"2021-11-01 10:15:45"}
{"message":"garbage collector started on path: C:\\develop\\nodejs\\projects\\aitam\\work\\","level":"\u001b[34minfo\u001b[39m","timestamp":"2021-11-01 10:16:17"}
{"message":"garbage collector started on path: C:\\develop\\nodejs\\projects\\aitam\\work\\","level":"\u001b[34minfo\u001b[39m","timestamp":"2021-11-01 10:17:46"}
{"message":"garbage collector started on path: C:\\develop\\nodejs\\projects\\aitam\\work\\","level":"\u001b[34minfo\u001b[39m","timestamp":"2021-11-01 10:17:55"}
{"message":"garbage collector started on path: C:\\develop\\nodejs\\projects\\aitam\\work\\","level":"\u001b[34minfo\u001b[39m","timestamp":"2021-11-01 10:18:36"}
{"message":"req.user: undefined","level":"\u001b[34minfo\u001b[39m","timestamp":"2021-11-01 10:18:59"}
{"message":"req.user: undefined","level":"\u001b[34minfo\u001b[39m","timestamp":"2021-11-01 10:19:05"}
{"message":"Session id started: {\"user\":\"2f24vvg\"}","level":"\u001b[34minfo\u001b[39m","timestamp":"2021-11-01 10:19:05"}
{"message":"User logged in: {\"id\":\"2f24vvg\",\"email\":\"test@test.com\",\"password\":\"$2a$10$A2g6pbxxhLA9MNYRJ0rnzOf/7Ara76B0KcRdjzUcsIBIclRuas/fG\"}","level":"\u001b[34minfo\u001b[39m","timestamp":"2021-11-01 10:19:05"}
{"message":"User (2f24vvg) uploaded a file: {\"file-upload\":{\"size\":465587,\"path\":\"C:\\\\develop\\\\nodejs\\\\projects\\\\aitam\\\\work\\\\7f9f9d20-739b-4044-ab80-63727e768098.xml\",\"name\":\"ATK-SIGTAS.xml\",\"type\":\"text/xml\",\"mtime\":\"2021-11-01T10:19:10.086Z\"}}","level":"\u001b[34minfo\u001b[39m","timestamp":"2021-11-01 10:19:10"}
{"message":"garbage collector started on path: C:\\develop\\nodejs\\projects\\aitam\\work\\","level":"\u001b[34minfo\u001b[39m","timestamp":"2021-11-01 10:25:09"}
{"message":"garbage collector started on path: C:\\develop\\nodejs\\projects\\aitam\\work\\","level":"\u001b[34minfo\u001b[39m","timestamp":"2021-11-01 10:25:40"}
{"message":"garbage collector started on path: C:\\develop\\nodejs\\projects\\aitam\\work\\","level":"\u001b[34minfo\u001b[39m","timestamp":"2021-11-01 10:26:37"}
{"message":"garbage collector started on path: C:\\develop\\nodejs\\projects\\aitam\\work\\","level":"\u001b[34minfo\u001b[39m","timestamp":"2021-11-01 10:29:01"}
{"message":"req.user: undefined","level":"\u001b[34minfo\u001b[39m","timestamp":"2021-11-01 10:29:32"}
{"message":"Session id started: {\"user\":\"2f24vvg\"}","level":"\u001b[34minfo\u001b[39m","timestamp":"2021-11-01 10:29:32"}
{"message":"User logged in: {\"id\":\"2f24vvg\",\"email\":\"test@test.com\",\"password\":\"$2a$10$A2g6pbxxhLA9MNYRJ0rnzOf/7Ara76B0KcRdjzUcsIBIclRuas/fG\"}","level":"\u001b[34minfo\u001b[39m","timestamp":"2021-11-01 10:29:32"}
{"message":"User (2f24vvg) uploaded a file: {\"file-upload\":{\"size\":465587,\"path\":\"C:\\\\develop\\\\nodejs\\\\projects\\\\aitam\\\\work\\\\bfb901a0-1ec7-436f-af41-df4490ecc5dc.xml\",\"name\":\"ATK-SIGTAS.xml\",\"type\":\"text/xml\",\"mtime\":\"2021-11-01T10:29:39.414Z\"}}","level":"\u001b[34minfo\u001b[39m","timestamp":"2021-11-01 10:29:39"}
{"message":"garbage collector started on path: C:\\develop\\nodejs\\projects\\aitam\\work\\","level":"\u001b[34minfo\u001b[39m","timestamp":"2021-11-01 10:46:11"}
{"message":"garbage collector started on path: C:\\develop\\nodejs\\projects\\aitam\\work\\","level":"\u001b[34minfo\u001b[39m","timestamp":"2021-11-01 10:46:21"}
{"message":"req.user: undefined","level":"\u001b[34minfo\u001b[39m","timestamp":"2021-11-01 10:48:09"}
{"message":"Session id started: {\"user\":\"2f24vvg\"}","level":"\u001b[34minfo\u001b[39m","timestamp":"2021-11-01 10:48:09"}
{"message":"User logged in: {\"id\":\"2f24vvg\",\"email\":\"test@test.com\",\"password\":\"$2a$10$A2g6pbxxhLA9MNYRJ0rnzOf/7Ara76B0KcRdjzUcsIBIclRuas/fG\"}","level":"\u001b[34minfo\u001b[39m","timestamp":"2021-11-01 10:48:09"}
{"message":"User (2f24vvg) uploaded a file: {\"file-upload\":{\"size\":465587,\"path\":\"C:\\\\develop\\\\nodejs\\\\projects\\\\aitam\\\\work\\\\269cd990-d67d-49a3-8eda-fa866b4d423f.xml\",\"name\":\"ATK-SIGTAS.xml\",\"type\":\"text/xml\",\"mtime\":\"2021-11-01T10:48:15.895Z\"}}","level":"\u001b[34minfo\u001b[39m","timestamp":"2021-11-01 10:48:16"}
{"message":"404 - Not Found","level":"\u001b[33mwarn\u001b[39m","timestamp":"2021-11-01 10:48:20"}
{"message":"404 - Not Found","level":"\u001b[33mwarn\u001b[39m","timestamp":"2021-11-01 10:48:21"}
{"message":"404 - Not Found","level":"\u001b[33mwarn\u001b[39m","timestamp":"2021-11-01 10:48:21"}
{"message":"404 - Not Found","level":"\u001b[33mwarn\u001b[39m","timestamp":"2021-11-01 10:48:21"}
{"message":"404 - Not Found","level":"\u001b[33mwarn\u001b[39m","timestamp":"2021-11-01 10:48:51"}
{"message":"404 - Not Found","level":"\u001b[33mwarn\u001b[39m","timestamp":"2021-11-01 10:49:14"}
{"message":"404 - Not Found","level":"\u001b[33mwarn\u001b[39m","timestamp":"2021-11-01 10:49:14"}
{"message":"404 - Not Found","level":"\u001b[33mwarn\u001b[39m","timestamp":"2021-11-01 10:49:14"}
{"message":"404 - Not Found","level":"\u001b[33mwarn\u001b[39m","timestamp":"2021-11-01 10:49:14"}
{"message":"404 - Not Found","level":"\u001b[33mwarn\u001b[39m","timestamp":"2021-11-01 10:49:49"}
{"message":"404 - Not Found","level":"\u001b[33mwarn\u001b[39m","timestamp":"2021-11-01 10:49:49"}
{"message":"404 - Not Found","level":"\u001b[33mwarn\u001b[39m","timestamp":"2021-11-01 10:49:50"}
{"message":"garbage collector started on path: C:\\develop\\nodejs\\projects\\aitam\\work\\","level":"\u001b[34minfo\u001b[39m","timestamp":"2021-11-01 11:04:53"}
{"message":"garbage collector started on path: C:\\develop\\nodejs\\projects\\aitam\\work\\","level":"\u001b[34minfo\u001b[39m","timestamp":"2021-11-01 11:11:06"}
{"message":"garbage collector started on path: C:\\develop\\nodejs\\projects\\aitam\\work\\","level":"\u001b[34minfo\u001b[39m","timestamp":"2021-11-01 11:16:53"}
{"message":"garbage collector started on path: C:\\develop\\nodejs\\projects\\aitam\\work\\","level":"\u001b[34minfo\u001b[39m","timestamp":"2021-11-01 11:17:27"}
{"message":"garbage collector started on path: C:\\develop\\nodejs\\projects\\aitam\\work\\","level":"\u001b[34minfo\u001b[39m","timestamp":"2021-11-01 11:17:42"}
{"message":"garbage collector started on path: C:\\develop\\nodejs\\projects\\aitam\\work\\","level":"\u001b[34minfo\u001b[39m","timestamp":"2021-11-01 11:17:57"}
{"message":"garbage collector started on path: C:\\develop\\nodejs\\projects\\aitam\\work\\","level":"\u001b[34minfo\u001b[39m","timestamp":"2021-11-01 11:21:03"}
{"message":"garbage collector started on path: C:\\develop\\nodejs\\projects\\aitam\\work\\","level":"\u001b[34minfo\u001b[39m","timestamp":"2021-11-01 11:26:53"}
{"message":"garbage collector started on path: C:\\develop\\nodejs\\projects\\aitam\\work\\","level":"\u001b[34minfo\u001b[39m","timestamp":"2021-11-01 11:33:29"}
{"message":"Session created received the id:6c60b669-013d-41db-a2c2-3f32e1f1a80c","level":"\u001b[34minfo\u001b[39m","timestamp":"2021-11-01 11:33:32"}
{"message":"404 - Not Found","level":"\u001b[33mwarn\u001b[39m","timestamp":"2021-11-01 11:33:32"}
{"message":"req.user: undefined","level":"\u001b[34minfo\u001b[39m","timestamp":"2021-11-01 11:33:39"}
{"message":"Session id started: {\"user\":\"2f24vvg\"}","level":"\u001b[34minfo\u001b[39m","timestamp":"2021-11-01 11:33:39"}
{"message":"User logged in: {\"id\":\"2f24vvg\",\"email\":\"test@test.com\",\"password\":\"$2a$10$A2g6pbxxhLA9MNYRJ0rnzOf/7Ara76B0KcRdjzUcsIBIclRuas/fG\"}","level":"\u001b[34minfo\u001b[39m","timestamp":"2021-11-01 11:33:39"}
{"message":"New audit file created:C:\\develop\\nodejs\\projects\\aitam\\work\\6c60b669-013d-41db-a2c2-3f32e1f1a80c.xml","level":"\u001b[34minfo\u001b[39m","timestamp":"2021-11-01 11:33:42"}
{"message":"User (2f24vvg) uploaded a file: {\"file-upload\":{\"size\":465587,\"filepath\":\"C:\\\\develop\\\\nodejs\\\\projects\\\\aitam\\\\work\\\\ad19d2083affea0d746794000\",\"newFilename\":\"ad19d2083affea0d746794000\",\"mimetype\":\"text/xml\",\"mtime\":\"2021-11-01T11:33:49.950Z\",\"originalFilename\":\"ATK-SIGTAS.xml\"}}","level":"\u001b[34minfo\u001b[39m","timestamp":"2021-11-01 11:33:50"}
{"message":"User (2f24vvg) uploaded a file: {\"file-upload\":{\"size\":465587,\"filepath\":\"C:\\\\develop\\\\nodejs\\\\projects\\\\aitam\\\\work\\\\ad19d2083affea0d746794001\",\"newFilename\":\"ad19d2083affea0d746794001\",\"mimetype\":\"text/xml\",\"mtime\":\"2021-11-01T11:34:15.299Z\",\"originalFilename\":\"ATK-SIGTAS.xml\"}}","level":"\u001b[34minfo\u001b[39m","timestamp":"2021-11-01 11:34:15"}
{"message":"User (2f24vvg) uploaded a file: {\"file-upload\":{\"size\":467133,\"filepath\":\"C:\\\\develop\\\\nodejs\\\\projects\\\\aitam\\\\work\\\\ad19d2083affea0d746794002\",\"newFilename\":\"ad19d2083affea0d746794002\",\"mimetype\":\"text/xml\",\"mtime\":\"2021-11-01T11:34:24.966Z\",\"originalFilename\":\"KAS.xml\"}}","level":"\u001b[34minfo\u001b[39m","timestamp":"2021-11-01 11:34:25"}
{"message":"Session created received the id:6c60b669-013d-41db-a2c2-3f32e1f1a80c","level":"\u001b[34minfo\u001b[39m","timestamp":"2021-11-01 11:34:31"}
{"message":"Session created received the id:6c60b669-013d-41db-a2c2-3f32e1f1a80c","level":"\u001b[34minfo\u001b[39m","timestamp":"2021-11-01 11:34:40"}
{"message":"Session created received the id:6c60b669-013d-41db-a2c2-3f32e1f1a80c","level":"\u001b[34minfo\u001b[39m","timestamp":"2021-11-01 11:34:41"}
{"message":"Session created received the id:bae94fc9-556a-4854-96f2-572d29784fa8","level":"\u001b[34minfo\u001b[39m","timestamp":"2021-11-01 11:34:51"}
{"message":"Session created received the id:bae94fc9-556a-4854-96f2-572d29784fa8","level":"\u001b[34minfo\u001b[39m","timestamp":"2021-11-01 11:34:51"}
{"message":"404 - Not Found","level":"\u001b[33mwarn\u001b[39m","timestamp":"2021-11-01 11:34:52"}
{"message":"req.user: undefined","level":"\u001b[34minfo\u001b[39m","timestamp":"2021-11-01 11:34:58"}
{"message":"Session id started: {\"user\":\"2f24vvg\"}","level":"\u001b[34minfo\u001b[39m","timestamp":"2021-11-01 11:34:58"}
{"message":"User logged in: {\"id\":\"2f24vvg\",\"email\":\"test@test.com\",\"password\":\"$2a$10$A2g6pbxxhLA9MNYRJ0rnzOf/7Ara76B0KcRdjzUcsIBIclRuas/fG\"}","level":"\u001b[34minfo\u001b[39m","timestamp":"2021-11-01 11:34:58"}
{"message":"User (2f24vvg) uploaded a file: {\"file-upload\":{\"size\":465587,\"filepath\":\"C:\\\\develop\\\\nodejs\\\\projects\\\\aitam\\\\work\\\\ad19d2083affea0d746794003\",\"newFilename\":\"ad19d2083affea0d746794003\",\"mimetype\":\"text/xml\",\"mtime\":\"2021-11-01T11:35:04.398Z\",\"originalFilename\":\"ATK-SIGTAS.xml\"}}","level":"\u001b[34minfo\u001b[39m","timestamp":"2021-11-01 11:35:04"}
{"message":"User (2f24vvg) uploaded a file: {\"file-upload\":{\"size\":465587,\"filepath\":\"C:\\\\develop\\\\nodejs\\\\projects\\\\aitam\\\\work\\\\ad19d2083affea0d746794004\",\"newFilename\":\"ad19d2083affea0d746794004\",\"mimetype\":\"text/xml\",\"mtime\":\"2021-11-01T11:35:13.759Z\",\"originalFilename\":\"ATK-SIGTAS.xml\"}}","level":"\u001b[34minfo\u001b[39m","timestamp":"2021-11-01 11:35:13"}
{"message":"Session created received the id:bae94fc9-556a-4854-96f2-572d29784fa8","level":"\u001b[34minfo\u001b[39m","timestamp":"2021-11-01 11:35:32"}
{"message":"New audit file created:C:\\develop\\nodejs\\projects\\aitam\\work\\bae94fc9-556a-4854-96f2-572d29784fa8.xml","level":"\u001b[34minfo\u001b[39m","timestamp":"2021-11-01 11:35:37"}
{"message":"Session created received the id:1547d6c6-37e0-4d8a-885a-bcf83396aa19","level":"\u001b[34minfo\u001b[39m","timestamp":"2021-11-01 11:35:49"}
{"message":"Session created received the id:1547d6c6-37e0-4d8a-885a-bcf83396aa19","level":"\u001b[34minfo\u001b[39m","timestamp":"2021-11-01 11:35:51"}
{"message":"404 - Not Found","level":"\u001b[33mwarn\u001b[39m","timestamp":"2021-11-01 11:35:51"}
{"message":"req.user: undefined","level":"\u001b[34minfo\u001b[39m","timestamp":"2021-11-01 11:35:58"}
{"message":"Session id started: {\"user\":\"2f24vvg\"}","level":"\u001b[34minfo\u001b[39m","timestamp":"2021-11-01 11:35:58"}
{"message":"User logged in: {\"id\":\"2f24vvg\",\"email\":\"test@test.com\",\"password\":\"$2a$10$A2g6pbxxhLA9MNYRJ0rnzOf/7Ara76B0KcRdjzUcsIBIclRuas/fG\"}","level":"\u001b[34minfo\u001b[39m","timestamp":"2021-11-01 11:35:58"}
{"message":"New audit file created:C:\\develop\\nodejs\\projects\\aitam\\work\\1547d6c6-37e0-4d8a-885a-bcf83396aa19.xml","level":"\u001b[34minfo\u001b[39m","timestamp":"2021-11-01 11:36:00"}
{"message":"audit file download: C:\\develop\\nodejs\\projects\\aitam\\work\\1547d6c6-37e0-4d8a-885a-bcf83396aa19.xml","level":"\u001b[34minfo\u001b[39m","timestamp":"2021-11-01 11:36:08"}
{"message":"working audit file closed and deleted : C:\\develop\\nodejs\\projects\\aitam\\work\\1547d6c6-37e0-4d8a-885a-bcf83396aa19.xml","level":"\u001b[34minfo\u001b[39m","timestamp":"2021-11-01 11:36:23"}
{"message":"User (2f24vvg) uploaded a file: {\"file-upload\":{\"size\":916348,\"filepath\":\"C:\\\\develop\\\\nodejs\\\\projects\\\\aitam\\\\work\\\\ad19d2083affea0d746794005\",\"newFilename\":\"ad19d2083affea0d746794005\",\"mimetype\":\"text/xml\",\"mtime\":\"2021-11-01T11:36:32.291Z\",\"originalFilename\":\"1547d6c6-37e0-4d8a-885a-bcf83396aa19.xml\"}}","level":"\u001b[34minfo\u001b[39m","timestamp":"2021-11-01 11:36:32"}
{"message":"New audit file created:C:\\develop\\nodejs\\projects\\aitam\\work\\1547d6c6-37e0-4d8a-885a-bcf83396aa19.xml","level":"\u001b[34minfo\u001b[39m","timestamp":"2021-11-01 11:36:53"}
{"message":"garbage collector started on path: C:\\develop\\nodejs\\projects\\aitam\\work\\","level":"\u001b[34minfo\u001b[39m","timestamp":"2021-11-01 11:39:25"}
{"message":"Session created received the id:f63b0be0-5a79-48bd-8c52-f721fbf35f38","level":"\u001b[34minfo\u001b[39m","timestamp":"2021-11-01 11:39:30"}
{"message":"req.user: undefined","level":"\u001b[34minfo\u001b[39m","timestamp":"2021-11-01 11:39:38"}
{"message":"Session id started: {\"user\":\"2f24vvg\"}","level":"\u001b[34minfo\u001b[39m","timestamp":"2021-11-01 11:39:38"}
{"message":"User logged in: {\"id\":\"2f24vvg\",\"email\":\"test@test.com\",\"password\":\"$2a$10$A2g6pbxxhLA9MNYRJ0rnzOf/7Ara76B0KcRdjzUcsIBIclRuas/fG\"}","level":"\u001b[34minfo\u001b[39m","timestamp":"2021-11-01 11:39:38"}
{"message":"User (2f24vvg) uploaded a file: {\"file-upload\":{\"size\":465587,\"path\":\"C:\\\\develop\\\\nodejs\\\\projects\\\\aitam\\\\work\\\\f63b0be0-5a79-48bd-8c52-f721fbf35f38.xml\",\"name\":\"ATK-SIGTAS.xml\",\"type\":\"text/xml\",\"mtime\":\"2021-11-01T11:39:48.881Z\"}}","level":"\u001b[34minfo\u001b[39m","timestamp":"2021-11-01 11:39:49"}
