{"message":"garbage collector started on path: C:\\develop\\nodejs\\projects\\aitam\\work\\","level":"\u001b[34minfo\u001b[39m","timestamp":"2021-02-23 08:38:50"}
{"message":"garbage collector started on path: C:\\develop\\nodejs\\projects\\aitam\\work\\","level":"\u001b[34minfo\u001b[39m","timestamp":"2021-02-23 08:38:55"}
{"message":"Session created received the id:b4e4d206-5aa3-4bbe-8541-40fae5aca2cf","level":"\u001b[34minfo\u001b[39m","timestamp":"2021-02-23 08:39:00"}
{"message":"garbage collector started on path: C:\\develop\\nodejs\\projects\\aitam\\work\\","level":"\u001b[34minfo\u001b[39m","timestamp":"2021-02-23 08:39:02"}
{"message":"404 - Not Found","level":"\u001b[33mwarn\u001b[39m","timestamp":"2021-02-23 08:39:04"}
{"message":"req.user: undefined","level":"\u001b[34minfo\u001b[39m","timestamp":"2021-02-23 08:39:09"}
{"message":"Session id started: {\"user\":\"2f24vvg\"}","level":"\u001b[34minfo\u001b[39m","timestamp":"2021-02-23 08:39:09"}
{"message":"User logged in: {\"id\":\"2f24vvg\",\"email\":\"test@test.com\",\"password\":\"$2a$10$A2g6pbxxhLA9MNYRJ0rnzOf/7Ara76B0KcRdjzUcsIBIclRuas/fG\"}","level":"\u001b[34minfo\u001b[39m","timestamp":"2021-02-23 08:39:09"}
{"message":"User (2f24vvg) uploaded a file: {\"file-upload\":{\"size\":465587,\"path\":\"C:\\\\develop\\\\nodejs\\\\projects\\\\aitam\\\\work\\\\cd9daa93-ad48-46d7-b4df-4b844da5fdb4.xml\",\"name\":\"ATK-SIGTAS.xml\",\"type\":\"text/xml\",\"mtime\":\"2021-02-23T08:39:19.928Z\"}}","level":"\u001b[34minfo\u001b[39m","timestamp":"2021-02-23 08:39:19"}
{"message":"garbage collector deleted  0710f867-6427-4f31-85c8-45feada9e556.tkn on folder: C:\\develop\\nodejs\\projects\\aitam\\work\\, path: C:\\develop\\nodejs\\projects\\aitam\\work\\0710f867-6427-4f31-85c8-45feada9e556.tkn","level":"\u001b[34minfo\u001b[39m","timestamp":"2021-02-23 08:45:00"}
{"message":"garbage collector deleted  0710f867-6427-4f31-85c8-45feada9e556.xml on folder: C:\\develop\\nodejs\\projects\\aitam\\work\\, path: C:\\develop\\nodejs\\projects\\aitam\\work\\0710f867-6427-4f31-85c8-45feada9e556.xml","level":"\u001b[34minfo\u001b[39m","timestamp":"2021-02-23 08:45:00"}
{"message":"garbage collector deleted  0710f867-6427-4f31-85c8-45feada9e556.src on folder: C:\\develop\\nodejs\\projects\\aitam\\work\\, path: C:\\develop\\nodejs\\projects\\aitam\\work\\0710f867-6427-4f31-85c8-45feada9e556.src","level":"\u001b[34minfo\u001b[39m","timestamp":"2021-02-23 08:45:00"}
{"message":"garbage collector deleted  0e8be526-9d1c-4fa8-b95b-f0d98101db17.src on folder: C:\\develop\\nodejs\\projects\\aitam\\work\\, path: C:\\develop\\nodejs\\projects\\aitam\\work\\0e8be526-9d1c-4fa8-b95b-f0d98101db17.src","level":"\u001b[34minfo\u001b[39m","timestamp":"2021-02-23 08:45:00"}
{"message":"garbage collector deleted  0e8be526-9d1c-4fa8-b95b-f0d98101db17.tkn on folder: C:\\develop\\nodejs\\projects\\aitam\\work\\, path: C:\\develop\\nodejs\\projects\\aitam\\work\\0e8be526-9d1c-4fa8-b95b-f0d98101db17.tkn","level":"\u001b[34minfo\u001b[39m","timestamp":"2021-02-23 08:45:00"}
{"message":"garbage collector deleted  321cb89c-20f9-4e8d-aa17-52c7a9a87681.xml on folder: C:\\develop\\nodejs\\projects\\aitam\\work\\, path: C:\\develop\\nodejs\\projects\\aitam\\work\\321cb89c-20f9-4e8d-aa17-52c7a9a87681.xml","level":"\u001b[34minfo\u001b[39m","timestamp":"2021-02-23 08:45:00"}
{"message":"garbage collector deleted  0e8be526-9d1c-4fa8-b95b-f0d98101db17.vec on folder: C:\\develop\\nodejs\\projects\\aitam\\work\\, path: C:\\develop\\nodejs\\projects\\aitam\\work\\0e8be526-9d1c-4fa8-b95b-f0d98101db17.vec","level":"\u001b[34minfo\u001b[39m","timestamp":"2021-02-23 08:45:00"}
{"message":"garbage collector deleted  0e8be526-9d1c-4fa8-b95b-f0d98101db17.xml on folder: C:\\develop\\nodejs\\projects\\aitam\\work\\, path: C:\\develop\\nodejs\\projects\\aitam\\work\\0e8be526-9d1c-4fa8-b95b-f0d98101db17.xml","level":"\u001b[34minfo\u001b[39m","timestamp":"2021-02-23 08:45:00"}
{"message":"garbage collector deleted  3caf386f-4ea7-40d0-9a18-72ce256a450d.sent on folder: C:\\develop\\nodejs\\projects\\aitam\\work\\, path: C:\\develop\\nodejs\\projects\\aitam\\work\\3caf386f-4ea7-40d0-9a18-72ce256a450d.sent","level":"\u001b[34minfo\u001b[39m","timestamp":"2021-02-23 08:45:00"}
{"message":"garbage collector deleted  3caf386f-4ea7-40d0-9a18-72ce256a450d.src on folder: C:\\develop\\nodejs\\projects\\aitam\\work\\, path: C:\\develop\\nodejs\\projects\\aitam\\work\\3caf386f-4ea7-40d0-9a18-72ce256a450d.src","level":"\u001b[34minfo\u001b[39m","timestamp":"2021-02-23 08:45:00"}
{"message":"garbage collector deleted  3caf386f-4ea7-40d0-9a18-72ce256a450d.xml on folder: C:\\develop\\nodejs\\projects\\aitam\\work\\, path: C:\\develop\\nodejs\\projects\\aitam\\work\\3caf386f-4ea7-40d0-9a18-72ce256a450d.xml","level":"\u001b[34minfo\u001b[39m","timestamp":"2021-02-23 08:45:00"}
{"message":"garbage collector deleted  3caf386f-4ea7-40d0-9a18-72ce256a450d.tkn on folder: C:\\develop\\nodejs\\projects\\aitam\\work\\, path: C:\\develop\\nodejs\\projects\\aitam\\work\\3caf386f-4ea7-40d0-9a18-72ce256a450d.tkn","level":"\u001b[34minfo\u001b[39m","timestamp":"2021-02-23 08:45:00"}
{"message":"garbage collector deleted  5781a275-c7fc-450c-9301-4cad1496b9f8.src on folder: C:\\develop\\nodejs\\projects\\aitam\\work\\, path: C:\\develop\\nodejs\\projects\\aitam\\work\\5781a275-c7fc-450c-9301-4cad1496b9f8.src","level":"\u001b[34minfo\u001b[39m","timestamp":"2021-02-23 08:45:00"}
{"message":"garbage collector deleted  5781a275-c7fc-450c-9301-4cad1496b9f8.tkn on folder: C:\\develop\\nodejs\\projects\\aitam\\work\\, path: C:\\develop\\nodejs\\projects\\aitam\\work\\5781a275-c7fc-450c-9301-4cad1496b9f8.tkn","level":"\u001b[34minfo\u001b[39m","timestamp":"2021-02-23 08:45:00"}
{"message":"garbage collector deleted  5781a275-c7fc-450c-9301-4cad1496b9f8.xml on folder: C:\\develop\\nodejs\\projects\\aitam\\work\\, path: C:\\develop\\nodejs\\projects\\aitam\\work\\5781a275-c7fc-450c-9301-4cad1496b9f8.xml","level":"\u001b[34minfo\u001b[39m","timestamp":"2021-02-23 08:45:00"}
{"message":"garbage collector deleted  7b2cb9a9-4746-4ccd-a7a4-55dffdb67cb4.src on folder: C:\\develop\\nodejs\\projects\\aitam\\work\\, path: C:\\develop\\nodejs\\projects\\aitam\\work\\7b2cb9a9-4746-4ccd-a7a4-55dffdb67cb4.src","level":"\u001b[34minfo\u001b[39m","timestamp":"2021-02-23 08:45:00"}
{"message":"garbage collector deleted  7b2cb9a9-4746-4ccd-a7a4-55dffdb67cb4.tkn on folder: C:\\develop\\nodejs\\projects\\aitam\\work\\, path: C:\\develop\\nodejs\\projects\\aitam\\work\\7b2cb9a9-4746-4ccd-a7a4-55dffdb67cb4.tkn","level":"\u001b[34minfo\u001b[39m","timestamp":"2021-02-23 08:45:00"}
{"message":"garbage collector deleted  7b2cb9a9-4746-4ccd-a7a4-55dffdb67cb4.xml on folder: C:\\develop\\nodejs\\projects\\aitam\\work\\, path: C:\\develop\\nodejs\\projects\\aitam\\work\\7b2cb9a9-4746-4ccd-a7a4-55dffdb67cb4.xml","level":"\u001b[34minfo\u001b[39m","timestamp":"2021-02-23 08:45:00"}
{"message":"garbage collector deleted  87a4f537-c695-4be9-87e5-fa922a1ab156.src on folder: C:\\develop\\nodejs\\projects\\aitam\\work\\, path: C:\\develop\\nodejs\\projects\\aitam\\work\\87a4f537-c695-4be9-87e5-fa922a1ab156.src","level":"\u001b[34minfo\u001b[39m","timestamp":"2021-02-23 08:45:00"}
{"message":"garbage collector deleted  87a4f537-c695-4be9-87e5-fa922a1ab156.tkn on folder: C:\\develop\\nodejs\\projects\\aitam\\work\\, path: C:\\develop\\nodejs\\projects\\aitam\\work\\87a4f537-c695-4be9-87e5-fa922a1ab156.tkn","level":"\u001b[34minfo\u001b[39m","timestamp":"2021-02-23 08:45:00"}
{"message":"garbage collector deleted  87a4f537-c695-4be9-87e5-fa922a1ab156.xml on folder: C:\\develop\\nodejs\\projects\\aitam\\work\\, path: C:\\develop\\nodejs\\projects\\aitam\\work\\87a4f537-c695-4be9-87e5-fa922a1ab156.xml","level":"\u001b[34minfo\u001b[39m","timestamp":"2021-02-23 08:45:00"}
{"message":"garbage collector deleted  93fe1d55-59f8-48ee-8b9e-3aa878a8b1ae.src on folder: C:\\develop\\nodejs\\projects\\aitam\\work\\, path: C:\\develop\\nodejs\\projects\\aitam\\work\\93fe1d55-59f8-48ee-8b9e-3aa878a8b1ae.src","level":"\u001b[34minfo\u001b[39m","timestamp":"2021-02-23 08:45:00"}
{"message":"garbage collector deleted  91d66cc0-6e3e-4e89-a978-7c1ec1516897.xml on folder: C:\\develop\\nodejs\\projects\\aitam\\work\\, path: C:\\develop\\nodejs\\projects\\aitam\\work\\91d66cc0-6e3e-4e89-a978-7c1ec1516897.xml","level":"\u001b[34minfo\u001b[39m","timestamp":"2021-02-23 08:45:00"}
{"message":"garbage collector deleted  ba3dc8c2-c4a8-4bbd-8d4b-4209c42670de.src on folder: C:\\develop\\nodejs\\projects\\aitam\\work\\, path: C:\\develop\\nodejs\\projects\\aitam\\work\\ba3dc8c2-c4a8-4bbd-8d4b-4209c42670de.src","level":"\u001b[34minfo\u001b[39m","timestamp":"2021-02-23 08:45:00"}
{"message":"garbage collector deleted  93fe1d55-59f8-48ee-8b9e-3aa878a8b1ae.tkn on folder: C:\\develop\\nodejs\\projects\\aitam\\work\\, path: C:\\develop\\nodejs\\projects\\aitam\\work\\93fe1d55-59f8-48ee-8b9e-3aa878a8b1ae.tkn","level":"\u001b[34minfo\u001b[39m","timestamp":"2021-02-23 08:45:00"}
{"message":"garbage collector deleted  93fe1d55-59f8-48ee-8b9e-3aa878a8b1ae.xml on folder: C:\\develop\\nodejs\\projects\\aitam\\work\\, path: C:\\develop\\nodejs\\projects\\aitam\\work\\93fe1d55-59f8-48ee-8b9e-3aa878a8b1ae.xml","level":"\u001b[34minfo\u001b[39m","timestamp":"2021-02-23 08:45:00"}
{"message":"garbage collector deleted  ba3dc8c2-c4a8-4bbd-8d4b-4209c42670de.tkn on folder: C:\\develop\\nodejs\\projects\\aitam\\work\\, path: C:\\develop\\nodejs\\projects\\aitam\\work\\ba3dc8c2-c4a8-4bbd-8d4b-4209c42670de.tkn","level":"\u001b[34minfo\u001b[39m","timestamp":"2021-02-23 08:45:00"}
{"message":"garbage collector deleted  ba3dc8c2-c4a8-4bbd-8d4b-4209c42670de.vec on folder: C:\\develop\\nodejs\\projects\\aitam\\work\\, path: C:\\develop\\nodejs\\projects\\aitam\\work\\ba3dc8c2-c4a8-4bbd-8d4b-4209c42670de.vec","level":"\u001b[34minfo\u001b[39m","timestamp":"2021-02-23 08:45:00"}
{"message":"garbage collector deleted  ba3dc8c2-c4a8-4bbd-8d4b-4209c42670de.xml on folder: C:\\develop\\nodejs\\projects\\aitam\\work\\, path: C:\\develop\\nodejs\\projects\\aitam\\work\\ba3dc8c2-c4a8-4bbd-8d4b-4209c42670de.xml","level":"\u001b[34minfo\u001b[39m","timestamp":"2021-02-23 08:45:00"}
{"message":"garbage collector deleted  e4e93694-2b32-4448-a158-8572459c597e.src on folder: C:\\develop\\nodejs\\projects\\aitam\\work\\, path: C:\\develop\\nodejs\\projects\\aitam\\work\\e4e93694-2b32-4448-a158-8572459c597e.src","level":"\u001b[34minfo\u001b[39m","timestamp":"2021-02-23 08:45:00"}
{"message":"garbage collector deleted  e4e93694-2b32-4448-a158-8572459c597e.tkn on folder: C:\\develop\\nodejs\\projects\\aitam\\work\\, path: C:\\develop\\nodejs\\projects\\aitam\\work\\e4e93694-2b32-4448-a158-8572459c597e.tkn","level":"\u001b[34minfo\u001b[39m","timestamp":"2021-02-23 08:45:00"}
{"message":"garbage collector deleted  e4e93694-2b32-4448-a158-8572459c597e.vec on folder: C:\\develop\\nodejs\\projects\\aitam\\work\\, path: C:\\develop\\nodejs\\projects\\aitam\\work\\e4e93694-2b32-4448-a158-8572459c597e.vec","level":"\u001b[34minfo\u001b[39m","timestamp":"2021-02-23 08:45:00"}
{"message":"garbage collector deleted  e4e93694-2b32-4448-a158-8572459c597e.xml on folder: C:\\develop\\nodejs\\projects\\aitam\\work\\, path: C:\\develop\\nodejs\\projects\\aitam\\work\\e4e93694-2b32-4448-a158-8572459c597e.xml","level":"\u001b[34minfo\u001b[39m","timestamp":"2021-02-23 08:45:00"}
{"message":"garbage collector deleted  fd962ddc-9707-490f-80cd-a524ea85d755.src on folder: C:\\develop\\nodejs\\projects\\aitam\\work\\, path: C:\\develop\\nodejs\\projects\\aitam\\work\\fd962ddc-9707-490f-80cd-a524ea85d755.src","level":"\u001b[34minfo\u001b[39m","timestamp":"2021-02-23 08:45:00"}
{"message":"garbage collector deleted  fd962ddc-9707-490f-80cd-a524ea85d755.tkn on folder: C:\\develop\\nodejs\\projects\\aitam\\work\\, path: C:\\develop\\nodejs\\projects\\aitam\\work\\fd962ddc-9707-490f-80cd-a524ea85d755.tkn","level":"\u001b[34minfo\u001b[39m","timestamp":"2021-02-23 08:45:00"}
{"message":"garbage collector deleted  fd962ddc-9707-490f-80cd-a524ea85d755.xml on folder: C:\\develop\\nodejs\\projects\\aitam\\work\\, path: C:\\develop\\nodejs\\projects\\aitam\\work\\fd962ddc-9707-490f-80cd-a524ea85d755.xml","level":"\u001b[34minfo\u001b[39m","timestamp":"2021-02-23 08:45:00"}
{"message":"garbage collector deleted  gazetteer.dic on folder: C:\\develop\\nodejs\\projects\\aitam\\work\\, path: C:\\develop\\nodejs\\projects\\aitam\\work\\gazetteer.dic","level":"\u001b[34minfo\u001b[39m","timestamp":"2021-02-23 08:45:00"}
{"message":"garbage collector error:  Error: Can't delete C:\\develop\\nodejs\\projects\\aitam\\work\\0710f867-6427-4f31-85c8-45feada9e556.src","level":"\u001b[34minfo\u001b[39m","timestamp":"2021-02-23 08:45:00"}
{"message":"garbage collector error:  Error: Can't delete C:\\develop\\nodejs\\projects\\aitam\\work\\0710f867-6427-4f31-85c8-45feada9e556.tkn","level":"\u001b[34minfo\u001b[39m","timestamp":"2021-02-23 08:45:00"}
{"message":"garbage collector error:  Error: Can't delete C:\\develop\\nodejs\\projects\\aitam\\work\\0710f867-6427-4f31-85c8-45feada9e556.xml","level":"\u001b[34minfo\u001b[39m","timestamp":"2021-02-23 08:45:00"}
{"message":"garbage collector error:  Error: Can't delete C:\\develop\\nodejs\\projects\\aitam\\work\\0e8be526-9d1c-4fa8-b95b-f0d98101db17.src","level":"\u001b[34minfo\u001b[39m","timestamp":"2021-02-23 08:45:00"}
{"message":"garbage collector error:  Error: Can't delete C:\\develop\\nodejs\\projects\\aitam\\work\\0e8be526-9d1c-4fa8-b95b-f0d98101db17.tkn","level":"\u001b[34minfo\u001b[39m","timestamp":"2021-02-23 08:45:00"}
{"message":"garbage collector error:  Error: Can't delete C:\\develop\\nodejs\\projects\\aitam\\work\\0e8be526-9d1c-4fa8-b95b-f0d98101db17.vec","level":"\u001b[34minfo\u001b[39m","timestamp":"2021-02-23 08:45:00"}
{"message":"garbage collector error:  Error: Can't delete C:\\develop\\nodejs\\projects\\aitam\\work\\0e8be526-9d1c-4fa8-b95b-f0d98101db17.xml","level":"\u001b[34minfo\u001b[39m","timestamp":"2021-02-23 08:45:00"}
{"message":"garbage collector error:  Error: Can't delete C:\\develop\\nodejs\\projects\\aitam\\work\\321cb89c-20f9-4e8d-aa17-52c7a9a87681.xml","level":"\u001b[34minfo\u001b[39m","timestamp":"2021-02-23 08:45:00"}
{"message":"garbage collector error:  Error: Can't delete C:\\develop\\nodejs\\projects\\aitam\\work\\3caf386f-4ea7-40d0-9a18-72ce256a450d.sent","level":"\u001b[34minfo\u001b[39m","timestamp":"2021-02-23 08:45:00"}
{"message":"garbage collector error:  Error: Can't delete C:\\develop\\nodejs\\projects\\aitam\\work\\3caf386f-4ea7-40d0-9a18-72ce256a450d.src","level":"\u001b[34minfo\u001b[39m","timestamp":"2021-02-23 08:45:00"}
{"message":"garbage collector error:  Error: Can't delete C:\\develop\\nodejs\\projects\\aitam\\work\\3caf386f-4ea7-40d0-9a18-72ce256a450d.tkn","level":"\u001b[34minfo\u001b[39m","timestamp":"2021-02-23 08:45:00"}
{"message":"garbage collector error:  Error: Can't delete C:\\develop\\nodejs\\projects\\aitam\\work\\5781a275-c7fc-450c-9301-4cad1496b9f8.src","level":"\u001b[34minfo\u001b[39m","timestamp":"2021-02-23 08:45:00"}
{"message":"garbage collector error:  Error: Can't delete C:\\develop\\nodejs\\projects\\aitam\\work\\3caf386f-4ea7-40d0-9a18-72ce256a450d.xml","level":"\u001b[34minfo\u001b[39m","timestamp":"2021-02-23 08:45:00"}
{"message":"garbage collector error:  Error: Can't delete C:\\develop\\nodejs\\projects\\aitam\\work\\5781a275-c7fc-450c-9301-4cad1496b9f8.tkn","level":"\u001b[34minfo\u001b[39m","timestamp":"2021-02-23 08:45:00"}
{"message":"garbage collector error:  Error: Can't delete C:\\develop\\nodejs\\projects\\aitam\\work\\5781a275-c7fc-450c-9301-4cad1496b9f8.xml","level":"\u001b[34minfo\u001b[39m","timestamp":"2021-02-23 08:45:00"}
{"message":"garbage collector error:  Error: Can't delete C:\\develop\\nodejs\\projects\\aitam\\work\\7b2cb9a9-4746-4ccd-a7a4-55dffdb67cb4.src","level":"\u001b[34minfo\u001b[39m","timestamp":"2021-02-23 08:45:00"}
{"message":"garbage collector error:  Error: Can't delete C:\\develop\\nodejs\\projects\\aitam\\work\\7b2cb9a9-4746-4ccd-a7a4-55dffdb67cb4.tkn","level":"\u001b[34minfo\u001b[39m","timestamp":"2021-02-23 08:45:00"}
{"message":"garbage collector error:  Error: Can't delete C:\\develop\\nodejs\\projects\\aitam\\work\\7b2cb9a9-4746-4ccd-a7a4-55dffdb67cb4.xml","level":"\u001b[34minfo\u001b[39m","timestamp":"2021-02-23 08:45:00"}
{"message":"garbage collector error:  Error: Can't delete C:\\develop\\nodejs\\projects\\aitam\\work\\87a4f537-c695-4be9-87e5-fa922a1ab156.src","level":"\u001b[34minfo\u001b[39m","timestamp":"2021-02-23 08:45:00"}
{"message":"garbage collector error:  Error: Can't delete C:\\develop\\nodejs\\projects\\aitam\\work\\87a4f537-c695-4be9-87e5-fa922a1ab156.tkn","level":"\u001b[34minfo\u001b[39m","timestamp":"2021-02-23 08:45:00"}
{"message":"garbage collector error:  Error: Can't delete C:\\develop\\nodejs\\projects\\aitam\\work\\87a4f537-c695-4be9-87e5-fa922a1ab156.xml","level":"\u001b[34minfo\u001b[39m","timestamp":"2021-02-23 08:45:00"}
{"message":"garbage collector error:  Error: Can't delete C:\\develop\\nodejs\\projects\\aitam\\work\\91d66cc0-6e3e-4e89-a978-7c1ec1516897.xml","level":"\u001b[34minfo\u001b[39m","timestamp":"2021-02-23 08:45:00"}
{"message":"garbage collector error:  Error: Can't delete C:\\develop\\nodejs\\projects\\aitam\\work\\93fe1d55-59f8-48ee-8b9e-3aa878a8b1ae.src","level":"\u001b[34minfo\u001b[39m","timestamp":"2021-02-23 08:45:00"}
{"message":"garbage collector error:  Error: Can't delete C:\\develop\\nodejs\\projects\\aitam\\work\\93fe1d55-59f8-48ee-8b9e-3aa878a8b1ae.tkn","level":"\u001b[34minfo\u001b[39m","timestamp":"2021-02-23 08:45:00"}
{"message":"garbage collector error:  Error: Can't delete C:\\develop\\nodejs\\projects\\aitam\\work\\93fe1d55-59f8-48ee-8b9e-3aa878a8b1ae.xml","level":"\u001b[34minfo\u001b[39m","timestamp":"2021-02-23 08:45:00"}
{"message":"garbage collector error:  Error: Can't delete C:\\develop\\nodejs\\projects\\aitam\\work\\ba3dc8c2-c4a8-4bbd-8d4b-4209c42670de.src","level":"\u001b[34minfo\u001b[39m","timestamp":"2021-02-23 08:45:00"}
{"message":"garbage collector error:  Error: Can't delete C:\\develop\\nodejs\\projects\\aitam\\work\\ba3dc8c2-c4a8-4bbd-8d4b-4209c42670de.tkn","level":"\u001b[34minfo\u001b[39m","timestamp":"2021-02-23 08:45:00"}
{"message":"garbage collector error:  Error: Can't delete C:\\develop\\nodejs\\projects\\aitam\\work\\ba3dc8c2-c4a8-4bbd-8d4b-4209c42670de.vec","level":"\u001b[34minfo\u001b[39m","timestamp":"2021-02-23 08:45:00"}
{"message":"garbage collector error:  Error: Can't delete C:\\develop\\nodejs\\projects\\aitam\\work\\ba3dc8c2-c4a8-4bbd-8d4b-4209c42670de.xml","level":"\u001b[34minfo\u001b[39m","timestamp":"2021-02-23 08:45:00"}
{"message":"garbage collector error:  Error: Can't delete C:\\develop\\nodejs\\projects\\aitam\\work\\e4e93694-2b32-4448-a158-8572459c597e.src","level":"\u001b[34minfo\u001b[39m","timestamp":"2021-02-23 08:45:00"}
{"message":"garbage collector error:  Error: Can't delete C:\\develop\\nodejs\\projects\\aitam\\work\\e4e93694-2b32-4448-a158-8572459c597e.tkn","level":"\u001b[34minfo\u001b[39m","timestamp":"2021-02-23 08:45:00"}
{"message":"garbage collector error:  Error: Can't delete C:\\develop\\nodejs\\projects\\aitam\\work\\e4e93694-2b32-4448-a158-8572459c597e.vec","level":"\u001b[34minfo\u001b[39m","timestamp":"2021-02-23 08:45:00"}
{"message":"garbage collector error:  Error: Can't delete C:\\develop\\nodejs\\projects\\aitam\\work\\e4e93694-2b32-4448-a158-8572459c597e.xml","level":"\u001b[34minfo\u001b[39m","timestamp":"2021-02-23 08:45:00"}
{"message":"garbage collector error:  Error: Can't delete C:\\develop\\nodejs\\projects\\aitam\\work\\fd962ddc-9707-490f-80cd-a524ea85d755.src","level":"\u001b[34minfo\u001b[39m","timestamp":"2021-02-23 08:45:00"}
{"message":"garbage collector error:  Error: Can't delete C:\\develop\\nodejs\\projects\\aitam\\work\\fd962ddc-9707-490f-80cd-a524ea85d755.tkn","level":"\u001b[34minfo\u001b[39m","timestamp":"2021-02-23 08:45:00"}
{"message":"garbage collector error:  Error: Can't delete C:\\develop\\nodejs\\projects\\aitam\\work\\fd962ddc-9707-490f-80cd-a524ea85d755.xml","level":"\u001b[34minfo\u001b[39m","timestamp":"2021-02-23 08:45:00"}
{"message":"garbage collector error:  Error: Can't delete C:\\develop\\nodejs\\projects\\aitam\\work\\gazetteer.dic","level":"\u001b[34minfo\u001b[39m","timestamp":"2021-02-23 08:45:00"}
{"message":"Session created received the id:cd9daa93-ad48-46d7-b4df-4b844da5fdb4","level":"\u001b[34minfo\u001b[39m","timestamp":"2021-02-23 08:56:53"}
{"message":"Session created received the id:cd9daa93-ad48-46d7-b4df-4b844da5fdb4","level":"\u001b[34minfo\u001b[39m","timestamp":"2021-02-23 08:57:07"}
{"message":"Session created received the id:cd9daa93-ad48-46d7-b4df-4b844da5fdb4","level":"\u001b[34minfo\u001b[39m","timestamp":"2021-02-23 09:11:56"}
{"message":"Session created received the id:cd9daa93-ad48-46d7-b4df-4b844da5fdb4","level":"\u001b[34minfo\u001b[39m","timestamp":"2021-02-23 09:18:47"}
