{"message":"garbage collector started on path: C:\\develop\\nodejs\\projects\\aitam\\work\\","level":"\u001b[34minfo\u001b[39m","timestamp":"2021-03-02 17:24:34"}
{"message":"Session created received the id:768ebadd-76a9-4ba8-bc5e-23b081259acc","level":"\u001b[34minfo\u001b[39m","timestamp":"2021-03-02 17:24:49"}
{"message":"404 - Not Found","level":"\u001b[33mwarn\u001b[39m","timestamp":"2021-03-02 17:24:50"}
{"message":"garbage collector started on path: C:\\develop\\nodejs\\projects\\aitam\\work\\","level":"\u001b[34minfo\u001b[39m","timestamp":"2021-03-02 17:24:51"}
{"message":"req.user: undefined","level":"\u001b[34minfo\u001b[39m","timestamp":"2021-03-02 17:25:59"}
{"message":"req.user: undefined","level":"\u001b[34minfo\u001b[39m","timestamp":"2021-03-02 17:26:07"}
{"message":"Session id started: {\"user\":\"2f24vvg\"}","level":"\u001b[34minfo\u001b[39m","timestamp":"2021-03-02 17:26:07"}
{"message":"User logged in: {\"id\":\"2f24vvg\",\"email\":\"test@test.com\",\"password\":\"$2a$10$A2g6pbxxhLA9MNYRJ0rnzOf/7Ara76B0KcRdjzUcsIBIclRuas/fG\"}","level":"\u001b[34minfo\u001b[39m","timestamp":"2021-03-02 17:26:07"}
{"message":"User (2f24vvg) uploaded a file: {\"file-upload\":{\"size\":465587,\"path\":\"C:\\\\develop\\\\nodejs\\\\projects\\\\aitam\\\\work\\\\90d42061-c093-4ea8-aaf5-149bd77d8309.xml\",\"name\":\"ATK-SIGTAS.xml\",\"type\":\"text/xml\",\"mtime\":\"2021-03-02T17:27:55.283Z\"}}","level":"\u001b[34minfo\u001b[39m","timestamp":"2021-03-02 17:27:55"}
{"message":"garbage collector started on path: C:\\develop\\nodejs\\projects\\aitam\\work\\","level":"\u001b[34minfo\u001b[39m","timestamp":"2021-03-02 17:29:28"}
{"message":"req.user: undefined","level":"\u001b[34minfo\u001b[39m","timestamp":"2021-03-02 17:29:39"}
{"message":"Session id started: {\"user\":\"2f24vvg\"}","level":"\u001b[34minfo\u001b[39m","timestamp":"2021-03-02 17:29:39"}
{"message":"User logged in: {\"id\":\"2f24vvg\",\"email\":\"test@test.com\",\"password\":\"$2a$10$A2g6pbxxhLA9MNYRJ0rnzOf/7Ara76B0KcRdjzUcsIBIclRuas/fG\"}","level":"\u001b[34minfo\u001b[39m","timestamp":"2021-03-02 17:29:39"}
{"message":"User (2f24vvg) uploaded a file: {\"file-upload\":{\"size\":465587,\"path\":\"C:\\\\develop\\\\nodejs\\\\projects\\\\aitam\\\\work\\\\466a3ffe-181d-4fd2-a3a8-242c1cf55017.xml\",\"name\":\"ATK-SIGTAS.xml\",\"type\":\"text/xml\",\"mtime\":\"2021-03-02T17:29:44.480Z\"}}","level":"\u001b[34minfo\u001b[39m","timestamp":"2021-03-02 17:29:44"}
{"message":"garbage collector deleted  000a9ad9-f679-462a-af82-f70a68f1740b.xml on folder: C:\\develop\\nodejs\\projects\\aitam\\work\\, path: C:\\develop\\nodejs\\projects\\aitam\\work\\000a9ad9-f679-462a-af82-f70a68f1740b.xml","level":"\u001b[34minfo\u001b[39m","timestamp":"2021-03-02 17:30:00"}
{"message":"garbage collector deleted  5d30abc9-4b80-4bab-a4c5-85e1182e56ef.xml on folder: C:\\develop\\nodejs\\projects\\aitam\\work\\, path: C:\\develop\\nodejs\\projects\\aitam\\work\\5d30abc9-4b80-4bab-a4c5-85e1182e56ef.xml","level":"\u001b[34minfo\u001b[39m","timestamp":"2021-03-02 17:30:00"}
{"message":"garbage collector deleted  6c051b9c-c276-424f-94d3-46aedf2a3960.xml on folder: C:\\develop\\nodejs\\projects\\aitam\\work\\, path: C:\\develop\\nodejs\\projects\\aitam\\work\\6c051b9c-c276-424f-94d3-46aedf2a3960.xml","level":"\u001b[34minfo\u001b[39m","timestamp":"2021-03-02 17:30:00"}
{"message":"garbage collector deleted  2faab987-4cc7-4eee-800b-cff69046e148.xml on folder: C:\\develop\\nodejs\\projects\\aitam\\work\\, path: C:\\develop\\nodejs\\projects\\aitam\\work\\2faab987-4cc7-4eee-800b-cff69046e148.xml","level":"\u001b[34minfo\u001b[39m","timestamp":"2021-03-02 17:30:00"}
{"message":"garbage collector deleted  9b963d4b-e669-4164-a907-7978e19668e1.xml on folder: C:\\develop\\nodejs\\projects\\aitam\\work\\, path: C:\\develop\\nodejs\\projects\\aitam\\work\\9b963d4b-e669-4164-a907-7978e19668e1.xml","level":"\u001b[34minfo\u001b[39m","timestamp":"2021-03-02 17:30:00"}
{"message":"garbage collector deleted  8c82dba5-28a4-47e4-b11f-f341eef6ab61.xml on folder: C:\\develop\\nodejs\\projects\\aitam\\work\\, path: C:\\develop\\nodejs\\projects\\aitam\\work\\8c82dba5-28a4-47e4-b11f-f341eef6ab61.xml","level":"\u001b[34minfo\u001b[39m","timestamp":"2021-03-02 17:30:00"}
{"message":"garbage collector deleted  a4d1e455-da41-4d27-8a9a-1418c2be8893.xml on folder: C:\\develop\\nodejs\\projects\\aitam\\work\\, path: C:\\develop\\nodejs\\projects\\aitam\\work\\a4d1e455-da41-4d27-8a9a-1418c2be8893.xml","level":"\u001b[34minfo\u001b[39m","timestamp":"2021-03-02 17:30:00"}
{"message":"garbage collector deleted  b4b74870-c821-4bd9-9229-e5514111f61e.xml on folder: C:\\develop\\nodejs\\projects\\aitam\\work\\, path: C:\\develop\\nodejs\\projects\\aitam\\work\\b4b74870-c821-4bd9-9229-e5514111f61e.xml","level":"\u001b[34minfo\u001b[39m","timestamp":"2021-03-02 17:30:00"}
{"message":"garbage collector deleted  8c0a961e-dc6a-4973-8aeb-4fdebdaa183f.xml on folder: C:\\develop\\nodejs\\projects\\aitam\\work\\, path: C:\\develop\\nodejs\\projects\\aitam\\work\\8c0a961e-dc6a-4973-8aeb-4fdebdaa183f.xml","level":"\u001b[34minfo\u001b[39m","timestamp":"2021-03-02 17:30:00"}
{"message":"garbage collector deleted  cd9daa93-ad48-46d7-b4df-4b844da5fdb4.xml on folder: C:\\develop\\nodejs\\projects\\aitam\\work\\, path: C:\\develop\\nodejs\\projects\\aitam\\work\\cd9daa93-ad48-46d7-b4df-4b844da5fdb4.xml","level":"\u001b[34minfo\u001b[39m","timestamp":"2021-03-02 17:30:00"}
{"message":"garbage collector deleted  d3c20435-2ea1-47a2-b73a-f4b9a7c56501.xml on folder: C:\\develop\\nodejs\\projects\\aitam\\work\\, path: C:\\develop\\nodejs\\projects\\aitam\\work\\d3c20435-2ea1-47a2-b73a-f4b9a7c56501.xml","level":"\u001b[34minfo\u001b[39m","timestamp":"2021-03-02 17:30:00"}
{"message":"garbage collector deleted  df02ec12-90f8-46c3-8eb5-31e6495f47eb.xml on folder: C:\\develop\\nodejs\\projects\\aitam\\work\\, path: C:\\develop\\nodejs\\projects\\aitam\\work\\df02ec12-90f8-46c3-8eb5-31e6495f47eb.xml","level":"\u001b[34minfo\u001b[39m","timestamp":"2021-03-02 17:30:00"}
{"message":"garbage collector deleted  f685da5c-6752-4ae4-9034-f3b93079b72f.xml on folder: C:\\develop\\nodejs\\projects\\aitam\\work\\, path: C:\\develop\\nodejs\\projects\\aitam\\work\\f685da5c-6752-4ae4-9034-f3b93079b72f.xml","level":"\u001b[34minfo\u001b[39m","timestamp":"2021-03-02 17:30:00"}
{"message":"garbage collector error:  Error: Can't delete C:\\develop\\nodejs\\projects\\aitam\\work\\000a9ad9-f679-462a-af82-f70a68f1740b.xml","level":"\u001b[34minfo\u001b[39m","timestamp":"2021-03-02 17:30:00"}
{"message":"garbage collector error:  Error: Can't delete C:\\develop\\nodejs\\projects\\aitam\\work\\2faab987-4cc7-4eee-800b-cff69046e148.xml","level":"\u001b[34minfo\u001b[39m","timestamp":"2021-03-02 17:30:00"}
{"message":"garbage collector deleted  gazetteer.dic on folder: C:\\develop\\nodejs\\projects\\aitam\\work\\, path: C:\\develop\\nodejs\\projects\\aitam\\work\\gazetteer.dic","level":"\u001b[34minfo\u001b[39m","timestamp":"2021-03-02 17:30:00"}
{"message":"garbage collector error:  Error: Can't delete C:\\develop\\nodejs\\projects\\aitam\\work\\5d30abc9-4b80-4bab-a4c5-85e1182e56ef.xml","level":"\u001b[34minfo\u001b[39m","timestamp":"2021-03-02 17:30:00"}
{"message":"garbage collector error:  Error: Can't delete C:\\develop\\nodejs\\projects\\aitam\\work\\6c051b9c-c276-424f-94d3-46aedf2a3960.xml","level":"\u001b[34minfo\u001b[39m","timestamp":"2021-03-02 17:30:00"}
{"message":"garbage collector error:  Error: Can't delete C:\\develop\\nodejs\\projects\\aitam\\work\\8c0a961e-dc6a-4973-8aeb-4fdebdaa183f.xml","level":"\u001b[34minfo\u001b[39m","timestamp":"2021-03-02 17:30:00"}
{"message":"garbage collector error:  Error: Can't delete C:\\develop\\nodejs\\projects\\aitam\\work\\8c82dba5-28a4-47e4-b11f-f341eef6ab61.xml","level":"\u001b[34minfo\u001b[39m","timestamp":"2021-03-02 17:30:00"}
{"message":"garbage collector error:  Error: Can't delete C:\\develop\\nodejs\\projects\\aitam\\work\\9b963d4b-e669-4164-a907-7978e19668e1.xml","level":"\u001b[34minfo\u001b[39m","timestamp":"2021-03-02 17:30:00"}
{"message":"garbage collector error:  Error: Can't delete C:\\develop\\nodejs\\projects\\aitam\\work\\a4d1e455-da41-4d27-8a9a-1418c2be8893.xml","level":"\u001b[34minfo\u001b[39m","timestamp":"2021-03-02 17:30:00"}
{"message":"garbage collector error:  Error: Can't delete C:\\develop\\nodejs\\projects\\aitam\\work\\b4b74870-c821-4bd9-9229-e5514111f61e.xml","level":"\u001b[34minfo\u001b[39m","timestamp":"2021-03-02 17:30:00"}
{"message":"garbage collector error:  Error: Can't delete C:\\develop\\nodejs\\projects\\aitam\\work\\cd9daa93-ad48-46d7-b4df-4b844da5fdb4.xml","level":"\u001b[34minfo\u001b[39m","timestamp":"2021-03-02 17:30:00"}
{"message":"garbage collector error:  Error: Can't delete C:\\develop\\nodejs\\projects\\aitam\\work\\d3c20435-2ea1-47a2-b73a-f4b9a7c56501.xml","level":"\u001b[34minfo\u001b[39m","timestamp":"2021-03-02 17:30:00"}
{"message":"garbage collector error:  Error: Can't delete C:\\develop\\nodejs\\projects\\aitam\\work\\df02ec12-90f8-46c3-8eb5-31e6495f47eb.xml","level":"\u001b[34minfo\u001b[39m","timestamp":"2021-03-02 17:30:00"}
{"message":"garbage collector error:  Error: Can't delete C:\\develop\\nodejs\\projects\\aitam\\work\\f685da5c-6752-4ae4-9034-f3b93079b72f.xml","level":"\u001b[34minfo\u001b[39m","timestamp":"2021-03-02 17:30:00"}
{"message":"garbage collector error:  Error: Can't delete C:\\develop\\nodejs\\projects\\aitam\\work\\gazetteer.dic","level":"\u001b[34minfo\u001b[39m","timestamp":"2021-03-02 17:30:00"}
{"message":"garbage collector started on path: C:\\develop\\nodejs\\projects\\aitam\\work\\","level":"\u001b[34minfo\u001b[39m","timestamp":"2021-03-02 17:30:37"}
{"message":"req.user: undefined","level":"\u001b[34minfo\u001b[39m","timestamp":"2021-03-02 17:30:59"}
{"message":"Session id started: {\"user\":\"2f24vvg\"}","level":"\u001b[34minfo\u001b[39m","timestamp":"2021-03-02 17:30:59"}
{"message":"User logged in: {\"id\":\"2f24vvg\",\"email\":\"test@test.com\",\"password\":\"$2a$10$A2g6pbxxhLA9MNYRJ0rnzOf/7Ara76B0KcRdjzUcsIBIclRuas/fG\"}","level":"\u001b[34minfo\u001b[39m","timestamp":"2021-03-02 17:30:59"}
{"message":"User (2f24vvg) uploaded a file: {\"file-upload\":{\"size\":465587,\"path\":\"C:\\\\develop\\\\nodejs\\\\projects\\\\aitam\\\\work\\\\e9831c43-5af9-47a4-ab1d-24cca642c027.xml\",\"name\":\"ATK-SIGTAS.xml\",\"type\":\"text/xml\",\"mtime\":\"2021-03-02T17:31:03.873Z\"}}","level":"\u001b[34minfo\u001b[39m","timestamp":"2021-03-02 17:31:03"}
{"message":"garbage collector started on path: C:\\develop\\nodejs\\projects\\aitam\\work\\","level":"\u001b[34minfo\u001b[39m","timestamp":"2021-03-02 17:31:46"}
{"message":"garbage collector started on path: C:\\develop\\nodejs\\projects\\aitam\\work\\","level":"\u001b[34minfo\u001b[39m","timestamp":"2021-03-02 17:32:07"}
{"message":"req.user: undefined","level":"\u001b[34minfo\u001b[39m","timestamp":"2021-03-02 17:32:24"}
{"message":"Session id started: {\"user\":\"2f24vvg\"}","level":"\u001b[34minfo\u001b[39m","timestamp":"2021-03-02 17:32:24"}
{"message":"User logged in: {\"id\":\"2f24vvg\",\"email\":\"test@test.com\",\"password\":\"$2a$10$A2g6pbxxhLA9MNYRJ0rnzOf/7Ara76B0KcRdjzUcsIBIclRuas/fG\"}","level":"\u001b[34minfo\u001b[39m","timestamp":"2021-03-02 17:32:24"}
{"message":"User (2f24vvg) uploaded a file: {\"file-upload\":{\"size\":465587,\"path\":\"C:\\\\develop\\\\nodejs\\\\projects\\\\aitam\\\\work\\\\d35c6ce2-90fb-4b35-bd09-ecc840569a5f.xml\",\"name\":\"ATK-SIGTAS.xml\",\"type\":\"text/xml\",\"mtime\":\"2021-03-02T17:32:29.300Z\"}}","level":"\u001b[34minfo\u001b[39m","timestamp":"2021-03-02 17:32:29"}
{"message":"garbage collector started on path: C:\\develop\\nodejs\\projects\\aitam\\work\\","level":"\u001b[34minfo\u001b[39m","timestamp":"2021-03-02 17:33:03"}
{"message":"req.user: undefined","level":"\u001b[34minfo\u001b[39m","timestamp":"2021-03-02 17:33:08"}
{"message":"req.user: undefined","level":"\u001b[34minfo\u001b[39m","timestamp":"2021-03-02 17:33:15"}
{"message":"Session id started: {\"user\":\"2f24vvg\"}","level":"\u001b[34minfo\u001b[39m","timestamp":"2021-03-02 17:33:15"}
{"message":"User logged in: {\"id\":\"2f24vvg\",\"email\":\"test@test.com\",\"password\":\"$2a$10$A2g6pbxxhLA9MNYRJ0rnzOf/7Ara76B0KcRdjzUcsIBIclRuas/fG\"}","level":"\u001b[34minfo\u001b[39m","timestamp":"2021-03-02 17:33:15"}
{"message":"User (2f24vvg) uploaded a file: {\"file-upload\":{\"size\":465587,\"path\":\"C:\\\\develop\\\\nodejs\\\\projects\\\\aitam\\\\work\\\\9876cf67-f552-4546-a8d7-e493c333bbdf.xml\",\"name\":\"ATK-SIGTAS.xml\",\"type\":\"text/xml\",\"mtime\":\"2021-03-02T17:33:19.849Z\"}}","level":"\u001b[34minfo\u001b[39m","timestamp":"2021-03-02 17:33:19"}
