{"message":"garbage collector started on path: C:\\develop\\nodejs\\projects\\aitam\\work\\","level":"\u001b[34minfo\u001b[39m","timestamp":"2021-08-04 20:01:39"}
{"message":"garbage collector started on path: C:\\develop\\nodejs\\projects\\aitam\\work\\","level":"\u001b[34minfo\u001b[39m","timestamp":"2021-08-04 20:01:44"}
{"message":"Session created received the id:cfa8fcb4-3d20-44ed-a478-45ceec07b7be","level":"\u001b[34minfo\u001b[39m","timestamp":"2021-08-04 20:01:50"}
{"message":"garbage collector started on path: C:\\develop\\nodejs\\projects\\aitam\\work\\","level":"\u001b[34minfo\u001b[39m","timestamp":"2021-08-04 20:01:53"}
{"message":"404 - Not Found","level":"\u001b[33mwarn\u001b[39m","timestamp":"2021-08-04 20:01:55"}
{"message":"Session created received the id:24a9c862-b6bd-4e36-bf82-2c5d44910abd","level":"\u001b[34minfo\u001b[39m","timestamp":"2021-08-04 20:02:30"}
{"message":"Session created received the id:24a9c862-b6bd-4e36-bf82-2c5d44910abd","level":"\u001b[34minfo\u001b[39m","timestamp":"2021-08-04 20:03:52"}
{"message":"Session created received the id:24a9c862-b6bd-4e36-bf82-2c5d44910abd","level":"\u001b[34minfo\u001b[39m","timestamp":"2021-08-04 20:03:54"}
{"message":"Session created received the id:24a9c862-b6bd-4e36-bf82-2c5d44910abd","level":"\u001b[34minfo\u001b[39m","timestamp":"2021-08-04 20:04:11"}
{"message":"req.user: undefined","level":"\u001b[34minfo\u001b[39m","timestamp":"2021-08-04 20:04:47"}
{"message":"req.user: undefined","level":"\u001b[34minfo\u001b[39m","timestamp":"2021-08-04 20:04:53"}
{"message":"Session id started: {\"user\":\"2f24vvg\"}","level":"\u001b[34minfo\u001b[39m","timestamp":"2021-08-04 20:04:53"}
{"message":"User logged in: {\"id\":\"2f24vvg\",\"email\":\"test@test.com\",\"password\":\"$2a$10$A2g6pbxxhLA9MNYRJ0rnzOf/7Ara76B0KcRdjzUcsIBIclRuas/fG\"}","level":"\u001b[34minfo\u001b[39m","timestamp":"2021-08-04 20:04:53"}
{"message":"New audit file created:C:\\develop\\nodejs\\projects\\aitam\\work\\24a9c862-b6bd-4e36-bf82-2c5d44910abd.xml","level":"\u001b[34minfo\u001b[39m","timestamp":"2021-08-04 20:04:55"}
{"message":"Session created received the id:24a9c862-b6bd-4e36-bf82-2c5d44910abd","level":"\u001b[34minfo\u001b[39m","timestamp":"2021-08-04 20:11:47"}
{"message":"garbage collector deleted  gazetteer.dic on folder: C:\\develop\\nodejs\\projects\\aitam\\work\\, path: C:\\develop\\nodejs\\projects\\aitam\\work\\gazetteer.dic","level":"\u001b[34minfo\u001b[39m","timestamp":"2021-08-04 20:15:00"}
{"message":"garbage collector deleted  gazetteer.dic on folder: C:\\develop\\nodejs\\projects\\aitam\\work\\, path: C:\\develop\\nodejs\\projects\\aitam\\work\\gazetteer.dic","level":"\u001b[34minfo\u001b[39m","timestamp":"2021-08-04 20:15:00"}
{"message":"garbage collector started on path: C:\\develop\\nodejs\\projects\\aitam\\work\\","level":"\u001b[34minfo\u001b[39m","timestamp":"2021-08-04 21:29:25"}
{"message":"garbage collector started on path: C:\\develop\\nodejs\\projects\\aitam\\work\\","level":"\u001b[34minfo\u001b[39m","timestamp":"2021-08-04 21:29:31"}
{"message":"garbage collector started on path: C:\\develop\\nodejs\\projects\\aitam\\work\\","level":"\u001b[34minfo\u001b[39m","timestamp":"2021-08-04 21:29:39"}
{"message":"garbage collector started on path: C:\\develop\\nodejs\\projects\\aitam\\work\\","level":"\u001b[34minfo\u001b[39m","timestamp":"2021-08-04 21:29:43"}
{"message":"req.user: undefined","level":"\u001b[34minfo\u001b[39m","timestamp":"2021-08-04 21:29:54"}
{"message":"Session id started: {\"user\":\"2f24vvg\"}","level":"\u001b[34minfo\u001b[39m","timestamp":"2021-08-04 21:29:54"}
{"message":"User logged in: {\"id\":\"2f24vvg\",\"email\":\"test@test.com\",\"password\":\"$2a$10$A2g6pbxxhLA9MNYRJ0rnzOf/7Ara76B0KcRdjzUcsIBIclRuas/fG\"}","level":"\u001b[34minfo\u001b[39m","timestamp":"2021-08-04 21:29:54"}
{"message":"New audit file created:C:\\develop\\nodejs\\projects\\aitam\\work\\64479c6d-c232-4069-a42d-cdcd96bfc7d1.xml","level":"\u001b[34minfo\u001b[39m","timestamp":"2021-08-04 21:29:56"}
{"message":"garbage collector started on path: C:\\develop\\nodejs\\projects\\aitam\\work\\","level":"\u001b[34minfo\u001b[39m","timestamp":"2021-08-04 21:41:18"}
{"message":"garbage collector started on path: C:\\develop\\nodejs\\projects\\aitam\\work\\","level":"\u001b[34minfo\u001b[39m","timestamp":"2021-08-04 21:41:39"}
{"message":"garbage collector started on path: C:\\develop\\nodejs\\projects\\aitam\\work\\","level":"\u001b[34minfo\u001b[39m","timestamp":"2021-08-04 21:41:49"}
{"message":"garbage collector started on path: C:\\develop\\nodejs\\projects\\aitam\\work\\","level":"\u001b[34minfo\u001b[39m","timestamp":"2021-08-04 21:43:25"}
{"message":"garbage collector started on path: C:\\develop\\nodejs\\projects\\aitam\\work\\","level":"\u001b[34minfo\u001b[39m","timestamp":"2021-08-04 21:43:40"}
{"message":"garbage collector started on path: C:\\develop\\nodejs\\projects\\aitam\\work\\","level":"\u001b[34minfo\u001b[39m","timestamp":"2021-08-04 21:44:18"}
{"message":"req.user: undefined","level":"\u001b[34minfo\u001b[39m","timestamp":"2021-08-04 21:44:52"}
{"message":"Session id started: {\"user\":\"2f24vvg\"}","level":"\u001b[34minfo\u001b[39m","timestamp":"2021-08-04 21:44:52"}
{"message":"User logged in: {\"id\":\"2f24vvg\",\"email\":\"test@test.com\",\"password\":\"$2a$10$A2g6pbxxhLA9MNYRJ0rnzOf/7Ara76B0KcRdjzUcsIBIclRuas/fG\"}","level":"\u001b[34minfo\u001b[39m","timestamp":"2021-08-04 21:44:52"}
{"message":"New audit file created:C:\\develop\\nodejs\\projects\\aitam\\work\\a7413c68-7225-4226-8370-c93b1325ab23.xml","level":"\u001b[34minfo\u001b[39m","timestamp":"2021-08-04 21:44:54"}
