{"message":"garbage collector started on path: C:\\develop\\nodejs\\projects\\aitam\\work\\","level":"\u001b[34minfo\u001b[39m","timestamp":"2021-05-10 14:07:13"}
{"message":"garbage collector started on path: C:\\develop\\nodejs\\projects\\aitam\\work\\","level":"\u001b[34minfo\u001b[39m","timestamp":"2021-05-10 14:07:17"}
{"message":"Session created received the id:c3802d78-03e7-4890-b2b6-b40ad6f6866e","level":"\u001b[34minfo\u001b[39m","timestamp":"2021-05-10 14:07:19"}
{"message":"garbage collector started on path: C:\\develop\\nodejs\\projects\\aitam\\work\\","level":"\u001b[34minfo\u001b[39m","timestamp":"2021-05-10 14:07:21"}
{"message":"404 - Not Found","level":"\u001b[33mwarn\u001b[39m","timestamp":"2021-05-10 14:07:23"}
{"message":"Session created received the id:5802d8cd-0927-465d-8219-bdd44349b707","level":"\u001b[34minfo\u001b[39m","timestamp":"2021-05-10 14:07:30"}
{"message":"Session created received the id:5802d8cd-0927-465d-8219-bdd44349b707","level":"\u001b[34minfo\u001b[39m","timestamp":"2021-05-10 14:07:39"}
{"message":"garbage collector deleted  314ba013-fabc-46f2-be39-c60e6d9e6006.xml on folder: C:\\develop\\nodejs\\projects\\aitam\\work\\, path: C:\\develop\\nodejs\\projects\\aitam\\work\\314ba013-fabc-46f2-be39-c60e6d9e6006.xml","level":"\u001b[34minfo\u001b[39m","timestamp":"2021-05-10 14:15:00"}
{"message":"garbage collector deleted  128f8f2d-41b3-4d8b-9a74-ff3c064f2e78.xml on folder: C:\\develop\\nodejs\\projects\\aitam\\work\\, path: C:\\develop\\nodejs\\projects\\aitam\\work\\128f8f2d-41b3-4d8b-9a74-ff3c064f2e78.xml","level":"\u001b[34minfo\u001b[39m","timestamp":"2021-05-10 14:15:00"}
{"message":"garbage collector deleted  01249793-0e33-42f9-92e6-57e7f516b921.xml on folder: C:\\develop\\nodejs\\projects\\aitam\\work\\, path: C:\\develop\\nodejs\\projects\\aitam\\work\\01249793-0e33-42f9-92e6-57e7f516b921.xml","level":"\u001b[34minfo\u001b[39m","timestamp":"2021-05-10 14:15:00"}
{"message":"garbage collector deleted  3576c39a-9c61-4f50-b47e-abbf36f7c23f.xml on folder: C:\\develop\\nodejs\\projects\\aitam\\work\\, path: C:\\develop\\nodejs\\projects\\aitam\\work\\3576c39a-9c61-4f50-b47e-abbf36f7c23f.xml","level":"\u001b[34minfo\u001b[39m","timestamp":"2021-05-10 14:15:00"}
{"message":"garbage collector deleted  4e3b9e4c-59cc-404b-b7e0-6033ccc8dae7.xml on folder: C:\\develop\\nodejs\\projects\\aitam\\work\\, path: C:\\develop\\nodejs\\projects\\aitam\\work\\4e3b9e4c-59cc-404b-b7e0-6033ccc8dae7.xml","level":"\u001b[34minfo\u001b[39m","timestamp":"2021-05-10 14:15:00"}
{"message":"garbage collector deleted  5256b74d-d399-4785-857d-2bd16c0759b9.xml on folder: C:\\develop\\nodejs\\projects\\aitam\\work\\, path: C:\\develop\\nodejs\\projects\\aitam\\work\\5256b74d-d399-4785-857d-2bd16c0759b9.xml","level":"\u001b[34minfo\u001b[39m","timestamp":"2021-05-10 14:15:00"}
{"message":"garbage collector deleted  7443503f-f30b-4b07-b69f-94e5cb975409.xml on folder: C:\\develop\\nodejs\\projects\\aitam\\work\\, path: C:\\develop\\nodejs\\projects\\aitam\\work\\7443503f-f30b-4b07-b69f-94e5cb975409.xml","level":"\u001b[34minfo\u001b[39m","timestamp":"2021-05-10 14:15:00"}
{"message":"garbage collector deleted  85ebdcb4-e711-4bf1-8a51-c4fc2ebf58d8.xml on folder: C:\\develop\\nodejs\\projects\\aitam\\work\\, path: C:\\develop\\nodejs\\projects\\aitam\\work\\85ebdcb4-e711-4bf1-8a51-c4fc2ebf58d8.xml","level":"\u001b[34minfo\u001b[39m","timestamp":"2021-05-10 14:15:00"}
{"message":"garbage collector deleted  9481c56c-219e-44e1-ac44-ec6840e0eac6.xml on folder: C:\\develop\\nodejs\\projects\\aitam\\work\\, path: C:\\develop\\nodejs\\projects\\aitam\\work\\9481c56c-219e-44e1-ac44-ec6840e0eac6.xml","level":"\u001b[34minfo\u001b[39m","timestamp":"2021-05-10 14:15:00"}
{"message":"garbage collector deleted  b73acf95-0548-4711-84cf-a6491fa68aa7.xml on folder: C:\\develop\\nodejs\\projects\\aitam\\work\\, path: C:\\develop\\nodejs\\projects\\aitam\\work\\b73acf95-0548-4711-84cf-a6491fa68aa7.xml","level":"\u001b[34minfo\u001b[39m","timestamp":"2021-05-10 14:15:00"}
{"message":"garbage collector deleted  b88efbc1-c1e8-4367-a09c-8052727dbc6a.xml on folder: C:\\develop\\nodejs\\projects\\aitam\\work\\, path: C:\\develop\\nodejs\\projects\\aitam\\work\\b88efbc1-c1e8-4367-a09c-8052727dbc6a.xml","level":"\u001b[34minfo\u001b[39m","timestamp":"2021-05-10 14:15:00"}
{"message":"garbage collector deleted  bf8f7086-8275-4944-a5e1-731dac3f9db2.xml on folder: C:\\develop\\nodejs\\projects\\aitam\\work\\, path: C:\\develop\\nodejs\\projects\\aitam\\work\\bf8f7086-8275-4944-a5e1-731dac3f9db2.xml","level":"\u001b[34minfo\u001b[39m","timestamp":"2021-05-10 14:15:00"}
{"message":"garbage collector deleted  df4f1e6d-68c7-4229-8c80-70e287fa1837.xml on folder: C:\\develop\\nodejs\\projects\\aitam\\work\\, path: C:\\develop\\nodejs\\projects\\aitam\\work\\df4f1e6d-68c7-4229-8c80-70e287fa1837.xml","level":"\u001b[34minfo\u001b[39m","timestamp":"2021-05-10 14:15:00"}
{"message":"garbage collector deleted  f94e68ea-8d6c-4373-b508-44166e215e93.xml on folder: C:\\develop\\nodejs\\projects\\aitam\\work\\, path: C:\\develop\\nodejs\\projects\\aitam\\work\\f94e68ea-8d6c-4373-b508-44166e215e93.xml","level":"\u001b[34minfo\u001b[39m","timestamp":"2021-05-10 14:15:00"}
{"message":"garbage collector deleted  fcbad0ea-3760-4bdf-8df2-80a2b3008bab.xml on folder: C:\\develop\\nodejs\\projects\\aitam\\work\\, path: C:\\develop\\nodejs\\projects\\aitam\\work\\fcbad0ea-3760-4bdf-8df2-80a2b3008bab.xml","level":"\u001b[34minfo\u001b[39m","timestamp":"2021-05-10 14:15:00"}
{"message":"garbage collector error:  Error: Can't delete C:\\develop\\nodejs\\projects\\aitam\\work\\01249793-0e33-42f9-92e6-57e7f516b921.xml","level":"\u001b[34minfo\u001b[39m","timestamp":"2021-05-10 14:15:00"}
{"message":"garbage collector deleted  gazetteer.dic on folder: C:\\develop\\nodejs\\projects\\aitam\\work\\, path: C:\\develop\\nodejs\\projects\\aitam\\work\\gazetteer.dic","level":"\u001b[34minfo\u001b[39m","timestamp":"2021-05-10 14:15:00"}
{"message":"garbage collector error:  Error: Can't delete C:\\develop\\nodejs\\projects\\aitam\\work\\314ba013-fabc-46f2-be39-c60e6d9e6006.xml","level":"\u001b[34minfo\u001b[39m","timestamp":"2021-05-10 14:15:00"}
{"message":"garbage collector error:  Error: Can't delete C:\\develop\\nodejs\\projects\\aitam\\work\\128f8f2d-41b3-4d8b-9a74-ff3c064f2e78.xml","level":"\u001b[34minfo\u001b[39m","timestamp":"2021-05-10 14:15:00"}
{"message":"garbage collector error:  Error: Can't delete C:\\develop\\nodejs\\projects\\aitam\\work\\5256b74d-d399-4785-857d-2bd16c0759b9.xml","level":"\u001b[34minfo\u001b[39m","timestamp":"2021-05-10 14:15:00"}
{"message":"garbage collector error:  Error: Can't delete C:\\develop\\nodejs\\projects\\aitam\\work\\4e3b9e4c-59cc-404b-b7e0-6033ccc8dae7.xml","level":"\u001b[34minfo\u001b[39m","timestamp":"2021-05-10 14:15:00"}
{"message":"garbage collector error:  Error: Can't delete C:\\develop\\nodejs\\projects\\aitam\\work\\7443503f-f30b-4b07-b69f-94e5cb975409.xml","level":"\u001b[34minfo\u001b[39m","timestamp":"2021-05-10 14:15:00"}
{"message":"garbage collector error:  Error: Can't delete C:\\develop\\nodejs\\projects\\aitam\\work\\85ebdcb4-e711-4bf1-8a51-c4fc2ebf58d8.xml","level":"\u001b[34minfo\u001b[39m","timestamp":"2021-05-10 14:15:00"}
{"message":"garbage collector error:  Error: Can't delete C:\\develop\\nodejs\\projects\\aitam\\work\\9481c56c-219e-44e1-ac44-ec6840e0eac6.xml","level":"\u001b[34minfo\u001b[39m","timestamp":"2021-05-10 14:15:00"}
{"message":"garbage collector error:  Error: Can't delete C:\\develop\\nodejs\\projects\\aitam\\work\\b73acf95-0548-4711-84cf-a6491fa68aa7.xml","level":"\u001b[34minfo\u001b[39m","timestamp":"2021-05-10 14:15:00"}
{"message":"garbage collector error:  Error: Can't delete C:\\develop\\nodejs\\projects\\aitam\\work\\b88efbc1-c1e8-4367-a09c-8052727dbc6a.xml","level":"\u001b[34minfo\u001b[39m","timestamp":"2021-05-10 14:15:00"}
{"message":"garbage collector error:  Error: Can't delete C:\\develop\\nodejs\\projects\\aitam\\work\\bf8f7086-8275-4944-a5e1-731dac3f9db2.xml","level":"\u001b[34minfo\u001b[39m","timestamp":"2021-05-10 14:15:00"}
{"message":"garbage collector error:  Error: Can't delete C:\\develop\\nodejs\\projects\\aitam\\work\\df4f1e6d-68c7-4229-8c80-70e287fa1837.xml","level":"\u001b[34minfo\u001b[39m","timestamp":"2021-05-10 14:15:00"}
{"message":"garbage collector error:  Error: Can't delete C:\\develop\\nodejs\\projects\\aitam\\work\\3576c39a-9c61-4f50-b47e-abbf36f7c23f.xml","level":"\u001b[34minfo\u001b[39m","timestamp":"2021-05-10 14:15:00"}
{"message":"garbage collector error:  Error: Can't delete C:\\develop\\nodejs\\projects\\aitam\\work\\f94e68ea-8d6c-4373-b508-44166e215e93.xml","level":"\u001b[34minfo\u001b[39m","timestamp":"2021-05-10 14:15:00"}
{"message":"garbage collector error:  Error: Can't delete C:\\develop\\nodejs\\projects\\aitam\\work\\fcbad0ea-3760-4bdf-8df2-80a2b3008bab.xml","level":"\u001b[34minfo\u001b[39m","timestamp":"2021-05-10 14:15:00"}
{"message":"garbage collector error:  Error: Can't delete C:\\develop\\nodejs\\projects\\aitam\\work\\gazetteer.dic","level":"\u001b[34minfo\u001b[39m","timestamp":"2021-05-10 14:15:00"}
{"message":"garbage collector started on path: C:\\develop\\nodejs\\projects\\aitam\\work\\","level":"\u001b[34minfo\u001b[39m","timestamp":"2021-05-10 14:21:20"}
{"message":"Session created received the id:d20255e6-5458-4cb1-8348-912f7301b89e","level":"\u001b[34minfo\u001b[39m","timestamp":"2021-05-10 14:21:29"}
{"message":"req.user: undefined","level":"\u001b[34minfo\u001b[39m","timestamp":"2021-05-10 14:21:35"}
{"message":"req.user: undefined","level":"\u001b[34minfo\u001b[39m","timestamp":"2021-05-10 14:21:42"}
{"message":"Session id started: {\"user\":\"2f24vvg\"}","level":"\u001b[34minfo\u001b[39m","timestamp":"2021-05-10 14:21:42"}
{"message":"User logged in: {\"id\":\"2f24vvg\",\"email\":\"test@test.com\",\"password\":\"$2a$10$A2g6pbxxhLA9MNYRJ0rnzOf/7Ara76B0KcRdjzUcsIBIclRuas/fG\"}","level":"\u001b[34minfo\u001b[39m","timestamp":"2021-05-10 14:21:42"}
{"message":"User (2f24vvg) uploaded a file: {\"file-upload\":{\"size\":465587,\"path\":\"C:\\\\develop\\\\nodejs\\\\projects\\\\aitam\\\\work\\\\d20255e6-5458-4cb1-8348-912f7301b89e.xml\",\"name\":\"ATK-SIGTAS.xml\",\"type\":\"text/xml\",\"mtime\":\"2021-05-10T14:22:19.505Z\"}}","level":"\u001b[34minfo\u001b[39m","timestamp":"2021-05-10 14:22:19"}
{"message":"garbage collector started on path: C:\\develop\\nodejs\\projects\\aitam\\work\\","level":"\u001b[34minfo\u001b[39m","timestamp":"2021-05-10 14:22:21"}
{"message":"req.user: undefined","level":"\u001b[34minfo\u001b[39m","timestamp":"2021-05-10 14:22:37"}
{"message":"Session id started: {\"user\":\"2f24vvg\"}","level":"\u001b[34minfo\u001b[39m","timestamp":"2021-05-10 14:22:37"}
{"message":"User logged in: {\"id\":\"2f24vvg\",\"email\":\"test@test.com\",\"password\":\"$2a$10$A2g6pbxxhLA9MNYRJ0rnzOf/7Ara76B0KcRdjzUcsIBIclRuas/fG\"}","level":"\u001b[34minfo\u001b[39m","timestamp":"2021-05-10 14:22:37"}
{"message":"User (2f24vvg) uploaded a file: {\"file-upload\":{\"size\":465587,\"path\":\"C:\\\\develop\\\\nodejs\\\\projects\\\\aitam\\\\work\\\\d2bbdd05-fffb-462b-8a74-10c1d9ee9ce1.xml\",\"name\":\"ATK-SIGTAS.xml\",\"type\":\"text/xml\",\"mtime\":\"2021-05-10T14:22:42.418Z\"}}","level":"\u001b[34minfo\u001b[39m","timestamp":"2021-05-10 14:22:42"}
{"message":"garbage collector started on path: C:\\develop\\nodejs\\projects\\aitam\\work\\","level":"\u001b[34minfo\u001b[39m","timestamp":"2021-05-10 14:25:59"}
{"message":"req.user: undefined","level":"\u001b[34minfo\u001b[39m","timestamp":"2021-05-10 14:26:18"}
{"message":"Session id started: {\"user\":\"2f24vvg\"}","level":"\u001b[34minfo\u001b[39m","timestamp":"2021-05-10 14:26:18"}
{"message":"User logged in: {\"id\":\"2f24vvg\",\"email\":\"test@test.com\",\"password\":\"$2a$10$A2g6pbxxhLA9MNYRJ0rnzOf/7Ara76B0KcRdjzUcsIBIclRuas/fG\"}","level":"\u001b[34minfo\u001b[39m","timestamp":"2021-05-10 14:26:18"}
{"message":"User (2f24vvg) uploaded a file: {\"file-upload\":{\"size\":465587,\"path\":\"C:\\\\develop\\\\nodejs\\\\projects\\\\aitam\\\\work\\\\875c0d6a-786e-44c4-8b9a-b51133cb3ba3.xml\",\"name\":\"ATK-SIGTAS.xml\",\"type\":\"text/xml\",\"mtime\":\"2021-05-10T14:26:22.930Z\"}}","level":"\u001b[34minfo\u001b[39m","timestamp":"2021-05-10 14:26:22"}
{"message":"garbage collector started on path: C:\\develop\\nodejs\\projects\\aitam\\work\\","level":"\u001b[34minfo\u001b[39m","timestamp":"2021-05-10 14:27:39"}
{"message":"req.user: undefined","level":"\u001b[34minfo\u001b[39m","timestamp":"2021-05-10 14:27:52"}
{"message":"Session id started: {\"user\":\"2f24vvg\"}","level":"\u001b[34minfo\u001b[39m","timestamp":"2021-05-10 14:27:52"}
{"message":"User logged in: {\"id\":\"2f24vvg\",\"email\":\"test@test.com\",\"password\":\"$2a$10$A2g6pbxxhLA9MNYRJ0rnzOf/7Ara76B0KcRdjzUcsIBIclRuas/fG\"}","level":"\u001b[34minfo\u001b[39m","timestamp":"2021-05-10 14:27:52"}
{"message":"User (2f24vvg) uploaded a file: {\"file-upload\":{\"size\":465587,\"path\":\"C:\\\\develop\\\\nodejs\\\\projects\\\\aitam\\\\work\\\\b4b4f80b-5ca8-4ed0-a3cb-f5349ba82a6c.xml\",\"name\":\"ATK-SIGTAS.xml\",\"type\":\"text/xml\",\"mtime\":\"2021-05-10T14:27:58.043Z\"}}","level":"\u001b[34minfo\u001b[39m","timestamp":"2021-05-10 14:27:58"}
{"message":"audit file download: C:\\develop\\nodejs\\projects\\aitam\\work\\b4b4f80b-5ca8-4ed0-a3cb-f5349ba82a6c.xml","level":"\u001b[34minfo\u001b[39m","timestamp":"2021-05-10 14:28:12"}
