{"message":"garbage collector started on path: C:\\develop\\nodejs\\projects\\aitam\\work\\","level":"\u001b[34minfo\u001b[39m","timestamp":"2021-02-24 15:13:22"}
{"message":"Session created received the id:8e7cc092-7480-49e5-9fd5-8cf6ed261ade","level":"\u001b[34minfo\u001b[39m","timestamp":"2021-02-24 15:13:24"}
{"message":"garbage collector started on path: C:\\develop\\nodejs\\projects\\aitam\\work\\","level":"\u001b[34minfo\u001b[39m","timestamp":"2021-02-24 15:13:26"}
{"message":"404 - Not Found","level":"\u001b[33mwarn\u001b[39m","timestamp":"2021-02-24 15:13:28"}
{"message":"req.user: undefined","level":"\u001b[34minfo\u001b[39m","timestamp":"2021-02-24 15:13:30"}
{"message":"Session id started: {\"user\":\"2f24vvg\"}","level":"\u001b[34minfo\u001b[39m","timestamp":"2021-02-24 15:13:30"}
{"message":"User logged in: {\"id\":\"2f24vvg\",\"email\":\"test@test.com\",\"password\":\"$2a$10$A2g6pbxxhLA9MNYRJ0rnzOf/7Ara76B0KcRdjzUcsIBIclRuas/fG\"}","level":"\u001b[34minfo\u001b[39m","timestamp":"2021-02-24 15:13:30"}
{"message":"User (2f24vvg) uploaded a file: {\"file-upload\":{\"size\":465587,\"path\":\"C:\\\\develop\\\\nodejs\\\\projects\\\\aitam\\\\work\\\\6c051b9c-c276-424f-94d3-46aedf2a3960.xml\",\"name\":\"ATK-SIGTAS.xml\",\"type\":\"text/xml\",\"mtime\":\"2021-02-24T15:13:44.407Z\"}}","level":"\u001b[34minfo\u001b[39m","timestamp":"2021-02-24 15:13:44"}
{"message":"garbage collector started on path: C:\\develop\\nodejs\\projects\\aitam\\work\\","level":"\u001b[34minfo\u001b[39m","timestamp":"2021-02-24 15:16:50"}
{"message":"garbage collector started on path: C:\\develop\\nodejs\\projects\\aitam\\work\\","level":"\u001b[34minfo\u001b[39m","timestamp":"2021-02-24 15:16:54"}
{"message":"Session created received the id:b4b74870-c821-4bd9-9229-e5514111f61e","level":"\u001b[34minfo\u001b[39m","timestamp":"2021-02-24 15:20:48"}
{"message":"req.user: undefined","level":"\u001b[34minfo\u001b[39m","timestamp":"2021-02-24 15:20:51"}
{"message":"Session id started: {\"user\":\"2f24vvg\"}","level":"\u001b[34minfo\u001b[39m","timestamp":"2021-02-24 15:20:51"}
{"message":"User logged in: {\"id\":\"2f24vvg\",\"email\":\"test@test.com\",\"password\":\"$2a$10$A2g6pbxxhLA9MNYRJ0rnzOf/7Ara76B0KcRdjzUcsIBIclRuas/fG\"}","level":"\u001b[34minfo\u001b[39m","timestamp":"2021-02-24 15:20:51"}
{"message":"User (2f24vvg) uploaded a file: {\"file-upload\":{\"size\":465587,\"path\":\"C:\\\\develop\\\\nodejs\\\\projects\\\\aitam\\\\work\\\\b4b74870-c821-4bd9-9229-e5514111f61e.xml\",\"name\":\"ATK-SIGTAS.xml\",\"type\":\"text/xml\",\"mtime\":\"2021-02-24T15:20:59.816Z\"}}","level":"\u001b[34minfo\u001b[39m","timestamp":"2021-02-24 15:20:59"}
{"message":"garbage collector started on path: C:\\develop\\nodejs\\projects\\aitam\\work\\","level":"\u001b[34minfo\u001b[39m","timestamp":"2021-02-24 15:21:14"}
{"message":"garbage collector started on path: C:\\develop\\nodejs\\projects\\aitam\\work\\","level":"\u001b[34minfo\u001b[39m","timestamp":"2021-02-24 15:21:16"}
{"message":"Session created received the id:f685da5c-6752-4ae4-9034-f3b93079b72f","level":"\u001b[34minfo\u001b[39m","timestamp":"2021-02-24 15:21:28"}
{"message":"req.user: undefined","level":"\u001b[34minfo\u001b[39m","timestamp":"2021-02-24 15:21:30"}
{"message":"Session id started: {\"user\":\"2f24vvg\"}","level":"\u001b[34minfo\u001b[39m","timestamp":"2021-02-24 15:21:30"}
{"message":"User logged in: {\"id\":\"2f24vvg\",\"email\":\"test@test.com\",\"password\":\"$2a$10$A2g6pbxxhLA9MNYRJ0rnzOf/7Ara76B0KcRdjzUcsIBIclRuas/fG\"}","level":"\u001b[34minfo\u001b[39m","timestamp":"2021-02-24 15:21:30"}
{"message":"User (2f24vvg) uploaded a file: {\"file-upload\":{\"size\":465587,\"path\":\"C:\\\\develop\\\\nodejs\\\\projects\\\\aitam\\\\work\\\\f685da5c-6752-4ae4-9034-f3b93079b72f.xml\",\"name\":\"ATK-SIGTAS.xml\",\"type\":\"text/xml\",\"mtime\":\"2021-02-24T15:21:35.669Z\"}}","level":"\u001b[34minfo\u001b[39m","timestamp":"2021-02-24 15:21:35"}
{"message":"garbage collector started on path: C:\\develop\\nodejs\\projects\\aitam\\work\\","level":"\u001b[34minfo\u001b[39m","timestamp":"2021-02-24 15:23:35"}
{"message":"garbage collector started on path: C:\\develop\\nodejs\\projects\\aitam\\work\\","level":"\u001b[34minfo\u001b[39m","timestamp":"2021-02-24 15:24:26"}
{"message":"Session created received the id:df02ec12-90f8-46c3-8eb5-31e6495f47eb","level":"\u001b[34minfo\u001b[39m","timestamp":"2021-02-24 15:24:32"}
{"message":"req.user: undefined","level":"\u001b[34minfo\u001b[39m","timestamp":"2021-02-24 15:24:37"}
{"message":"Session id started: {\"user\":\"2f24vvg\"}","level":"\u001b[34minfo\u001b[39m","timestamp":"2021-02-24 15:24:37"}
{"message":"User logged in: {\"id\":\"2f24vvg\",\"email\":\"test@test.com\",\"password\":\"$2a$10$A2g6pbxxhLA9MNYRJ0rnzOf/7Ara76B0KcRdjzUcsIBIclRuas/fG\"}","level":"\u001b[34minfo\u001b[39m","timestamp":"2021-02-24 15:24:37"}
{"message":"User (2f24vvg) uploaded a file: {\"file-upload\":{\"size\":465587,\"path\":\"C:\\\\develop\\\\nodejs\\\\projects\\\\aitam\\\\work\\\\df02ec12-90f8-46c3-8eb5-31e6495f47eb.xml\",\"name\":\"ATK-SIGTAS.xml\",\"type\":\"text/xml\",\"mtime\":\"2021-02-24T15:24:49.687Z\"}}","level":"\u001b[34minfo\u001b[39m","timestamp":"2021-02-24 15:24:49"}
{"message":"garbage collector started on path: C:\\develop\\nodejs\\projects\\aitam\\work\\","level":"\u001b[34minfo\u001b[39m","timestamp":"2021-02-24 15:35:29"}
{"message":"Session created received the id:5d30abc9-4b80-4bab-a4c5-85e1182e56ef","level":"\u001b[34minfo\u001b[39m","timestamp":"2021-02-24 15:35:32"}
{"message":"req.user: undefined","level":"\u001b[34minfo\u001b[39m","timestamp":"2021-02-24 15:35:36"}
{"message":"Session id started: {\"user\":\"2f24vvg\"}","level":"\u001b[34minfo\u001b[39m","timestamp":"2021-02-24 15:35:36"}
{"message":"User logged in: {\"id\":\"2f24vvg\",\"email\":\"test@test.com\",\"password\":\"$2a$10$A2g6pbxxhLA9MNYRJ0rnzOf/7Ara76B0KcRdjzUcsIBIclRuas/fG\"}","level":"\u001b[34minfo\u001b[39m","timestamp":"2021-02-24 15:35:36"}
{"message":"User (2f24vvg) uploaded a file: {\"file-upload\":{\"size\":465587,\"path\":\"C:\\\\develop\\\\nodejs\\\\projects\\\\aitam\\\\work\\\\5d30abc9-4b80-4bab-a4c5-85e1182e56ef.xml\",\"name\":\"ATK-SIGTAS.xml\",\"type\":\"text/xml\",\"mtime\":\"2021-02-24T15:35:42.113Z\"}}","level":"\u001b[34minfo\u001b[39m","timestamp":"2021-02-24 15:35:42"}
{"message":"garbage collector started on path: C:\\develop\\nodejs\\projects\\aitam\\work\\","level":"\u001b[34minfo\u001b[39m","timestamp":"2021-02-24 15:41:10"}
{"message":"Session created received the id:9b963d4b-e669-4164-a907-7978e19668e1","level":"\u001b[34minfo\u001b[39m","timestamp":"2021-02-24 15:41:20"}
{"message":"Session created received the id:9b963d4b-e669-4164-a907-7978e19668e1","level":"\u001b[34minfo\u001b[39m","timestamp":"2021-02-24 15:41:23"}
{"message":"req.user: undefined","level":"\u001b[34minfo\u001b[39m","timestamp":"2021-02-24 15:41:26"}
{"message":"Session id started: {\"user\":\"2f24vvg\"}","level":"\u001b[34minfo\u001b[39m","timestamp":"2021-02-24 15:41:26"}
{"message":"User logged in: {\"id\":\"2f24vvg\",\"email\":\"test@test.com\",\"password\":\"$2a$10$A2g6pbxxhLA9MNYRJ0rnzOf/7Ara76B0KcRdjzUcsIBIclRuas/fG\"}","level":"\u001b[34minfo\u001b[39m","timestamp":"2021-02-24 15:41:26"}
{"message":"User (2f24vvg) uploaded a file: {\"file-upload\":{\"size\":465587,\"path\":\"C:\\\\develop\\\\nodejs\\\\projects\\\\aitam\\\\work\\\\9b963d4b-e669-4164-a907-7978e19668e1.xml\",\"name\":\"ATK-SIGTAS.xml\",\"type\":\"text/xml\",\"mtime\":\"2021-02-24T15:41:32.553Z\"}}","level":"\u001b[34minfo\u001b[39m","timestamp":"2021-02-24 15:41:32"}
{"message":"User (2f24vvg) uploaded a file: {\"file-upload\":{\"size\":465587,\"path\":\"C:\\\\develop\\\\nodejs\\\\projects\\\\aitam\\\\work\\\\9b963d4b-e669-4164-a907-7978e19668e1.xml\",\"name\":\"ATK-SIGTAS.xml\",\"type\":\"text/xml\",\"mtime\":\"2021-02-24T15:41:32.722Z\"}}","level":"\u001b[34minfo\u001b[39m","timestamp":"2021-02-24 15:41:32"}
{"message":"garbage collector started on path: C:\\develop\\nodejs\\projects\\aitam\\work\\","level":"\u001b[34minfo\u001b[39m","timestamp":"2021-02-24 15:53:35"}
{"message":"garbage collector started on path: C:\\develop\\nodejs\\projects\\aitam\\work\\","level":"\u001b[34minfo\u001b[39m","timestamp":"2021-02-24 15:55:09"}
{"message":"Session created received the id:2faab987-4cc7-4eee-800b-cff69046e148","level":"\u001b[34minfo\u001b[39m","timestamp":"2021-02-24 15:55:15"}
{"message":"req.user: undefined","level":"\u001b[34minfo\u001b[39m","timestamp":"2021-02-24 15:55:20"}
{"message":"Session id started: {\"user\":\"2f24vvg\"}","level":"\u001b[34minfo\u001b[39m","timestamp":"2021-02-24 15:55:20"}
{"message":"User logged in: {\"id\":\"2f24vvg\",\"email\":\"test@test.com\",\"password\":\"$2a$10$A2g6pbxxhLA9MNYRJ0rnzOf/7Ara76B0KcRdjzUcsIBIclRuas/fG\"}","level":"\u001b[34minfo\u001b[39m","timestamp":"2021-02-24 15:55:20"}
{"message":"User (2f24vvg) uploaded a file: {\"file-upload\":{\"size\":465587,\"path\":\"C:\\\\develop\\\\nodejs\\\\projects\\\\aitam\\\\work\\\\2faab987-4cc7-4eee-800b-cff69046e148.xml\",\"name\":\"ATK-SIGTAS.xml\",\"type\":\"text/xml\",\"mtime\":\"2021-02-24T15:55:24.547Z\"}}","level":"\u001b[34minfo\u001b[39m","timestamp":"2021-02-24 15:55:24"}
{"message":"garbage collector started on path: C:\\develop\\nodejs\\projects\\aitam\\work\\","level":"\u001b[34minfo\u001b[39m","timestamp":"2021-02-24 16:16:02"}
{"message":"garbage collector started on path: C:\\develop\\nodejs\\projects\\aitam\\work\\","level":"\u001b[34minfo\u001b[39m","timestamp":"2021-02-24 16:25:03"}
{"message":"garbage collector started on path: C:\\develop\\nodejs\\projects\\aitam\\work\\","level":"\u001b[34minfo\u001b[39m","timestamp":"2021-02-24 16:25:06"}
{"message":"garbage collector started on path: C:\\develop\\nodejs\\projects\\aitam\\work\\","level":"\u001b[34minfo\u001b[39m","timestamp":"2021-02-24 16:33:35"}
{"message":"req.user: undefined","level":"\u001b[34minfo\u001b[39m","timestamp":"2021-02-24 16:33:37"}
{"message":"Session id started: {\"user\":\"2f24vvg\"}","level":"\u001b[34minfo\u001b[39m","timestamp":"2021-02-24 16:33:37"}
{"message":"User logged in: {\"id\":\"2f24vvg\",\"email\":\"test@test.com\",\"password\":\"$2a$10$A2g6pbxxhLA9MNYRJ0rnzOf/7Ara76B0KcRdjzUcsIBIclRuas/fG\"}","level":"\u001b[34minfo\u001b[39m","timestamp":"2021-02-24 16:33:37"}
{"message":"User (2f24vvg) uploaded a file: {\"file-upload\":{\"size\":465587,\"path\":\"C:\\\\develop\\\\nodejs\\\\projects\\\\aitam\\\\work\\\\8c82dba5-28a4-47e4-b11f-f341eef6ab61.xml\",\"name\":\"ATK-SIGTAS.xml\",\"type\":\"text/xml\",\"mtime\":\"2021-02-24T16:33:42.438Z\"}}","level":"\u001b[34minfo\u001b[39m","timestamp":"2021-02-24 16:33:42"}
{"message":"garbage collector started on path: C:\\develop\\nodejs\\projects\\aitam\\work\\","level":"\u001b[34minfo\u001b[39m","timestamp":"2021-02-24 16:33:53"}
{"message":"req.user: undefined","level":"\u001b[34minfo\u001b[39m","timestamp":"2021-02-24 16:34:18"}
{"message":"Session id started: {\"user\":\"2f24vvg\"}","level":"\u001b[34minfo\u001b[39m","timestamp":"2021-02-24 16:34:18"}
{"message":"User logged in: {\"id\":\"2f24vvg\",\"email\":\"test@test.com\",\"password\":\"$2a$10$A2g6pbxxhLA9MNYRJ0rnzOf/7Ara76B0KcRdjzUcsIBIclRuas/fG\"}","level":"\u001b[34minfo\u001b[39m","timestamp":"2021-02-24 16:34:18"}
{"message":"User (2f24vvg) uploaded a file: {\"file-upload\":{\"size\":465587,\"path\":\"C:\\\\develop\\\\nodejs\\\\projects\\\\aitam\\\\work\\\\d3c20435-2ea1-47a2-b73a-f4b9a7c56501.xml\",\"name\":\"ATK-SIGTAS.xml\",\"type\":\"text/xml\",\"mtime\":\"2021-02-24T16:34:24.348Z\"}}","level":"\u001b[34minfo\u001b[39m","timestamp":"2021-02-24 16:34:24"}
{"message":"garbage collector started on path: C:\\develop\\nodejs\\projects\\aitam\\work\\","level":"\u001b[34minfo\u001b[39m","timestamp":"2021-02-24 16:34:50"}
{"message":"req.user: undefined","level":"\u001b[34minfo\u001b[39m","timestamp":"2021-02-24 16:35:22"}
{"message":"Session id started: {\"user\":\"2f24vvg\"}","level":"\u001b[34minfo\u001b[39m","timestamp":"2021-02-24 16:35:22"}
{"message":"User logged in: {\"id\":\"2f24vvg\",\"email\":\"test@test.com\",\"password\":\"$2a$10$A2g6pbxxhLA9MNYRJ0rnzOf/7Ara76B0KcRdjzUcsIBIclRuas/fG\"}","level":"\u001b[34minfo\u001b[39m","timestamp":"2021-02-24 16:35:22"}
{"message":"User (2f24vvg) uploaded a file: {\"file-upload\":{\"size\":465587,\"path\":\"C:\\\\develop\\\\nodejs\\\\projects\\\\aitam\\\\work\\\\000a9ad9-f679-462a-af82-f70a68f1740b.xml\",\"name\":\"ATK-SIGTAS.xml\",\"type\":\"text/xml\",\"mtime\":\"2021-02-24T16:35:40.189Z\"}}","level":"\u001b[34minfo\u001b[39m","timestamp":"2021-02-24 16:35:40"}
{"message":"garbage collector started on path: C:\\develop\\nodejs\\projects\\aitam\\work\\","level":"\u001b[34minfo\u001b[39m","timestamp":"2021-02-24 16:36:07"}
{"message":"Session created received the id:a4d1e455-da41-4d27-8a9a-1418c2be8893","level":"\u001b[34minfo\u001b[39m","timestamp":"2021-02-24 16:43:38"}
{"message":"req.user: undefined","level":"\u001b[34minfo\u001b[39m","timestamp":"2021-02-24 16:43:42"}
{"message":"Session id started: {\"user\":\"2f24vvg\"}","level":"\u001b[34minfo\u001b[39m","timestamp":"2021-02-24 16:43:42"}
{"message":"User logged in: {\"id\":\"2f24vvg\",\"email\":\"test@test.com\",\"password\":\"$2a$10$A2g6pbxxhLA9MNYRJ0rnzOf/7Ara76B0KcRdjzUcsIBIclRuas/fG\"}","level":"\u001b[34minfo\u001b[39m","timestamp":"2021-02-24 16:43:42"}
{"message":"User (2f24vvg) uploaded a file: {\"file-upload\":{\"size\":465587,\"path\":\"C:\\\\develop\\\\nodejs\\\\projects\\\\aitam\\\\work\\\\a4d1e455-da41-4d27-8a9a-1418c2be8893.xml\",\"name\":\"ATK-SIGTAS.xml\",\"type\":\"text/xml\",\"mtime\":\"2021-02-24T16:43:48.821Z\"}}","level":"\u001b[34minfo\u001b[39m","timestamp":"2021-02-24 16:43:48"}
{"message":"garbage collector started on path: C:\\develop\\nodejs\\projects\\aitam\\work\\","level":"\u001b[34minfo\u001b[39m","timestamp":"2021-02-24 16:50:40"}
{"message":"Session created received the id:8c0a961e-dc6a-4973-8aeb-4fdebdaa183f","level":"\u001b[34minfo\u001b[39m","timestamp":"2021-02-24 16:58:20"}
{"message":"req.user: undefined","level":"\u001b[34minfo\u001b[39m","timestamp":"2021-02-24 16:58:24"}
{"message":"Session id started: {\"user\":\"2f24vvg\"}","level":"\u001b[34minfo\u001b[39m","timestamp":"2021-02-24 16:58:24"}
{"message":"User logged in: {\"id\":\"2f24vvg\",\"email\":\"test@test.com\",\"password\":\"$2a$10$A2g6pbxxhLA9MNYRJ0rnzOf/7Ara76B0KcRdjzUcsIBIclRuas/fG\"}","level":"\u001b[34minfo\u001b[39m","timestamp":"2021-02-24 16:58:24"}
{"message":"User (2f24vvg) uploaded a file: {\"file-upload\":{\"size\":465587,\"path\":\"C:\\\\develop\\\\nodejs\\\\projects\\\\aitam\\\\work\\\\8c0a961e-dc6a-4973-8aeb-4fdebdaa183f.xml\",\"name\":\"ATK-SIGTAS.xml\",\"type\":\"text/xml\",\"mtime\":\"2021-02-24T16:58:29.057Z\"}}","level":"\u001b[34minfo\u001b[39m","timestamp":"2021-02-24 16:58:29"}
{"message":"garbage collector started on path: C:\\develop\\nodejs\\projects\\aitam\\work\\","level":"\u001b[34minfo\u001b[39m","timestamp":"2021-02-24 17:16:18"}
