{"level":"\u001b[34minfo\u001b[39m","message":"garbage collector started on path: C:\\develop\\nodejs\\projects\\aitam\\work\\","timestamp":"2022-07-29 19:48:12"}
{"level":"\u001b[34minfo\u001b[39m","message":"Session created received the id:ed1fd2d0-7d51-4d00-82e0-b3d127a14351","timestamp":"2022-07-29 19:48:47"}
{"level":"\u001b[34minfo\u001b[39m","message":"garbage collector started on path: C:\\develop\\nodejs\\projects\\aitam\\work\\","timestamp":"2022-07-29 19:48:49"}
{"level":"\u001b[33mwarn\u001b[39m","message":"404 - Not Found","timestamp":"2022-07-29 19:48:51"}
{"level":"\u001b[34minfo\u001b[39m","message":"garbage collector started on path: C:\\develop\\nodejs\\projects\\aitam\\work\\","timestamp":"2022-07-29 19:49:39"}
{"level":"\u001b[34minfo\u001b[39m","message":"garbage collector started on path: C:\\develop\\nodejs\\projects\\aitam\\work\\","timestamp":"2022-07-29 19:49:55"}
{"level":"\u001b[34minfo\u001b[39m","message":"Session created received the id:3dc2db4b-f468-490b-93e0-a3416ec5d764","timestamp":"2022-07-29 19:50:06"}
{"level":"\u001b[34minfo\u001b[39m","message":"garbage collector started on path: C:\\develop\\nodejs\\projects\\aitam\\work\\","timestamp":"2022-07-29 19:50:49"}
{"level":"\u001b[34minfo\u001b[39m","message":"Session created received the id:3a8eec54-1484-4cdd-8444-1629c27391e0","timestamp":"2022-07-29 19:50:53"}
{"level":"\u001b[34minfo\u001b[39m","message":"garbage collector started on path: C:\\develop\\nodejs\\projects\\aitam\\work\\","timestamp":"2022-07-29 19:51:17"}
{"level":"\u001b[34minfo\u001b[39m","message":"garbage collector started on path: C:\\develop\\nodejs\\projects\\aitam\\work\\","timestamp":"2022-07-29 19:51:35"}
{"level":"\u001b[34minfo\u001b[39m","message":"Session created received the id:c029549f-9bba-40b1-b865-11a4922ad760","timestamp":"2022-07-29 19:51:44"}
{"level":"\u001b[34minfo\u001b[39m","message":"garbage collector started on path: C:\\develop\\nodejs\\projects\\aitam\\work\\","timestamp":"2022-07-29 19:52:50"}
{"level":"\u001b[34minfo\u001b[39m","message":"garbage collector started on path: C:\\develop\\nodejs\\projects\\aitam\\work\\","timestamp":"2022-07-29 19:53:01"}
{"level":"\u001b[34minfo\u001b[39m","message":"garbage collector started on path: C:\\develop\\nodejs\\projects\\aitam\\work\\","timestamp":"2022-07-29 19:53:06"}
{"level":"\u001b[34minfo\u001b[39m","message":"garbage collector started on path: C:\\develop\\nodejs\\projects\\aitam\\work\\","timestamp":"2022-07-29 19:53:28"}
{"level":"\u001b[34minfo\u001b[39m","message":"garbage collector started on path: C:\\develop\\nodejs\\projects\\aitam\\work\\","timestamp":"2022-07-29 19:53:49"}
{"level":"\u001b[34minfo\u001b[39m","message":"garbage collector started on path: C:\\develop\\nodejs\\projects\\aitam\\work\\","timestamp":"2022-07-29 19:54:37"}
{"level":"\u001b[34minfo\u001b[39m","message":"garbage collector started on path: C:\\develop\\nodejs\\projects\\aitam\\work\\","timestamp":"2022-07-29 19:57:04"}
{"level":"\u001b[34minfo\u001b[39m","message":"garbage collector deleted  5496c3f7-c6d3-4bb0-bec7-43312d47a3e8.xml on folder: C:\\develop\\nodejs\\projects\\aitam\\work\\, path: C:\\develop\\nodejs\\projects\\aitam\\work\\5496c3f7-c6d3-4bb0-bec7-43312d47a3e8.xml","timestamp":"2022-07-29 20:00:00"}
{"level":"\u001b[34minfo\u001b[39m","message":"garbage collector deleted  80b41ae1-36e8-4082-8686-61ea8b535326.xml on folder: C:\\develop\\nodejs\\projects\\aitam\\work\\, path: C:\\develop\\nodejs\\projects\\aitam\\work\\80b41ae1-36e8-4082-8686-61ea8b535326.xml","timestamp":"2022-07-29 20:00:00"}
{"level":"\u001b[34minfo\u001b[39m","message":"garbage collector deleted  5463fd23-b768-47e8-8b86-b7312f225dfa.xml on folder: C:\\develop\\nodejs\\projects\\aitam\\work\\, path: C:\\develop\\nodejs\\projects\\aitam\\work\\5463fd23-b768-47e8-8b86-b7312f225dfa.xml","timestamp":"2022-07-29 20:00:00"}
{"level":"\u001b[34minfo\u001b[39m","message":"garbage collector deleted  5e65614b-4340-479e-913d-c30cbc55078b.xml on folder: C:\\develop\\nodejs\\projects\\aitam\\work\\, path: C:\\develop\\nodejs\\projects\\aitam\\work\\5e65614b-4340-479e-913d-c30cbc55078b.xml","timestamp":"2022-07-29 20:00:00"}
{"level":"\u001b[34minfo\u001b[39m","message":"garbage collector deleted  a3a79f96-d259-4320-89ac-615548123d05.xml on folder: C:\\develop\\nodejs\\projects\\aitam\\work\\, path: C:\\develop\\nodejs\\projects\\aitam\\work\\a3a79f96-d259-4320-89ac-615548123d05.xml","timestamp":"2022-07-29 20:00:00"}
{"level":"\u001b[34minfo\u001b[39m","message":"garbage collector deleted  952d6b9a-7f01-4b91-8647-bd3f71fe2fc1.xml on folder: C:\\develop\\nodejs\\projects\\aitam\\work\\, path: C:\\develop\\nodejs\\projects\\aitam\\work\\952d6b9a-7f01-4b91-8647-bd3f71fe2fc1.xml","timestamp":"2022-07-29 20:00:00"}
{"level":"\u001b[34minfo\u001b[39m","message":"garbage collector deleted  865f42e4-c645-4f40-90ac-091397087516.xml on folder: C:\\develop\\nodejs\\projects\\aitam\\work\\, path: C:\\develop\\nodejs\\projects\\aitam\\work\\865f42e4-c645-4f40-90ac-091397087516.xml","timestamp":"2022-07-29 20:00:00"}
{"level":"\u001b[34minfo\u001b[39m","message":"garbage collector deleted  c3639188-92c1-474e-9d94-80843f9b28b0.xml on folder: C:\\develop\\nodejs\\projects\\aitam\\work\\, path: C:\\develop\\nodejs\\projects\\aitam\\work\\c3639188-92c1-474e-9d94-80843f9b28b0.xml","timestamp":"2022-07-29 20:00:00"}
{"level":"\u001b[34minfo\u001b[39m","message":"garbage collector deleted  c8559b54-f750-49c2-9900-7c530aecc93d.xml on folder: C:\\develop\\nodejs\\projects\\aitam\\work\\, path: C:\\develop\\nodejs\\projects\\aitam\\work\\c8559b54-f750-49c2-9900-7c530aecc93d.xml","timestamp":"2022-07-29 20:00:00"}
{"level":"\u001b[34minfo\u001b[39m","message":"garbage collector deleted  c7b61d4b-af6e-4054-af70-0d8fd0b76564.xml on folder: C:\\develop\\nodejs\\projects\\aitam\\work\\, path: C:\\develop\\nodejs\\projects\\aitam\\work\\c7b61d4b-af6e-4054-af70-0d8fd0b76564.xml","timestamp":"2022-07-29 20:00:00"}
{"level":"\u001b[34minfo\u001b[39m","message":"garbage collector deleted  cc053377-6a42-4c7b-af3d-2b1fb59d3c47.xml on folder: C:\\develop\\nodejs\\projects\\aitam\\work\\, path: C:\\develop\\nodejs\\projects\\aitam\\work\\cc053377-6a42-4c7b-af3d-2b1fb59d3c47.xml","timestamp":"2022-07-29 20:00:00"}
{"level":"\u001b[34minfo\u001b[39m","message":"garbage collector deleted  b89267a5-218d-4c92-acbc-9c082661c747.xml on folder: C:\\develop\\nodejs\\projects\\aitam\\work\\, path: C:\\develop\\nodejs\\projects\\aitam\\work\\b89267a5-218d-4c92-acbc-9c082661c747.xml","timestamp":"2022-07-29 20:00:00"}
{"level":"\u001b[34minfo\u001b[39m","message":"garbage collector deleted  cbb1c6e6-2fa3-4249-a2c6-9bde2d93d775.xml on folder: C:\\develop\\nodejs\\projects\\aitam\\work\\, path: C:\\develop\\nodejs\\projects\\aitam\\work\\cbb1c6e6-2fa3-4249-a2c6-9bde2d93d775.xml","timestamp":"2022-07-29 20:00:00"}
{"level":"\u001b[34minfo\u001b[39m","message":"garbage collector deleted  cc4fb661-0108-4751-a12e-63d5ff5994a1.xml on folder: C:\\develop\\nodejs\\projects\\aitam\\work\\, path: C:\\develop\\nodejs\\projects\\aitam\\work\\cc4fb661-0108-4751-a12e-63d5ff5994a1.xml","timestamp":"2022-07-29 20:00:00"}
{"level":"\u001b[34minfo\u001b[39m","message":"garbage collector deleted  cf29df34-6deb-4e0e-a59d-f8edb2dc57dc.xml on folder: C:\\develop\\nodejs\\projects\\aitam\\work\\, path: C:\\develop\\nodejs\\projects\\aitam\\work\\cf29df34-6deb-4e0e-a59d-f8edb2dc57dc.xml","timestamp":"2022-07-29 20:00:00"}
{"level":"\u001b[34minfo\u001b[39m","message":"garbage collector error:  Error: Can't delete C:\\develop\\nodejs\\projects\\aitam\\work\\2147a27e-9ab0-4673-afdd-36cbd9b70638.xml","timestamp":"2022-07-29 20:00:00"}
{"level":"\u001b[34minfo\u001b[39m","message":"garbage collector error:  Error: Can't delete C:\\develop\\nodejs\\projects\\aitam\\work\\5463fd23-b768-47e8-8b86-b7312f225dfa.xml","timestamp":"2022-07-29 20:00:00"}
{"level":"\u001b[34minfo\u001b[39m","message":"garbage collector error:  Error: Can't delete C:\\develop\\nodejs\\projects\\aitam\\work\\5e65614b-4340-479e-913d-c30cbc55078b.xml","timestamp":"2022-07-29 20:00:00"}
{"level":"\u001b[34minfo\u001b[39m","message":"garbage collector error:  Error: Can't delete C:\\develop\\nodejs\\projects\\aitam\\work\\5496c3f7-c6d3-4bb0-bec7-43312d47a3e8.xml","timestamp":"2022-07-29 20:00:00"}
{"level":"\u001b[34minfo\u001b[39m","message":"garbage collector deleted  2147a27e-9ab0-4673-afdd-36cbd9b70638.xml on folder: C:\\develop\\nodejs\\projects\\aitam\\work\\, path: C:\\develop\\nodejs\\projects\\aitam\\work\\2147a27e-9ab0-4673-afdd-36cbd9b70638.xml","timestamp":"2022-07-29 20:00:00"}
{"level":"\u001b[34minfo\u001b[39m","message":"garbage collector error:  Error: Can't delete C:\\develop\\nodejs\\projects\\aitam\\work\\80b41ae1-36e8-4082-8686-61ea8b535326.xml","timestamp":"2022-07-29 20:00:00"}
{"level":"\u001b[34minfo\u001b[39m","message":"garbage collector error:  Error: Can't delete C:\\develop\\nodejs\\projects\\aitam\\work\\865f42e4-c645-4f40-90ac-091397087516.xml","timestamp":"2022-07-29 20:00:00"}
{"level":"\u001b[34minfo\u001b[39m","message":"garbage collector error:  Error: Can't delete C:\\develop\\nodejs\\projects\\aitam\\work\\952d6b9a-7f01-4b91-8647-bd3f71fe2fc1.xml","timestamp":"2022-07-29 20:00:00"}
{"level":"\u001b[34minfo\u001b[39m","message":"garbage collector error:  Error: Can't delete C:\\develop\\nodejs\\projects\\aitam\\work\\a3a79f96-d259-4320-89ac-615548123d05.xml","timestamp":"2022-07-29 20:00:00"}
{"level":"\u001b[34minfo\u001b[39m","message":"garbage collector error:  Error: Can't delete C:\\develop\\nodejs\\projects\\aitam\\work\\b89267a5-218d-4c92-acbc-9c082661c747.xml","timestamp":"2022-07-29 20:00:00"}
{"level":"\u001b[34minfo\u001b[39m","message":"garbage collector deleted  gazetteer.dic on folder: C:\\develop\\nodejs\\projects\\aitam\\work\\, path: C:\\develop\\nodejs\\projects\\aitam\\work\\gazetteer.dic","timestamp":"2022-07-29 20:00:00"}
{"level":"\u001b[34minfo\u001b[39m","message":"garbage collector error:  Error: Can't delete C:\\develop\\nodejs\\projects\\aitam\\work\\cbb1c6e6-2fa3-4249-a2c6-9bde2d93d775.xml","timestamp":"2022-07-29 20:00:00"}
{"level":"\u001b[34minfo\u001b[39m","message":"garbage collector error:  Error: Can't delete C:\\develop\\nodejs\\projects\\aitam\\work\\c8559b54-f750-49c2-9900-7c530aecc93d.xml","timestamp":"2022-07-29 20:00:00"}
{"level":"\u001b[34minfo\u001b[39m","message":"garbage collector error:  Error: Can't delete C:\\develop\\nodejs\\projects\\aitam\\work\\cf29df34-6deb-4e0e-a59d-f8edb2dc57dc.xml","timestamp":"2022-07-29 20:00:00"}
{"level":"\u001b[34minfo\u001b[39m","message":"garbage collector error:  Error: Can't delete C:\\develop\\nodejs\\projects\\aitam\\work\\cc053377-6a42-4c7b-af3d-2b1fb59d3c47.xml","timestamp":"2022-07-29 20:00:00"}
{"level":"\u001b[34minfo\u001b[39m","message":"garbage collector error:  Error: Can't delete C:\\develop\\nodejs\\projects\\aitam\\work\\cc4fb661-0108-4751-a12e-63d5ff5994a1.xml","timestamp":"2022-07-29 20:00:00"}
{"level":"\u001b[34minfo\u001b[39m","message":"garbage collector error:  Error: Can't delete C:\\develop\\nodejs\\projects\\aitam\\work\\c7b61d4b-af6e-4054-af70-0d8fd0b76564.xml","timestamp":"2022-07-29 20:00:00"}
{"level":"\u001b[34minfo\u001b[39m","message":"garbage collector error:  Error: Can't delete C:\\develop\\nodejs\\projects\\aitam\\work\\gazetteer.dic","timestamp":"2022-07-29 20:00:00"}
{"level":"\u001b[34minfo\u001b[39m","message":"garbage collector error:  Error: Can't delete C:\\develop\\nodejs\\projects\\aitam\\work\\c3639188-92c1-474e-9d94-80843f9b28b0.xml","timestamp":"2022-07-29 20:00:00"}
{"level":"\u001b[34minfo\u001b[39m","message":"garbage collector started on path: C:\\develop\\nodejs\\projects\\aitam\\work\\","timestamp":"2022-07-29 20:00:55"}
{"level":"\u001b[34minfo\u001b[39m","message":"garbage collector started on path: C:\\develop\\nodejs\\projects\\aitam\\work\\","timestamp":"2022-07-29 20:01:39"}
{"level":"\u001b[34minfo\u001b[39m","message":"Session created received the id:b14164a6-f45a-4cf4-8fc0-56188adad428","timestamp":"2022-07-29 20:01:42"}
{"level":"\u001b[34minfo\u001b[39m","message":"garbage collector started on path: C:\\develop\\nodejs\\projects\\aitam\\work\\","timestamp":"2022-07-29 20:01:45"}
{"level":"\u001b[34minfo\u001b[39m","message":"Session created received the id:e0b6f0d0-9e07-47eb-85b5-7ea6bcf67919","timestamp":"2022-07-29 20:01:46"}
{"level":"\u001b[33mwarn\u001b[39m","message":"404 - Not Found","timestamp":"2022-07-29 20:01:47"}
{"level":"\u001b[34minfo\u001b[39m","message":"garbage collector started on path: C:\\develop\\nodejs\\projects\\aitam\\work\\","timestamp":"2022-07-29 20:01:58"}
