{"level":"\u001b[34minfo\u001b[39m","message":"garbage collector started on path: C:\\develop\\nodejs\\projects\\aitam\\work\\","timestamp":"2022-08-09 13:14:18"}
{"level":"\u001b[34minfo\u001b[39m","message":"Session created received the id:ac0f164a-4f1a-435a-ace2-153a8a1d355c","timestamp":"2022-08-09 13:14:46"}
{"level":"\u001b[34minfo\u001b[39m","message":"garbage collector started on path: C:\\develop\\nodejs\\projects\\aitam\\work\\","timestamp":"2022-08-09 13:14:49"}
{"level":"\u001b[33mwarn\u001b[39m","message":"404 - Not Found","timestamp":"2022-08-09 13:14:51"}
{"level":"\u001b[34minfo\u001b[39m","message":"req.user: undefined","timestamp":"2022-08-09 13:14:58"}
{"level":"\u001b[34minfo\u001b[39m","message":"Session id started: {\"user\":\"2f24vvg\"}","timestamp":"2022-08-09 13:14:58"}
{"level":"\u001b[34minfo\u001b[39m","message":"User logged in: {\"id\":\"2f24vvg\",\"email\":\"test@test.com\",\"password\":\"$2a$10$A2g6pbxxhLA9MNYRJ0rnzOf/7Ara76B0KcRdjzUcsIBIclRuas/fG\"}","timestamp":"2022-08-09 13:14:58"}
{"level":"\u001b[34minfo\u001b[39m","message":"garbage collector deleted  gazetteer.dic on folder: C:\\develop\\nodejs\\projects\\aitam\\work\\, path: C:\\develop\\nodejs\\projects\\aitam\\work\\gazetteer.dic","timestamp":"2022-08-09 13:15:00"}
{"level":"\u001b[34minfo\u001b[39m","message":"garbage collector deleted  gazetteer.dic on folder: C:\\develop\\nodejs\\projects\\aitam\\work\\, path: C:\\develop\\nodejs\\projects\\aitam\\work\\gazetteer.dic","timestamp":"2022-08-09 13:15:00"}
{"level":"\u001b[34minfo\u001b[39m","message":"New audit file created:C:\\develop\\nodejs\\projects\\aitam\\work\\69e608f2-a373-4b15-b9f6-722dee9bf621.xml","timestamp":"2022-08-09 13:15:03"}
{"level":"\u001b[34minfo\u001b[39m","message":"garbage collector started on path: C:\\develop\\nodejs\\projects\\aitam\\work\\","timestamp":"2022-08-09 13:25:51"}
{"level":"\u001b[34minfo\u001b[39m","message":"garbage collector started on path: C:\\develop\\nodejs\\projects\\aitam\\work\\","timestamp":"2022-08-09 13:26:47"}
{"level":"\u001b[34minfo\u001b[39m","message":"garbage collector started on path: C:\\develop\\nodejs\\projects\\aitam\\work\\","timestamp":"2022-08-09 13:27:25"}
{"level":"\u001b[34minfo\u001b[39m","message":"garbage collector started on path: C:\\develop\\nodejs\\projects\\aitam\\work\\","timestamp":"2022-08-09 13:28:17"}
{"level":"\u001b[34minfo\u001b[39m","message":"garbage collector started on path: C:\\develop\\nodejs\\projects\\aitam\\work\\","timestamp":"2022-08-09 13:40:20"}
{"level":"\u001b[34minfo\u001b[39m","message":"garbage collector started on path: C:\\develop\\nodejs\\projects\\aitam\\work\\","timestamp":"2022-08-09 13:44:47"}
{"level":"\u001b[34minfo\u001b[39m","message":"req.user: undefined","timestamp":"2022-08-09 13:44:59"}
{"level":"\u001b[34minfo\u001b[39m","message":"Session id started: {\"user\":\"2f24vvg\"}","timestamp":"2022-08-09 13:44:59"}
{"level":"\u001b[34minfo\u001b[39m","message":"User logged in: {\"id\":\"2f24vvg\",\"email\":\"test@test.com\",\"password\":\"$2a$10$A2g6pbxxhLA9MNYRJ0rnzOf/7Ara76B0KcRdjzUcsIBIclRuas/fG\"}","timestamp":"2022-08-09 13:44:59"}
{"level":"\u001b[34minfo\u001b[39m","message":"User (2f24vvg) uploaded a file: {\"file-upload\":{\"size\":465587,\"path\":\"C:\\\\develop\\\\nodejs\\\\projects\\\\aitam\\\\work\\\\f325b79b-53bc-4092-a084-84346688c0ed.xml\",\"name\":\"ATK-SIGTAS.xml\",\"type\":\"text/xml\",\"mtime\":\"2022-08-09T13:45:09.471Z\"}}","timestamp":"2022-08-09 13:45:09"}
{"level":"\u001b[34minfo\u001b[39m","message":"garbage collector started on path: C:\\develop\\nodejs\\projects\\aitam\\work\\","timestamp":"2022-08-09 13:47:05"}
{"level":"\u001b[34minfo\u001b[39m","message":"req.user: undefined","timestamp":"2022-08-09 13:47:15"}
{"level":"\u001b[34minfo\u001b[39m","message":"Session id started: {\"user\":\"2f24vvg\"}","timestamp":"2022-08-09 13:47:15"}
{"level":"\u001b[34minfo\u001b[39m","message":"User logged in: {\"id\":\"2f24vvg\",\"email\":\"test@test.com\",\"password\":\"$2a$10$A2g6pbxxhLA9MNYRJ0rnzOf/7Ara76B0KcRdjzUcsIBIclRuas/fG\"}","timestamp":"2022-08-09 13:47:15"}
{"level":"\u001b[34minfo\u001b[39m","message":"User (2f24vvg) uploaded a file: {\"file-upload\":{\"size\":465587,\"path\":\"C:\\\\develop\\\\nodejs\\\\projects\\\\aitam\\\\work\\\\e3890c55-d116-4598-8fc5-4a19de057d7d.xml\",\"name\":\"ATK-SIGTAS.xml\",\"type\":\"text/xml\",\"mtime\":\"2022-08-09T13:47:21.371Z\"}}","timestamp":"2022-08-09 13:47:21"}
{"level":"\u001b[34minfo\u001b[39m","message":"garbage collector started on path: C:\\develop\\nodejs\\projects\\aitam\\work\\","timestamp":"2022-08-09 13:48:23"}
{"level":"\u001b[34minfo\u001b[39m","message":"req.user: undefined","timestamp":"2022-08-09 13:48:36"}
{"level":"\u001b[34minfo\u001b[39m","message":"Session id started: {\"user\":\"2f24vvg\"}","timestamp":"2022-08-09 13:48:36"}
{"level":"\u001b[34minfo\u001b[39m","message":"User logged in: {\"id\":\"2f24vvg\",\"email\":\"test@test.com\",\"password\":\"$2a$10$A2g6pbxxhLA9MNYRJ0rnzOf/7Ara76B0KcRdjzUcsIBIclRuas/fG\"}","timestamp":"2022-08-09 13:48:36"}
{"level":"\u001b[34minfo\u001b[39m","message":"User (2f24vvg) uploaded a file: {\"file-upload\":{\"size\":465587,\"path\":\"C:\\\\develop\\\\nodejs\\\\projects\\\\aitam\\\\work\\\\abb79eb9-b034-457c-960b-488ab9ae311f.xml\",\"name\":\"ATK-SIGTAS.xml\",\"type\":\"text/xml\",\"mtime\":\"2022-08-09T13:48:40.906Z\"}}","timestamp":"2022-08-09 13:48:41"}
{"level":"\u001b[34minfo\u001b[39m","message":"garbage collector started on path: C:\\develop\\nodejs\\projects\\aitam\\work\\","timestamp":"2022-08-09 13:51:49"}
{"level":"\u001b[34minfo\u001b[39m","message":"req.user: undefined","timestamp":"2022-08-09 13:51:58"}
{"level":"\u001b[34minfo\u001b[39m","message":"Session id started: {\"user\":\"2f24vvg\"}","timestamp":"2022-08-09 13:51:58"}
{"level":"\u001b[34minfo\u001b[39m","message":"User logged in: {\"id\":\"2f24vvg\",\"email\":\"test@test.com\",\"password\":\"$2a$10$A2g6pbxxhLA9MNYRJ0rnzOf/7Ara76B0KcRdjzUcsIBIclRuas/fG\"}","timestamp":"2022-08-09 13:51:58"}
{"level":"\u001b[34minfo\u001b[39m","message":"User (2f24vvg) uploaded a file: {\"file-upload\":{\"size\":465587,\"path\":\"C:\\\\develop\\\\nodejs\\\\projects\\\\aitam\\\\work\\\\1329bfbd-cfd9-4aed-b2f9-ad59d6ef17b9.xml\",\"name\":\"ATK-SIGTAS.xml\",\"type\":\"text/xml\",\"mtime\":\"2022-08-09T13:52:03.584Z\"}}","timestamp":"2022-08-09 13:52:03"}
{"level":"\u001b[34minfo\u001b[39m","message":"garbage collector started on path: C:\\develop\\nodejs\\projects\\aitam\\work\\","timestamp":"2022-08-09 13:53:38"}
{"level":"\u001b[34minfo\u001b[39m","message":"garbage collector started on path: C:\\develop\\nodejs\\projects\\aitam\\work\\","timestamp":"2022-08-09 13:53:42"}
{"level":"\u001b[34minfo\u001b[39m","message":"Session created received the id:3863c399-6f9f-48d0-8602-9fff54fb4dd2","timestamp":"2022-08-09 13:53:51"}
{"level":"\u001b[34minfo\u001b[39m","message":"garbage collector started on path: C:\\develop\\nodejs\\projects\\aitam\\work\\","timestamp":"2022-08-09 13:53:54"}
{"level":"\u001b[34minfo\u001b[39m","message":"req.user: undefined","timestamp":"2022-08-09 13:54:02"}
{"level":"\u001b[34minfo\u001b[39m","message":"Session id started: {\"user\":\"2f24vvg\"}","timestamp":"2022-08-09 13:54:02"}
{"level":"\u001b[34minfo\u001b[39m","message":"User logged in: {\"id\":\"2f24vvg\",\"email\":\"test@test.com\",\"password\":\"$2a$10$A2g6pbxxhLA9MNYRJ0rnzOf/7Ara76B0KcRdjzUcsIBIclRuas/fG\"}","timestamp":"2022-08-09 13:54:02"}
{"level":"\u001b[34minfo\u001b[39m","message":"User (2f24vvg) uploaded a file: {\"file-upload\":{\"size\":465587,\"path\":\"C:\\\\develop\\\\nodejs\\\\projects\\\\aitam\\\\work\\\\50849605-8ca0-4f67-bf4b-58854bf18ab3.xml\",\"name\":\"ATK-SIGTAS.xml\",\"type\":\"text/xml\",\"mtime\":\"2022-08-09T13:54:08.028Z\"}}","timestamp":"2022-08-09 13:54:08"}
{"level":"\u001b[34minfo\u001b[39m","message":"garbage collector started on path: C:\\develop\\nodejs\\projects\\aitam\\work\\","timestamp":"2022-08-09 13:55:57"}
{"level":"\u001b[34minfo\u001b[39m","message":"req.user: undefined","timestamp":"2022-08-09 13:56:07"}
{"level":"\u001b[34minfo\u001b[39m","message":"Session id started: {\"user\":\"2f24vvg\"}","timestamp":"2022-08-09 13:56:07"}
{"level":"\u001b[34minfo\u001b[39m","message":"User logged in: {\"id\":\"2f24vvg\",\"email\":\"test@test.com\",\"password\":\"$2a$10$A2g6pbxxhLA9MNYRJ0rnzOf/7Ara76B0KcRdjzUcsIBIclRuas/fG\"}","timestamp":"2022-08-09 13:56:07"}
{"level":"\u001b[34minfo\u001b[39m","message":"User (2f24vvg) uploaded a file: {\"file-upload\":{\"size\":465587,\"path\":\"C:\\\\develop\\\\nodejs\\\\projects\\\\aitam\\\\work\\\\67607e07-ab3f-4dd7-be3c-223c7353b788.xml\",\"name\":\"ATK-SIGTAS.xml\",\"type\":\"text/xml\",\"mtime\":\"2022-08-09T13:56:13.520Z\"}}","timestamp":"2022-08-09 13:56:13"}
{"level":"\u001b[34minfo\u001b[39m","message":"garbage collector started on path: C:\\develop\\nodejs\\projects\\aitam\\work\\","timestamp":"2022-08-09 14:14:30"}
{"level":"\u001b[34minfo\u001b[39m","message":"garbage collector started on path: C:\\develop\\nodejs\\projects\\aitam\\work\\","timestamp":"2022-08-09 14:14:49"}
{"level":"\u001b[34minfo\u001b[39m","message":"garbage collector started on path: C:\\develop\\nodejs\\projects\\aitam\\work\\","timestamp":"2022-08-09 15:22:26"}
{"level":"\u001b[34minfo\u001b[39m","message":"garbage collector started on path: C:\\develop\\nodejs\\projects\\aitam\\work\\","timestamp":"2022-08-09 15:22:30"}
{"level":"\u001b[34minfo\u001b[39m","message":"Session created received the id:1ce6cc84-003d-4c37-a37c-7dfce429bc8f","timestamp":"2022-08-09 15:22:32"}
{"level":"\u001b[34minfo\u001b[39m","message":"garbage collector started on path: C:\\develop\\nodejs\\projects\\aitam\\work\\","timestamp":"2022-08-09 15:22:34"}
{"level":"\u001b[33mwarn\u001b[39m","message":"404 - Not Found","timestamp":"2022-08-09 15:22:36"}
{"level":"\u001b[34minfo\u001b[39m","message":"Session created received the id:d50535b6-18e5-4d6f-a468-b6b302eaa2ed","timestamp":"2022-08-09 15:22:39"}
{"level":"\u001b[34minfo\u001b[39m","message":"req.user: undefined","timestamp":"2022-08-09 15:22:50"}
{"level":"\u001b[34minfo\u001b[39m","message":"Session id started: {\"user\":\"2f24vvg\"}","timestamp":"2022-08-09 15:22:50"}
{"level":"\u001b[34minfo\u001b[39m","message":"User logged in: {\"id\":\"2f24vvg\",\"email\":\"test@test.com\",\"password\":\"$2a$10$A2g6pbxxhLA9MNYRJ0rnzOf/7Ara76B0KcRdjzUcsIBIclRuas/fG\"}","timestamp":"2022-08-09 15:22:50"}
{"level":"\u001b[34minfo\u001b[39m","message":"User (2f24vvg) uploaded a file: {\"file-upload\":{\"size\":465587,\"path\":\"C:\\\\develop\\\\nodejs\\\\projects\\\\aitam\\\\work\\\\93501047-1dbd-43ec-b5c1-899d0dc256af.xml\",\"name\":\"ATK-SIGTAS.xml\",\"type\":\"text/xml\",\"mtime\":\"2022-08-09T15:23:02.330Z\"}}","timestamp":"2022-08-09 15:23:02"}
{"level":"\u001b[34minfo\u001b[39m","message":"garbage collector started on path: C:\\develop\\nodejs\\projects\\aitam\\work\\","timestamp":"2022-08-09 15:23:10"}
{"level":"\u001b[34minfo\u001b[39m","message":"garbage collector started on path: C:\\develop\\nodejs\\projects\\aitam\\work\\","timestamp":"2022-08-09 15:24:40"}
{"level":"\u001b[34minfo\u001b[39m","message":"Session created received the id:b3ed78d8-2b73-47b9-809e-80550652c60b","timestamp":"2022-08-09 15:24:45"}
{"level":"\u001b[34minfo\u001b[39m","message":"Session created received the id:b3ed78d8-2b73-47b9-809e-80550652c60b","timestamp":"2022-08-09 15:24:45"}
{"level":"\u001b[34minfo\u001b[39m","message":"req.user: undefined","timestamp":"2022-08-09 15:24:54"}
{"level":"\u001b[34minfo\u001b[39m","message":"Session id started: {\"user\":\"2f24vvg\"}","timestamp":"2022-08-09 15:24:54"}
{"level":"\u001b[34minfo\u001b[39m","message":"User logged in: {\"id\":\"2f24vvg\",\"email\":\"test@test.com\",\"password\":\"$2a$10$A2g6pbxxhLA9MNYRJ0rnzOf/7Ara76B0KcRdjzUcsIBIclRuas/fG\"}","timestamp":"2022-08-09 15:24:54"}
{"level":"\u001b[34minfo\u001b[39m","message":"User (2f24vvg) uploaded a file: {\"file-upload\":{\"size\":465587,\"path\":\"C:\\\\develop\\\\nodejs\\\\projects\\\\aitam\\\\work\\\\2e24a098-d332-404a-9f8b-d5b3954dbc96.xml\",\"name\":\"ATK-SIGTAS.xml\",\"type\":\"text/xml\",\"mtime\":\"2022-08-09T15:25:00.268Z\"}}","timestamp":"2022-08-09 15:25:00"}
{"level":"\u001b[34minfo\u001b[39m","message":"garbage collector started on path: C:\\develop\\nodejs\\projects\\aitam\\work\\","timestamp":"2022-08-09 15:27:59"}
{"level":"\u001b[34minfo\u001b[39m","message":"garbage collector started on path: C:\\develop\\nodejs\\projects\\aitam\\work\\","timestamp":"2022-08-09 15:29:11"}
{"level":"\u001b[34minfo\u001b[39m","message":"req.user: undefined","timestamp":"2022-08-09 15:29:23"}
{"level":"\u001b[34minfo\u001b[39m","message":"Session id started: {\"user\":\"2f24vvg\"}","timestamp":"2022-08-09 15:29:23"}
{"level":"\u001b[34minfo\u001b[39m","message":"User logged in: {\"id\":\"2f24vvg\",\"email\":\"test@test.com\",\"password\":\"$2a$10$A2g6pbxxhLA9MNYRJ0rnzOf/7Ara76B0KcRdjzUcsIBIclRuas/fG\"}","timestamp":"2022-08-09 15:29:23"}
{"level":"\u001b[34minfo\u001b[39m","message":"User (2f24vvg) uploaded a file: {\"file-upload\":{\"size\":465587,\"path\":\"C:\\\\develop\\\\nodejs\\\\projects\\\\aitam\\\\work\\\\ee74a2c0-aa88-4878-ba25-3a396348d375.xml\",\"name\":\"ATK-SIGTAS.xml\",\"type\":\"text/xml\",\"mtime\":\"2022-08-09T15:29:29.765Z\"}}","timestamp":"2022-08-09 15:29:29"}
{"level":"\u001b[34minfo\u001b[39m","message":"garbage collector started on path: C:\\develop\\nodejs\\projects\\aitam\\work\\","timestamp":"2022-08-09 15:43:41"}
{"level":"\u001b[34minfo\u001b[39m","message":"Session created received the id:e3fd3ae8-094b-467a-a1fb-20b628140b5d","timestamp":"2022-08-09 15:43:51"}
{"level":"\u001b[34minfo\u001b[39m","message":"req.user: undefined","timestamp":"2022-08-09 15:44:00"}
{"level":"\u001b[34minfo\u001b[39m","message":"Session id started: {\"user\":\"2f24vvg\"}","timestamp":"2022-08-09 15:44:00"}
{"level":"\u001b[34minfo\u001b[39m","message":"User logged in: {\"id\":\"2f24vvg\",\"email\":\"test@test.com\",\"password\":\"$2a$10$A2g6pbxxhLA9MNYRJ0rnzOf/7Ara76B0KcRdjzUcsIBIclRuas/fG\"}","timestamp":"2022-08-09 15:44:00"}
{"level":"\u001b[34minfo\u001b[39m","message":"New audit file created:C:\\develop\\nodejs\\projects\\aitam\\work\\0955437b-87cb-437a-9863-969709b50e17.xml","timestamp":"2022-08-09 15:44:03"}
{"level":"\u001b[34minfo\u001b[39m","message":"audit file download: C:\\develop\\nodejs\\projects\\aitam\\work\\0955437b-87cb-437a-9863-969709b50e17.xml","timestamp":"2022-08-09 15:44:27"}
{"level":"\u001b[34minfo\u001b[39m","message":"audit file download: C:\\develop\\nodejs\\projects\\aitam\\work\\0955437b-87cb-437a-9863-969709b50e17.xml","timestamp":"2022-08-09 15:44:56"}
{"level":"\u001b[34minfo\u001b[39m","message":"audit file download: C:\\develop\\nodejs\\projects\\aitam\\work\\0955437b-87cb-437a-9863-969709b50e17.xml","timestamp":"2022-08-09 15:45:14"}
{"level":"\u001b[34minfo\u001b[39m","message":"audit file download: C:\\develop\\nodejs\\projects\\aitam\\work\\0955437b-87cb-437a-9863-969709b50e17.xml","timestamp":"2022-08-09 15:45:29"}
{"level":"\u001b[34minfo\u001b[39m","message":"audit file download: C:\\develop\\nodejs\\projects\\aitam\\work\\0955437b-87cb-437a-9863-969709b50e17.xml","timestamp":"2022-08-09 15:45:52"}
{"level":"\u001b[34minfo\u001b[39m","message":"audit file download: C:\\develop\\nodejs\\projects\\aitam\\work\\0955437b-87cb-437a-9863-969709b50e17.xml","timestamp":"2022-08-09 15:46:20"}
{"level":"\u001b[34minfo\u001b[39m","message":"audit file download: C:\\develop\\nodejs\\projects\\aitam\\work\\0955437b-87cb-437a-9863-969709b50e17.xml","timestamp":"2022-08-09 15:46:29"}
{"level":"\u001b[34minfo\u001b[39m","message":"garbage collector started on path: C:\\develop\\nodejs\\projects\\aitam\\work\\","timestamp":"2022-08-09 19:34:50"}
{"level":"\u001b[34minfo\u001b[39m","message":"garbage collector started on path: C:\\develop\\nodejs\\projects\\aitam\\work\\","timestamp":"2022-08-09 19:34:53"}
{"level":"\u001b[34minfo\u001b[39m","message":"Session created received the id:bc3987dd-e301-4fbf-9fb3-f5a5b4e4fbe0","timestamp":"2022-08-09 19:35:04"}
{"level":"\u001b[34minfo\u001b[39m","message":"garbage collector started on path: C:\\develop\\nodejs\\projects\\aitam\\work\\","timestamp":"2022-08-09 19:35:08"}
{"level":"\u001b[34minfo\u001b[39m","message":"garbage collector started on path: C:\\develop\\nodejs\\projects\\aitam\\work\\","timestamp":"2022-08-09 19:35:44"}
{"level":"\u001b[34minfo\u001b[39m","message":"Session created received the id:aa427e6e-a6c5-462b-8d72-042fb2779b05","timestamp":"2022-08-09 19:38:14"}
{"level":"\u001b[33mwarn\u001b[39m","message":"404 - Not Found","timestamp":"2022-08-09 19:38:14"}
{"level":"\u001b[34minfo\u001b[39m","message":"Session created received the id:aa427e6e-a6c5-462b-8d72-042fb2779b05","timestamp":"2022-08-09 19:38:24"}
{"level":"\u001b[34minfo\u001b[39m","message":"Session created received the id:aa427e6e-a6c5-462b-8d72-042fb2779b05","timestamp":"2022-08-09 19:38:28"}
{"level":"\u001b[34minfo\u001b[39m","message":"Session created received the id:aa427e6e-a6c5-462b-8d72-042fb2779b05","timestamp":"2022-08-09 19:39:30"}
{"level":"\u001b[34minfo\u001b[39m","message":"Session created received the id:aa427e6e-a6c5-462b-8d72-042fb2779b05","timestamp":"2022-08-09 19:39:36"}
{"level":"\u001b[34minfo\u001b[39m","message":"Session created received the id:aa427e6e-a6c5-462b-8d72-042fb2779b05","timestamp":"2022-08-09 19:39:37"}
{"level":"\u001b[34minfo\u001b[39m","message":"Session created received the id:aa427e6e-a6c5-462b-8d72-042fb2779b05","timestamp":"2022-08-09 19:39:43"}
{"level":"\u001b[33mwarn\u001b[39m","message":"404 - Not Found","timestamp":"2022-08-09 19:39:43"}
{"level":"\u001b[34minfo\u001b[39m","message":"Session created received the id:aa427e6e-a6c5-462b-8d72-042fb2779b05","timestamp":"2022-08-09 19:40:18"}
{"level":"\u001b[34minfo\u001b[39m","message":"Session created received the id:aa427e6e-a6c5-462b-8d72-042fb2779b05","timestamp":"2022-08-09 19:40:55"}
{"level":"\u001b[34minfo\u001b[39m","message":"Session created received the id:aa427e6e-a6c5-462b-8d72-042fb2779b05","timestamp":"2022-08-09 19:41:25"}
{"level":"\u001b[34minfo\u001b[39m","message":"Session created received the id:aa427e6e-a6c5-462b-8d72-042fb2779b05","timestamp":"2022-08-09 19:42:58"}
{"level":"\u001b[34minfo\u001b[39m","message":"Session created received the id:aa427e6e-a6c5-462b-8d72-042fb2779b05","timestamp":"2022-08-09 19:43:19"}
{"level":"\u001b[34minfo\u001b[39m","message":"Session created received the id:aa427e6e-a6c5-462b-8d72-042fb2779b05","timestamp":"2022-08-09 19:43:26"}
{"level":"\u001b[34minfo\u001b[39m","message":"Session created received the id:aa427e6e-a6c5-462b-8d72-042fb2779b05","timestamp":"2022-08-09 19:43:28"}
{"level":"\u001b[34minfo\u001b[39m","message":"Session created received the id:aa427e6e-a6c5-462b-8d72-042fb2779b05","timestamp":"2022-08-09 19:46:46"}
{"level":"\u001b[34minfo\u001b[39m","message":"Session created received the id:aa427e6e-a6c5-462b-8d72-042fb2779b05","timestamp":"2022-08-09 19:49:02"}
