{"level":"\u001b[34minfo\u001b[39m","message":"garbage collector started on path: C:\\develop\\nodejs\\projects\\aitam\\work\\","timestamp":"2022-03-28 08:59:41"}
{"level":"\u001b[34minfo\u001b[39m","message":"garbage collector started on path: C:\\develop\\nodejs\\projects\\aitam\\work\\","timestamp":"2022-03-28 08:59:47"}
{"level":"\u001b[34minfo\u001b[39m","message":"garbage collector deleted  26cb5364-9f52-4699-83b5-fff54d948ed7.xml on folder: C:\\develop\\nodejs\\projects\\aitam\\work\\, path: C:\\develop\\nodejs\\projects\\aitam\\work\\26cb5364-9f52-4699-83b5-fff54d948ed7.xml","timestamp":"2022-03-28 09:00:00"}
{"level":"\u001b[34minfo\u001b[39m","message":"garbage collector deleted  22c38b74-a5d8-4be5-aa93-60d390ff595a.xml on folder: C:\\develop\\nodejs\\projects\\aitam\\work\\, path: C:\\develop\\nodejs\\projects\\aitam\\work\\22c38b74-a5d8-4be5-aa93-60d390ff595a.xml","timestamp":"2022-03-28 09:00:00"}
{"level":"\u001b[34minfo\u001b[39m","message":"garbage collector deleted  30cd17eb-f6e5-44eb-83b9-0ad78d889439.xml on folder: C:\\develop\\nodejs\\projects\\aitam\\work\\, path: C:\\develop\\nodejs\\projects\\aitam\\work\\30cd17eb-f6e5-44eb-83b9-0ad78d889439.xml","timestamp":"2022-03-28 09:00:00"}
{"level":"\u001b[34minfo\u001b[39m","message":"garbage collector deleted  71015938-6da4-4cd4-b24e-1f28b291d420.xml on folder: C:\\develop\\nodejs\\projects\\aitam\\work\\, path: C:\\develop\\nodejs\\projects\\aitam\\work\\71015938-6da4-4cd4-b24e-1f28b291d420.xml","timestamp":"2022-03-28 09:00:00"}
{"level":"\u001b[34minfo\u001b[39m","message":"garbage collector deleted  28a864eb-8902-425d-9b0f-2316efa65ea7.xml on folder: C:\\develop\\nodejs\\projects\\aitam\\work\\, path: C:\\develop\\nodejs\\projects\\aitam\\work\\28a864eb-8902-425d-9b0f-2316efa65ea7.xml","timestamp":"2022-03-28 09:00:00"}
{"level":"\u001b[34minfo\u001b[39m","message":"garbage collector deleted  86178cc5-95fb-44e1-b6b4-96ef52fa8f1e.xml on folder: C:\\develop\\nodejs\\projects\\aitam\\work\\, path: C:\\develop\\nodejs\\projects\\aitam\\work\\86178cc5-95fb-44e1-b6b4-96ef52fa8f1e.xml","timestamp":"2022-03-28 09:00:00"}
{"level":"\u001b[34minfo\u001b[39m","message":"garbage collector deleted  33626d0d-3401-4442-badd-038a50400329.xml on folder: C:\\develop\\nodejs\\projects\\aitam\\work\\, path: C:\\develop\\nodejs\\projects\\aitam\\work\\33626d0d-3401-4442-badd-038a50400329.xml","timestamp":"2022-03-28 09:00:00"}
{"level":"\u001b[34minfo\u001b[39m","message":"garbage collector deleted  9aa638fb-9696-406a-869e-04b99dcc2d86.xml on folder: C:\\develop\\nodejs\\projects\\aitam\\work\\, path: C:\\develop\\nodejs\\projects\\aitam\\work\\9aa638fb-9696-406a-869e-04b99dcc2d86.xml","timestamp":"2022-03-28 09:00:00"}
{"level":"\u001b[34minfo\u001b[39m","message":"garbage collector deleted  dcb759ef-ccdc-4a01-b39a-5fe6449009ab.xml on folder: C:\\develop\\nodejs\\projects\\aitam\\work\\, path: C:\\develop\\nodejs\\projects\\aitam\\work\\dcb759ef-ccdc-4a01-b39a-5fe6449009ab.xml","timestamp":"2022-03-28 09:00:00"}
{"level":"\u001b[34minfo\u001b[39m","message":"garbage collector deleted  c52d8809-5a31-4140-9a92-ff580cd71766.xml on folder: C:\\develop\\nodejs\\projects\\aitam\\work\\, path: C:\\develop\\nodejs\\projects\\aitam\\work\\c52d8809-5a31-4140-9a92-ff580cd71766.xml","timestamp":"2022-03-28 09:00:00"}
{"level":"\u001b[34minfo\u001b[39m","message":"garbage collector error:  Error: Can't delete C:\\develop\\nodejs\\projects\\aitam\\work\\22c38b74-a5d8-4be5-aa93-60d390ff595a.xml","timestamp":"2022-03-28 09:00:00"}
{"level":"\u001b[34minfo\u001b[39m","message":"garbage collector deleted  e7459bad-1ccc-4d0c-9191-ab0edafbc497.xml on folder: C:\\develop\\nodejs\\projects\\aitam\\work\\, path: C:\\develop\\nodejs\\projects\\aitam\\work\\e7459bad-1ccc-4d0c-9191-ab0edafbc497.xml","timestamp":"2022-03-28 09:00:00"}
{"level":"\u001b[34minfo\u001b[39m","message":"garbage collector error:  Error: Can't delete C:\\develop\\nodejs\\projects\\aitam\\work\\26cb5364-9f52-4699-83b5-fff54d948ed7.xml","timestamp":"2022-03-28 09:00:00"}
{"level":"\u001b[34minfo\u001b[39m","message":"garbage collector deleted  gazetteer.dic on folder: C:\\develop\\nodejs\\projects\\aitam\\work\\, path: C:\\develop\\nodejs\\projects\\aitam\\work\\gazetteer.dic","timestamp":"2022-03-28 09:00:00"}
{"level":"\u001b[34minfo\u001b[39m","message":"garbage collector error:  Error: Can't delete C:\\develop\\nodejs\\projects\\aitam\\work\\33626d0d-3401-4442-badd-038a50400329.xml","timestamp":"2022-03-28 09:00:00"}
{"level":"\u001b[34minfo\u001b[39m","message":"garbage collector error:  Error: Can't delete C:\\develop\\nodejs\\projects\\aitam\\work\\71015938-6da4-4cd4-b24e-1f28b291d420.xml","timestamp":"2022-03-28 09:00:00"}
{"level":"\u001b[34minfo\u001b[39m","message":"garbage collector deleted  726422e0-3c58-44ba-a47f-0ae3c601bbf5.xml on folder: C:\\develop\\nodejs\\projects\\aitam\\work\\, path: C:\\develop\\nodejs\\projects\\aitam\\work\\726422e0-3c58-44ba-a47f-0ae3c601bbf5.xml","timestamp":"2022-03-28 09:00:00"}
{"level":"\u001b[34minfo\u001b[39m","message":"garbage collector error:  Error: Can't delete C:\\develop\\nodejs\\projects\\aitam\\work\\30cd17eb-f6e5-44eb-83b9-0ad78d889439.xml","timestamp":"2022-03-28 09:00:00"}
{"level":"\u001b[34minfo\u001b[39m","message":"garbage collector error:  Error: Can't delete C:\\develop\\nodejs\\projects\\aitam\\work\\726422e0-3c58-44ba-a47f-0ae3c601bbf5.xml","timestamp":"2022-03-28 09:00:00"}
{"level":"\u001b[34minfo\u001b[39m","message":"garbage collector error:  Error: Can't delete C:\\develop\\nodejs\\projects\\aitam\\work\\86178cc5-95fb-44e1-b6b4-96ef52fa8f1e.xml","timestamp":"2022-03-28 09:00:00"}
{"level":"\u001b[34minfo\u001b[39m","message":"garbage collector error:  Error: Can't delete C:\\develop\\nodejs\\projects\\aitam\\work\\c52d8809-5a31-4140-9a92-ff580cd71766.xml","timestamp":"2022-03-28 09:00:00"}
{"level":"\u001b[34minfo\u001b[39m","message":"garbage collector error:  Error: Can't delete C:\\develop\\nodejs\\projects\\aitam\\work\\dcb759ef-ccdc-4a01-b39a-5fe6449009ab.xml","timestamp":"2022-03-28 09:00:00"}
{"level":"\u001b[34minfo\u001b[39m","message":"garbage collector error:  Error: Can't delete C:\\develop\\nodejs\\projects\\aitam\\work\\e7459bad-1ccc-4d0c-9191-ab0edafbc497.xml","timestamp":"2022-03-28 09:00:00"}
{"level":"\u001b[34minfo\u001b[39m","message":"garbage collector error:  Error: Can't delete C:\\develop\\nodejs\\projects\\aitam\\work\\gazetteer.dic","timestamp":"2022-03-28 09:00:00"}
{"level":"\u001b[34minfo\u001b[39m","message":"garbage collector error:  Error: Can't delete C:\\develop\\nodejs\\projects\\aitam\\work\\28a864eb-8902-425d-9b0f-2316efa65ea7.xml","timestamp":"2022-03-28 09:00:00"}
{"level":"\u001b[34minfo\u001b[39m","message":"garbage collector error:  Error: Can't delete C:\\develop\\nodejs\\projects\\aitam\\work\\9aa638fb-9696-406a-869e-04b99dcc2d86.xml","timestamp":"2022-03-28 09:00:00"}
{"level":"\u001b[34minfo\u001b[39m","message":"Session created received the id:c2ef1900-e55b-43e8-b8a7-e8632c6b7126","timestamp":"2022-03-28 09:00:20"}
{"level":"\u001b[34minfo\u001b[39m","message":"garbage collector started on path: C:\\develop\\nodejs\\projects\\aitam\\work\\","timestamp":"2022-03-28 09:00:28"}
{"level":"\u001b[33mwarn\u001b[39m","message":"404 - Not Found","timestamp":"2022-03-28 09:00:33"}
{"level":"\u001b[34minfo\u001b[39m","message":"Session created received the id:fab10f3c-f811-4f54-acc3-89f278adda07","timestamp":"2022-03-28 09:00:36"}
{"level":"\u001b[34minfo\u001b[39m","message":"garbage collector started on path: C:\\develop\\nodejs\\projects\\aitam\\work\\","timestamp":"2022-03-28 09:00:41"}
{"level":"\u001b[34minfo\u001b[39m","message":"req.user: undefined","timestamp":"2022-03-28 09:15:52"}
{"level":"\u001b[34minfo\u001b[39m","message":"Session id started: {\"user\":\"2f24vvg\"}","timestamp":"2022-03-28 09:15:52"}
{"level":"\u001b[34minfo\u001b[39m","message":"User logged in: {\"id\":\"2f24vvg\",\"email\":\"test@test.com\",\"password\":\"$2a$10$A2g6pbxxhLA9MNYRJ0rnzOf/7Ara76B0KcRdjzUcsIBIclRuas/fG\"}","timestamp":"2022-03-28 09:15:52"}
{"level":"\u001b[34minfo\u001b[39m","message":"New audit file created:C:\\develop\\nodejs\\projects\\aitam\\work\\c95dc179-c29d-4cef-bff6-6d5d3a04e73e.xml","timestamp":"2022-03-28 09:16:10"}
{"level":"\u001b[34minfo\u001b[39m","message":"garbage collector started on path: C:\\develop\\nodejs\\projects\\aitam\\work\\","timestamp":"2022-03-28 09:16:32"}
{"level":"\u001b[34minfo\u001b[39m","message":"req.user: undefined","timestamp":"2022-03-28 09:16:49"}
{"level":"\u001b[34minfo\u001b[39m","message":"Session id started: {\"user\":\"2f24vvg\"}","timestamp":"2022-03-28 09:16:49"}
{"level":"\u001b[34minfo\u001b[39m","message":"User logged in: {\"id\":\"2f24vvg\",\"email\":\"test@test.com\",\"password\":\"$2a$10$A2g6pbxxhLA9MNYRJ0rnzOf/7Ara76B0KcRdjzUcsIBIclRuas/fG\"}","timestamp":"2022-03-28 09:16:49"}
{"level":"\u001b[34minfo\u001b[39m","message":"New audit file created:C:\\develop\\nodejs\\projects\\aitam\\work\\e2d72cc9-4a33-461b-8dd1-a8adf16ef8d2.xml","timestamp":"2022-03-28 09:16:51"}
{"level":"\u001b[34minfo\u001b[39m","message":"New audit file created:C:\\develop\\nodejs\\projects\\aitam\\work\\e2d72cc9-4a33-461b-8dd1-a8adf16ef8d2.xml","timestamp":"2022-03-28 09:16:51"}
{"level":"\u001b[34minfo\u001b[39m","message":"working audit file closed and deleted : C:\\develop\\nodejs\\projects\\aitam\\work\\e2d72cc9-4a33-461b-8dd1-a8adf16ef8d2.xml","timestamp":"2022-03-28 09:17:55"}
{"level":"\u001b[34minfo\u001b[39m","message":"User (2f24vvg) uploaded a file: {\"file-upload\":{\"size\":465587,\"path\":\"C:\\\\develop\\\\nodejs\\\\projects\\\\aitam\\\\work\\\\e2d72cc9-4a33-461b-8dd1-a8adf16ef8d2.xml\",\"name\":\"ATK-SIGTAS.xml\",\"type\":\"text/xml\",\"mtime\":\"2022-03-28T09:18:05.474Z\"}}","timestamp":"2022-03-28 09:18:05"}
