{"level":"\u001b[34minfo\u001b[39m","message":"garbage collector started on path: C:\\develop\\nodejs\\projects\\aitam\\work\\","timestamp":"2022-04-05 12:56:22"}
{"level":"\u001b[34minfo\u001b[39m","message":"garbage collector started on path: C:\\develop\\nodejs\\projects\\aitam\\work\\","timestamp":"2022-04-05 12:56:26"}
{"level":"\u001b[34minfo\u001b[39m","message":"Session created received the id:198c45d6-c333-4f69-8e65-f461306cbc5b","timestamp":"2022-04-05 12:56:33"}
{"level":"\u001b[34minfo\u001b[39m","message":"garbage collector started on path: C:\\develop\\nodejs\\projects\\aitam\\work\\","timestamp":"2022-04-05 12:56:36"}
{"level":"\u001b[33mwarn\u001b[39m","message":"404 - Not Found","timestamp":"2022-04-05 12:56:38"}
{"level":"\u001b[34minfo\u001b[39m","message":"req.user: undefined","timestamp":"2022-04-05 12:56:46"}
{"level":"\u001b[34minfo\u001b[39m","message":"Session id started: {\"user\":\"2f24vvg\"}","timestamp":"2022-04-05 12:56:46"}
{"level":"\u001b[34minfo\u001b[39m","message":"User logged in: {\"id\":\"2f24vvg\",\"email\":\"test@test.com\",\"password\":\"$2a$10$A2g6pbxxhLA9MNYRJ0rnzOf/7Ara76B0KcRdjzUcsIBIclRuas/fG\"}","timestamp":"2022-04-05 12:56:46"}
{"level":"\u001b[34minfo\u001b[39m","message":"User (2f24vvg) uploaded a file: {\"file-upload\":{\"size\":465587,\"path\":\"C:\\\\develop\\\\nodejs\\\\projects\\\\aitam\\\\work\\\\4f6858a0-84d3-4b99-b27c-1123afeb2992.xml\",\"name\":\"ATK-SIGTAS.xml\",\"type\":\"text/xml\",\"mtime\":\"2022-04-05T12:56:55.490Z\"}}","timestamp":"2022-04-05 12:56:55"}
{"level":"\u001b[34minfo\u001b[39m","message":"garbage collector started on path: C:\\develop\\nodejs\\projects\\aitam\\work\\","timestamp":"2022-04-05 12:57:02"}
{"level":"\u001b[34minfo\u001b[39m","message":"garbage collector deleted  023c54f9-03ea-4829-8b9a-a12242ed1bd1.xml on folder: C:\\develop\\nodejs\\projects\\aitam\\work\\, path: C:\\develop\\nodejs\\projects\\aitam\\work\\023c54f9-03ea-4829-8b9a-a12242ed1bd1.xml","timestamp":"2022-04-05 13:00:00"}
{"level":"\u001b[34minfo\u001b[39m","message":"garbage collector deleted  0e65394e-8b81-4382-99f2-000575a4a6f1.xml on folder: C:\\develop\\nodejs\\projects\\aitam\\work\\, path: C:\\develop\\nodejs\\projects\\aitam\\work\\0e65394e-8b81-4382-99f2-000575a4a6f1.xml","timestamp":"2022-04-05 13:00:00"}
{"level":"\u001b[34minfo\u001b[39m","message":"garbage collector deleted  35f3f825-f902-4d0e-a552-5ff49aa89b9a.xml on folder: C:\\develop\\nodejs\\projects\\aitam\\work\\, path: C:\\develop\\nodejs\\projects\\aitam\\work\\35f3f825-f902-4d0e-a552-5ff49aa89b9a.xml","timestamp":"2022-04-05 13:00:00"}
{"level":"\u001b[34minfo\u001b[39m","message":"garbage collector deleted  3b1753ec-2d93-4311-9210-127d6f10c841.xml on folder: C:\\develop\\nodejs\\projects\\aitam\\work\\, path: C:\\develop\\nodejs\\projects\\aitam\\work\\3b1753ec-2d93-4311-9210-127d6f10c841.xml","timestamp":"2022-04-05 13:00:00"}
{"level":"\u001b[34minfo\u001b[39m","message":"garbage collector deleted  6f77436e-369f-4110-ab1d-826d6220a8a7.xml on folder: C:\\develop\\nodejs\\projects\\aitam\\work\\, path: C:\\develop\\nodejs\\projects\\aitam\\work\\6f77436e-369f-4110-ab1d-826d6220a8a7.xml","timestamp":"2022-04-05 13:00:00"}
{"level":"\u001b[34minfo\u001b[39m","message":"garbage collector deleted  71792217-13d1-4fb3-ac07-35e0053ff66f.xml on folder: C:\\develop\\nodejs\\projects\\aitam\\work\\, path: C:\\develop\\nodejs\\projects\\aitam\\work\\71792217-13d1-4fb3-ac07-35e0053ff66f.xml","timestamp":"2022-04-05 13:00:00"}
{"level":"\u001b[34minfo\u001b[39m","message":"garbage collector deleted  975855d1-1503-40c3-b916-c7d257a365c7.xml on folder: C:\\develop\\nodejs\\projects\\aitam\\work\\, path: C:\\develop\\nodejs\\projects\\aitam\\work\\975855d1-1503-40c3-b916-c7d257a365c7.xml","timestamp":"2022-04-05 13:00:00"}
{"level":"\u001b[34minfo\u001b[39m","message":"garbage collector deleted  9ace312d-7520-4078-9e09-62858951c5fe.xml on folder: C:\\develop\\nodejs\\projects\\aitam\\work\\, path: C:\\develop\\nodejs\\projects\\aitam\\work\\9ace312d-7520-4078-9e09-62858951c5fe.xml","timestamp":"2022-04-05 13:00:00"}
{"level":"\u001b[34minfo\u001b[39m","message":"garbage collector deleted  a2170bda-ef47-4bad-af79-8616037531b4.xml on folder: C:\\develop\\nodejs\\projects\\aitam\\work\\, path: C:\\develop\\nodejs\\projects\\aitam\\work\\a2170bda-ef47-4bad-af79-8616037531b4.xml","timestamp":"2022-04-05 13:00:00"}
{"level":"\u001b[34minfo\u001b[39m","message":"garbage collector deleted  cd069796-5baf-4ef5-916a-6f08f72a08bf.xml on folder: C:\\develop\\nodejs\\projects\\aitam\\work\\, path: C:\\develop\\nodejs\\projects\\aitam\\work\\cd069796-5baf-4ef5-916a-6f08f72a08bf.xml","timestamp":"2022-04-05 13:00:00"}
{"level":"\u001b[34minfo\u001b[39m","message":"garbage collector deleted  de948644-7839-42da-82d9-98fe741e1fe2.xml on folder: C:\\develop\\nodejs\\projects\\aitam\\work\\, path: C:\\develop\\nodejs\\projects\\aitam\\work\\de948644-7839-42da-82d9-98fe741e1fe2.xml","timestamp":"2022-04-05 13:00:00"}
{"level":"\u001b[34minfo\u001b[39m","message":"garbage collector deleted  f6b62c13-bf8c-423b-91b7-a043841dc689.xml on folder: C:\\develop\\nodejs\\projects\\aitam\\work\\, path: C:\\develop\\nodejs\\projects\\aitam\\work\\f6b62c13-bf8c-423b-91b7-a043841dc689.xml","timestamp":"2022-04-05 13:00:00"}
{"level":"\u001b[34minfo\u001b[39m","message":"garbage collector deleted  gazetteer.dic on folder: C:\\develop\\nodejs\\projects\\aitam\\work\\, path: C:\\develop\\nodejs\\projects\\aitam\\work\\gazetteer.dic","timestamp":"2022-04-05 13:00:00"}
{"level":"\u001b[34minfo\u001b[39m","message":"garbage collector error:  Error: Can't delete C:\\develop\\nodejs\\projects\\aitam\\work\\023c54f9-03ea-4829-8b9a-a12242ed1bd1.xml","timestamp":"2022-04-05 13:00:00"}
{"level":"\u001b[34minfo\u001b[39m","message":"garbage collector error:  Error: Can't delete C:\\develop\\nodejs\\projects\\aitam\\work\\0e65394e-8b81-4382-99f2-000575a4a6f1.xml","timestamp":"2022-04-05 13:00:00"}
{"level":"\u001b[34minfo\u001b[39m","message":"garbage collector error:  Error: Can't delete C:\\develop\\nodejs\\projects\\aitam\\work\\35f3f825-f902-4d0e-a552-5ff49aa89b9a.xml","timestamp":"2022-04-05 13:00:00"}
{"level":"\u001b[34minfo\u001b[39m","message":"garbage collector error:  Error: Can't delete C:\\develop\\nodejs\\projects\\aitam\\work\\3b1753ec-2d93-4311-9210-127d6f10c841.xml","timestamp":"2022-04-05 13:00:00"}
{"level":"\u001b[34minfo\u001b[39m","message":"garbage collector error:  Error: Can't delete C:\\develop\\nodejs\\projects\\aitam\\work\\6f77436e-369f-4110-ab1d-826d6220a8a7.xml","timestamp":"2022-04-05 13:00:00"}
{"level":"\u001b[34minfo\u001b[39m","message":"garbage collector error:  Error: Can't delete C:\\develop\\nodejs\\projects\\aitam\\work\\71792217-13d1-4fb3-ac07-35e0053ff66f.xml","timestamp":"2022-04-05 13:00:00"}
{"level":"\u001b[34minfo\u001b[39m","message":"garbage collector error:  Error: Can't delete C:\\develop\\nodejs\\projects\\aitam\\work\\975855d1-1503-40c3-b916-c7d257a365c7.xml","timestamp":"2022-04-05 13:00:00"}
{"level":"\u001b[34minfo\u001b[39m","message":"garbage collector error:  Error: Can't delete C:\\develop\\nodejs\\projects\\aitam\\work\\9ace312d-7520-4078-9e09-62858951c5fe.xml","timestamp":"2022-04-05 13:00:00"}
{"level":"\u001b[34minfo\u001b[39m","message":"garbage collector error:  Error: Can't delete C:\\develop\\nodejs\\projects\\aitam\\work\\a2170bda-ef47-4bad-af79-8616037531b4.xml","timestamp":"2022-04-05 13:00:00"}
{"level":"\u001b[34minfo\u001b[39m","message":"garbage collector error:  Error: Can't delete C:\\develop\\nodejs\\projects\\aitam\\work\\cd069796-5baf-4ef5-916a-6f08f72a08bf.xml","timestamp":"2022-04-05 13:00:00"}
{"level":"\u001b[34minfo\u001b[39m","message":"garbage collector error:  Error: Can't delete C:\\develop\\nodejs\\projects\\aitam\\work\\de948644-7839-42da-82d9-98fe741e1fe2.xml","timestamp":"2022-04-05 13:00:00"}
{"level":"\u001b[34minfo\u001b[39m","message":"garbage collector error:  Error: Can't delete C:\\develop\\nodejs\\projects\\aitam\\work\\f6b62c13-bf8c-423b-91b7-a043841dc689.xml","timestamp":"2022-04-05 13:00:00"}
{"level":"\u001b[34minfo\u001b[39m","message":"garbage collector error:  Error: Can't delete C:\\develop\\nodejs\\projects\\aitam\\work\\gazetteer.dic","timestamp":"2022-04-05 13:00:00"}
