{"level":"\u001b[34minfo\u001b[39m","message":"garbage collector started on path: C:\\develop\\nodejs\\projects\\aitam\\work\\","timestamp":"2022-08-18 12:46:33"}
{"level":"\u001b[34minfo\u001b[39m","message":"garbage collector started on path: C:\\develop\\nodejs\\projects\\aitam\\work\\","timestamp":"2022-08-18 12:46:36"}
{"level":"\u001b[34minfo\u001b[39m","message":"Session created received the id:bbfa6fb4-25f4-47dd-b318-b123756329a7","timestamp":"2022-08-18 12:46:53"}
{"level":"\u001b[34minfo\u001b[39m","message":"garbage collector started on path: C:\\develop\\nodejs\\projects\\aitam\\work\\","timestamp":"2022-08-18 12:46:56"}
{"level":"\u001b[33mwarn\u001b[39m","message":"404 - Not Found","timestamp":"2022-08-18 12:47:00"}
{"level":"\u001b[34minfo\u001b[39m","message":"req.user: undefined","timestamp":"2022-08-18 12:47:05"}
{"level":"\u001b[34minfo\u001b[39m","message":"Session id started: {\"user\":\"2f24vvg\"}","timestamp":"2022-08-18 12:47:05"}
{"level":"\u001b[34minfo\u001b[39m","message":"User logged in: {\"id\":\"2f24vvg\",\"email\":\"test@test.com\",\"password\":\"$2a$10$A2g6pbxxhLA9MNYRJ0rnzOf/7Ara76B0KcRdjzUcsIBIclRuas/fG\"}","timestamp":"2022-08-18 12:47:05"}
{"level":"\u001b[34minfo\u001b[39m","message":"User (2f24vvg) uploaded a file: {\"file-upload\":{\"size\":927272,\"path\":\"C:\\\\develop\\\\nodejs\\\\projects\\\\aitam\\\\work\\\\afa34137-8137-4667-9aed-5777194e192d.xml\",\"name\":\"teste_EN (6).xml\",\"type\":\"text/xml\",\"mtime\":\"2022-08-18T12:47:20.727Z\"}}","timestamp":"2022-08-18 12:47:21"}
{"level":"\u001b[34minfo\u001b[39m","message":"garbage collector started on path: C:\\develop\\nodejs\\projects\\aitam\\work\\","timestamp":"2022-08-18 12:47:26"}
{"level":"\u001b[34minfo\u001b[39m","message":"req.user: undefined","timestamp":"2022-08-18 12:47:35"}
{"level":"\u001b[34minfo\u001b[39m","message":"Session id started: {\"user\":\"2f24vvg\"}","timestamp":"2022-08-18 12:47:35"}
{"level":"\u001b[34minfo\u001b[39m","message":"User logged in: {\"id\":\"2f24vvg\",\"email\":\"test@test.com\",\"password\":\"$2a$10$A2g6pbxxhLA9MNYRJ0rnzOf/7Ara76B0KcRdjzUcsIBIclRuas/fG\"}","timestamp":"2022-08-18 12:47:35"}
{"level":"\u001b[34minfo\u001b[39m","message":"User (2f24vvg) uploaded a file: {\"file-upload\":{\"size\":927272,\"path\":\"C:\\\\develop\\\\nodejs\\\\projects\\\\aitam\\\\work\\\\72c7b2e9-745d-45e4-8978-b2f7b5692f6e.xml\",\"name\":\"teste_EN (6).xml\",\"type\":\"text/xml\",\"mtime\":\"2022-08-18T12:47:42.735Z\"}}","timestamp":"2022-08-18 12:47:42"}
{"level":"\u001b[33mwarn\u001b[39m","message":"404 - Not Found","timestamp":"2022-08-18 12:57:28"}
{"level":"\u001b[34minfo\u001b[39m","message":"garbage collector started on path: C:\\develop\\nodejs\\projects\\aitam\\work\\","timestamp":"2022-08-18 13:15:34"}
{"level":"\u001b[34minfo\u001b[39m","message":"req.user: undefined","timestamp":"2022-08-18 13:15:59"}
{"level":"\u001b[34minfo\u001b[39m","message":"Session id started: {\"user\":\"2f24vvg\"}","timestamp":"2022-08-18 13:15:59"}
{"level":"\u001b[34minfo\u001b[39m","message":"User logged in: {\"id\":\"2f24vvg\",\"email\":\"test@test.com\",\"password\":\"$2a$10$A2g6pbxxhLA9MNYRJ0rnzOf/7Ara76B0KcRdjzUcsIBIclRuas/fG\"}","timestamp":"2022-08-18 13:15:59"}
{"level":"\u001b[34minfo\u001b[39m","message":"User (2f24vvg) uploaded a file: {\"file-upload\":{\"size\":927272,\"path\":\"C:\\\\develop\\\\nodejs\\\\projects\\\\aitam\\\\work\\\\ace0170c-05de-4a65-917a-344639a87a2d.xml\",\"name\":\"teste_EN (6).xml\",\"type\":\"text/xml\",\"mtime\":\"2022-08-18T13:16:06.172Z\"}}","timestamp":"2022-08-18 13:16:06"}
{"level":"\u001b[34minfo\u001b[39m","message":"garbage collector started on path: C:\\develop\\nodejs\\projects\\aitam\\work\\","timestamp":"2022-08-18 13:26:21"}
{"level":"\u001b[34minfo\u001b[39m","message":"req.user: undefined","timestamp":"2022-08-18 13:27:27"}
{"level":"\u001b[34minfo\u001b[39m","message":"Session id started: {\"user\":\"2f24vvg\"}","timestamp":"2022-08-18 13:27:27"}
{"level":"\u001b[34minfo\u001b[39m","message":"User logged in: {\"id\":\"2f24vvg\",\"email\":\"test@test.com\",\"password\":\"$2a$10$A2g6pbxxhLA9MNYRJ0rnzOf/7Ara76B0KcRdjzUcsIBIclRuas/fG\"}","timestamp":"2022-08-18 13:27:27"}
{"level":"\u001b[34minfo\u001b[39m","message":"User (2f24vvg) uploaded a file: {\"file-upload\":{\"size\":465587,\"path\":\"C:\\\\develop\\\\nodejs\\\\projects\\\\aitam\\\\work\\\\969f108c-1ef8-4afe-887c-386933700c11.xml\",\"name\":\"ATK-SIGTAS.xml\",\"type\":\"text/xml\",\"mtime\":\"2022-08-18T13:27:31.742Z\"}}","timestamp":"2022-08-18 13:27:31"}
{"level":"\u001b[34minfo\u001b[39m","message":"garbage collector started on path: C:\\develop\\nodejs\\projects\\aitam\\work\\","timestamp":"2022-08-18 13:42:11"}
{"level":"\u001b[34minfo\u001b[39m","message":"garbage collector started on path: C:\\develop\\nodejs\\projects\\aitam\\work\\","timestamp":"2022-08-18 13:44:58"}
{"level":"\u001b[34minfo\u001b[39m","message":"garbage collector started on path: C:\\develop\\nodejs\\projects\\aitam\\work\\","timestamp":"2022-08-18 13:45:45"}
{"level":"\u001b[34minfo\u001b[39m","message":"req.user: undefined","timestamp":"2022-08-18 13:46:35"}
{"level":"\u001b[34minfo\u001b[39m","message":"Session id started: {\"user\":\"2f24vvg\"}","timestamp":"2022-08-18 13:46:35"}
{"level":"\u001b[34minfo\u001b[39m","message":"User logged in: {\"id\":\"2f24vvg\",\"email\":\"test@test.com\",\"password\":\"$2a$10$A2g6pbxxhLA9MNYRJ0rnzOf/7Ara76B0KcRdjzUcsIBIclRuas/fG\"}","timestamp":"2022-08-18 13:46:35"}
{"level":"\u001b[34minfo\u001b[39m","message":"User (2f24vvg) uploaded a file: {\"file-upload\":{\"size\":927272,\"path\":\"C:\\\\develop\\\\nodejs\\\\projects\\\\aitam\\\\work\\\\8a29ea45-c850-4f67-a0f7-da8e860bf089.xml\",\"name\":\"teste_EN (6).xml\",\"type\":\"text/xml\",\"mtime\":\"2022-08-18T13:46:41.680Z\"}}","timestamp":"2022-08-18 13:46:41"}
{"level":"\u001b[34minfo\u001b[39m","message":"garbage collector started on path: C:\\develop\\nodejs\\projects\\aitam\\work\\","timestamp":"2022-08-18 14:01:45"}
{"level":"\u001b[34minfo\u001b[39m","message":"garbage collector started on path: C:\\develop\\nodejs\\projects\\aitam\\work\\","timestamp":"2022-08-18 14:01:49"}
{"level":"\u001b[34minfo\u001b[39m","message":"garbage collector started on path: C:\\develop\\nodejs\\projects\\aitam\\work\\","timestamp":"2022-08-18 14:04:21"}
{"level":"\u001b[34minfo\u001b[39m","message":"Session created received the id:068600f8-8c51-434f-acaf-a3251f1b4781","timestamp":"2022-08-18 14:04:25"}
{"level":"\u001b[34minfo\u001b[39m","message":"garbage collector started on path: C:\\develop\\nodejs\\projects\\aitam\\work\\","timestamp":"2022-08-18 14:04:27"}
{"level":"\u001b[34minfo\u001b[39m","message":"Session created received the id:086e7a22-2de1-44d9-871f-28c2fc9aadeb","timestamp":"2022-08-18 14:04:30"}
{"level":"\u001b[34minfo\u001b[39m","message":"req.user: undefined","timestamp":"2022-08-18 14:04:39"}
{"level":"\u001b[34minfo\u001b[39m","message":"Session id started: {\"user\":\"2f24vvg\"}","timestamp":"2022-08-18 14:04:39"}
{"level":"\u001b[34minfo\u001b[39m","message":"User logged in: {\"id\":\"2f24vvg\",\"email\":\"test@test.com\",\"password\":\"$2a$10$A2g6pbxxhLA9MNYRJ0rnzOf/7Ara76B0KcRdjzUcsIBIclRuas/fG\"}","timestamp":"2022-08-18 14:04:39"}
{"level":"\u001b[34minfo\u001b[39m","message":"User (2f24vvg) uploaded a file: {\"file-upload\":{\"size\":927272,\"path\":\"C:\\\\develop\\\\nodejs\\\\projects\\\\aitam\\\\work\\\\a34a4635-39e1-439d-a247-fa24ee50f9b8.xml\",\"name\":\"teste_EN (6).xml\",\"type\":\"text/xml\",\"mtime\":\"2022-08-18T14:04:45.713Z\"}}","timestamp":"2022-08-18 14:04:45"}
{"level":"\u001b[34minfo\u001b[39m","message":"garbage collector started on path: C:\\develop\\nodejs\\projects\\aitam\\work\\","timestamp":"2022-08-18 14:04:51"}
{"level":"\u001b[34minfo\u001b[39m","message":"req.user: undefined","timestamp":"2022-08-18 14:05:05"}
{"level":"\u001b[34minfo\u001b[39m","message":"Session id started: {\"user\":\"2f24vvg\"}","timestamp":"2022-08-18 14:05:05"}
{"level":"\u001b[34minfo\u001b[39m","message":"User logged in: {\"id\":\"2f24vvg\",\"email\":\"test@test.com\",\"password\":\"$2a$10$A2g6pbxxhLA9MNYRJ0rnzOf/7Ara76B0KcRdjzUcsIBIclRuas/fG\"}","timestamp":"2022-08-18 14:05:05"}
{"level":"\u001b[34minfo\u001b[39m","message":"User (2f24vvg) uploaded a file: {\"file-upload\":{\"size\":927272,\"path\":\"C:\\\\develop\\\\nodejs\\\\projects\\\\aitam\\\\work\\\\5034dd12-e5d4-4585-b059-1b91c52fda3d.xml\",\"name\":\"teste_EN (6).xml\",\"type\":\"text/xml\",\"mtime\":\"2022-08-18T14:05:11.308Z\"}}","timestamp":"2022-08-18 14:05:11"}
{"level":"\u001b[34minfo\u001b[39m","message":"garbage collector started on path: C:\\develop\\nodejs\\projects\\aitam\\work\\","timestamp":"2022-08-18 14:14:43"}
{"level":"\u001b[34minfo\u001b[39m","message":"Session created received the id:c8752c80-7134-4ab9-a67d-1c852c045e67","timestamp":"2022-08-18 14:14:49"}
{"level":"\u001b[34minfo\u001b[39m","message":"req.user: undefined","timestamp":"2022-08-18 14:14:57"}
{"level":"\u001b[34minfo\u001b[39m","message":"Session id started: {\"user\":\"2f24vvg\"}","timestamp":"2022-08-18 14:14:57"}
{"level":"\u001b[34minfo\u001b[39m","message":"User logged in: {\"id\":\"2f24vvg\",\"email\":\"test@test.com\",\"password\":\"$2a$10$A2g6pbxxhLA9MNYRJ0rnzOf/7Ara76B0KcRdjzUcsIBIclRuas/fG\"}","timestamp":"2022-08-18 14:14:57"}
{"level":"\u001b[34minfo\u001b[39m","message":"User (2f24vvg) uploaded a file: {\"file-upload\":{\"size\":927272,\"path\":\"C:\\\\develop\\\\nodejs\\\\projects\\\\aitam\\\\work\\\\fa4669f9-ef65-4b31-b365-1143e5bde527.xml\",\"name\":\"teste_EN (6).xml\",\"type\":\"text/xml\",\"mtime\":\"2022-08-18T14:15:02.601Z\"}}","timestamp":"2022-08-18 14:15:02"}
{"level":"\u001b[34minfo\u001b[39m","message":"garbage collector started on path: C:\\develop\\nodejs\\projects\\aitam\\work\\","timestamp":"2022-08-18 14:19:21"}
{"level":"\u001b[34minfo\u001b[39m","message":"garbage collector started on path: C:\\develop\\nodejs\\projects\\aitam\\work\\","timestamp":"2022-08-18 14:21:20"}
{"level":"\u001b[34minfo\u001b[39m","message":"Session created received the id:c3e24332-0331-41fe-883d-e858cd6fcd60","timestamp":"2022-08-18 14:27:53"}
{"level":"\u001b[34minfo\u001b[39m","message":"req.user: undefined","timestamp":"2022-08-18 14:28:01"}
{"level":"\u001b[34minfo\u001b[39m","message":"Session id started: {\"user\":\"2f24vvg\"}","timestamp":"2022-08-18 14:28:01"}
{"level":"\u001b[34minfo\u001b[39m","message":"User logged in: {\"id\":\"2f24vvg\",\"email\":\"test@test.com\",\"password\":\"$2a$10$A2g6pbxxhLA9MNYRJ0rnzOf/7Ara76B0KcRdjzUcsIBIclRuas/fG\"}","timestamp":"2022-08-18 14:28:01"}
{"level":"\u001b[34minfo\u001b[39m","message":"User (2f24vvg) uploaded a file: {\"file-upload\":{\"size\":927272,\"path\":\"C:\\\\develop\\\\nodejs\\\\projects\\\\aitam\\\\work\\\\503c92a3-19be-48f5-b651-6731c893d4fd.xml\",\"name\":\"teste_EN (6).xml\",\"type\":\"text/xml\",\"mtime\":\"2022-08-18T14:28:06.997Z\"}}","timestamp":"2022-08-18 14:28:07"}
{"level":"\u001b[34minfo\u001b[39m","message":"garbage collector started on path: C:\\develop\\nodejs\\projects\\aitam\\work\\","timestamp":"2022-08-18 14:29:23"}
{"level":"\u001b[34minfo\u001b[39m","message":"garbage collector started on path: C:\\develop\\nodejs\\projects\\aitam\\work\\","timestamp":"2022-08-18 14:30:09"}
{"level":"\u001b[34minfo\u001b[39m","message":"garbage collector started on path: C:\\develop\\nodejs\\projects\\aitam\\work\\","timestamp":"2022-08-18 14:30:39"}
{"level":"\u001b[34minfo\u001b[39m","message":"Session created received the id:9deea720-7c0b-48e5-82cd-3e2b24c68c93","timestamp":"2022-08-18 14:30:46"}
{"level":"\u001b[34minfo\u001b[39m","message":"req.user: undefined","timestamp":"2022-08-18 14:30:53"}
{"level":"\u001b[34minfo\u001b[39m","message":"Session id started: {\"user\":\"2f24vvg\"}","timestamp":"2022-08-18 14:30:53"}
{"level":"\u001b[34minfo\u001b[39m","message":"User logged in: {\"id\":\"2f24vvg\",\"email\":\"test@test.com\",\"password\":\"$2a$10$A2g6pbxxhLA9MNYRJ0rnzOf/7Ara76B0KcRdjzUcsIBIclRuas/fG\"}","timestamp":"2022-08-18 14:30:53"}
{"level":"\u001b[34minfo\u001b[39m","message":"User (2f24vvg) uploaded a file: {\"file-upload\":{\"size\":927272,\"path\":\"C:\\\\develop\\\\nodejs\\\\projects\\\\aitam\\\\work\\\\7b1a15a5-e156-4a5d-b49f-2e33ae2a8c21.xml\",\"name\":\"teste_EN (6).xml\",\"type\":\"text/xml\",\"mtime\":\"2022-08-18T14:31:08.035Z\"}}","timestamp":"2022-08-18 14:31:08"}
{"level":"\u001b[34minfo\u001b[39m","message":"User (2f24vvg) uploaded a file: {\"file-upload\":{\"size\":465587,\"path\":\"C:\\\\develop\\\\nodejs\\\\projects\\\\aitam\\\\work\\\\7b1a15a5-e156-4a5d-b49f-2e33ae2a8c21.xml\",\"name\":\"ATK-SIGTAS.xml\",\"type\":\"text/xml\",\"mtime\":\"2022-08-18T14:31:56.710Z\"}}","timestamp":"2022-08-18 14:31:56"}
{"level":"\u001b[34minfo\u001b[39m","message":"User (2f24vvg) uploaded a file: {\"file-upload\":{\"size\":467133,\"path\":\"C:\\\\develop\\\\nodejs\\\\projects\\\\aitam\\\\work\\\\7b1a15a5-e156-4a5d-b49f-2e33ae2a8c21.xml\",\"name\":\"KAS.xml\",\"type\":\"text/xml\",\"mtime\":\"2022-08-18T14:32:30.010Z\"}}","timestamp":"2022-08-18 14:32:30"}
{"level":"\u001b[34minfo\u001b[39m","message":"garbage collector started on path: C:\\develop\\nodejs\\projects\\aitam\\work\\","timestamp":"2022-08-18 14:41:34"}
{"level":"\u001b[34minfo\u001b[39m","message":"Session created received the id:b10aca44-3119-4540-8064-9473042f8690","timestamp":"2022-08-18 14:41:36"}
{"level":"\u001b[34minfo\u001b[39m","message":"req.user: undefined","timestamp":"2022-08-18 14:41:43"}
{"level":"\u001b[34minfo\u001b[39m","message":"Session id started: {\"user\":\"2f24vvg\"}","timestamp":"2022-08-18 14:41:43"}
{"level":"\u001b[34minfo\u001b[39m","message":"User logged in: {\"id\":\"2f24vvg\",\"email\":\"test@test.com\",\"password\":\"$2a$10$A2g6pbxxhLA9MNYRJ0rnzOf/7Ara76B0KcRdjzUcsIBIclRuas/fG\"}","timestamp":"2022-08-18 14:41:43"}
{"level":"\u001b[34minfo\u001b[39m","message":"User (2f24vvg) uploaded a file: {\"file-upload\":{\"size\":465587,\"path\":\"C:\\\\develop\\\\nodejs\\\\projects\\\\aitam\\\\work\\\\1c302b21-8604-45a0-83cd-c6b5e5aa0755.xml\",\"name\":\"ATK-SIGTAS.xml\",\"type\":\"text/xml\",\"mtime\":\"2022-08-18T14:41:48.383Z\"}}","timestamp":"2022-08-18 14:41:48"}
{"level":"\u001b[34minfo\u001b[39m","message":"garbage collector started on path: C:\\develop\\nodejs\\projects\\aitam\\work\\","timestamp":"2022-08-18 15:03:51"}
{"level":"\u001b[34minfo\u001b[39m","message":"garbage collector started on path: C:\\develop\\nodejs\\projects\\aitam\\work\\","timestamp":"2022-08-18 15:03:54"}
{"level":"\u001b[34minfo\u001b[39m","message":"Session created received the id:ee3b5c5e-a65b-4b93-a31c-2733d7659a3b","timestamp":"2022-08-18 15:03:57"}
{"level":"\u001b[34minfo\u001b[39m","message":"req.user: undefined","timestamp":"2022-08-18 15:04:05"}
{"level":"\u001b[34minfo\u001b[39m","message":"Session id started: {\"user\":\"2f24vvg\"}","timestamp":"2022-08-18 15:04:05"}
{"level":"\u001b[34minfo\u001b[39m","message":"User logged in: {\"id\":\"2f24vvg\",\"email\":\"test@test.com\",\"password\":\"$2a$10$A2g6pbxxhLA9MNYRJ0rnzOf/7Ara76B0KcRdjzUcsIBIclRuas/fG\"}","timestamp":"2022-08-18 15:04:05"}
{"level":"\u001b[34minfo\u001b[39m","message":"User (2f24vvg) uploaded a file: {\"file-upload\":{\"size\":465587,\"path\":\"C:\\\\develop\\\\nodejs\\\\projects\\\\aitam\\\\work\\\\9e75fa96-10c6-4394-8f6a-7602cb6fa2d9.xml\",\"name\":\"ATK-SIGTAS.xml\",\"type\":\"text/xml\",\"mtime\":\"2022-08-18T15:04:10.870Z\"}}","timestamp":"2022-08-18 15:04:11"}
{"level":"\u001b[34minfo\u001b[39m","message":"garbage collector started on path: C:\\develop\\nodejs\\projects\\aitam\\work\\","timestamp":"2022-08-18 15:05:19"}
{"level":"\u001b[34minfo\u001b[39m","message":"garbage collector started on path: C:\\develop\\nodejs\\projects\\aitam\\work\\","timestamp":"2022-08-18 15:06:43"}
{"level":"\u001b[34minfo\u001b[39m","message":"garbage collector started on path: C:\\develop\\nodejs\\projects\\aitam\\work\\","timestamp":"2022-08-18 15:07:00"}
{"level":"\u001b[34minfo\u001b[39m","message":"garbage collector started on path: C:\\develop\\nodejs\\projects\\aitam\\work\\","timestamp":"2022-08-18 15:14:01"}
