{"level":"\u001b[34minfo\u001b[39m","message":"garbage collector started on path: C:\\develop\\nodejs\\projects\\aitam\\work\\","timestamp":"2022-08-23 18:39:59"}
{"level":"\u001b[34minfo\u001b[39m","message":"garbage collector started on path: C:\\develop\\nodejs\\projects\\aitam\\work\\","timestamp":"2022-08-23 18:40:02"}
{"level":"\u001b[34minfo\u001b[39m","message":"Session created received the id:53e4172a-0ab9-4833-b42e-35ddb66d83ec","timestamp":"2022-08-23 18:40:40"}
{"level":"\u001b[34minfo\u001b[39m","message":"garbage collector started on path: C:\\develop\\nodejs\\projects\\aitam\\work\\","timestamp":"2022-08-23 18:40:43"}
{"level":"\u001b[34minfo\u001b[39m","message":"Session created received the id:e1863645-070b-400a-9f5b-62121616626f","timestamp":"2022-08-23 18:40:45"}
{"level":"\u001b[34minfo\u001b[39m","message":"garbage collector started on path: C:\\develop\\nodejs\\projects\\aitam\\work\\","timestamp":"2022-08-23 18:40:49"}
{"level":"\u001b[33mwarn\u001b[39m","message":"404 - Not Found","timestamp":"2022-08-23 18:40:54"}
{"level":"\u001b[34minfo\u001b[39m","message":"req.user: undefined","timestamp":"2022-08-23 18:41:02"}
{"level":"\u001b[34minfo\u001b[39m","message":"Session id started: {\"user\":\"2f24vvg\"}","timestamp":"2022-08-23 18:41:02"}
{"level":"\u001b[34minfo\u001b[39m","message":"User logged in: {\"id\":\"2f24vvg\",\"email\":\"test@test.com\",\"password\":\"$2a$10$A2g6pbxxhLA9MNYRJ0rnzOf/7Ara76B0KcRdjzUcsIBIclRuas/fG\"}","timestamp":"2022-08-23 18:41:02"}
{"level":"\u001b[34minfo\u001b[39m","message":"User (2f24vvg) uploaded a file: {\"file-upload\":{\"size\":927272,\"path\":\"C:\\\\develop\\\\nodejs\\\\projects\\\\aitam\\\\work\\\\40dd61de-7164-4c76-9d1e-a764e96c5b52.xml\",\"name\":\"teste_EN (6).xml\",\"type\":\"text/xml\",\"mtime\":\"2022-08-23T18:41:12.729Z\"}}","timestamp":"2022-08-23 18:41:12"}
{"level":"\u001b[34minfo\u001b[39m","message":"document (plan list) generation error:  TypeError: Cannot read property 'position' of undefined","timestamp":"2022-08-23 18:42:50"}
{"level":"\u001b[34minfo\u001b[39m","message":"Session created received the id:40dd61de-7164-4c76-9d1e-a764e96c5b52","timestamp":"2022-08-23 18:43:10"}
{"level":"\u001b[34minfo\u001b[39m","message":"User (2f24vvg) uploaded a file: {\"file-upload\":{\"size\":927272,\"path\":\"C:\\\\develop\\\\nodejs\\\\projects\\\\aitam\\\\work\\\\40dd61de-7164-4c76-9d1e-a764e96c5b52.xml\",\"name\":\"teste_EN (6).xml\",\"type\":\"text/xml\",\"mtime\":\"2022-08-23T18:43:25.911Z\"}}","timestamp":"2022-08-23 18:43:26"}
{"level":"\u001b[34minfo\u001b[39m","message":"document (plan list) generation error:  TypeError: Cannot read property 'position' of undefined","timestamp":"2022-08-23 18:43:39"}
{"level":"\u001b[34minfo\u001b[39m","message":"garbage collector started on path: C:\\develop\\nodejs\\projects\\aitam\\work\\","timestamp":"2022-08-23 18:45:30"}
{"level":"\u001b[34minfo\u001b[39m","message":"garbage collector deleted  1ae41309-3a58-491f-8160-b65fe7f50569.xml on folder: C:\\develop\\nodejs\\projects\\aitam\\work\\, path: C:\\develop\\nodejs\\projects\\aitam\\work\\1ae41309-3a58-491f-8160-b65fe7f50569.xml","timestamp":"2022-08-23 18:45:32"}
{"level":"\u001b[34minfo\u001b[39m","message":"garbage collector deleted  1ae41309-3a58-491f-8160-b65fe7f50569.src on folder: C:\\develop\\nodejs\\projects\\aitam\\work\\, path: C:\\develop\\nodejs\\projects\\aitam\\work\\1ae41309-3a58-491f-8160-b65fe7f50569.src","timestamp":"2022-08-23 18:45:32"}
{"level":"\u001b[34minfo\u001b[39m","message":"garbage collector deleted  1c302b21-8604-45a0-83cd-c6b5e5aa0755.xml on folder: C:\\develop\\nodejs\\projects\\aitam\\work\\, path: C:\\develop\\nodejs\\projects\\aitam\\work\\1c302b21-8604-45a0-83cd-c6b5e5aa0755.xml","timestamp":"2022-08-23 18:45:32"}
{"level":"\u001b[34minfo\u001b[39m","message":"garbage collector deleted  1c8e8005-8beb-418f-a695-6381d4c77721.xlsx on folder: C:\\develop\\nodejs\\projects\\aitam\\work\\, path: C:\\develop\\nodejs\\projects\\aitam\\work\\1c8e8005-8beb-418f-a695-6381d4c77721.xlsx","timestamp":"2022-08-23 18:45:32"}
{"level":"\u001b[34minfo\u001b[39m","message":"garbage collector deleted  1c8e8005-8beb-418f-a695-6381d4c77721.xml on folder: C:\\develop\\nodejs\\projects\\aitam\\work\\, path: C:\\develop\\nodejs\\projects\\aitam\\work\\1c8e8005-8beb-418f-a695-6381d4c77721.xml","timestamp":"2022-08-23 18:45:32"}
{"level":"\u001b[34minfo\u001b[39m","message":"garbage collector deleted  2e401d6c-1692-4e32-a4e6-c4b4c761d2e6.xlsx on folder: C:\\develop\\nodejs\\projects\\aitam\\work\\, path: C:\\develop\\nodejs\\projects\\aitam\\work\\2e401d6c-1692-4e32-a4e6-c4b4c761d2e6.xlsx","timestamp":"2022-08-23 18:45:32"}
{"level":"\u001b[34minfo\u001b[39m","message":"garbage collector deleted  2e401d6c-1692-4e32-a4e6-c4b4c761d2e6.xml on folder: C:\\develop\\nodejs\\projects\\aitam\\work\\, path: C:\\develop\\nodejs\\projects\\aitam\\work\\2e401d6c-1692-4e32-a4e6-c4b4c761d2e6.xml","timestamp":"2022-08-23 18:45:32"}
{"level":"\u001b[34minfo\u001b[39m","message":"garbage collector deleted  3b8bbec9-ea33-4bc7-9578-8f30a2b3e616.xlsx on folder: C:\\develop\\nodejs\\projects\\aitam\\work\\, path: C:\\develop\\nodejs\\projects\\aitam\\work\\3b8bbec9-ea33-4bc7-9578-8f30a2b3e616.xlsx","timestamp":"2022-08-23 18:45:32"}
{"level":"\u001b[34minfo\u001b[39m","message":"garbage collector deleted  3b8bbec9-ea33-4bc7-9578-8f30a2b3e616.xml on folder: C:\\develop\\nodejs\\projects\\aitam\\work\\, path: C:\\develop\\nodejs\\projects\\aitam\\work\\3b8bbec9-ea33-4bc7-9578-8f30a2b3e616.xml","timestamp":"2022-08-23 18:45:32"}
{"level":"\u001b[34minfo\u001b[39m","message":"garbage collector deleted  5034dd12-e5d4-4585-b059-1b91c52fda3d.src on folder: C:\\develop\\nodejs\\projects\\aitam\\work\\, path: C:\\develop\\nodejs\\projects\\aitam\\work\\5034dd12-e5d4-4585-b059-1b91c52fda3d.src","timestamp":"2022-08-23 18:45:32"}
{"level":"\u001b[34minfo\u001b[39m","message":"garbage collector deleted  5034dd12-e5d4-4585-b059-1b91c52fda3d.tkn on folder: C:\\develop\\nodejs\\projects\\aitam\\work\\, path: C:\\develop\\nodejs\\projects\\aitam\\work\\5034dd12-e5d4-4585-b059-1b91c52fda3d.tkn","timestamp":"2022-08-23 18:45:32"}
{"level":"\u001b[34minfo\u001b[39m","message":"garbage collector deleted  1ae41309-3a58-491f-8160-b65fe7f50569.tkn on folder: C:\\develop\\nodejs\\projects\\aitam\\work\\, path: C:\\develop\\nodejs\\projects\\aitam\\work\\1ae41309-3a58-491f-8160-b65fe7f50569.tkn","timestamp":"2022-08-23 18:45:32"}
{"level":"\u001b[34minfo\u001b[39m","message":"garbage collector deleted  5034dd12-e5d4-4585-b059-1b91c52fda3d.vec on folder: C:\\develop\\nodejs\\projects\\aitam\\work\\, path: C:\\develop\\nodejs\\projects\\aitam\\work\\5034dd12-e5d4-4585-b059-1b91c52fda3d.vec","timestamp":"2022-08-23 18:45:32"}
{"level":"\u001b[34minfo\u001b[39m","message":"garbage collector deleted  5034dd12-e5d4-4585-b059-1b91c52fda3d.xml on folder: C:\\develop\\nodejs\\projects\\aitam\\work\\, path: C:\\develop\\nodejs\\projects\\aitam\\work\\5034dd12-e5d4-4585-b059-1b91c52fda3d.xml","timestamp":"2022-08-23 18:45:32"}
{"level":"\u001b[34minfo\u001b[39m","message":"garbage collector deleted  503c92a3-19be-48f5-b651-6731c893d4fd.src on folder: C:\\develop\\nodejs\\projects\\aitam\\work\\, path: C:\\develop\\nodejs\\projects\\aitam\\work\\503c92a3-19be-48f5-b651-6731c893d4fd.src","timestamp":"2022-08-23 18:45:32"}
{"level":"\u001b[34minfo\u001b[39m","message":"garbage collector deleted  503c92a3-19be-48f5-b651-6731c893d4fd.vec on folder: C:\\develop\\nodejs\\projects\\aitam\\work\\, path: C:\\develop\\nodejs\\projects\\aitam\\work\\503c92a3-19be-48f5-b651-6731c893d4fd.vec","timestamp":"2022-08-23 18:45:32"}
{"level":"\u001b[34minfo\u001b[39m","message":"garbage collector deleted  503c92a3-19be-48f5-b651-6731c893d4fd.tkn on folder: C:\\develop\\nodejs\\projects\\aitam\\work\\, path: C:\\develop\\nodejs\\projects\\aitam\\work\\503c92a3-19be-48f5-b651-6731c893d4fd.tkn","timestamp":"2022-08-23 18:45:32"}
{"level":"\u001b[34minfo\u001b[39m","message":"garbage collector deleted  503c92a3-19be-48f5-b651-6731c893d4fd.xml on folder: C:\\develop\\nodejs\\projects\\aitam\\work\\, path: C:\\develop\\nodejs\\projects\\aitam\\work\\503c92a3-19be-48f5-b651-6731c893d4fd.xml","timestamp":"2022-08-23 18:45:32"}
{"level":"\u001b[34minfo\u001b[39m","message":"garbage collector deleted  66d2bd72-1c07-4479-88cd-c4c99632d1fc.src on folder: C:\\develop\\nodejs\\projects\\aitam\\work\\, path: C:\\develop\\nodejs\\projects\\aitam\\work\\66d2bd72-1c07-4479-88cd-c4c99632d1fc.src","timestamp":"2022-08-23 18:45:32"}
{"level":"\u001b[34minfo\u001b[39m","message":"garbage collector deleted  66d2bd72-1c07-4479-88cd-c4c99632d1fc.xml on folder: C:\\develop\\nodejs\\projects\\aitam\\work\\, path: C:\\develop\\nodejs\\projects\\aitam\\work\\66d2bd72-1c07-4479-88cd-c4c99632d1fc.xml","timestamp":"2022-08-23 18:45:32"}
{"level":"\u001b[34minfo\u001b[39m","message":"garbage collector deleted  66d2bd72-1c07-4479-88cd-c4c99632d1fc.tkn on folder: C:\\develop\\nodejs\\projects\\aitam\\work\\, path: C:\\develop\\nodejs\\projects\\aitam\\work\\66d2bd72-1c07-4479-88cd-c4c99632d1fc.tkn","timestamp":"2022-08-23 18:45:32"}
{"level":"\u001b[34minfo\u001b[39m","message":"garbage collector deleted  66d2bd72-1c07-4479-88cd-c4c99632d1fc.vec on folder: C:\\develop\\nodejs\\projects\\aitam\\work\\, path: C:\\develop\\nodejs\\projects\\aitam\\work\\66d2bd72-1c07-4479-88cd-c4c99632d1fc.vec","timestamp":"2022-08-23 18:45:32"}
{"level":"\u001b[34minfo\u001b[39m","message":"garbage collector deleted  6acde839-7968-4e90-bad0-71930ca9f3f7.xlsx on folder: C:\\develop\\nodejs\\projects\\aitam\\work\\, path: C:\\develop\\nodejs\\projects\\aitam\\work\\6acde839-7968-4e90-bad0-71930ca9f3f7.xlsx","timestamp":"2022-08-23 18:45:32"}
{"level":"\u001b[34minfo\u001b[39m","message":"garbage collector deleted  6acde839-7968-4e90-bad0-71930ca9f3f7.xml on folder: C:\\develop\\nodejs\\projects\\aitam\\work\\, path: C:\\develop\\nodejs\\projects\\aitam\\work\\6acde839-7968-4e90-bad0-71930ca9f3f7.xml","timestamp":"2022-08-23 18:45:32"}
{"level":"\u001b[34minfo\u001b[39m","message":"garbage collector deleted  6d297509-969b-4279-b3c8-afde756e0af2.src on folder: C:\\develop\\nodejs\\projects\\aitam\\work\\, path: C:\\develop\\nodejs\\projects\\aitam\\work\\6d297509-969b-4279-b3c8-afde756e0af2.src","timestamp":"2022-08-23 18:45:32"}
{"level":"\u001b[34minfo\u001b[39m","message":"garbage collector deleted  6d297509-969b-4279-b3c8-afde756e0af2.vec on folder: C:\\develop\\nodejs\\projects\\aitam\\work\\, path: C:\\develop\\nodejs\\projects\\aitam\\work\\6d297509-969b-4279-b3c8-afde756e0af2.vec","timestamp":"2022-08-23 18:45:32"}
{"level":"\u001b[34minfo\u001b[39m","message":"garbage collector deleted  6d297509-969b-4279-b3c8-afde756e0af2.xml on folder: C:\\develop\\nodejs\\projects\\aitam\\work\\, path: C:\\develop\\nodejs\\projects\\aitam\\work\\6d297509-969b-4279-b3c8-afde756e0af2.xml","timestamp":"2022-08-23 18:45:32"}
{"level":"\u001b[34minfo\u001b[39m","message":"garbage collector deleted  1ae41309-3a58-491f-8160-b65fe7f50569.vec on folder: C:\\develop\\nodejs\\projects\\aitam\\work\\, path: C:\\develop\\nodejs\\projects\\aitam\\work\\1ae41309-3a58-491f-8160-b65fe7f50569.vec","timestamp":"2022-08-23 18:45:32"}
{"level":"\u001b[34minfo\u001b[39m","message":"garbage collector deleted  72c7b2e9-745d-45e4-8978-b2f7b5692f6e.vec on folder: C:\\develop\\nodejs\\projects\\aitam\\work\\, path: C:\\develop\\nodejs\\projects\\aitam\\work\\72c7b2e9-745d-45e4-8978-b2f7b5692f6e.vec","timestamp":"2022-08-23 18:45:32"}
{"level":"\u001b[34minfo\u001b[39m","message":"garbage collector deleted  6d297509-969b-4279-b3c8-afde756e0af2.tkn on folder: C:\\develop\\nodejs\\projects\\aitam\\work\\, path: C:\\develop\\nodejs\\projects\\aitam\\work\\6d297509-969b-4279-b3c8-afde756e0af2.tkn","timestamp":"2022-08-23 18:45:32"}
{"level":"\u001b[34minfo\u001b[39m","message":"garbage collector deleted  72c7b2e9-745d-45e4-8978-b2f7b5692f6e.src on folder: C:\\develop\\nodejs\\projects\\aitam\\work\\, path: C:\\develop\\nodejs\\projects\\aitam\\work\\72c7b2e9-745d-45e4-8978-b2f7b5692f6e.src","timestamp":"2022-08-23 18:45:32"}
{"level":"\u001b[34minfo\u001b[39m","message":"garbage collector deleted  72c7b2e9-745d-45e4-8978-b2f7b5692f6e.xml on folder: C:\\develop\\nodejs\\projects\\aitam\\work\\, path: C:\\develop\\nodejs\\projects\\aitam\\work\\72c7b2e9-745d-45e4-8978-b2f7b5692f6e.xml","timestamp":"2022-08-23 18:45:32"}
{"level":"\u001b[34minfo\u001b[39m","message":"garbage collector deleted  7b1a15a5-e156-4a5d-b49f-2e33ae2a8c21.src on folder: C:\\develop\\nodejs\\projects\\aitam\\work\\, path: C:\\develop\\nodejs\\projects\\aitam\\work\\7b1a15a5-e156-4a5d-b49f-2e33ae2a8c21.src","timestamp":"2022-08-23 18:45:32"}
{"level":"\u001b[34minfo\u001b[39m","message":"garbage collector deleted  7b1a15a5-e156-4a5d-b49f-2e33ae2a8c21.vec on folder: C:\\develop\\nodejs\\projects\\aitam\\work\\, path: C:\\develop\\nodejs\\projects\\aitam\\work\\7b1a15a5-e156-4a5d-b49f-2e33ae2a8c21.vec","timestamp":"2022-08-23 18:45:32"}
{"level":"\u001b[34minfo\u001b[39m","message":"garbage collector deleted  8a29ea45-c850-4f67-a0f7-da8e860bf089.src on folder: C:\\develop\\nodejs\\projects\\aitam\\work\\, path: C:\\develop\\nodejs\\projects\\aitam\\work\\8a29ea45-c850-4f67-a0f7-da8e860bf089.src","timestamp":"2022-08-23 18:45:32"}
{"level":"\u001b[34minfo\u001b[39m","message":"garbage collector deleted  72c7b2e9-745d-45e4-8978-b2f7b5692f6e.tkn on folder: C:\\develop\\nodejs\\projects\\aitam\\work\\, path: C:\\develop\\nodejs\\projects\\aitam\\work\\72c7b2e9-745d-45e4-8978-b2f7b5692f6e.tkn","timestamp":"2022-08-23 18:45:32"}
{"level":"\u001b[34minfo\u001b[39m","message":"garbage collector deleted  7b1a15a5-e156-4a5d-b49f-2e33ae2a8c21.tkn on folder: C:\\develop\\nodejs\\projects\\aitam\\work\\, path: C:\\develop\\nodejs\\projects\\aitam\\work\\7b1a15a5-e156-4a5d-b49f-2e33ae2a8c21.tkn","timestamp":"2022-08-23 18:45:32"}
{"level":"\u001b[34minfo\u001b[39m","message":"garbage collector deleted  8a29ea45-c850-4f67-a0f7-da8e860bf089.vec on folder: C:\\develop\\nodejs\\projects\\aitam\\work\\, path: C:\\develop\\nodejs\\projects\\aitam\\work\\8a29ea45-c850-4f67-a0f7-da8e860bf089.vec","timestamp":"2022-08-23 18:45:32"}
{"level":"\u001b[34minfo\u001b[39m","message":"garbage collector deleted  8a29ea45-c850-4f67-a0f7-da8e860bf089.xml on folder: C:\\develop\\nodejs\\projects\\aitam\\work\\, path: C:\\develop\\nodejs\\projects\\aitam\\work\\8a29ea45-c850-4f67-a0f7-da8e860bf089.xml","timestamp":"2022-08-23 18:45:32"}
{"level":"\u001b[34minfo\u001b[39m","message":"garbage collector deleted  969f108c-1ef8-4afe-887c-386933700c11.xml on folder: C:\\develop\\nodejs\\projects\\aitam\\work\\, path: C:\\develop\\nodejs\\projects\\aitam\\work\\969f108c-1ef8-4afe-887c-386933700c11.xml","timestamp":"2022-08-23 18:45:32"}
{"level":"\u001b[34minfo\u001b[39m","message":"garbage collector deleted  8a29ea45-c850-4f67-a0f7-da8e860bf089.tkn on folder: C:\\develop\\nodejs\\projects\\aitam\\work\\, path: C:\\develop\\nodejs\\projects\\aitam\\work\\8a29ea45-c850-4f67-a0f7-da8e860bf089.tkn","timestamp":"2022-08-23 18:45:32"}
{"level":"\u001b[34minfo\u001b[39m","message":"garbage collector deleted  9869b4a8-22c8-4d1e-bc9f-2309b7f03ef1.xml on folder: C:\\develop\\nodejs\\projects\\aitam\\work\\, path: C:\\develop\\nodejs\\projects\\aitam\\work\\9869b4a8-22c8-4d1e-bc9f-2309b7f03ef1.xml","timestamp":"2022-08-23 18:45:32"}
{"level":"\u001b[34minfo\u001b[39m","message":"garbage collector deleted  9869b4a8-22c8-4d1e-bc9f-2309b7f03ef1.vec on folder: C:\\develop\\nodejs\\projects\\aitam\\work\\, path: C:\\develop\\nodejs\\projects\\aitam\\work\\9869b4a8-22c8-4d1e-bc9f-2309b7f03ef1.vec","timestamp":"2022-08-23 18:45:32"}
{"level":"\u001b[34minfo\u001b[39m","message":"garbage collector deleted  9869b4a8-22c8-4d1e-bc9f-2309b7f03ef1.src on folder: C:\\develop\\nodejs\\projects\\aitam\\work\\, path: C:\\develop\\nodejs\\projects\\aitam\\work\\9869b4a8-22c8-4d1e-bc9f-2309b7f03ef1.src","timestamp":"2022-08-23 18:45:32"}
{"level":"\u001b[34minfo\u001b[39m","message":"garbage collector deleted  9962901e-2a53-4b9d-a656-aa9194adf891.src on folder: C:\\develop\\nodejs\\projects\\aitam\\work\\, path: C:\\develop\\nodejs\\projects\\aitam\\work\\9962901e-2a53-4b9d-a656-aa9194adf891.src","timestamp":"2022-08-23 18:45:32"}
{"level":"\u001b[34minfo\u001b[39m","message":"garbage collector deleted  9962901e-2a53-4b9d-a656-aa9194adf891.tkn on folder: C:\\develop\\nodejs\\projects\\aitam\\work\\, path: C:\\develop\\nodejs\\projects\\aitam\\work\\9962901e-2a53-4b9d-a656-aa9194adf891.tkn","timestamp":"2022-08-23 18:45:32"}
{"level":"\u001b[34minfo\u001b[39m","message":"garbage collector deleted  9962901e-2a53-4b9d-a656-aa9194adf891.xml on folder: C:\\develop\\nodejs\\projects\\aitam\\work\\, path: C:\\develop\\nodejs\\projects\\aitam\\work\\9962901e-2a53-4b9d-a656-aa9194adf891.xml","timestamp":"2022-08-23 18:45:32"}
{"level":"\u001b[34minfo\u001b[39m","message":"garbage collector deleted  9962901e-2a53-4b9d-a656-aa9194adf891.vec on folder: C:\\develop\\nodejs\\projects\\aitam\\work\\, path: C:\\develop\\nodejs\\projects\\aitam\\work\\9962901e-2a53-4b9d-a656-aa9194adf891.vec","timestamp":"2022-08-23 18:45:32"}
{"level":"\u001b[34minfo\u001b[39m","message":"garbage collector deleted  a1466529-d780-4a22-99e7-335dddbd1cf7.src on folder: C:\\develop\\nodejs\\projects\\aitam\\work\\, path: C:\\develop\\nodejs\\projects\\aitam\\work\\a1466529-d780-4a22-99e7-335dddbd1cf7.src","timestamp":"2022-08-23 18:45:32"}
{"level":"\u001b[34minfo\u001b[39m","message":"garbage collector deleted  9e75fa96-10c6-4394-8f6a-7602cb6fa2d9.xml on folder: C:\\develop\\nodejs\\projects\\aitam\\work\\, path: C:\\develop\\nodejs\\projects\\aitam\\work\\9e75fa96-10c6-4394-8f6a-7602cb6fa2d9.xml","timestamp":"2022-08-23 18:45:32"}
{"level":"\u001b[34minfo\u001b[39m","message":"garbage collector deleted  a1466529-d780-4a22-99e7-335dddbd1cf7.tkn on folder: C:\\develop\\nodejs\\projects\\aitam\\work\\, path: C:\\develop\\nodejs\\projects\\aitam\\work\\a1466529-d780-4a22-99e7-335dddbd1cf7.tkn","timestamp":"2022-08-23 18:45:32"}
{"level":"\u001b[34minfo\u001b[39m","message":"garbage collector deleted  a1466529-d780-4a22-99e7-335dddbd1cf7.vec on folder: C:\\develop\\nodejs\\projects\\aitam\\work\\, path: C:\\develop\\nodejs\\projects\\aitam\\work\\a1466529-d780-4a22-99e7-335dddbd1cf7.vec","timestamp":"2022-08-23 18:45:32"}
{"level":"\u001b[34minfo\u001b[39m","message":"garbage collector deleted  a34a4635-39e1-439d-a247-fa24ee50f9b8.src on folder: C:\\develop\\nodejs\\projects\\aitam\\work\\, path: C:\\develop\\nodejs\\projects\\aitam\\work\\a34a4635-39e1-439d-a247-fa24ee50f9b8.src","timestamp":"2022-08-23 18:45:32"}
{"level":"\u001b[34minfo\u001b[39m","message":"garbage collector deleted  a34a4635-39e1-439d-a247-fa24ee50f9b8.vec on folder: C:\\develop\\nodejs\\projects\\aitam\\work\\, path: C:\\develop\\nodejs\\projects\\aitam\\work\\a34a4635-39e1-439d-a247-fa24ee50f9b8.vec","timestamp":"2022-08-23 18:45:32"}
{"level":"\u001b[34minfo\u001b[39m","message":"garbage collector deleted  a1466529-d780-4a22-99e7-335dddbd1cf7.xml on folder: C:\\develop\\nodejs\\projects\\aitam\\work\\, path: C:\\develop\\nodejs\\projects\\aitam\\work\\a1466529-d780-4a22-99e7-335dddbd1cf7.xml","timestamp":"2022-08-23 18:45:32"}
{"level":"\u001b[34minfo\u001b[39m","message":"garbage collector deleted  a34a4635-39e1-439d-a247-fa24ee50f9b8.xml on folder: C:\\develop\\nodejs\\projects\\aitam\\work\\, path: C:\\develop\\nodejs\\projects\\aitam\\work\\a34a4635-39e1-439d-a247-fa24ee50f9b8.xml","timestamp":"2022-08-23 18:45:32"}
{"level":"\u001b[34minfo\u001b[39m","message":"garbage collector deleted  ace0170c-05de-4a65-917a-344639a87a2d.src on folder: C:\\develop\\nodejs\\projects\\aitam\\work\\, path: C:\\develop\\nodejs\\projects\\aitam\\work\\ace0170c-05de-4a65-917a-344639a87a2d.src","timestamp":"2022-08-23 18:45:32"}
{"level":"\u001b[34minfo\u001b[39m","message":"garbage collector deleted  ace0170c-05de-4a65-917a-344639a87a2d.tkn on folder: C:\\develop\\nodejs\\projects\\aitam\\work\\, path: C:\\develop\\nodejs\\projects\\aitam\\work\\ace0170c-05de-4a65-917a-344639a87a2d.tkn","timestamp":"2022-08-23 18:45:32"}
{"level":"\u001b[34minfo\u001b[39m","message":"garbage collector deleted  a34a4635-39e1-439d-a247-fa24ee50f9b8.tkn on folder: C:\\develop\\nodejs\\projects\\aitam\\work\\, path: C:\\develop\\nodejs\\projects\\aitam\\work\\a34a4635-39e1-439d-a247-fa24ee50f9b8.tkn","timestamp":"2022-08-23 18:45:32"}
{"level":"\u001b[34minfo\u001b[39m","message":"garbage collector deleted  ace0170c-05de-4a65-917a-344639a87a2d.vec on folder: C:\\develop\\nodejs\\projects\\aitam\\work\\, path: C:\\develop\\nodejs\\projects\\aitam\\work\\ace0170c-05de-4a65-917a-344639a87a2d.vec","timestamp":"2022-08-23 18:45:32"}
{"level":"\u001b[34minfo\u001b[39m","message":"garbage collector deleted  ace0170c-05de-4a65-917a-344639a87a2d.xml on folder: C:\\develop\\nodejs\\projects\\aitam\\work\\, path: C:\\develop\\nodejs\\projects\\aitam\\work\\ace0170c-05de-4a65-917a-344639a87a2d.xml","timestamp":"2022-08-23 18:45:32"}
{"level":"\u001b[34minfo\u001b[39m","message":"garbage collector deleted  afa34137-8137-4667-9aed-5777194e192d.tkn on folder: C:\\develop\\nodejs\\projects\\aitam\\work\\, path: C:\\develop\\nodejs\\projects\\aitam\\work\\afa34137-8137-4667-9aed-5777194e192d.tkn","timestamp":"2022-08-23 18:45:32"}
{"level":"\u001b[34minfo\u001b[39m","message":"garbage collector deleted  afa34137-8137-4667-9aed-5777194e192d.src on folder: C:\\develop\\nodejs\\projects\\aitam\\work\\, path: C:\\develop\\nodejs\\projects\\aitam\\work\\afa34137-8137-4667-9aed-5777194e192d.src","timestamp":"2022-08-23 18:45:32"}
{"level":"\u001b[34minfo\u001b[39m","message":"garbage collector deleted  afa34137-8137-4667-9aed-5777194e192d.vec on folder: C:\\develop\\nodejs\\projects\\aitam\\work\\, path: C:\\develop\\nodejs\\projects\\aitam\\work\\afa34137-8137-4667-9aed-5777194e192d.vec","timestamp":"2022-08-23 18:45:32"}
{"level":"\u001b[34minfo\u001b[39m","message":"garbage collector deleted  b6429bda-685e-4311-961d-49e8afbd801b.xml on folder: C:\\develop\\nodejs\\projects\\aitam\\work\\, path: C:\\develop\\nodejs\\projects\\aitam\\work\\b6429bda-685e-4311-961d-49e8afbd801b.xml","timestamp":"2022-08-23 18:45:32"}
{"level":"\u001b[34minfo\u001b[39m","message":"garbage collector deleted  afa34137-8137-4667-9aed-5777194e192d.xml on folder: C:\\develop\\nodejs\\projects\\aitam\\work\\, path: C:\\develop\\nodejs\\projects\\aitam\\work\\afa34137-8137-4667-9aed-5777194e192d.xml","timestamp":"2022-08-23 18:45:32"}
{"level":"\u001b[34minfo\u001b[39m","message":"garbage collector deleted  9869b4a8-22c8-4d1e-bc9f-2309b7f03ef1.tkn on folder: C:\\develop\\nodejs\\projects\\aitam\\work\\, path: C:\\develop\\nodejs\\projects\\aitam\\work\\9869b4a8-22c8-4d1e-bc9f-2309b7f03ef1.tkn","timestamp":"2022-08-23 18:45:32"}
{"level":"\u001b[34minfo\u001b[39m","message":"garbage collector deleted  d1e96860-30d5-45c9-8069-f7664454813a.vec on folder: C:\\develop\\nodejs\\projects\\aitam\\work\\, path: C:\\develop\\nodejs\\projects\\aitam\\work\\d1e96860-30d5-45c9-8069-f7664454813a.vec","timestamp":"2022-08-23 18:45:32"}
{"level":"\u001b[34minfo\u001b[39m","message":"garbage collector deleted  d1e96860-30d5-45c9-8069-f7664454813a.xml on folder: C:\\develop\\nodejs\\projects\\aitam\\work\\, path: C:\\develop\\nodejs\\projects\\aitam\\work\\d1e96860-30d5-45c9-8069-f7664454813a.xml","timestamp":"2022-08-23 18:45:32"}
{"level":"\u001b[34minfo\u001b[39m","message":"garbage collector deleted  d1e96860-30d5-45c9-8069-f7664454813a.src on folder: C:\\develop\\nodejs\\projects\\aitam\\work\\, path: C:\\develop\\nodejs\\projects\\aitam\\work\\d1e96860-30d5-45c9-8069-f7664454813a.src","timestamp":"2022-08-23 18:45:32"}
{"level":"\u001b[34minfo\u001b[39m","message":"garbage collector deleted  d1e96860-30d5-45c9-8069-f7664454813a.tkn on folder: C:\\develop\\nodejs\\projects\\aitam\\work\\, path: C:\\develop\\nodejs\\projects\\aitam\\work\\d1e96860-30d5-45c9-8069-f7664454813a.tkn","timestamp":"2022-08-23 18:45:32"}
{"level":"\u001b[34minfo\u001b[39m","message":"garbage collector deleted  ec82ccd8-c143-4caf-add3-66deb7b2c578.src on folder: C:\\develop\\nodejs\\projects\\aitam\\work\\, path: C:\\develop\\nodejs\\projects\\aitam\\work\\ec82ccd8-c143-4caf-add3-66deb7b2c578.src","timestamp":"2022-08-23 18:45:32"}
{"level":"\u001b[34minfo\u001b[39m","message":"garbage collector deleted  ec82ccd8-c143-4caf-add3-66deb7b2c578.tkn on folder: C:\\develop\\nodejs\\projects\\aitam\\work\\, path: C:\\develop\\nodejs\\projects\\aitam\\work\\ec82ccd8-c143-4caf-add3-66deb7b2c578.tkn","timestamp":"2022-08-23 18:45:32"}
{"level":"\u001b[34minfo\u001b[39m","message":"garbage collector deleted  ec82ccd8-c143-4caf-add3-66deb7b2c578.vec on folder: C:\\develop\\nodejs\\projects\\aitam\\work\\, path: C:\\develop\\nodejs\\projects\\aitam\\work\\ec82ccd8-c143-4caf-add3-66deb7b2c578.vec","timestamp":"2022-08-23 18:45:32"}
{"level":"\u001b[34minfo\u001b[39m","message":"garbage collector deleted  fa4669f9-ef65-4b31-b365-1143e5bde527.src on folder: C:\\develop\\nodejs\\projects\\aitam\\work\\, path: C:\\develop\\nodejs\\projects\\aitam\\work\\fa4669f9-ef65-4b31-b365-1143e5bde527.src","timestamp":"2022-08-23 18:45:32"}
{"level":"\u001b[34minfo\u001b[39m","message":"garbage collector deleted  fa4669f9-ef65-4b31-b365-1143e5bde527.tkn on folder: C:\\develop\\nodejs\\projects\\aitam\\work\\, path: C:\\develop\\nodejs\\projects\\aitam\\work\\fa4669f9-ef65-4b31-b365-1143e5bde527.tkn","timestamp":"2022-08-23 18:45:32"}
{"level":"\u001b[34minfo\u001b[39m","message":"garbage collector deleted  fa4669f9-ef65-4b31-b365-1143e5bde527.xml on folder: C:\\develop\\nodejs\\projects\\aitam\\work\\, path: C:\\develop\\nodejs\\projects\\aitam\\work\\fa4669f9-ef65-4b31-b365-1143e5bde527.xml","timestamp":"2022-08-23 18:45:32"}
{"level":"\u001b[34minfo\u001b[39m","message":"garbage collector deleted  fbe2f67d-b107-4472-9838-aedb2bb0ffa3.xlsx on folder: C:\\develop\\nodejs\\projects\\aitam\\work\\, path: C:\\develop\\nodejs\\projects\\aitam\\work\\fbe2f67d-b107-4472-9838-aedb2bb0ffa3.xlsx","timestamp":"2022-08-23 18:45:32"}
{"level":"\u001b[34minfo\u001b[39m","message":"garbage collector deleted  ec82ccd8-c143-4caf-add3-66deb7b2c578.xml on folder: C:\\develop\\nodejs\\projects\\aitam\\work\\, path: C:\\develop\\nodejs\\projects\\aitam\\work\\ec82ccd8-c143-4caf-add3-66deb7b2c578.xml","timestamp":"2022-08-23 18:45:32"}
{"level":"\u001b[34minfo\u001b[39m","message":"garbage collector deleted  fa4669f9-ef65-4b31-b365-1143e5bde527.vec on folder: C:\\develop\\nodejs\\projects\\aitam\\work\\, path: C:\\develop\\nodejs\\projects\\aitam\\work\\fa4669f9-ef65-4b31-b365-1143e5bde527.vec","timestamp":"2022-08-23 18:45:32"}
{"level":"\u001b[34minfo\u001b[39m","message":"garbage collector deleted  fd519526-f578-43a9-9225-88aa9a52f37f.vec on folder: C:\\develop\\nodejs\\projects\\aitam\\work\\, path: C:\\develop\\nodejs\\projects\\aitam\\work\\fd519526-f578-43a9-9225-88aa9a52f37f.vec","timestamp":"2022-08-23 18:45:32"}
{"level":"\u001b[34minfo\u001b[39m","message":"garbage collector deleted  fbe2f67d-b107-4472-9838-aedb2bb0ffa3.xml on folder: C:\\develop\\nodejs\\projects\\aitam\\work\\, path: C:\\develop\\nodejs\\projects\\aitam\\work\\fbe2f67d-b107-4472-9838-aedb2bb0ffa3.xml","timestamp":"2022-08-23 18:45:32"}
{"level":"\u001b[34minfo\u001b[39m","message":"garbage collector deleted  fd519526-f578-43a9-9225-88aa9a52f37f.src on folder: C:\\develop\\nodejs\\projects\\aitam\\work\\, path: C:\\develop\\nodejs\\projects\\aitam\\work\\fd519526-f578-43a9-9225-88aa9a52f37f.src","timestamp":"2022-08-23 18:45:32"}
{"level":"\u001b[34minfo\u001b[39m","message":"garbage collector error:  Error: Can't delete C:\\develop\\nodejs\\projects\\aitam\\work\\1ae41309-3a58-491f-8160-b65fe7f50569.tkn","timestamp":"2022-08-23 18:45:32"}
{"level":"\u001b[34minfo\u001b[39m","message":"garbage collector deleted  fd519526-f578-43a9-9225-88aa9a52f37f.xml on folder: C:\\develop\\nodejs\\projects\\aitam\\work\\, path: C:\\develop\\nodejs\\projects\\aitam\\work\\fd519526-f578-43a9-9225-88aa9a52f37f.xml","timestamp":"2022-08-23 18:45:32"}
{"level":"\u001b[34minfo\u001b[39m","message":"garbage collector deleted  fd519526-f578-43a9-9225-88aa9a52f37f.tkn on folder: C:\\develop\\nodejs\\projects\\aitam\\work\\, path: C:\\develop\\nodejs\\projects\\aitam\\work\\fd519526-f578-43a9-9225-88aa9a52f37f.tkn","timestamp":"2022-08-23 18:45:32"}
{"level":"\u001b[34minfo\u001b[39m","message":"garbage collector error:  Error: Can't delete C:\\develop\\nodejs\\projects\\aitam\\work\\1ae41309-3a58-491f-8160-b65fe7f50569.xml","timestamp":"2022-08-23 18:45:32"}
{"level":"\u001b[34minfo\u001b[39m","message":"garbage collector error:  Error: Can't delete C:\\develop\\nodejs\\projects\\aitam\\work\\1ae41309-3a58-491f-8160-b65fe7f50569.src","timestamp":"2022-08-23 18:45:32"}
{"level":"\u001b[34minfo\u001b[39m","message":"garbage collector error:  Error: Can't delete C:\\develop\\nodejs\\projects\\aitam\\work\\1ae41309-3a58-491f-8160-b65fe7f50569.vec","timestamp":"2022-08-23 18:45:32"}
{"level":"\u001b[34minfo\u001b[39m","message":"garbage collector deleted  gazetteer.dic on folder: C:\\develop\\nodejs\\projects\\aitam\\work\\, path: C:\\develop\\nodejs\\projects\\aitam\\work\\gazetteer.dic","timestamp":"2022-08-23 18:45:32"}
{"level":"\u001b[34minfo\u001b[39m","message":"garbage collector error:  Error: Can't delete C:\\develop\\nodejs\\projects\\aitam\\work\\1c8e8005-8beb-418f-a695-6381d4c77721.xlsx","timestamp":"2022-08-23 18:45:32"}
{"level":"\u001b[34minfo\u001b[39m","message":"garbage collector error:  Error: Can't delete C:\\develop\\nodejs\\projects\\aitam\\work\\1c302b21-8604-45a0-83cd-c6b5e5aa0755.xml","timestamp":"2022-08-23 18:45:32"}
{"level":"\u001b[34minfo\u001b[39m","message":"garbage collector error:  Error: Can't delete C:\\develop\\nodejs\\projects\\aitam\\work\\3b8bbec9-ea33-4bc7-9578-8f30a2b3e616.xml","timestamp":"2022-08-23 18:45:32"}
{"level":"\u001b[34minfo\u001b[39m","message":"garbage collector error:  Error: Can't delete C:\\develop\\nodejs\\projects\\aitam\\work\\2e401d6c-1692-4e32-a4e6-c4b4c761d2e6.xml","timestamp":"2022-08-23 18:45:32"}
{"level":"\u001b[34minfo\u001b[39m","message":"garbage collector error:  Error: Can't delete C:\\develop\\nodejs\\projects\\aitam\\work\\2e401d6c-1692-4e32-a4e6-c4b4c761d2e6.xlsx","timestamp":"2022-08-23 18:45:32"}
{"level":"\u001b[34minfo\u001b[39m","message":"garbage collector error:  Error: Can't delete C:\\develop\\nodejs\\projects\\aitam\\work\\3b8bbec9-ea33-4bc7-9578-8f30a2b3e616.xlsx","timestamp":"2022-08-23 18:45:32"}
{"level":"\u001b[34minfo\u001b[39m","message":"garbage collector error:  Error: Can't delete C:\\develop\\nodejs\\projects\\aitam\\work\\5034dd12-e5d4-4585-b059-1b91c52fda3d.tkn","timestamp":"2022-08-23 18:45:32"}
{"level":"\u001b[34minfo\u001b[39m","message":"garbage collector error:  Error: Can't delete C:\\develop\\nodejs\\projects\\aitam\\work\\5034dd12-e5d4-4585-b059-1b91c52fda3d.vec","timestamp":"2022-08-23 18:45:32"}
{"level":"\u001b[34minfo\u001b[39m","message":"garbage collector error:  Error: Can't delete C:\\develop\\nodejs\\projects\\aitam\\work\\503c92a3-19be-48f5-b651-6731c893d4fd.src","timestamp":"2022-08-23 18:45:32"}
{"level":"\u001b[34minfo\u001b[39m","message":"garbage collector error:  Error: Can't delete C:\\develop\\nodejs\\projects\\aitam\\work\\5034dd12-e5d4-4585-b059-1b91c52fda3d.xml","timestamp":"2022-08-23 18:45:32"}
{"level":"\u001b[34minfo\u001b[39m","message":"garbage collector error:  Error: Can't delete C:\\develop\\nodejs\\projects\\aitam\\work\\5034dd12-e5d4-4585-b059-1b91c52fda3d.src","timestamp":"2022-08-23 18:45:32"}
{"level":"\u001b[34minfo\u001b[39m","message":"garbage collector error:  Error: Can't delete C:\\develop\\nodejs\\projects\\aitam\\work\\503c92a3-19be-48f5-b651-6731c893d4fd.tkn","timestamp":"2022-08-23 18:45:32"}
{"level":"\u001b[34minfo\u001b[39m","message":"garbage collector error:  Error: Can't delete C:\\develop\\nodejs\\projects\\aitam\\work\\66d2bd72-1c07-4479-88cd-c4c99632d1fc.src","timestamp":"2022-08-23 18:45:32"}
{"level":"\u001b[34minfo\u001b[39m","message":"garbage collector error:  Error: Can't delete C:\\develop\\nodejs\\projects\\aitam\\work\\503c92a3-19be-48f5-b651-6731c893d4fd.vec","timestamp":"2022-08-23 18:45:32"}
{"level":"\u001b[34minfo\u001b[39m","message":"garbage collector error:  Error: Can't delete C:\\develop\\nodejs\\projects\\aitam\\work\\66d2bd72-1c07-4479-88cd-c4c99632d1fc.tkn","timestamp":"2022-08-23 18:45:32"}
{"level":"\u001b[34minfo\u001b[39m","message":"garbage collector error:  Error: Can't delete C:\\develop\\nodejs\\projects\\aitam\\work\\503c92a3-19be-48f5-b651-6731c893d4fd.xml","timestamp":"2022-08-23 18:45:32"}
{"level":"\u001b[34minfo\u001b[39m","message":"garbage collector error:  Error: Can't delete C:\\develop\\nodejs\\projects\\aitam\\work\\66d2bd72-1c07-4479-88cd-c4c99632d1fc.vec","timestamp":"2022-08-23 18:45:32"}
{"level":"\u001b[34minfo\u001b[39m","message":"garbage collector error:  Error: Can't delete C:\\develop\\nodejs\\projects\\aitam\\work\\66d2bd72-1c07-4479-88cd-c4c99632d1fc.xml","timestamp":"2022-08-23 18:45:32"}
{"level":"\u001b[34minfo\u001b[39m","message":"garbage collector error:  Error: Can't delete C:\\develop\\nodejs\\projects\\aitam\\work\\6d297509-969b-4279-b3c8-afde756e0af2.src","timestamp":"2022-08-23 18:45:32"}
{"level":"\u001b[34minfo\u001b[39m","message":"garbage collector error:  Error: Can't delete C:\\develop\\nodejs\\projects\\aitam\\work\\6d297509-969b-4279-b3c8-afde756e0af2.vec","timestamp":"2022-08-23 18:45:32"}
{"level":"\u001b[34minfo\u001b[39m","message":"garbage collector error:  Error: Can't delete C:\\develop\\nodejs\\projects\\aitam\\work\\6d297509-969b-4279-b3c8-afde756e0af2.tkn","timestamp":"2022-08-23 18:45:32"}
{"level":"\u001b[34minfo\u001b[39m","message":"garbage collector error:  Error: Can't delete C:\\develop\\nodejs\\projects\\aitam\\work\\6acde839-7968-4e90-bad0-71930ca9f3f7.xml","timestamp":"2022-08-23 18:45:32"}
{"level":"\u001b[34minfo\u001b[39m","message":"garbage collector error:  Error: Can't delete C:\\develop\\nodejs\\projects\\aitam\\work\\72c7b2e9-745d-45e4-8978-b2f7b5692f6e.src","timestamp":"2022-08-23 18:45:32"}
{"level":"\u001b[34minfo\u001b[39m","message":"garbage collector error:  Error: Can't delete C:\\develop\\nodejs\\projects\\aitam\\work\\6d297509-969b-4279-b3c8-afde756e0af2.xml","timestamp":"2022-08-23 18:45:32"}
{"level":"\u001b[34minfo\u001b[39m","message":"garbage collector error:  Error: Can't delete C:\\develop\\nodejs\\projects\\aitam\\work\\72c7b2e9-745d-45e4-8978-b2f7b5692f6e.tkn","timestamp":"2022-08-23 18:45:32"}
{"level":"\u001b[34minfo\u001b[39m","message":"garbage collector error:  Error: Can't delete C:\\develop\\nodejs\\projects\\aitam\\work\\72c7b2e9-745d-45e4-8978-b2f7b5692f6e.vec","timestamp":"2022-08-23 18:45:32"}
{"level":"\u001b[34minfo\u001b[39m","message":"garbage collector error:  Error: Can't delete C:\\develop\\nodejs\\projects\\aitam\\work\\72c7b2e9-745d-45e4-8978-b2f7b5692f6e.xml","timestamp":"2022-08-23 18:45:32"}
{"level":"\u001b[34minfo\u001b[39m","message":"garbage collector error:  Error: Can't delete C:\\develop\\nodejs\\projects\\aitam\\work\\7b1a15a5-e156-4a5d-b49f-2e33ae2a8c21.tkn","timestamp":"2022-08-23 18:45:32"}
{"level":"\u001b[34minfo\u001b[39m","message":"garbage collector error:  Error: Can't delete C:\\develop\\nodejs\\projects\\aitam\\work\\7b1a15a5-e156-4a5d-b49f-2e33ae2a8c21.src","timestamp":"2022-08-23 18:45:32"}
{"level":"\u001b[34minfo\u001b[39m","message":"garbage collector error:  Error: Can't delete C:\\develop\\nodejs\\projects\\aitam\\work\\7b1a15a5-e156-4a5d-b49f-2e33ae2a8c21.vec","timestamp":"2022-08-23 18:45:32"}
{"level":"\u001b[34minfo\u001b[39m","message":"garbage collector error:  Error: Can't delete C:\\develop\\nodejs\\projects\\aitam\\work\\8a29ea45-c850-4f67-a0f7-da8e860bf089.tkn","timestamp":"2022-08-23 18:45:32"}
{"level":"\u001b[34minfo\u001b[39m","message":"garbage collector error:  Error: Can't delete C:\\develop\\nodejs\\projects\\aitam\\work\\8a29ea45-c850-4f67-a0f7-da8e860bf089.src","timestamp":"2022-08-23 18:45:32"}
{"level":"\u001b[34minfo\u001b[39m","message":"garbage collector error:  Error: Can't delete C:\\develop\\nodejs\\projects\\aitam\\work\\8a29ea45-c850-4f67-a0f7-da8e860bf089.xml","timestamp":"2022-08-23 18:45:32"}
{"level":"\u001b[34minfo\u001b[39m","message":"garbage collector error:  Error: Can't delete C:\\develop\\nodejs\\projects\\aitam\\work\\8a29ea45-c850-4f67-a0f7-da8e860bf089.vec","timestamp":"2022-08-23 18:45:32"}
{"level":"\u001b[34minfo\u001b[39m","message":"garbage collector error:  Error: Can't delete C:\\develop\\nodejs\\projects\\aitam\\work\\969f108c-1ef8-4afe-887c-386933700c11.xml","timestamp":"2022-08-23 18:45:32"}
{"level":"\u001b[34minfo\u001b[39m","message":"garbage collector error:  Error: Can't delete C:\\develop\\nodejs\\projects\\aitam\\work\\9869b4a8-22c8-4d1e-bc9f-2309b7f03ef1.src","timestamp":"2022-08-23 18:45:32"}
{"level":"\u001b[34minfo\u001b[39m","message":"garbage collector error:  Error: Can't delete C:\\develop\\nodejs\\projects\\aitam\\work\\9869b4a8-22c8-4d1e-bc9f-2309b7f03ef1.vec","timestamp":"2022-08-23 18:45:32"}
{"level":"\u001b[34minfo\u001b[39m","message":"garbage collector error:  Error: Can't delete C:\\develop\\nodejs\\projects\\aitam\\work\\9869b4a8-22c8-4d1e-bc9f-2309b7f03ef1.tkn","timestamp":"2022-08-23 18:45:32"}
{"level":"\u001b[34minfo\u001b[39m","message":"garbage collector error:  Error: Can't delete C:\\develop\\nodejs\\projects\\aitam\\work\\9869b4a8-22c8-4d1e-bc9f-2309b7f03ef1.xml","timestamp":"2022-08-23 18:45:32"}
{"level":"\u001b[34minfo\u001b[39m","message":"garbage collector error:  Error: Can't delete C:\\develop\\nodejs\\projects\\aitam\\work\\9962901e-2a53-4b9d-a656-aa9194adf891.src","timestamp":"2022-08-23 18:45:32"}
{"level":"\u001b[34minfo\u001b[39m","message":"garbage collector error:  Error: Can't delete C:\\develop\\nodejs\\projects\\aitam\\work\\1c8e8005-8beb-418f-a695-6381d4c77721.xml","timestamp":"2022-08-23 18:45:32"}
{"level":"\u001b[34minfo\u001b[39m","message":"garbage collector deleted  7b1a15a5-e156-4a5d-b49f-2e33ae2a8c21.xml on folder: C:\\develop\\nodejs\\projects\\aitam\\work\\, path: C:\\develop\\nodejs\\projects\\aitam\\work\\7b1a15a5-e156-4a5d-b49f-2e33ae2a8c21.xml","timestamp":"2022-08-23 18:45:32"}
{"level":"\u001b[34minfo\u001b[39m","message":"garbage collector error:  Error: Can't delete C:\\develop\\nodejs\\projects\\aitam\\work\\9962901e-2a53-4b9d-a656-aa9194adf891.tkn","timestamp":"2022-08-23 18:45:32"}
{"level":"\u001b[34minfo\u001b[39m","message":"garbage collector error:  Error: Can't delete C:\\develop\\nodejs\\projects\\aitam\\work\\9962901e-2a53-4b9d-a656-aa9194adf891.vec","timestamp":"2022-08-23 18:45:32"}
{"level":"\u001b[34minfo\u001b[39m","message":"garbage collector error:  Error: Can't delete C:\\develop\\nodejs\\projects\\aitam\\work\\a1466529-d780-4a22-99e7-335dddbd1cf7.tkn","timestamp":"2022-08-23 18:45:32"}
{"level":"\u001b[34minfo\u001b[39m","message":"garbage collector error:  Error: Can't delete C:\\develop\\nodejs\\projects\\aitam\\work\\a1466529-d780-4a22-99e7-335dddbd1cf7.src","timestamp":"2022-08-23 18:45:32"}
{"level":"\u001b[34minfo\u001b[39m","message":"garbage collector error:  Error: Can't delete C:\\develop\\nodejs\\projects\\aitam\\work\\9e75fa96-10c6-4394-8f6a-7602cb6fa2d9.xml","timestamp":"2022-08-23 18:45:32"}
{"level":"\u001b[34minfo\u001b[39m","message":"garbage collector error:  Error: Can't delete C:\\develop\\nodejs\\projects\\aitam\\work\\a34a4635-39e1-439d-a247-fa24ee50f9b8.src","timestamp":"2022-08-23 18:45:32"}
{"level":"\u001b[34minfo\u001b[39m","message":"garbage collector error:  Error: Can't delete C:\\develop\\nodejs\\projects\\aitam\\work\\a34a4635-39e1-439d-a247-fa24ee50f9b8.tkn","timestamp":"2022-08-23 18:45:32"}
{"level":"\u001b[34minfo\u001b[39m","message":"garbage collector error:  Error: Can't delete C:\\develop\\nodejs\\projects\\aitam\\work\\a34a4635-39e1-439d-a247-fa24ee50f9b8.vec","timestamp":"2022-08-23 18:45:32"}
{"level":"\u001b[34minfo\u001b[39m","message":"garbage collector error:  Error: Can't delete C:\\develop\\nodejs\\projects\\aitam\\work\\a34a4635-39e1-439d-a247-fa24ee50f9b8.xml","timestamp":"2022-08-23 18:45:32"}
{"level":"\u001b[34minfo\u001b[39m","message":"garbage collector error:  Error: Can't delete C:\\develop\\nodejs\\projects\\aitam\\work\\ace0170c-05de-4a65-917a-344639a87a2d.src","timestamp":"2022-08-23 18:45:32"}
{"level":"\u001b[34minfo\u001b[39m","message":"garbage collector error:  Error: Can't delete C:\\develop\\nodejs\\projects\\aitam\\work\\a1466529-d780-4a22-99e7-335dddbd1cf7.xml","timestamp":"2022-08-23 18:45:32"}
{"level":"\u001b[34minfo\u001b[39m","message":"garbage collector error:  Error: Can't delete C:\\develop\\nodejs\\projects\\aitam\\work\\ace0170c-05de-4a65-917a-344639a87a2d.tkn","timestamp":"2022-08-23 18:45:32"}
{"level":"\u001b[34minfo\u001b[39m","message":"garbage collector error:  Error: Can't delete C:\\develop\\nodejs\\projects\\aitam\\work\\ace0170c-05de-4a65-917a-344639a87a2d.vec","timestamp":"2022-08-23 18:45:32"}
{"level":"\u001b[34minfo\u001b[39m","message":"garbage collector error:  Error: Can't delete C:\\develop\\nodejs\\projects\\aitam\\work\\ace0170c-05de-4a65-917a-344639a87a2d.xml","timestamp":"2022-08-23 18:45:32"}
{"level":"\u001b[34minfo\u001b[39m","message":"garbage collector error:  Error: Can't delete C:\\develop\\nodejs\\projects\\aitam\\work\\afa34137-8137-4667-9aed-5777194e192d.vec","timestamp":"2022-08-23 18:45:32"}
{"level":"\u001b[34minfo\u001b[39m","message":"garbage collector error:  Error: Can't delete C:\\develop\\nodejs\\projects\\aitam\\work\\7b1a15a5-e156-4a5d-b49f-2e33ae2a8c21.xml","timestamp":"2022-08-23 18:45:32"}
{"level":"\u001b[34minfo\u001b[39m","message":"garbage collector error:  Error: Can't delete C:\\develop\\nodejs\\projects\\aitam\\work\\afa34137-8137-4667-9aed-5777194e192d.tkn","timestamp":"2022-08-23 18:45:32"}
{"level":"\u001b[34minfo\u001b[39m","message":"garbage collector error:  Error: Can't delete C:\\develop\\nodejs\\projects\\aitam\\work\\afa34137-8137-4667-9aed-5777194e192d.xml","timestamp":"2022-08-23 18:45:32"}
{"level":"\u001b[34minfo\u001b[39m","message":"garbage collector error:  Error: Can't delete C:\\develop\\nodejs\\projects\\aitam\\work\\b6429bda-685e-4311-961d-49e8afbd801b.xml","timestamp":"2022-08-23 18:45:32"}
{"level":"\u001b[34minfo\u001b[39m","message":"garbage collector error:  Error: Can't delete C:\\develop\\nodejs\\projects\\aitam\\work\\d1e96860-30d5-45c9-8069-f7664454813a.tkn","timestamp":"2022-08-23 18:45:32"}
{"level":"\u001b[34minfo\u001b[39m","message":"garbage collector error:  Error: Can't delete C:\\develop\\nodejs\\projects\\aitam\\work\\d1e96860-30d5-45c9-8069-f7664454813a.src","timestamp":"2022-08-23 18:45:32"}
{"level":"\u001b[34minfo\u001b[39m","message":"garbage collector error:  Error: Can't delete C:\\develop\\nodejs\\projects\\aitam\\work\\6acde839-7968-4e90-bad0-71930ca9f3f7.xlsx","timestamp":"2022-08-23 18:45:32"}
{"level":"\u001b[34minfo\u001b[39m","message":"garbage collector error:  Error: Can't delete C:\\develop\\nodejs\\projects\\aitam\\work\\d1e96860-30d5-45c9-8069-f7664454813a.vec","timestamp":"2022-08-23 18:45:32"}
{"level":"\u001b[34minfo\u001b[39m","message":"garbage collector error:  Error: Can't delete C:\\develop\\nodejs\\projects\\aitam\\work\\ec82ccd8-c143-4caf-add3-66deb7b2c578.src","timestamp":"2022-08-23 18:45:32"}
{"level":"\u001b[34minfo\u001b[39m","message":"garbage collector error:  Error: Can't delete C:\\develop\\nodejs\\projects\\aitam\\work\\ec82ccd8-c143-4caf-add3-66deb7b2c578.tkn","timestamp":"2022-08-23 18:45:32"}
{"level":"\u001b[34minfo\u001b[39m","message":"garbage collector error:  Error: Can't delete C:\\develop\\nodejs\\projects\\aitam\\work\\ec82ccd8-c143-4caf-add3-66deb7b2c578.vec","timestamp":"2022-08-23 18:45:32"}
{"level":"\u001b[34minfo\u001b[39m","message":"garbage collector error:  Error: Can't delete C:\\develop\\nodejs\\projects\\aitam\\work\\ec82ccd8-c143-4caf-add3-66deb7b2c578.xml","timestamp":"2022-08-23 18:45:32"}
{"level":"\u001b[34minfo\u001b[39m","message":"garbage collector error:  Error: Can't delete C:\\develop\\nodejs\\projects\\aitam\\work\\fa4669f9-ef65-4b31-b365-1143e5bde527.src","timestamp":"2022-08-23 18:45:32"}
{"level":"\u001b[34minfo\u001b[39m","message":"garbage collector error:  Error: Can't delete C:\\develop\\nodejs\\projects\\aitam\\work\\fa4669f9-ef65-4b31-b365-1143e5bde527.tkn","timestamp":"2022-08-23 18:45:32"}
{"level":"\u001b[34minfo\u001b[39m","message":"garbage collector error:  Error: Can't delete C:\\develop\\nodejs\\projects\\aitam\\work\\fa4669f9-ef65-4b31-b365-1143e5bde527.vec","timestamp":"2022-08-23 18:45:32"}
{"level":"\u001b[34minfo\u001b[39m","message":"garbage collector error:  Error: Can't delete C:\\develop\\nodejs\\projects\\aitam\\work\\fbe2f67d-b107-4472-9838-aedb2bb0ffa3.xlsx","timestamp":"2022-08-23 18:45:32"}
{"level":"\u001b[34minfo\u001b[39m","message":"garbage collector error:  Error: Can't delete C:\\develop\\nodejs\\projects\\aitam\\work\\fa4669f9-ef65-4b31-b365-1143e5bde527.xml","timestamp":"2022-08-23 18:45:32"}
{"level":"\u001b[34minfo\u001b[39m","message":"garbage collector error:  Error: Can't delete C:\\develop\\nodejs\\projects\\aitam\\work\\fbe2f67d-b107-4472-9838-aedb2bb0ffa3.xml","timestamp":"2022-08-23 18:45:32"}
{"level":"\u001b[34minfo\u001b[39m","message":"garbage collector error:  Error: Can't delete C:\\develop\\nodejs\\projects\\aitam\\work\\fd519526-f578-43a9-9225-88aa9a52f37f.src","timestamp":"2022-08-23 18:45:32"}
{"level":"\u001b[34minfo\u001b[39m","message":"garbage collector error:  Error: Can't delete C:\\develop\\nodejs\\projects\\aitam\\work\\fd519526-f578-43a9-9225-88aa9a52f37f.vec","timestamp":"2022-08-23 18:45:32"}
{"level":"\u001b[34minfo\u001b[39m","message":"garbage collector error:  Error: Can't delete C:\\develop\\nodejs\\projects\\aitam\\work\\fd519526-f578-43a9-9225-88aa9a52f37f.tkn","timestamp":"2022-08-23 18:45:32"}
{"level":"\u001b[34minfo\u001b[39m","message":"garbage collector error:  Error: Can't delete C:\\develop\\nodejs\\projects\\aitam\\work\\fd519526-f578-43a9-9225-88aa9a52f37f.xml","timestamp":"2022-08-23 18:45:32"}
{"level":"\u001b[34minfo\u001b[39m","message":"garbage collector error:  Error: Can't delete C:\\develop\\nodejs\\projects\\aitam\\work\\afa34137-8137-4667-9aed-5777194e192d.src","timestamp":"2022-08-23 18:45:32"}
{"level":"\u001b[34minfo\u001b[39m","message":"garbage collector error:  Error: Can't delete C:\\develop\\nodejs\\projects\\aitam\\work\\gazetteer.dic","timestamp":"2022-08-23 18:45:32"}
{"level":"\u001b[34minfo\u001b[39m","message":"garbage collector error:  Error: Can't delete C:\\develop\\nodejs\\projects\\aitam\\work\\9962901e-2a53-4b9d-a656-aa9194adf891.xml","timestamp":"2022-08-23 18:45:32"}
{"level":"\u001b[34minfo\u001b[39m","message":"garbage collector error:  Error: Can't delete C:\\develop\\nodejs\\projects\\aitam\\work\\a1466529-d780-4a22-99e7-335dddbd1cf7.vec","timestamp":"2022-08-23 18:45:32"}
{"level":"\u001b[34minfo\u001b[39m","message":"garbage collector error:  Error: Can't delete C:\\develop\\nodejs\\projects\\aitam\\work\\d1e96860-30d5-45c9-8069-f7664454813a.xml","timestamp":"2022-08-23 18:45:32"}
{"level":"\u001b[34minfo\u001b[39m","message":"Session created received the id:a53fade2-1aed-428b-9c88-c76dca6716c5","timestamp":"2022-08-23 18:45:55"}
{"level":"\u001b[34minfo\u001b[39m","message":"req.user: undefined","timestamp":"2022-08-23 18:46:07"}
{"level":"\u001b[34minfo\u001b[39m","message":"Session id started: {\"user\":\"2f24vvg\"}","timestamp":"2022-08-23 18:46:07"}
{"level":"\u001b[34minfo\u001b[39m","message":"User logged in: {\"id\":\"2f24vvg\",\"email\":\"test@test.com\",\"password\":\"$2a$10$A2g6pbxxhLA9MNYRJ0rnzOf/7Ara76B0KcRdjzUcsIBIclRuas/fG\"}","timestamp":"2022-08-23 18:46:07"}
{"level":"\u001b[34minfo\u001b[39m","message":"User (2f24vvg) uploaded a file: {\"file-upload\":{\"size\":927272,\"path\":\"C:\\\\develop\\\\nodejs\\\\projects\\\\aitam\\\\work\\\\8c9cdfda-5c06-4abc-aff1-2411a2ebb06d.xml\",\"name\":\"teste_EN (6).xml\",\"type\":\"text/xml\",\"mtime\":\"2022-08-23T18:46:13.394Z\"}}","timestamp":"2022-08-23 18:46:13"}
{"level":"\u001b[34minfo\u001b[39m","message":"garbage collector started on path: C:\\develop\\nodejs\\projects\\aitam\\work\\","timestamp":"2022-08-23 18:48:24"}
{"level":"\u001b[34minfo\u001b[39m","message":"req.user: undefined","timestamp":"2022-08-23 18:49:12"}
{"level":"\u001b[34minfo\u001b[39m","message":"Session id started: {\"user\":\"2f24vvg\"}","timestamp":"2022-08-23 18:49:12"}
{"level":"\u001b[34minfo\u001b[39m","message":"User logged in: {\"id\":\"2f24vvg\",\"email\":\"test@test.com\",\"password\":\"$2a$10$A2g6pbxxhLA9MNYRJ0rnzOf/7Ara76B0KcRdjzUcsIBIclRuas/fG\"}","timestamp":"2022-08-23 18:49:12"}
{"level":"\u001b[34minfo\u001b[39m","message":"User (2f24vvg) uploaded a file: {\"file-upload\":{\"size\":927272,\"path\":\"C:\\\\develop\\\\nodejs\\\\projects\\\\aitam\\\\work\\\\0f5cc08b-1388-4460-a6b5-c0636f547931.xml\",\"name\":\"teste_EN (6).xml\",\"type\":\"text/xml\",\"mtime\":\"2022-08-23T18:49:18.335Z\"}}","timestamp":"2022-08-23 18:49:18"}
{"level":"\u001b[34minfo\u001b[39m","message":"garbage collector started on path: C:\\develop\\nodejs\\projects\\aitam\\work\\","timestamp":"2022-08-23 18:52:40"}
{"level":"\u001b[34minfo\u001b[39m","message":"req.user: undefined","timestamp":"2022-08-23 18:54:54"}
{"level":"\u001b[34minfo\u001b[39m","message":"Session id started: {\"user\":\"2f24vvg\"}","timestamp":"2022-08-23 18:54:54"}
{"level":"\u001b[34minfo\u001b[39m","message":"User logged in: {\"id\":\"2f24vvg\",\"email\":\"test@test.com\",\"password\":\"$2a$10$A2g6pbxxhLA9MNYRJ0rnzOf/7Ara76B0KcRdjzUcsIBIclRuas/fG\"}","timestamp":"2022-08-23 18:54:54"}
{"level":"\u001b[34minfo\u001b[39m","message":"User (2f24vvg) uploaded a file: {\"file-upload\":{\"size\":927272,\"path\":\"C:\\\\develop\\\\nodejs\\\\projects\\\\aitam\\\\work\\\\e4db189a-2f1a-46f0-9caa-6956699515f1.xml\",\"name\":\"teste_EN (6).xml\",\"type\":\"text/xml\",\"mtime\":\"2022-08-23T18:54:59.205Z\"}}","timestamp":"2022-08-23 18:54:59"}
{"level":"\u001b[34minfo\u001b[39m","message":"garbage collector started on path: C:\\develop\\nodejs\\projects\\aitam\\work\\","timestamp":"2022-08-23 19:00:12"}
{"level":"\u001b[34minfo\u001b[39m","message":"Session created received the id:17b631ec-8ca1-486b-b644-0fd8f8146404","timestamp":"2022-08-23 19:00:21"}
{"level":"\u001b[34minfo\u001b[39m","message":"req.user: undefined","timestamp":"2022-08-23 19:00:30"}
{"level":"\u001b[34minfo\u001b[39m","message":"Session id started: {\"user\":\"2f24vvg\"}","timestamp":"2022-08-23 19:00:30"}
{"level":"\u001b[34minfo\u001b[39m","message":"User logged in: {\"id\":\"2f24vvg\",\"email\":\"test@test.com\",\"password\":\"$2a$10$A2g6pbxxhLA9MNYRJ0rnzOf/7Ara76B0KcRdjzUcsIBIclRuas/fG\"}","timestamp":"2022-08-23 19:00:30"}
{"level":"\u001b[34minfo\u001b[39m","message":"User (2f24vvg) uploaded a file: {\"file-upload\":{\"size\":927272,\"path\":\"C:\\\\develop\\\\nodejs\\\\projects\\\\aitam\\\\work\\\\11999634-2275-4e97-9856-73903651a1c1.xml\",\"name\":\"teste_EN (6).xml\",\"type\":\"text/xml\",\"mtime\":\"2022-08-23T19:00:36.456Z\"}}","timestamp":"2022-08-23 19:00:36"}
{"level":"\u001b[34minfo\u001b[39m","message":"New audit file created:C:\\develop\\nodejs\\projects\\aitam\\work\\11999634-2275-4e97-9856-73903651a1c1.xml","timestamp":"2022-08-23 19:01:46"}
{"level":"\u001b[34minfo\u001b[39m","message":"audit file download: C:\\develop\\nodejs\\projects\\aitam\\work\\11999634-2275-4e97-9856-73903651a1c1.xml","timestamp":"2022-08-23 19:02:19"}
{"level":"\u001b[34minfo\u001b[39m","message":"audit file download: C:\\develop\\nodejs\\projects\\aitam\\work\\11999634-2275-4e97-9856-73903651a1c1.xml","timestamp":"2022-08-23 19:02:56"}
{"level":"\u001b[34minfo\u001b[39m","message":"garbage collector started on path: C:\\develop\\nodejs\\projects\\aitam\\work\\","timestamp":"2022-08-23 19:10:23"}
{"level":"\u001b[34minfo\u001b[39m","message":"Session created received the id:44e81d6b-9d00-4125-96c4-cbf8835991a1","timestamp":"2022-08-23 19:10:26"}
{"level":"\u001b[34minfo\u001b[39m","message":"req.user: undefined","timestamp":"2022-08-23 19:10:36"}
{"level":"\u001b[34minfo\u001b[39m","message":"Session id started: {\"user\":\"2f24vvg\"}","timestamp":"2022-08-23 19:10:36"}
{"level":"\u001b[34minfo\u001b[39m","message":"User logged in: {\"id\":\"2f24vvg\",\"email\":\"test@test.com\",\"password\":\"$2a$10$A2g6pbxxhLA9MNYRJ0rnzOf/7Ara76B0KcRdjzUcsIBIclRuas/fG\"}","timestamp":"2022-08-23 19:10:36"}
{"level":"\u001b[34minfo\u001b[39m","message":"User (2f24vvg) uploaded a file: {\"file-upload\":{\"size\":927272,\"path\":\"C:\\\\develop\\\\nodejs\\\\projects\\\\aitam\\\\work\\\\326d3a5b-4ac0-453f-a876-9d7c1e38f049.xml\",\"name\":\"teste_EN (6).xml\",\"type\":\"text/xml\",\"mtime\":\"2022-08-23T19:10:42.139Z\"}}","timestamp":"2022-08-23 19:10:42"}
{"level":"\u001b[34minfo\u001b[39m","message":"garbage collector started on path: C:\\develop\\nodejs\\projects\\aitam\\work\\","timestamp":"2022-08-23 19:12:29"}
{"level":"\u001b[34minfo\u001b[39m","message":"Session created received the id:78000233-f433-45f5-bf2e-850c338de2a1","timestamp":"2022-08-23 19:12:35"}
{"level":"\u001b[34minfo\u001b[39m","message":"Session created received the id:78000233-f433-45f5-bf2e-850c338de2a1","timestamp":"2022-08-23 19:12:35"}
{"level":"\u001b[34minfo\u001b[39m","message":"req.user: undefined","timestamp":"2022-08-23 19:12:43"}
{"level":"\u001b[34minfo\u001b[39m","message":"Session id started: {\"user\":\"2f24vvg\"}","timestamp":"2022-08-23 19:12:43"}
{"level":"\u001b[34minfo\u001b[39m","message":"User logged in: {\"id\":\"2f24vvg\",\"email\":\"test@test.com\",\"password\":\"$2a$10$A2g6pbxxhLA9MNYRJ0rnzOf/7Ara76B0KcRdjzUcsIBIclRuas/fG\"}","timestamp":"2022-08-23 19:12:43"}
{"level":"\u001b[34minfo\u001b[39m","message":"User (2f24vvg) uploaded a file: {\"file-upload\":{\"size\":927272,\"path\":\"C:\\\\develop\\\\nodejs\\\\projects\\\\aitam\\\\work\\\\70170bff-d374-416e-8728-adeb37e4649c.xml\",\"name\":\"teste_EN (6).xml\",\"type\":\"text/xml\",\"mtime\":\"2022-08-23T19:12:50.670Z\"}}","timestamp":"2022-08-23 19:12:50"}
{"level":"\u001b[34minfo\u001b[39m","message":"garbage collector started on path: C:\\develop\\nodejs\\projects\\aitam\\work\\","timestamp":"2022-08-23 19:14:02"}
{"level":"\u001b[34minfo\u001b[39m","message":"req.user: undefined","timestamp":"2022-08-23 19:14:15"}
{"level":"\u001b[34minfo\u001b[39m","message":"Session id started: {\"user\":\"2f24vvg\"}","timestamp":"2022-08-23 19:14:15"}
{"level":"\u001b[34minfo\u001b[39m","message":"User logged in: {\"id\":\"2f24vvg\",\"email\":\"test@test.com\",\"password\":\"$2a$10$A2g6pbxxhLA9MNYRJ0rnzOf/7Ara76B0KcRdjzUcsIBIclRuas/fG\"}","timestamp":"2022-08-23 19:14:15"}
{"level":"\u001b[34minfo\u001b[39m","message":"User (2f24vvg) uploaded a file: {\"file-upload\":{\"size\":927272,\"path\":\"C:\\\\develop\\\\nodejs\\\\projects\\\\aitam\\\\work\\\\23b2dbdf-f2a9-42b7-8658-d7feecd10e73.xml\",\"name\":\"teste_EN (6).xml\",\"type\":\"text/xml\",\"mtime\":\"2022-08-23T19:14:22.352Z\"}}","timestamp":"2022-08-23 19:14:22"}
{"level":"\u001b[34minfo\u001b[39m","message":"garbage collector started on path: C:\\develop\\nodejs\\projects\\aitam\\work\\","timestamp":"2022-08-23 19:24:38"}
{"level":"\u001b[34minfo\u001b[39m","message":"garbage collector started on path: C:\\develop\\nodejs\\projects\\aitam\\work\\","timestamp":"2022-08-23 19:26:04"}
{"level":"\u001b[34minfo\u001b[39m","message":"garbage collector started on path: C:\\develop\\nodejs\\projects\\aitam\\work\\","timestamp":"2022-08-23 19:29:33"}
{"level":"\u001b[34minfo\u001b[39m","message":"Session created received the id:29233487-939e-44a3-91b2-f0be8d23fc7a","timestamp":"2022-08-23 19:29:43"}
{"level":"\u001b[34minfo\u001b[39m","message":"req.user: undefined","timestamp":"2022-08-23 19:29:52"}
{"level":"\u001b[34minfo\u001b[39m","message":"Session id started: {\"user\":\"2f24vvg\"}","timestamp":"2022-08-23 19:29:52"}
{"level":"\u001b[34minfo\u001b[39m","message":"User logged in: {\"id\":\"2f24vvg\",\"email\":\"test@test.com\",\"password\":\"$2a$10$A2g6pbxxhLA9MNYRJ0rnzOf/7Ara76B0KcRdjzUcsIBIclRuas/fG\"}","timestamp":"2022-08-23 19:29:52"}
{"level":"\u001b[34minfo\u001b[39m","message":"User (2f24vvg) uploaded a file: {\"file-upload\":{\"size\":927272,\"path\":\"C:\\\\develop\\\\nodejs\\\\projects\\\\aitam\\\\work\\\\17f20d52-45c5-4de9-b4b3-7a2a7ec2f22d.xml\",\"name\":\"teste_EN (6).xml\",\"type\":\"text/xml\",\"mtime\":\"2022-08-23T19:29:58.066Z\"}}","timestamp":"2022-08-23 19:29:58"}
