{"level":"\u001b[34minfo\u001b[39m","message":"garbage collector started on path: C:\\develop\\nodejs\\projects\\aitam\\work\\","timestamp":"2022-12-23 16:24:02"}
{"level":"\u001b[34minfo\u001b[39m","message":"Session created received the id:74d36a84-571d-4617-8f49-5ae89d3dd541","timestamp":"2022-12-23 16:24:35"}
{"level":"\u001b[33mwarn\u001b[39m","message":"404 - Not Found","timestamp":"2022-12-23 16:24:35"}
{"level":"\u001b[34minfo\u001b[39m","message":"req.user: undefined","timestamp":"2022-12-23 16:24:46"}
{"level":"\u001b[34minfo\u001b[39m","message":"Session id started: {\"user\":\"2f24vvg\"}","timestamp":"2022-12-23 16:24:46"}
{"level":"\u001b[34minfo\u001b[39m","message":"User logged in: {\"id\":\"2f24vvg\",\"email\":\"test@test.com\",\"password\":\"$2a$10$A2g6pbxxhLA9MNYRJ0rnzOf/7Ara76B0KcRdjzUcsIBIclRuas/fG\"}","timestamp":"2022-12-23 16:24:46"}
{"level":"\u001b[34minfo\u001b[39m","message":"New audit file created:C:\\develop\\nodejs\\projects\\aitam\\work\\0c92c6fa-2f41-4b8f-b42c-07a4992527bf.xml","timestamp":"2022-12-23 16:24:48"}
{"level":"\u001b[34minfo\u001b[39m","message":"garbage collector started on path: C:\\develop\\nodejs\\projects\\aitam\\work\\","timestamp":"2022-12-23 16:25:42"}
{"level":"\u001b[33mwarn\u001b[39m","message":"3 Graph db error: Neo4jError: Failed to connect to server. Please ensure that your database is listening on the correct host and port and that you have compatible encryption settings both on Neo4j server and driver. Note that the default encryption setting has changed in Neo4j 4.0. Caused by: connect ECONNREFUSED ::1:7687","timestamp":"2022-12-23 16:25:42"}
{"level":"\u001b[33mwarn\u001b[39m","message":"1 Graph db error: Neo4jError: Failed to connect to server. Please ensure that your database is listening on the correct host and port and that you have compatible encryption settings both on Neo4j server and driver. Note that the default encryption setting has changed in Neo4j 4.0. Caused by: connect ECONNREFUSED ::1:7687","timestamp":"2022-12-23 16:25:42"}
{"level":"\u001b[33mwarn\u001b[39m","message":"2 Graph db error: Neo4jError: Failed to connect to server. Please ensure that your database is listening on the correct host and port and that you have compatible encryption settings both on Neo4j server and driver. Note that the default encryption setting has changed in Neo4j 4.0. Caused by: connect ECONNREFUSED ::1:7687","timestamp":"2022-12-23 16:25:42"}
{"level":"\u001b[33mwarn\u001b[39m","message":"6 Graph db error: Neo4jError: Failed to connect to server. Please ensure that your database is listening on the correct host and port and that you have compatible encryption settings both on Neo4j server and driver. Note that the default encryption setting has changed in Neo4j 4.0. Caused by: connect ECONNREFUSED ::1:7687","timestamp":"2022-12-23 16:25:42"}
{"level":"\u001b[33mwarn\u001b[39m","message":"5 Graph db error: Neo4jError: Failed to connect to server. Please ensure that your database is listening on the correct host and port and that you have compatible encryption settings both on Neo4j server and driver. Note that the default encryption setting has changed in Neo4j 4.0. Caused by: connect ECONNREFUSED ::1:7687","timestamp":"2022-12-23 16:25:42"}
{"level":"\u001b[33mwarn\u001b[39m","message":"4 Graph db error: Neo4jError: Failed to connect to server. Please ensure that your database is listening on the correct host and port and that you have compatible encryption settings both on Neo4j server and driver. Note that the default encryption setting has changed in Neo4j 4.0. Caused by: connect ECONNREFUSED ::1:7687","timestamp":"2022-12-23 16:25:42"}
{"level":"\u001b[34minfo\u001b[39m","message":"garbage collector started on path: C:\\develop\\nodejs\\projects\\aitam\\work\\","timestamp":"2022-12-23 16:26:34"}
{"level":"\u001b[33mwarn\u001b[39m","message":"5 Graph db error: Neo4jError: Failed to connect to server. Please ensure that your database is listening on the correct host and port and that you have compatible encryption settings both on Neo4j server and driver. Note that the default encryption setting has changed in Neo4j 4.0. Caused by: connect ECONNREFUSED ::1:7687","timestamp":"2022-12-23 16:26:35"}
{"level":"\u001b[33mwarn\u001b[39m","message":"3 Graph db error: Neo4jError: Failed to connect to server. Please ensure that your database is listening on the correct host and port and that you have compatible encryption settings both on Neo4j server and driver. Note that the default encryption setting has changed in Neo4j 4.0. Caused by: connect ECONNREFUSED ::1:7687","timestamp":"2022-12-23 16:26:35"}
{"level":"\u001b[33mwarn\u001b[39m","message":"2 Graph db error: Neo4jError: Failed to connect to server. Please ensure that your database is listening on the correct host and port and that you have compatible encryption settings both on Neo4j server and driver. Note that the default encryption setting has changed in Neo4j 4.0. Caused by: connect ECONNREFUSED ::1:7687","timestamp":"2022-12-23 16:26:35"}
{"level":"\u001b[33mwarn\u001b[39m","message":"1 Graph db error: Neo4jError: Failed to connect to server. Please ensure that your database is listening on the correct host and port and that you have compatible encryption settings both on Neo4j server and driver. Note that the default encryption setting has changed in Neo4j 4.0. Caused by: connect ECONNREFUSED ::1:7687","timestamp":"2022-12-23 16:26:35"}
{"level":"\u001b[33mwarn\u001b[39m","message":"6 Graph db error: Neo4jError: Failed to connect to server. Please ensure that your database is listening on the correct host and port and that you have compatible encryption settings both on Neo4j server and driver. Note that the default encryption setting has changed in Neo4j 4.0. Caused by: connect ECONNREFUSED ::1:7687","timestamp":"2022-12-23 16:26:35"}
{"level":"\u001b[33mwarn\u001b[39m","message":"4 Graph db error: Neo4jError: Failed to connect to server. Please ensure that your database is listening on the correct host and port and that you have compatible encryption settings both on Neo4j server and driver. Note that the default encryption setting has changed in Neo4j 4.0. Caused by: connect ECONNREFUSED ::1:7687","timestamp":"2022-12-23 16:26:35"}
{"level":"\u001b[34minfo\u001b[39m","message":"garbage collector started on path: C:\\develop\\nodejs\\projects\\aitam\\work\\","timestamp":"2022-12-23 16:31:30"}
{"level":"\u001b[33mwarn\u001b[39m","message":"2 Graph db error: Neo4jError: Failed to connect to server. Please ensure that your database is listening on the correct host and port and that you have compatible encryption settings both on Neo4j server and driver. Note that the default encryption setting has changed in Neo4j 4.0. Caused by: connect ECONNREFUSED ::1:7687","timestamp":"2022-12-23 16:31:31"}
{"level":"\u001b[33mwarn\u001b[39m","message":"4 Graph db error: Neo4jError: Failed to connect to server. Please ensure that your database is listening on the correct host and port and that you have compatible encryption settings both on Neo4j server and driver. Note that the default encryption setting has changed in Neo4j 4.0. Caused by: connect ECONNREFUSED ::1:7687","timestamp":"2022-12-23 16:31:31"}
{"level":"\u001b[33mwarn\u001b[39m","message":"1 Graph db error: Neo4jError: Failed to connect to server. Please ensure that your database is listening on the correct host and port and that you have compatible encryption settings both on Neo4j server and driver. Note that the default encryption setting has changed in Neo4j 4.0. Caused by: connect ECONNREFUSED ::1:7687","timestamp":"2022-12-23 16:31:31"}
{"level":"\u001b[33mwarn\u001b[39m","message":"3 Graph db error: Neo4jError: Failed to connect to server. Please ensure that your database is listening on the correct host and port and that you have compatible encryption settings both on Neo4j server and driver. Note that the default encryption setting has changed in Neo4j 4.0. Caused by: connect ECONNREFUSED ::1:7687","timestamp":"2022-12-23 16:31:31"}
{"level":"\u001b[33mwarn\u001b[39m","message":"5 Graph db error: Neo4jError: Failed to connect to server. Please ensure that your database is listening on the correct host and port and that you have compatible encryption settings both on Neo4j server and driver. Note that the default encryption setting has changed in Neo4j 4.0. Caused by: connect ECONNREFUSED ::1:7687","timestamp":"2022-12-23 16:31:31"}
{"level":"\u001b[33mwarn\u001b[39m","message":"6 Graph db error: Neo4jError: Failed to connect to server. Please ensure that your database is listening on the correct host and port and that you have compatible encryption settings both on Neo4j server and driver. Note that the default encryption setting has changed in Neo4j 4.0. Caused by: connect ECONNREFUSED ::1:7687","timestamp":"2022-12-23 16:31:31"}
{"level":"\u001b[34minfo\u001b[39m","message":"garbage collector started on path: C:\\develop\\nodejs\\projects\\aitam\\work\\","timestamp":"2022-12-23 16:31:54"}
{"level":"\u001b[34minfo\u001b[39m","message":"Session created received the id:595370d3-7812-460c-8725-619d6a7761cc","timestamp":"2022-12-23 16:32:54"}
{"level":"\u001b[34minfo\u001b[39m","message":"req.user: undefined","timestamp":"2022-12-23 16:33:02"}
{"level":"\u001b[34minfo\u001b[39m","message":"Session id started: {\"user\":\"2f24vvg\"}","timestamp":"2022-12-23 16:33:02"}
{"level":"\u001b[34minfo\u001b[39m","message":"User logged in: {\"id\":\"2f24vvg\",\"email\":\"test@test.com\",\"password\":\"$2a$10$A2g6pbxxhLA9MNYRJ0rnzOf/7Ara76B0KcRdjzUcsIBIclRuas/fG\"}","timestamp":"2022-12-23 16:33:02"}
{"level":"\u001b[34minfo\u001b[39m","message":"User (2f24vvg) uploaded a file: {\"file-upload\":{\"size\":920393,\"path\":\"C:\\\\develop\\\\nodejs\\\\projects\\\\aitam\\\\work\\\\bff9266f-09c7-4948-8ced-dfb1750267ef.xml\",\"name\":\"a549f860-51a6-462a-b935-831cff832ff3 (1).xml\",\"type\":\"text/xml\",\"mtime\":\"2022-12-23T16:33:15.043Z\"}}","timestamp":"2022-12-23 16:33:15"}
{"level":"\u001b[34minfo\u001b[39m","message":"garbage collector started on path: C:\\develop\\nodejs\\projects\\aitam\\work\\","timestamp":"2022-12-23 16:37:24"}
