{"level":"\u001b[34minfo\u001b[39m","message":"garbage collector started on path: C:\\develop\\nodejs\\projects\\aitam\\work\\","timestamp":"2022-07-12 12:02:38"}
{"level":"\u001b[34minfo\u001b[39m","message":"garbage collector started on path: C:\\develop\\nodejs\\projects\\aitam\\work\\","timestamp":"2022-07-12 12:02:42"}
{"level":"\u001b[34minfo\u001b[39m","message":"Session created received the id:f55e3393-21d0-4cd3-9d64-b0d718c3f590","timestamp":"2022-07-12 12:03:17"}
{"level":"\u001b[34minfo\u001b[39m","message":"garbage collector started on path: C:\\develop\\nodejs\\projects\\aitam\\work\\","timestamp":"2022-07-12 12:03:19"}
{"level":"\u001b[33mwarn\u001b[39m","message":"404 - Not Found","timestamp":"2022-07-12 12:03:21"}
{"level":"\u001b[34minfo\u001b[39m","message":"garbage collector started on path: C:\\develop\\nodejs\\projects\\aitam\\work\\","timestamp":"2022-07-12 12:03:23"}
{"level":"\u001b[34minfo\u001b[39m","message":"garbage collector started on path: C:\\develop\\nodejs\\projects\\aitam\\work\\","timestamp":"2022-07-12 12:03:58"}
{"level":"\u001b[34minfo\u001b[39m","message":"Session created received the id:826ad3f6-36a0-46ab-b72a-8e22c683822c","timestamp":"2022-07-12 12:04:05"}
{"level":"\u001b[34minfo\u001b[39m","message":"garbage collector started on path: C:\\develop\\nodejs\\projects\\aitam\\work\\","timestamp":"2022-07-12 12:04:07"}
{"level":"\u001b[34minfo\u001b[39m","message":"garbage collector started on path: C:\\develop\\nodejs\\projects\\aitam\\work\\","timestamp":"2022-07-12 12:05:03"}
{"level":"\u001b[34minfo\u001b[39m","message":"garbage collector started on path: C:\\develop\\nodejs\\projects\\aitam\\work\\","timestamp":"2022-07-12 12:05:48"}
{"level":"\u001b[34minfo\u001b[39m","message":"garbage collector started on path: C:\\develop\\nodejs\\projects\\aitam\\work\\","timestamp":"2022-07-12 12:06:39"}
{"level":"\u001b[34minfo\u001b[39m","message":"Session created received the id:1c376f7f-7dab-4dfc-a571-9cb8cf5c3afd","timestamp":"2022-07-12 12:06:42"}
{"level":"\u001b[33mwarn\u001b[39m","message":"404 - Not Found","timestamp":"2022-07-12 12:06:42"}
{"level":"\u001b[34minfo\u001b[39m","message":"garbage collector started on path: C:\\develop\\nodejs\\projects\\aitam\\work\\","timestamp":"2022-07-12 12:07:18"}
{"level":"\u001b[34minfo\u001b[39m","message":"Session created received the id:1ebb54b0-ced3-4acd-bef2-d96e12a7bc08","timestamp":"2022-07-12 12:07:33"}
{"level":"\u001b[34minfo\u001b[39m","message":"garbage collector started on path: C:\\develop\\nodejs\\projects\\aitam\\work\\","timestamp":"2022-07-12 12:14:54"}
{"level":"\u001b[34minfo\u001b[39m","message":"garbage collector deleted  26067f19-e27e-4d2a-aa63-22a56f49c16e.xml on folder: C:\\develop\\nodejs\\projects\\aitam\\work\\, path: C:\\develop\\nodejs\\projects\\aitam\\work\\26067f19-e27e-4d2a-aa63-22a56f49c16e.xml","timestamp":"2022-07-12 12:15:00"}
{"level":"\u001b[34minfo\u001b[39m","message":"garbage collector deleted  335be387-c472-4ef9-a9ab-228016c2b438.xml on folder: C:\\develop\\nodejs\\projects\\aitam\\work\\, path: C:\\develop\\nodejs\\projects\\aitam\\work\\335be387-c472-4ef9-a9ab-228016c2b438.xml","timestamp":"2022-07-12 12:15:00"}
{"level":"\u001b[34minfo\u001b[39m","message":"garbage collector deleted  37dbe37b-09a0-404a-b7ef-b9cd45906c71.xml on folder: C:\\develop\\nodejs\\projects\\aitam\\work\\, path: C:\\develop\\nodejs\\projects\\aitam\\work\\37dbe37b-09a0-404a-b7ef-b9cd45906c71.xml","timestamp":"2022-07-12 12:15:00"}
{"level":"\u001b[34minfo\u001b[39m","message":"garbage collector deleted  57bab820-4255-49ed-a0f1-c9c19e51f56b.xml on folder: C:\\develop\\nodejs\\projects\\aitam\\work\\, path: C:\\develop\\nodejs\\projects\\aitam\\work\\57bab820-4255-49ed-a0f1-c9c19e51f56b.xml","timestamp":"2022-07-12 12:15:00"}
{"level":"\u001b[34minfo\u001b[39m","message":"garbage collector deleted  9b117356-1382-42e1-95ef-dbc76f8270ac.xml on folder: C:\\develop\\nodejs\\projects\\aitam\\work\\, path: C:\\develop\\nodejs\\projects\\aitam\\work\\9b117356-1382-42e1-95ef-dbc76f8270ac.xml","timestamp":"2022-07-12 12:15:00"}
{"level":"\u001b[34minfo\u001b[39m","message":"garbage collector deleted  9c4aace6-0a8d-4aad-b222-305433468392.xml on folder: C:\\develop\\nodejs\\projects\\aitam\\work\\, path: C:\\develop\\nodejs\\projects\\aitam\\work\\9c4aace6-0a8d-4aad-b222-305433468392.xml","timestamp":"2022-07-12 12:15:00"}
{"level":"\u001b[34minfo\u001b[39m","message":"garbage collector deleted  d32b6fc9-adad-419a-9b46-51d01c249311.xml on folder: C:\\develop\\nodejs\\projects\\aitam\\work\\, path: C:\\develop\\nodejs\\projects\\aitam\\work\\d32b6fc9-adad-419a-9b46-51d01c249311.xml","timestamp":"2022-07-12 12:15:01"}
{"level":"\u001b[34minfo\u001b[39m","message":"garbage collector deleted  e307cda1-c803-43a0-98a4-e736ad848691.xml on folder: C:\\develop\\nodejs\\projects\\aitam\\work\\, path: C:\\develop\\nodejs\\projects\\aitam\\work\\e307cda1-c803-43a0-98a4-e736ad848691.xml","timestamp":"2022-07-12 12:15:01"}
{"level":"\u001b[34minfo\u001b[39m","message":"garbage collector deleted  dd9d2224-2134-4c2a-8943-5afb0c49764b.xml on folder: C:\\develop\\nodejs\\projects\\aitam\\work\\, path: C:\\develop\\nodejs\\projects\\aitam\\work\\dd9d2224-2134-4c2a-8943-5afb0c49764b.xml","timestamp":"2022-07-12 12:15:01"}
{"level":"\u001b[34minfo\u001b[39m","message":"garbage collector deleted  f6fe99e6-b922-4166-8a6a-7305c5035fc3.xml on folder: C:\\develop\\nodejs\\projects\\aitam\\work\\, path: C:\\develop\\nodejs\\projects\\aitam\\work\\f6fe99e6-b922-4166-8a6a-7305c5035fc3.xml","timestamp":"2022-07-12 12:15:01"}
{"level":"\u001b[34minfo\u001b[39m","message":"garbage collector deleted  gazetteer.dic on folder: C:\\develop\\nodejs\\projects\\aitam\\work\\, path: C:\\develop\\nodejs\\projects\\aitam\\work\\gazetteer.dic","timestamp":"2022-07-12 12:15:01"}
{"level":"\u001b[34minfo\u001b[39m","message":"garbage collector error:  Error: Can't delete C:\\develop\\nodejs\\projects\\aitam\\work\\335be387-c472-4ef9-a9ab-228016c2b438.xml","timestamp":"2022-07-12 12:15:01"}
{"level":"\u001b[34minfo\u001b[39m","message":"garbage collector error:  Error: Can't delete C:\\develop\\nodejs\\projects\\aitam\\work\\26067f19-e27e-4d2a-aa63-22a56f49c16e.xml","timestamp":"2022-07-12 12:15:01"}
{"level":"\u001b[34minfo\u001b[39m","message":"garbage collector error:  Error: Can't delete C:\\develop\\nodejs\\projects\\aitam\\work\\57bab820-4255-49ed-a0f1-c9c19e51f56b.xml","timestamp":"2022-07-12 12:15:01"}
{"level":"\u001b[34minfo\u001b[39m","message":"garbage collector error:  Error: Can't delete C:\\develop\\nodejs\\projects\\aitam\\work\\37dbe37b-09a0-404a-b7ef-b9cd45906c71.xml","timestamp":"2022-07-12 12:15:01"}
{"level":"\u001b[34minfo\u001b[39m","message":"garbage collector error:  Error: Can't delete C:\\develop\\nodejs\\projects\\aitam\\work\\8b8bdd0d-ecdf-4e9e-90dd-2cc3415a73ce.xml","timestamp":"2022-07-12 12:15:01"}
{"level":"\u001b[34minfo\u001b[39m","message":"garbage collector error:  Error: Can't delete C:\\develop\\nodejs\\projects\\aitam\\work\\9b117356-1382-42e1-95ef-dbc76f8270ac.xml","timestamp":"2022-07-12 12:15:01"}
{"level":"\u001b[34minfo\u001b[39m","message":"garbage collector error:  Error: Can't delete C:\\develop\\nodejs\\projects\\aitam\\work\\9c4aace6-0a8d-4aad-b222-305433468392.xml","timestamp":"2022-07-12 12:15:01"}
{"level":"\u001b[34minfo\u001b[39m","message":"garbage collector error:  Error: Can't delete C:\\develop\\nodejs\\projects\\aitam\\work\\d32b6fc9-adad-419a-9b46-51d01c249311.xml","timestamp":"2022-07-12 12:15:01"}
{"level":"\u001b[34minfo\u001b[39m","message":"garbage collector error:  Error: Can't delete C:\\develop\\nodejs\\projects\\aitam\\work\\dd9d2224-2134-4c2a-8943-5afb0c49764b.xml","timestamp":"2022-07-12 12:15:01"}
{"level":"\u001b[34minfo\u001b[39m","message":"garbage collector error:  Error: Can't delete C:\\develop\\nodejs\\projects\\aitam\\work\\e307cda1-c803-43a0-98a4-e736ad848691.xml","timestamp":"2022-07-12 12:15:01"}
{"level":"\u001b[34minfo\u001b[39m","message":"garbage collector error:  Error: Can't delete C:\\develop\\nodejs\\projects\\aitam\\work\\f6fe99e6-b922-4166-8a6a-7305c5035fc3.xml","timestamp":"2022-07-12 12:15:01"}
{"level":"\u001b[34minfo\u001b[39m","message":"garbage collector deleted  8b8bdd0d-ecdf-4e9e-90dd-2cc3415a73ce.xml on folder: C:\\develop\\nodejs\\projects\\aitam\\work\\, path: C:\\develop\\nodejs\\projects\\aitam\\work\\8b8bdd0d-ecdf-4e9e-90dd-2cc3415a73ce.xml","timestamp":"2022-07-12 12:15:01"}
{"level":"\u001b[34minfo\u001b[39m","message":"garbage collector error:  Error: Can't delete C:\\develop\\nodejs\\projects\\aitam\\work\\gazetteer.dic","timestamp":"2022-07-12 12:15:01"}
{"level":"\u001b[34minfo\u001b[39m","message":"Session created received the id:761a7dc5-5efc-4d18-9608-3b90dc160261","timestamp":"2022-07-12 12:15:13"}
{"level":"\u001b[33mwarn\u001b[39m","message":"404 - Not Found","timestamp":"2022-07-12 12:15:14"}
{"level":"\u001b[34minfo\u001b[39m","message":"garbage collector started on path: C:\\develop\\nodejs\\projects\\aitam\\work\\","timestamp":"2022-07-12 12:16:15"}
{"level":"\u001b[34minfo\u001b[39m","message":"Session created received the id:02678e92-c434-4366-9199-47f4e16bfa5a","timestamp":"2022-07-12 12:29:36"}
