{"level":"\u001b[34minfo\u001b[39m","message":"garbage collector started on path: C:\\develop\\nodejs\\projects\\aitam\\work\\","timestamp":"2022-03-07 12:01:16"}
{"level":"\u001b[34minfo\u001b[39m","message":"garbage collector started on path: C:\\develop\\nodejs\\projects\\aitam\\work\\","timestamp":"2022-03-07 12:01:22"}
{"level":"\u001b[34minfo\u001b[39m","message":"garbage collector started on path: C:\\develop\\nodejs\\projects\\aitam\\work\\","timestamp":"2022-03-07 12:11:01"}
{"level":"\u001b[34minfo\u001b[39m","message":"garbage collector deleted  0246150b-e3ec-441c-8420-b1d4734adde0.xml on folder: C:\\develop\\nodejs\\projects\\aitam\\work\\, path: C:\\develop\\nodejs\\projects\\aitam\\work\\0246150b-e3ec-441c-8420-b1d4734adde0.xml","timestamp":"2022-03-07 12:15:00"}
{"level":"\u001b[34minfo\u001b[39m","message":"garbage collector deleted  0246150b-e3ec-441c-8420-b1d4734adde0.xlsx on folder: C:\\develop\\nodejs\\projects\\aitam\\work\\, path: C:\\develop\\nodejs\\projects\\aitam\\work\\0246150b-e3ec-441c-8420-b1d4734adde0.xlsx","timestamp":"2022-03-07 12:15:00"}
{"level":"\u001b[34minfo\u001b[39m","message":"garbage collector deleted  0af65d0e-a11d-4423-a8d3-371bae164e6b.xlsx on folder: C:\\develop\\nodejs\\projects\\aitam\\work\\, path: C:\\develop\\nodejs\\projects\\aitam\\work\\0af65d0e-a11d-4423-a8d3-371bae164e6b.xlsx","timestamp":"2022-03-07 12:15:00"}
{"level":"\u001b[34minfo\u001b[39m","message":"garbage collector deleted  0af65d0e-a11d-4423-a8d3-371bae164e6b.xml on folder: C:\\develop\\nodejs\\projects\\aitam\\work\\, path: C:\\develop\\nodejs\\projects\\aitam\\work\\0af65d0e-a11d-4423-a8d3-371bae164e6b.xml","timestamp":"2022-03-07 12:15:00"}
{"level":"\u001b[34minfo\u001b[39m","message":"garbage collector deleted  0be8dab7-1705-4b2b-8e28-4b705c94f62b.xlsx on folder: C:\\develop\\nodejs\\projects\\aitam\\work\\, path: C:\\develop\\nodejs\\projects\\aitam\\work\\0be8dab7-1705-4b2b-8e28-4b705c94f62b.xlsx","timestamp":"2022-03-07 12:15:00"}
{"level":"\u001b[34minfo\u001b[39m","message":"garbage collector deleted  0be8dab7-1705-4b2b-8e28-4b705c94f62b.xml on folder: C:\\develop\\nodejs\\projects\\aitam\\work\\, path: C:\\develop\\nodejs\\projects\\aitam\\work\\0be8dab7-1705-4b2b-8e28-4b705c94f62b.xml","timestamp":"2022-03-07 12:15:00"}
{"level":"\u001b[34minfo\u001b[39m","message":"garbage collector deleted  1588cd15-c56f-4c16-b368-aefb449fb018.xlsx on folder: C:\\develop\\nodejs\\projects\\aitam\\work\\, path: C:\\develop\\nodejs\\projects\\aitam\\work\\1588cd15-c56f-4c16-b368-aefb449fb018.xlsx","timestamp":"2022-03-07 12:15:00"}
{"level":"\u001b[34minfo\u001b[39m","message":"garbage collector deleted  1588cd15-c56f-4c16-b368-aefb449fb018.xml on folder: C:\\develop\\nodejs\\projects\\aitam\\work\\, path: C:\\develop\\nodejs\\projects\\aitam\\work\\1588cd15-c56f-4c16-b368-aefb449fb018.xml","timestamp":"2022-03-07 12:15:00"}
{"level":"\u001b[34minfo\u001b[39m","message":"garbage collector deleted  19fbde2a-a979-427f-85b5-050846cf5014.xlsx on folder: C:\\develop\\nodejs\\projects\\aitam\\work\\, path: C:\\develop\\nodejs\\projects\\aitam\\work\\19fbde2a-a979-427f-85b5-050846cf5014.xlsx","timestamp":"2022-03-07 12:15:00"}
{"level":"\u001b[34minfo\u001b[39m","message":"garbage collector deleted  19fbde2a-a979-427f-85b5-050846cf5014.xml on folder: C:\\develop\\nodejs\\projects\\aitam\\work\\, path: C:\\develop\\nodejs\\projects\\aitam\\work\\19fbde2a-a979-427f-85b5-050846cf5014.xml","timestamp":"2022-03-07 12:15:00"}
{"level":"\u001b[34minfo\u001b[39m","message":"garbage collector deleted  219f8bcf-1fa6-47e3-95a1-dbf1bbe3b021.xlsx on folder: C:\\develop\\nodejs\\projects\\aitam\\work\\, path: C:\\develop\\nodejs\\projects\\aitam\\work\\219f8bcf-1fa6-47e3-95a1-dbf1bbe3b021.xlsx","timestamp":"2022-03-07 12:15:00"}
{"level":"\u001b[34minfo\u001b[39m","message":"garbage collector deleted  2231cf4b-ff90-4209-9200-fff8b7931d81.xlsx on folder: C:\\develop\\nodejs\\projects\\aitam\\work\\, path: C:\\develop\\nodejs\\projects\\aitam\\work\\2231cf4b-ff90-4209-9200-fff8b7931d81.xlsx","timestamp":"2022-03-07 12:15:00"}
{"level":"\u001b[34minfo\u001b[39m","message":"garbage collector deleted  2231cf4b-ff90-4209-9200-fff8b7931d81.xml on folder: C:\\develop\\nodejs\\projects\\aitam\\work\\, path: C:\\develop\\nodejs\\projects\\aitam\\work\\2231cf4b-ff90-4209-9200-fff8b7931d81.xml","timestamp":"2022-03-07 12:15:00"}
{"level":"\u001b[34minfo\u001b[39m","message":"garbage collector deleted  25527f6c-d8d5-4639-b1df-4f4aaf7fb3df.xlsx on folder: C:\\develop\\nodejs\\projects\\aitam\\work\\, path: C:\\develop\\nodejs\\projects\\aitam\\work\\25527f6c-d8d5-4639-b1df-4f4aaf7fb3df.xlsx","timestamp":"2022-03-07 12:15:00"}
{"level":"\u001b[34minfo\u001b[39m","message":"garbage collector deleted  25527f6c-d8d5-4639-b1df-4f4aaf7fb3df.xml on folder: C:\\develop\\nodejs\\projects\\aitam\\work\\, path: C:\\develop\\nodejs\\projects\\aitam\\work\\25527f6c-d8d5-4639-b1df-4f4aaf7fb3df.xml","timestamp":"2022-03-07 12:15:00"}
{"level":"\u001b[34minfo\u001b[39m","message":"garbage collector deleted  0e96a5ed-f602-4373-a85e-9f15bffa707a.xml on folder: C:\\develop\\nodejs\\projects\\aitam\\work\\, path: C:\\develop\\nodejs\\projects\\aitam\\work\\0e96a5ed-f602-4373-a85e-9f15bffa707a.xml","timestamp":"2022-03-07 12:15:00"}
{"level":"\u001b[34minfo\u001b[39m","message":"garbage collector deleted  2ca6337d-481c-4306-bd9a-520f3e3d968b.xlsx on folder: C:\\develop\\nodejs\\projects\\aitam\\work\\, path: C:\\develop\\nodejs\\projects\\aitam\\work\\2ca6337d-481c-4306-bd9a-520f3e3d968b.xlsx","timestamp":"2022-03-07 12:15:00"}
{"level":"\u001b[34minfo\u001b[39m","message":"garbage collector deleted  2ca6337d-481c-4306-bd9a-520f3e3d968b.xml on folder: C:\\develop\\nodejs\\projects\\aitam\\work\\, path: C:\\develop\\nodejs\\projects\\aitam\\work\\2ca6337d-481c-4306-bd9a-520f3e3d968b.xml","timestamp":"2022-03-07 12:15:00"}
{"level":"\u001b[34minfo\u001b[39m","message":"garbage collector deleted  2fb71645-21bd-4bd5-8550-48b114a95428.xlsx on folder: C:\\develop\\nodejs\\projects\\aitam\\work\\, path: C:\\develop\\nodejs\\projects\\aitam\\work\\2fb71645-21bd-4bd5-8550-48b114a95428.xlsx","timestamp":"2022-03-07 12:15:00"}
{"level":"\u001b[34minfo\u001b[39m","message":"garbage collector deleted  2f0758c4-8863-4840-bb23-97ae39967186.xml on folder: C:\\develop\\nodejs\\projects\\aitam\\work\\, path: C:\\develop\\nodejs\\projects\\aitam\\work\\2f0758c4-8863-4840-bb23-97ae39967186.xml","timestamp":"2022-03-07 12:15:00"}
{"level":"\u001b[34minfo\u001b[39m","message":"garbage collector deleted  2fb71645-21bd-4bd5-8550-48b114a95428.xml on folder: C:\\develop\\nodejs\\projects\\aitam\\work\\, path: C:\\develop\\nodejs\\projects\\aitam\\work\\2fb71645-21bd-4bd5-8550-48b114a95428.xml","timestamp":"2022-03-07 12:15:00"}
{"level":"\u001b[34minfo\u001b[39m","message":"garbage collector deleted  31809d36-34ad-4600-83ce-73de16891f89.xlsx on folder: C:\\develop\\nodejs\\projects\\aitam\\work\\, path: C:\\develop\\nodejs\\projects\\aitam\\work\\31809d36-34ad-4600-83ce-73de16891f89.xlsx","timestamp":"2022-03-07 12:15:00"}
{"level":"\u001b[34minfo\u001b[39m","message":"garbage collector deleted  31809d36-34ad-4600-83ce-73de16891f89.xml on folder: C:\\develop\\nodejs\\projects\\aitam\\work\\, path: C:\\develop\\nodejs\\projects\\aitam\\work\\31809d36-34ad-4600-83ce-73de16891f89.xml","timestamp":"2022-03-07 12:15:00"}
{"level":"\u001b[34minfo\u001b[39m","message":"garbage collector deleted  219f8bcf-1fa6-47e3-95a1-dbf1bbe3b021.xml on folder: C:\\develop\\nodejs\\projects\\aitam\\work\\, path: C:\\develop\\nodejs\\projects\\aitam\\work\\219f8bcf-1fa6-47e3-95a1-dbf1bbe3b021.xml","timestamp":"2022-03-07 12:15:00"}
{"level":"\u001b[34minfo\u001b[39m","message":"garbage collector deleted  39aab4a0-7822-4bab-bdb1-9c7333520011.xml on folder: C:\\develop\\nodejs\\projects\\aitam\\work\\, path: C:\\develop\\nodejs\\projects\\aitam\\work\\39aab4a0-7822-4bab-bdb1-9c7333520011.xml","timestamp":"2022-03-07 12:15:00"}
{"level":"\u001b[34minfo\u001b[39m","message":"garbage collector deleted  46387484-5e9c-45a9-bc0a-5a8602d3f963.xml on folder: C:\\develop\\nodejs\\projects\\aitam\\work\\, path: C:\\develop\\nodejs\\projects\\aitam\\work\\46387484-5e9c-45a9-bc0a-5a8602d3f963.xml","timestamp":"2022-03-07 12:15:00"}
{"level":"\u001b[34minfo\u001b[39m","message":"garbage collector deleted  470d6246-438a-4a04-b54f-fb227c7ed678.xlsx on folder: C:\\develop\\nodejs\\projects\\aitam\\work\\, path: C:\\develop\\nodejs\\projects\\aitam\\work\\470d6246-438a-4a04-b54f-fb227c7ed678.xlsx","timestamp":"2022-03-07 12:15:00"}
{"level":"\u001b[34minfo\u001b[39m","message":"garbage collector deleted  470d6246-438a-4a04-b54f-fb227c7ed678.xml on folder: C:\\develop\\nodejs\\projects\\aitam\\work\\, path: C:\\develop\\nodejs\\projects\\aitam\\work\\470d6246-438a-4a04-b54f-fb227c7ed678.xml","timestamp":"2022-03-07 12:15:00"}
{"level":"\u001b[34minfo\u001b[39m","message":"garbage collector deleted  4c129c69-ab17-4cf1-b1c5-9d6fa93d1764.xlsx on folder: C:\\develop\\nodejs\\projects\\aitam\\work\\, path: C:\\develop\\nodejs\\projects\\aitam\\work\\4c129c69-ab17-4cf1-b1c5-9d6fa93d1764.xlsx","timestamp":"2022-03-07 12:15:00"}
{"level":"\u001b[34minfo\u001b[39m","message":"garbage collector deleted  4c129c69-ab17-4cf1-b1c5-9d6fa93d1764.xml on folder: C:\\develop\\nodejs\\projects\\aitam\\work\\, path: C:\\develop\\nodejs\\projects\\aitam\\work\\4c129c69-ab17-4cf1-b1c5-9d6fa93d1764.xml","timestamp":"2022-03-07 12:15:00"}
{"level":"\u001b[34minfo\u001b[39m","message":"garbage collector deleted  50496f6d-d75c-47a6-90ba-adf81b2cc392.xlsx on folder: C:\\develop\\nodejs\\projects\\aitam\\work\\, path: C:\\develop\\nodejs\\projects\\aitam\\work\\50496f6d-d75c-47a6-90ba-adf81b2cc392.xlsx","timestamp":"2022-03-07 12:15:00"}
{"level":"\u001b[34minfo\u001b[39m","message":"garbage collector deleted  50496f6d-d75c-47a6-90ba-adf81b2cc392.xml on folder: C:\\develop\\nodejs\\projects\\aitam\\work\\, path: C:\\develop\\nodejs\\projects\\aitam\\work\\50496f6d-d75c-47a6-90ba-adf81b2cc392.xml","timestamp":"2022-03-07 12:15:00"}
{"level":"\u001b[34minfo\u001b[39m","message":"garbage collector deleted  5306ee0c-b38d-4479-b64e-bbff7efd0635.xlsx on folder: C:\\develop\\nodejs\\projects\\aitam\\work\\, path: C:\\develop\\nodejs\\projects\\aitam\\work\\5306ee0c-b38d-4479-b64e-bbff7efd0635.xlsx","timestamp":"2022-03-07 12:15:00"}
{"level":"\u001b[34minfo\u001b[39m","message":"garbage collector deleted  5306ee0c-b38d-4479-b64e-bbff7efd0635.xml on folder: C:\\develop\\nodejs\\projects\\aitam\\work\\, path: C:\\develop\\nodejs\\projects\\aitam\\work\\5306ee0c-b38d-4479-b64e-bbff7efd0635.xml","timestamp":"2022-03-07 12:15:00"}
{"level":"\u001b[34minfo\u001b[39m","message":"garbage collector deleted  561f44f4-7c86-4aea-b1a9-79fa0d3666dc.xlsx on folder: C:\\develop\\nodejs\\projects\\aitam\\work\\, path: C:\\develop\\nodejs\\projects\\aitam\\work\\561f44f4-7c86-4aea-b1a9-79fa0d3666dc.xlsx","timestamp":"2022-03-07 12:15:00"}
{"level":"\u001b[34minfo\u001b[39m","message":"garbage collector deleted  561f44f4-7c86-4aea-b1a9-79fa0d3666dc.xml on folder: C:\\develop\\nodejs\\projects\\aitam\\work\\, path: C:\\develop\\nodejs\\projects\\aitam\\work\\561f44f4-7c86-4aea-b1a9-79fa0d3666dc.xml","timestamp":"2022-03-07 12:15:00"}
{"level":"\u001b[34minfo\u001b[39m","message":"garbage collector deleted  66f528df-1f08-46df-987b-2ea8eee66896.xlsx on folder: C:\\develop\\nodejs\\projects\\aitam\\work\\, path: C:\\develop\\nodejs\\projects\\aitam\\work\\66f528df-1f08-46df-987b-2ea8eee66896.xlsx","timestamp":"2022-03-07 12:15:00"}
{"level":"\u001b[34minfo\u001b[39m","message":"garbage collector deleted  66f528df-1f08-46df-987b-2ea8eee66896.xml on folder: C:\\develop\\nodejs\\projects\\aitam\\work\\, path: C:\\develop\\nodejs\\projects\\aitam\\work\\66f528df-1f08-46df-987b-2ea8eee66896.xml","timestamp":"2022-03-07 12:15:00"}
{"level":"\u001b[34minfo\u001b[39m","message":"garbage collector deleted  6aa45c55-bf61-4a26-bf01-362f96ea5a38.xlsx on folder: C:\\develop\\nodejs\\projects\\aitam\\work\\, path: C:\\develop\\nodejs\\projects\\aitam\\work\\6aa45c55-bf61-4a26-bf01-362f96ea5a38.xlsx","timestamp":"2022-03-07 12:15:00"}
{"level":"\u001b[34minfo\u001b[39m","message":"garbage collector deleted  6aa45c55-bf61-4a26-bf01-362f96ea5a38.xml on folder: C:\\develop\\nodejs\\projects\\aitam\\work\\, path: C:\\develop\\nodejs\\projects\\aitam\\work\\6aa45c55-bf61-4a26-bf01-362f96ea5a38.xml","timestamp":"2022-03-07 12:15:00"}
{"level":"\u001b[34minfo\u001b[39m","message":"garbage collector deleted  6c8b799b-4b86-4da7-8e80-aff6d548013e.xlsx on folder: C:\\develop\\nodejs\\projects\\aitam\\work\\, path: C:\\develop\\nodejs\\projects\\aitam\\work\\6c8b799b-4b86-4da7-8e80-aff6d548013e.xlsx","timestamp":"2022-03-07 12:15:00"}
{"level":"\u001b[34minfo\u001b[39m","message":"garbage collector deleted  6c8b799b-4b86-4da7-8e80-aff6d548013e.xml on folder: C:\\develop\\nodejs\\projects\\aitam\\work\\, path: C:\\develop\\nodejs\\projects\\aitam\\work\\6c8b799b-4b86-4da7-8e80-aff6d548013e.xml","timestamp":"2022-03-07 12:15:00"}
{"level":"\u001b[34minfo\u001b[39m","message":"garbage collector deleted  7ff66f73-2f83-44be-b2a8-15ec6e420938.xlsx on folder: C:\\develop\\nodejs\\projects\\aitam\\work\\, path: C:\\develop\\nodejs\\projects\\aitam\\work\\7ff66f73-2f83-44be-b2a8-15ec6e420938.xlsx","timestamp":"2022-03-07 12:15:00"}
{"level":"\u001b[34minfo\u001b[39m","message":"garbage collector deleted  7ff66f73-2f83-44be-b2a8-15ec6e420938.xml on folder: C:\\develop\\nodejs\\projects\\aitam\\work\\, path: C:\\develop\\nodejs\\projects\\aitam\\work\\7ff66f73-2f83-44be-b2a8-15ec6e420938.xml","timestamp":"2022-03-07 12:15:00"}
{"level":"\u001b[34minfo\u001b[39m","message":"garbage collector deleted  84ff0326-0cbb-47fe-b4aa-3b5d92c27925.xlsx on folder: C:\\develop\\nodejs\\projects\\aitam\\work\\, path: C:\\develop\\nodejs\\projects\\aitam\\work\\84ff0326-0cbb-47fe-b4aa-3b5d92c27925.xlsx","timestamp":"2022-03-07 12:15:00"}
{"level":"\u001b[34minfo\u001b[39m","message":"garbage collector deleted  84ff0326-0cbb-47fe-b4aa-3b5d92c27925.xml on folder: C:\\develop\\nodejs\\projects\\aitam\\work\\, path: C:\\develop\\nodejs\\projects\\aitam\\work\\84ff0326-0cbb-47fe-b4aa-3b5d92c27925.xml","timestamp":"2022-03-07 12:15:00"}
{"level":"\u001b[34minfo\u001b[39m","message":"garbage collector deleted  868ca920-4a24-43db-beea-caa5b45b58a2.xlsx on folder: C:\\develop\\nodejs\\projects\\aitam\\work\\, path: C:\\develop\\nodejs\\projects\\aitam\\work\\868ca920-4a24-43db-beea-caa5b45b58a2.xlsx","timestamp":"2022-03-07 12:15:00"}
{"level":"\u001b[34minfo\u001b[39m","message":"garbage collector deleted  868ca920-4a24-43db-beea-caa5b45b58a2.xml on folder: C:\\develop\\nodejs\\projects\\aitam\\work\\, path: C:\\develop\\nodejs\\projects\\aitam\\work\\868ca920-4a24-43db-beea-caa5b45b58a2.xml","timestamp":"2022-03-07 12:15:00"}
{"level":"\u001b[34minfo\u001b[39m","message":"garbage collector deleted  8c99de23-c537-454c-aa7c-db9d0c2d8db7.xml on folder: C:\\develop\\nodejs\\projects\\aitam\\work\\, path: C:\\develop\\nodejs\\projects\\aitam\\work\\8c99de23-c537-454c-aa7c-db9d0c2d8db7.xml","timestamp":"2022-03-07 12:15:00"}
{"level":"\u001b[34minfo\u001b[39m","message":"garbage collector deleted  937ed1c8-9392-4340-9262-065711746feb.xlsx on folder: C:\\develop\\nodejs\\projects\\aitam\\work\\, path: C:\\develop\\nodejs\\projects\\aitam\\work\\937ed1c8-9392-4340-9262-065711746feb.xlsx","timestamp":"2022-03-07 12:15:00"}
{"level":"\u001b[34minfo\u001b[39m","message":"garbage collector deleted  937ed1c8-9392-4340-9262-065711746feb.xml on folder: C:\\develop\\nodejs\\projects\\aitam\\work\\, path: C:\\develop\\nodejs\\projects\\aitam\\work\\937ed1c8-9392-4340-9262-065711746feb.xml","timestamp":"2022-03-07 12:15:00"}
{"level":"\u001b[34minfo\u001b[39m","message":"garbage collector deleted  a9871b1b-134c-44da-9458-b0daf7e38521.xml on folder: C:\\develop\\nodejs\\projects\\aitam\\work\\, path: C:\\develop\\nodejs\\projects\\aitam\\work\\a9871b1b-134c-44da-9458-b0daf7e38521.xml","timestamp":"2022-03-07 12:15:00"}
{"level":"\u001b[34minfo\u001b[39m","message":"garbage collector deleted  aad8c1ef-b4dc-49e1-83cf-20253b71c1b7.xlsx on folder: C:\\develop\\nodejs\\projects\\aitam\\work\\, path: C:\\develop\\nodejs\\projects\\aitam\\work\\aad8c1ef-b4dc-49e1-83cf-20253b71c1b7.xlsx","timestamp":"2022-03-07 12:15:00"}
{"level":"\u001b[34minfo\u001b[39m","message":"garbage collector deleted  aad8c1ef-b4dc-49e1-83cf-20253b71c1b7.xml on folder: C:\\develop\\nodejs\\projects\\aitam\\work\\, path: C:\\develop\\nodejs\\projects\\aitam\\work\\aad8c1ef-b4dc-49e1-83cf-20253b71c1b7.xml","timestamp":"2022-03-07 12:15:00"}
{"level":"\u001b[34minfo\u001b[39m","message":"garbage collector deleted  ac1a5895-d1d0-497b-9670-c6831a0c6452.xlsx on folder: C:\\develop\\nodejs\\projects\\aitam\\work\\, path: C:\\develop\\nodejs\\projects\\aitam\\work\\ac1a5895-d1d0-497b-9670-c6831a0c6452.xlsx","timestamp":"2022-03-07 12:15:00"}
{"level":"\u001b[34minfo\u001b[39m","message":"garbage collector deleted  ac1a5895-d1d0-497b-9670-c6831a0c6452.xml on folder: C:\\develop\\nodejs\\projects\\aitam\\work\\, path: C:\\develop\\nodejs\\projects\\aitam\\work\\ac1a5895-d1d0-497b-9670-c6831a0c6452.xml","timestamp":"2022-03-07 12:15:01"}
{"level":"\u001b[34minfo\u001b[39m","message":"garbage collector deleted  ac90af19-61bb-425c-a9cf-b5d5c7285eba.xml on folder: C:\\develop\\nodejs\\projects\\aitam\\work\\, path: C:\\develop\\nodejs\\projects\\aitam\\work\\ac90af19-61bb-425c-a9cf-b5d5c7285eba.xml","timestamp":"2022-03-07 12:15:01"}
{"level":"\u001b[34minfo\u001b[39m","message":"garbage collector deleted  ae3b7116-aa6c-44a1-8b3f-d47b82c31f56.xlsx on folder: C:\\develop\\nodejs\\projects\\aitam\\work\\, path: C:\\develop\\nodejs\\projects\\aitam\\work\\ae3b7116-aa6c-44a1-8b3f-d47b82c31f56.xlsx","timestamp":"2022-03-07 12:15:01"}
{"level":"\u001b[34minfo\u001b[39m","message":"garbage collector deleted  ae3b7116-aa6c-44a1-8b3f-d47b82c31f56.xml on folder: C:\\develop\\nodejs\\projects\\aitam\\work\\, path: C:\\develop\\nodejs\\projects\\aitam\\work\\ae3b7116-aa6c-44a1-8b3f-d47b82c31f56.xml","timestamp":"2022-03-07 12:15:01"}
{"level":"\u001b[34minfo\u001b[39m","message":"garbage collector deleted  b2d023b7-7d3f-4d03-a45a-9a6356d1b258.xlsx on folder: C:\\develop\\nodejs\\projects\\aitam\\work\\, path: C:\\develop\\nodejs\\projects\\aitam\\work\\b2d023b7-7d3f-4d03-a45a-9a6356d1b258.xlsx","timestamp":"2022-03-07 12:15:01"}
{"level":"\u001b[34minfo\u001b[39m","message":"garbage collector deleted  b2d023b7-7d3f-4d03-a45a-9a6356d1b258.xml on folder: C:\\develop\\nodejs\\projects\\aitam\\work\\, path: C:\\develop\\nodejs\\projects\\aitam\\work\\b2d023b7-7d3f-4d03-a45a-9a6356d1b258.xml","timestamp":"2022-03-07 12:15:01"}
{"level":"\u001b[34minfo\u001b[39m","message":"garbage collector deleted  b406628b-f4a1-4b0a-990a-59b17757aae4.xlsx on folder: C:\\develop\\nodejs\\projects\\aitam\\work\\, path: C:\\develop\\nodejs\\projects\\aitam\\work\\b406628b-f4a1-4b0a-990a-59b17757aae4.xlsx","timestamp":"2022-03-07 12:15:01"}
{"level":"\u001b[34minfo\u001b[39m","message":"garbage collector deleted  b406628b-f4a1-4b0a-990a-59b17757aae4.xml on folder: C:\\develop\\nodejs\\projects\\aitam\\work\\, path: C:\\develop\\nodejs\\projects\\aitam\\work\\b406628b-f4a1-4b0a-990a-59b17757aae4.xml","timestamp":"2022-03-07 12:15:01"}
{"level":"\u001b[34minfo\u001b[39m","message":"garbage collector deleted  c06f401c-f647-4d26-b441-f5c1451b9385.xlsx on folder: C:\\develop\\nodejs\\projects\\aitam\\work\\, path: C:\\develop\\nodejs\\projects\\aitam\\work\\c06f401c-f647-4d26-b441-f5c1451b9385.xlsx","timestamp":"2022-03-07 12:15:01"}
{"level":"\u001b[34minfo\u001b[39m","message":"garbage collector deleted  c06f401c-f647-4d26-b441-f5c1451b9385.xml on folder: C:\\develop\\nodejs\\projects\\aitam\\work\\, path: C:\\develop\\nodejs\\projects\\aitam\\work\\c06f401c-f647-4d26-b441-f5c1451b9385.xml","timestamp":"2022-03-07 12:15:01"}
{"level":"\u001b[34minfo\u001b[39m","message":"garbage collector deleted  c2639f69-496b-443c-bc78-9fcf92798134.xlsx on folder: C:\\develop\\nodejs\\projects\\aitam\\work\\, path: C:\\develop\\nodejs\\projects\\aitam\\work\\c2639f69-496b-443c-bc78-9fcf92798134.xlsx","timestamp":"2022-03-07 12:15:01"}
{"level":"\u001b[34minfo\u001b[39m","message":"garbage collector deleted  c2639f69-496b-443c-bc78-9fcf92798134.xml on folder: C:\\develop\\nodejs\\projects\\aitam\\work\\, path: C:\\develop\\nodejs\\projects\\aitam\\work\\c2639f69-496b-443c-bc78-9fcf92798134.xml","timestamp":"2022-03-07 12:15:01"}
{"level":"\u001b[34minfo\u001b[39m","message":"garbage collector deleted  c2c6bbd2-da75-4c09-8263-871477f93211.xlsx on folder: C:\\develop\\nodejs\\projects\\aitam\\work\\, path: C:\\develop\\nodejs\\projects\\aitam\\work\\c2c6bbd2-da75-4c09-8263-871477f93211.xlsx","timestamp":"2022-03-07 12:15:01"}
{"level":"\u001b[34minfo\u001b[39m","message":"garbage collector deleted  c2c6bbd2-da75-4c09-8263-871477f93211.xml on folder: C:\\develop\\nodejs\\projects\\aitam\\work\\, path: C:\\develop\\nodejs\\projects\\aitam\\work\\c2c6bbd2-da75-4c09-8263-871477f93211.xml","timestamp":"2022-03-07 12:15:01"}
{"level":"\u001b[34minfo\u001b[39m","message":"garbage collector deleted  c59258af-4345-4559-a5cc-775a44e4efb7.xml on folder: C:\\develop\\nodejs\\projects\\aitam\\work\\, path: C:\\develop\\nodejs\\projects\\aitam\\work\\c59258af-4345-4559-a5cc-775a44e4efb7.xml","timestamp":"2022-03-07 12:15:01"}
{"level":"\u001b[34minfo\u001b[39m","message":"garbage collector deleted  db5defe2-ad62-4dfa-9dca-87decf0b7e04.xlsx on folder: C:\\develop\\nodejs\\projects\\aitam\\work\\, path: C:\\develop\\nodejs\\projects\\aitam\\work\\db5defe2-ad62-4dfa-9dca-87decf0b7e04.xlsx","timestamp":"2022-03-07 12:15:01"}
{"level":"\u001b[34minfo\u001b[39m","message":"garbage collector deleted  d6fa810b-b710-46b2-9637-ab55fe457716.xml on folder: C:\\develop\\nodejs\\projects\\aitam\\work\\, path: C:\\develop\\nodejs\\projects\\aitam\\work\\d6fa810b-b710-46b2-9637-ab55fe457716.xml","timestamp":"2022-03-07 12:15:01"}
{"level":"\u001b[34minfo\u001b[39m","message":"garbage collector deleted  db5defe2-ad62-4dfa-9dca-87decf0b7e04.xml on folder: C:\\develop\\nodejs\\projects\\aitam\\work\\, path: C:\\develop\\nodejs\\projects\\aitam\\work\\db5defe2-ad62-4dfa-9dca-87decf0b7e04.xml","timestamp":"2022-03-07 12:15:01"}
{"level":"\u001b[34minfo\u001b[39m","message":"garbage collector deleted  db93f069-1ee1-4e2e-9197-c0002941aa76.xlsx on folder: C:\\develop\\nodejs\\projects\\aitam\\work\\, path: C:\\develop\\nodejs\\projects\\aitam\\work\\db93f069-1ee1-4e2e-9197-c0002941aa76.xlsx","timestamp":"2022-03-07 12:15:01"}
{"level":"\u001b[34minfo\u001b[39m","message":"garbage collector deleted  db93f069-1ee1-4e2e-9197-c0002941aa76.xml on folder: C:\\develop\\nodejs\\projects\\aitam\\work\\, path: C:\\develop\\nodejs\\projects\\aitam\\work\\db93f069-1ee1-4e2e-9197-c0002941aa76.xml","timestamp":"2022-03-07 12:15:01"}
{"level":"\u001b[34minfo\u001b[39m","message":"garbage collector deleted  e3966550-35c2-4d56-9997-fcf7759d6f46.xml on folder: C:\\develop\\nodejs\\projects\\aitam\\work\\, path: C:\\develop\\nodejs\\projects\\aitam\\work\\e3966550-35c2-4d56-9997-fcf7759d6f46.xml","timestamp":"2022-03-07 12:15:01"}
{"level":"\u001b[34minfo\u001b[39m","message":"garbage collector deleted  e911c0ba-0a4f-4932-b072-cd43fdb42d8b.xlsx on folder: C:\\develop\\nodejs\\projects\\aitam\\work\\, path: C:\\develop\\nodejs\\projects\\aitam\\work\\e911c0ba-0a4f-4932-b072-cd43fdb42d8b.xlsx","timestamp":"2022-03-07 12:15:01"}
{"level":"\u001b[34minfo\u001b[39m","message":"garbage collector deleted  e911c0ba-0a4f-4932-b072-cd43fdb42d8b.xml on folder: C:\\develop\\nodejs\\projects\\aitam\\work\\, path: C:\\develop\\nodejs\\projects\\aitam\\work\\e911c0ba-0a4f-4932-b072-cd43fdb42d8b.xml","timestamp":"2022-03-07 12:15:01"}
{"level":"\u001b[34minfo\u001b[39m","message":"garbage collector deleted  ed062bcc-ea76-4be1-80bb-f377ac924717.xlsx on folder: C:\\develop\\nodejs\\projects\\aitam\\work\\, path: C:\\develop\\nodejs\\projects\\aitam\\work\\ed062bcc-ea76-4be1-80bb-f377ac924717.xlsx","timestamp":"2022-03-07 12:15:01"}
{"level":"\u001b[34minfo\u001b[39m","message":"garbage collector deleted  ed062bcc-ea76-4be1-80bb-f377ac924717.xml on folder: C:\\develop\\nodejs\\projects\\aitam\\work\\, path: C:\\develop\\nodejs\\projects\\aitam\\work\\ed062bcc-ea76-4be1-80bb-f377ac924717.xml","timestamp":"2022-03-07 12:15:01"}
{"level":"\u001b[34minfo\u001b[39m","message":"garbage collector deleted  ee929eb5-ad57-4c85-a2c0-a03ce5c4d734.xlsx on folder: C:\\develop\\nodejs\\projects\\aitam\\work\\, path: C:\\develop\\nodejs\\projects\\aitam\\work\\ee929eb5-ad57-4c85-a2c0-a03ce5c4d734.xlsx","timestamp":"2022-03-07 12:15:01"}
{"level":"\u001b[34minfo\u001b[39m","message":"garbage collector deleted  ee929eb5-ad57-4c85-a2c0-a03ce5c4d734.xml on folder: C:\\develop\\nodejs\\projects\\aitam\\work\\, path: C:\\develop\\nodejs\\projects\\aitam\\work\\ee929eb5-ad57-4c85-a2c0-a03ce5c4d734.xml","timestamp":"2022-03-07 12:15:01"}
{"level":"\u001b[34minfo\u001b[39m","message":"garbage collector error:  Error: Can't delete C:\\develop\\nodejs\\projects\\aitam\\work\\0246150b-e3ec-441c-8420-b1d4734adde0.xlsx","timestamp":"2022-03-07 12:15:01"}
{"level":"\u001b[34minfo\u001b[39m","message":"garbage collector error:  Error: Can't delete C:\\develop\\nodejs\\projects\\aitam\\work\\0246150b-e3ec-441c-8420-b1d4734adde0.xml","timestamp":"2022-03-07 12:15:01"}
{"level":"\u001b[34minfo\u001b[39m","message":"garbage collector deleted  gazetteer.dic on folder: C:\\develop\\nodejs\\projects\\aitam\\work\\, path: C:\\develop\\nodejs\\projects\\aitam\\work\\gazetteer.dic","timestamp":"2022-03-07 12:15:01"}
{"level":"\u001b[34minfo\u001b[39m","message":"garbage collector error:  Error: Can't delete C:\\develop\\nodejs\\projects\\aitam\\work\\0af65d0e-a11d-4423-a8d3-371bae164e6b.xml","timestamp":"2022-03-07 12:15:01"}
{"level":"\u001b[34minfo\u001b[39m","message":"garbage collector error:  Error: Can't delete C:\\develop\\nodejs\\projects\\aitam\\work\\0be8dab7-1705-4b2b-8e28-4b705c94f62b.xlsx","timestamp":"2022-03-07 12:15:01"}
{"level":"\u001b[34minfo\u001b[39m","message":"garbage collector error:  Error: Can't delete C:\\develop\\nodejs\\projects\\aitam\\work\\1588cd15-c56f-4c16-b368-aefb449fb018.xlsx","timestamp":"2022-03-07 12:15:01"}
{"level":"\u001b[34minfo\u001b[39m","message":"garbage collector error:  Error: Can't delete C:\\develop\\nodejs\\projects\\aitam\\work\\0e96a5ed-f602-4373-a85e-9f15bffa707a.xml","timestamp":"2022-03-07 12:15:01"}
{"level":"\u001b[34minfo\u001b[39m","message":"garbage collector error:  Error: Can't delete C:\\develop\\nodejs\\projects\\aitam\\work\\1588cd15-c56f-4c16-b368-aefb449fb018.xml","timestamp":"2022-03-07 12:15:01"}
{"level":"\u001b[34minfo\u001b[39m","message":"garbage collector error:  Error: Can't delete C:\\develop\\nodejs\\projects\\aitam\\work\\19fbde2a-a979-427f-85b5-050846cf5014.xlsx","timestamp":"2022-03-07 12:15:01"}
{"level":"\u001b[34minfo\u001b[39m","message":"garbage collector error:  Error: Can't delete C:\\develop\\nodejs\\projects\\aitam\\work\\19fbde2a-a979-427f-85b5-050846cf5014.xml","timestamp":"2022-03-07 12:15:01"}
{"level":"\u001b[34minfo\u001b[39m","message":"garbage collector error:  Error: Can't delete C:\\develop\\nodejs\\projects\\aitam\\work\\0be8dab7-1705-4b2b-8e28-4b705c94f62b.xml","timestamp":"2022-03-07 12:15:01"}
{"level":"\u001b[34minfo\u001b[39m","message":"garbage collector error:  Error: Can't delete C:\\develop\\nodejs\\projects\\aitam\\work\\219f8bcf-1fa6-47e3-95a1-dbf1bbe3b021.xlsx","timestamp":"2022-03-07 12:15:01"}
{"level":"\u001b[34minfo\u001b[39m","message":"garbage collector error:  Error: Can't delete C:\\develop\\nodejs\\projects\\aitam\\work\\219f8bcf-1fa6-47e3-95a1-dbf1bbe3b021.xml","timestamp":"2022-03-07 12:15:01"}
{"level":"\u001b[34minfo\u001b[39m","message":"garbage collector error:  Error: Can't delete C:\\develop\\nodejs\\projects\\aitam\\work\\2231cf4b-ff90-4209-9200-fff8b7931d81.xlsx","timestamp":"2022-03-07 12:15:01"}
{"level":"\u001b[34minfo\u001b[39m","message":"garbage collector error:  Error: Can't delete C:\\develop\\nodejs\\projects\\aitam\\work\\2231cf4b-ff90-4209-9200-fff8b7931d81.xml","timestamp":"2022-03-07 12:15:01"}
{"level":"\u001b[34minfo\u001b[39m","message":"garbage collector error:  Error: Can't delete C:\\develop\\nodejs\\projects\\aitam\\work\\25527f6c-d8d5-4639-b1df-4f4aaf7fb3df.xlsx","timestamp":"2022-03-07 12:15:01"}
{"level":"\u001b[34minfo\u001b[39m","message":"garbage collector error:  Error: Can't delete C:\\develop\\nodejs\\projects\\aitam\\work\\25527f6c-d8d5-4639-b1df-4f4aaf7fb3df.xml","timestamp":"2022-03-07 12:15:01"}
{"level":"\u001b[34minfo\u001b[39m","message":"garbage collector error:  Error: Can't delete C:\\develop\\nodejs\\projects\\aitam\\work\\2ca6337d-481c-4306-bd9a-520f3e3d968b.xlsx","timestamp":"2022-03-07 12:15:01"}
{"level":"\u001b[34minfo\u001b[39m","message":"garbage collector error:  Error: Can't delete C:\\develop\\nodejs\\projects\\aitam\\work\\2ca6337d-481c-4306-bd9a-520f3e3d968b.xml","timestamp":"2022-03-07 12:15:01"}
{"level":"\u001b[34minfo\u001b[39m","message":"garbage collector error:  Error: Can't delete C:\\develop\\nodejs\\projects\\aitam\\work\\2f0758c4-8863-4840-bb23-97ae39967186.xml","timestamp":"2022-03-07 12:15:01"}
{"level":"\u001b[34minfo\u001b[39m","message":"garbage collector error:  Error: Can't delete C:\\develop\\nodejs\\projects\\aitam\\work\\2fb71645-21bd-4bd5-8550-48b114a95428.xlsx","timestamp":"2022-03-07 12:15:01"}
{"level":"\u001b[34minfo\u001b[39m","message":"garbage collector error:  Error: Can't delete C:\\develop\\nodejs\\projects\\aitam\\work\\2fb71645-21bd-4bd5-8550-48b114a95428.xml","timestamp":"2022-03-07 12:15:01"}
{"level":"\u001b[34minfo\u001b[39m","message":"garbage collector error:  Error: Can't delete C:\\develop\\nodejs\\projects\\aitam\\work\\31809d36-34ad-4600-83ce-73de16891f89.xlsx","timestamp":"2022-03-07 12:15:01"}
{"level":"\u001b[34minfo\u001b[39m","message":"garbage collector error:  Error: Can't delete C:\\develop\\nodejs\\projects\\aitam\\work\\31809d36-34ad-4600-83ce-73de16891f89.xml","timestamp":"2022-03-07 12:15:01"}
{"level":"\u001b[34minfo\u001b[39m","message":"garbage collector error:  Error: Can't delete C:\\develop\\nodejs\\projects\\aitam\\work\\39aab4a0-7822-4bab-bdb1-9c7333520011.xml","timestamp":"2022-03-07 12:15:01"}
{"level":"\u001b[34minfo\u001b[39m","message":"garbage collector error:  Error: Can't delete C:\\develop\\nodejs\\projects\\aitam\\work\\46387484-5e9c-45a9-bc0a-5a8602d3f963.xml","timestamp":"2022-03-07 12:15:01"}
{"level":"\u001b[34minfo\u001b[39m","message":"garbage collector error:  Error: Can't delete C:\\develop\\nodejs\\projects\\aitam\\work\\470d6246-438a-4a04-b54f-fb227c7ed678.xlsx","timestamp":"2022-03-07 12:15:01"}
{"level":"\u001b[34minfo\u001b[39m","message":"garbage collector error:  Error: Can't delete C:\\develop\\nodejs\\projects\\aitam\\work\\4c129c69-ab17-4cf1-b1c5-9d6fa93d1764.xlsx","timestamp":"2022-03-07 12:15:01"}
{"level":"\u001b[34minfo\u001b[39m","message":"garbage collector error:  Error: Can't delete C:\\develop\\nodejs\\projects\\aitam\\work\\470d6246-438a-4a04-b54f-fb227c7ed678.xml","timestamp":"2022-03-07 12:15:01"}
{"level":"\u001b[34minfo\u001b[39m","message":"garbage collector error:  Error: Can't delete C:\\develop\\nodejs\\projects\\aitam\\work\\4c129c69-ab17-4cf1-b1c5-9d6fa93d1764.xml","timestamp":"2022-03-07 12:15:01"}
{"level":"\u001b[34minfo\u001b[39m","message":"garbage collector error:  Error: Can't delete C:\\develop\\nodejs\\projects\\aitam\\work\\50496f6d-d75c-47a6-90ba-adf81b2cc392.xml","timestamp":"2022-03-07 12:15:01"}
{"level":"\u001b[34minfo\u001b[39m","message":"garbage collector error:  Error: Can't delete C:\\develop\\nodejs\\projects\\aitam\\work\\50496f6d-d75c-47a6-90ba-adf81b2cc392.xlsx","timestamp":"2022-03-07 12:15:01"}
{"level":"\u001b[34minfo\u001b[39m","message":"garbage collector error:  Error: Can't delete C:\\develop\\nodejs\\projects\\aitam\\work\\0af65d0e-a11d-4423-a8d3-371bae164e6b.xlsx","timestamp":"2022-03-07 12:15:01"}
{"level":"\u001b[34minfo\u001b[39m","message":"garbage collector error:  Error: Can't delete C:\\develop\\nodejs\\projects\\aitam\\work\\561f44f4-7c86-4aea-b1a9-79fa0d3666dc.xlsx","timestamp":"2022-03-07 12:15:01"}
{"level":"\u001b[34minfo\u001b[39m","message":"garbage collector error:  Error: Can't delete C:\\develop\\nodejs\\projects\\aitam\\work\\5306ee0c-b38d-4479-b64e-bbff7efd0635.xml","timestamp":"2022-03-07 12:15:01"}
{"level":"\u001b[34minfo\u001b[39m","message":"garbage collector error:  Error: Can't delete C:\\develop\\nodejs\\projects\\aitam\\work\\66f528df-1f08-46df-987b-2ea8eee66896.xlsx","timestamp":"2022-03-07 12:15:01"}
{"level":"\u001b[34minfo\u001b[39m","message":"garbage collector error:  Error: Can't delete C:\\develop\\nodejs\\projects\\aitam\\work\\66f528df-1f08-46df-987b-2ea8eee66896.xml","timestamp":"2022-03-07 12:15:01"}
{"level":"\u001b[34minfo\u001b[39m","message":"garbage collector error:  Error: Can't delete C:\\develop\\nodejs\\projects\\aitam\\work\\561f44f4-7c86-4aea-b1a9-79fa0d3666dc.xml","timestamp":"2022-03-07 12:15:01"}
{"level":"\u001b[34minfo\u001b[39m","message":"garbage collector error:  Error: Can't delete C:\\develop\\nodejs\\projects\\aitam\\work\\6aa45c55-bf61-4a26-bf01-362f96ea5a38.xml","timestamp":"2022-03-07 12:15:01"}
{"level":"\u001b[34minfo\u001b[39m","message":"garbage collector error:  Error: Can't delete C:\\develop\\nodejs\\projects\\aitam\\work\\6aa45c55-bf61-4a26-bf01-362f96ea5a38.xlsx","timestamp":"2022-03-07 12:15:01"}
{"level":"\u001b[34minfo\u001b[39m","message":"garbage collector error:  Error: Can't delete C:\\develop\\nodejs\\projects\\aitam\\work\\6c8b799b-4b86-4da7-8e80-aff6d548013e.xlsx","timestamp":"2022-03-07 12:15:01"}
{"level":"\u001b[34minfo\u001b[39m","message":"garbage collector error:  Error: Can't delete C:\\develop\\nodejs\\projects\\aitam\\work\\6c8b799b-4b86-4da7-8e80-aff6d548013e.xml","timestamp":"2022-03-07 12:15:01"}
{"level":"\u001b[34minfo\u001b[39m","message":"garbage collector error:  Error: Can't delete C:\\develop\\nodejs\\projects\\aitam\\work\\7ff66f73-2f83-44be-b2a8-15ec6e420938.xlsx","timestamp":"2022-03-07 12:15:01"}
{"level":"\u001b[34minfo\u001b[39m","message":"garbage collector error:  Error: Can't delete C:\\develop\\nodejs\\projects\\aitam\\work\\7ff66f73-2f83-44be-b2a8-15ec6e420938.xml","timestamp":"2022-03-07 12:15:01"}
{"level":"\u001b[34minfo\u001b[39m","message":"garbage collector error:  Error: Can't delete C:\\develop\\nodejs\\projects\\aitam\\work\\84ff0326-0cbb-47fe-b4aa-3b5d92c27925.xlsx","timestamp":"2022-03-07 12:15:01"}
{"level":"\u001b[34minfo\u001b[39m","message":"garbage collector error:  Error: Can't delete C:\\develop\\nodejs\\projects\\aitam\\work\\84ff0326-0cbb-47fe-b4aa-3b5d92c27925.xml","timestamp":"2022-03-07 12:15:01"}
{"level":"\u001b[34minfo\u001b[39m","message":"garbage collector error:  Error: Can't delete C:\\develop\\nodejs\\projects\\aitam\\work\\868ca920-4a24-43db-beea-caa5b45b58a2.xlsx","timestamp":"2022-03-07 12:15:01"}
{"level":"\u001b[34minfo\u001b[39m","message":"garbage collector error:  Error: Can't delete C:\\develop\\nodejs\\projects\\aitam\\work\\868ca920-4a24-43db-beea-caa5b45b58a2.xml","timestamp":"2022-03-07 12:15:01"}
{"level":"\u001b[34minfo\u001b[39m","message":"garbage collector error:  Error: Can't delete C:\\develop\\nodejs\\projects\\aitam\\work\\8c99de23-c537-454c-aa7c-db9d0c2d8db7.xml","timestamp":"2022-03-07 12:15:01"}
{"level":"\u001b[34minfo\u001b[39m","message":"garbage collector error:  Error: Can't delete C:\\develop\\nodejs\\projects\\aitam\\work\\937ed1c8-9392-4340-9262-065711746feb.xlsx","timestamp":"2022-03-07 12:15:01"}
{"level":"\u001b[34minfo\u001b[39m","message":"garbage collector error:  Error: Can't delete C:\\develop\\nodejs\\projects\\aitam\\work\\937ed1c8-9392-4340-9262-065711746feb.xml","timestamp":"2022-03-07 12:15:01"}
{"level":"\u001b[34minfo\u001b[39m","message":"garbage collector error:  Error: Can't delete C:\\develop\\nodejs\\projects\\aitam\\work\\a9871b1b-134c-44da-9458-b0daf7e38521.xml","timestamp":"2022-03-07 12:15:01"}
{"level":"\u001b[34minfo\u001b[39m","message":"garbage collector error:  Error: Can't delete C:\\develop\\nodejs\\projects\\aitam\\work\\aad8c1ef-b4dc-49e1-83cf-20253b71c1b7.xlsx","timestamp":"2022-03-07 12:15:01"}
{"level":"\u001b[34minfo\u001b[39m","message":"garbage collector error:  Error: Can't delete C:\\develop\\nodejs\\projects\\aitam\\work\\aad8c1ef-b4dc-49e1-83cf-20253b71c1b7.xml","timestamp":"2022-03-07 12:15:01"}
{"level":"\u001b[34minfo\u001b[39m","message":"garbage collector error:  Error: Can't delete C:\\develop\\nodejs\\projects\\aitam\\work\\ac1a5895-d1d0-497b-9670-c6831a0c6452.xlsx","timestamp":"2022-03-07 12:15:01"}
{"level":"\u001b[34minfo\u001b[39m","message":"garbage collector error:  Error: Can't delete C:\\develop\\nodejs\\projects\\aitam\\work\\ac1a5895-d1d0-497b-9670-c6831a0c6452.xml","timestamp":"2022-03-07 12:15:01"}
{"level":"\u001b[34minfo\u001b[39m","message":"garbage collector error:  Error: Can't delete C:\\develop\\nodejs\\projects\\aitam\\work\\ac90af19-61bb-425c-a9cf-b5d5c7285eba.xml","timestamp":"2022-03-07 12:15:01"}
{"level":"\u001b[34minfo\u001b[39m","message":"garbage collector error:  Error: Can't delete C:\\develop\\nodejs\\projects\\aitam\\work\\ae3b7116-aa6c-44a1-8b3f-d47b82c31f56.xlsx","timestamp":"2022-03-07 12:15:01"}
{"level":"\u001b[34minfo\u001b[39m","message":"garbage collector error:  Error: Can't delete C:\\develop\\nodejs\\projects\\aitam\\work\\ae3b7116-aa6c-44a1-8b3f-d47b82c31f56.xml","timestamp":"2022-03-07 12:15:01"}
{"level":"\u001b[34minfo\u001b[39m","message":"garbage collector error:  Error: Can't delete C:\\develop\\nodejs\\projects\\aitam\\work\\b2d023b7-7d3f-4d03-a45a-9a6356d1b258.xlsx","timestamp":"2022-03-07 12:15:01"}
{"level":"\u001b[34minfo\u001b[39m","message":"garbage collector error:  Error: Can't delete C:\\develop\\nodejs\\projects\\aitam\\work\\b2d023b7-7d3f-4d03-a45a-9a6356d1b258.xml","timestamp":"2022-03-07 12:15:01"}
{"level":"\u001b[34minfo\u001b[39m","message":"garbage collector error:  Error: Can't delete C:\\develop\\nodejs\\projects\\aitam\\work\\b406628b-f4a1-4b0a-990a-59b17757aae4.xlsx","timestamp":"2022-03-07 12:15:01"}
{"level":"\u001b[34minfo\u001b[39m","message":"garbage collector error:  Error: Can't delete C:\\develop\\nodejs\\projects\\aitam\\work\\b406628b-f4a1-4b0a-990a-59b17757aae4.xml","timestamp":"2022-03-07 12:15:01"}
{"level":"\u001b[34minfo\u001b[39m","message":"garbage collector error:  Error: Can't delete C:\\develop\\nodejs\\projects\\aitam\\work\\c06f401c-f647-4d26-b441-f5c1451b9385.xlsx","timestamp":"2022-03-07 12:15:01"}
{"level":"\u001b[34minfo\u001b[39m","message":"garbage collector error:  Error: Can't delete C:\\develop\\nodejs\\projects\\aitam\\work\\c06f401c-f647-4d26-b441-f5c1451b9385.xml","timestamp":"2022-03-07 12:15:01"}
{"level":"\u001b[34minfo\u001b[39m","message":"garbage collector error:  Error: Can't delete C:\\develop\\nodejs\\projects\\aitam\\work\\c2639f69-496b-443c-bc78-9fcf92798134.xlsx","timestamp":"2022-03-07 12:15:01"}
{"level":"\u001b[34minfo\u001b[39m","message":"garbage collector error:  Error: Can't delete C:\\develop\\nodejs\\projects\\aitam\\work\\5306ee0c-b38d-4479-b64e-bbff7efd0635.xlsx","timestamp":"2022-03-07 12:15:01"}
{"level":"\u001b[34minfo\u001b[39m","message":"garbage collector error:  Error: Can't delete C:\\develop\\nodejs\\projects\\aitam\\work\\c2639f69-496b-443c-bc78-9fcf92798134.xml","timestamp":"2022-03-07 12:15:01"}
{"level":"\u001b[34minfo\u001b[39m","message":"garbage collector error:  Error: Can't delete C:\\develop\\nodejs\\projects\\aitam\\work\\c2c6bbd2-da75-4c09-8263-871477f93211.xlsx","timestamp":"2022-03-07 12:15:01"}
{"level":"\u001b[34minfo\u001b[39m","message":"garbage collector error:  Error: Can't delete C:\\develop\\nodejs\\projects\\aitam\\work\\c2c6bbd2-da75-4c09-8263-871477f93211.xml","timestamp":"2022-03-07 12:15:01"}
{"level":"\u001b[34minfo\u001b[39m","message":"garbage collector error:  Error: Can't delete C:\\develop\\nodejs\\projects\\aitam\\work\\c59258af-4345-4559-a5cc-775a44e4efb7.xml","timestamp":"2022-03-07 12:15:01"}
{"level":"\u001b[34minfo\u001b[39m","message":"garbage collector error:  Error: Can't delete C:\\develop\\nodejs\\projects\\aitam\\work\\d6fa810b-b710-46b2-9637-ab55fe457716.xml","timestamp":"2022-03-07 12:15:01"}
{"level":"\u001b[34minfo\u001b[39m","message":"garbage collector error:  Error: Can't delete C:\\develop\\nodejs\\projects\\aitam\\work\\db5defe2-ad62-4dfa-9dca-87decf0b7e04.xlsx","timestamp":"2022-03-07 12:15:01"}
{"level":"\u001b[34minfo\u001b[39m","message":"garbage collector error:  Error: Can't delete C:\\develop\\nodejs\\projects\\aitam\\work\\db5defe2-ad62-4dfa-9dca-87decf0b7e04.xml","timestamp":"2022-03-07 12:15:01"}
{"level":"\u001b[34minfo\u001b[39m","message":"garbage collector error:  Error: Can't delete C:\\develop\\nodejs\\projects\\aitam\\work\\db93f069-1ee1-4e2e-9197-c0002941aa76.xlsx","timestamp":"2022-03-07 12:15:01"}
{"level":"\u001b[34minfo\u001b[39m","message":"garbage collector error:  Error: Can't delete C:\\develop\\nodejs\\projects\\aitam\\work\\db93f069-1ee1-4e2e-9197-c0002941aa76.xml","timestamp":"2022-03-07 12:15:01"}
{"level":"\u001b[34minfo\u001b[39m","message":"garbage collector error:  Error: Can't delete C:\\develop\\nodejs\\projects\\aitam\\work\\e3966550-35c2-4d56-9997-fcf7759d6f46.xml","timestamp":"2022-03-07 12:15:01"}
{"level":"\u001b[34minfo\u001b[39m","message":"garbage collector error:  Error: Can't delete C:\\develop\\nodejs\\projects\\aitam\\work\\e911c0ba-0a4f-4932-b072-cd43fdb42d8b.xlsx","timestamp":"2022-03-07 12:15:01"}
{"level":"\u001b[34minfo\u001b[39m","message":"garbage collector error:  Error: Can't delete C:\\develop\\nodejs\\projects\\aitam\\work\\e911c0ba-0a4f-4932-b072-cd43fdb42d8b.xml","timestamp":"2022-03-07 12:15:01"}
{"level":"\u001b[34minfo\u001b[39m","message":"garbage collector error:  Error: Can't delete C:\\develop\\nodejs\\projects\\aitam\\work\\ed062bcc-ea76-4be1-80bb-f377ac924717.xlsx","timestamp":"2022-03-07 12:15:01"}
{"level":"\u001b[34minfo\u001b[39m","message":"garbage collector error:  Error: Can't delete C:\\develop\\nodejs\\projects\\aitam\\work\\ed062bcc-ea76-4be1-80bb-f377ac924717.xml","timestamp":"2022-03-07 12:15:01"}
{"level":"\u001b[34minfo\u001b[39m","message":"garbage collector error:  Error: Can't delete C:\\develop\\nodejs\\projects\\aitam\\work\\ee929eb5-ad57-4c85-a2c0-a03ce5c4d734.xlsx","timestamp":"2022-03-07 12:15:01"}
{"level":"\u001b[34minfo\u001b[39m","message":"garbage collector error:  Error: Can't delete C:\\develop\\nodejs\\projects\\aitam\\work\\ee929eb5-ad57-4c85-a2c0-a03ce5c4d734.xml","timestamp":"2022-03-07 12:15:01"}
{"level":"\u001b[34minfo\u001b[39m","message":"garbage collector error:  Error: Can't delete C:\\develop\\nodejs\\projects\\aitam\\work\\gazetteer.dic","timestamp":"2022-03-07 12:15:01"}
{"level":"\u001b[34minfo\u001b[39m","message":"garbage collector started on path: C:\\develop\\nodejs\\projects\\aitam\\work\\","timestamp":"2022-03-07 12:15:14"}
{"level":"\u001b[34minfo\u001b[39m","message":"Session created received the id:0592ad5b-d1b4-4079-a040-19d84b90b9aa","timestamp":"2022-03-07 12:15:23"}
{"level":"\u001b[34minfo\u001b[39m","message":"garbage collector started on path: C:\\develop\\nodejs\\projects\\aitam\\work\\","timestamp":"2022-03-07 12:15:26"}
{"level":"\u001b[33mwarn\u001b[39m","message":"404 - Not Found","timestamp":"2022-03-07 12:15:28"}
{"level":"\u001b[34minfo\u001b[39m","message":"req.user: undefined","timestamp":"2022-03-07 12:15:35"}
{"level":"\u001b[34minfo\u001b[39m","message":"Session id started: {\"user\":\"2f24vvg\"}","timestamp":"2022-03-07 12:15:35"}
{"level":"\u001b[34minfo\u001b[39m","message":"User logged in: {\"id\":\"2f24vvg\",\"email\":\"test@test.com\",\"password\":\"$2a$10$A2g6pbxxhLA9MNYRJ0rnzOf/7Ara76B0KcRdjzUcsIBIclRuas/fG\"}","timestamp":"2022-03-07 12:15:35"}
{"level":"\u001b[34minfo\u001b[39m","message":"User (2f24vvg) uploaded a file: {\"file-upload\":{\"size\":465587,\"path\":\"C:\\\\develop\\\\nodejs\\\\projects\\\\aitam\\\\work\\\\28a864eb-8902-425d-9b0f-2316efa65ea7.xml\",\"name\":\"ATK-SIGTAS.xml\",\"type\":\"text/xml\",\"mtime\":\"2022-03-07T12:15:41.294Z\"}}","timestamp":"2022-03-07 12:15:41"}
{"level":"\u001b[34minfo\u001b[39m","message":"garbage collector started on path: C:\\develop\\nodejs\\projects\\aitam\\work\\","timestamp":"2022-03-07 12:17:12"}
{"level":"\u001b[34minfo\u001b[39m","message":"req.user: undefined","timestamp":"2022-03-07 12:20:55"}
{"level":"\u001b[34minfo\u001b[39m","message":"Session id started: {\"user\":\"2f24vvg\"}","timestamp":"2022-03-07 12:20:55"}
{"level":"\u001b[34minfo\u001b[39m","message":"User logged in: {\"id\":\"2f24vvg\",\"email\":\"test@test.com\",\"password\":\"$2a$10$A2g6pbxxhLA9MNYRJ0rnzOf/7Ara76B0KcRdjzUcsIBIclRuas/fG\"}","timestamp":"2022-03-07 12:20:55"}
{"level":"\u001b[34minfo\u001b[39m","message":"User (2f24vvg) uploaded a file: {\"file-upload\":{\"size\":465587,\"path\":\"C:\\\\develop\\\\nodejs\\\\projects\\\\aitam\\\\work\\\\86178cc5-95fb-44e1-b6b4-96ef52fa8f1e.xml\",\"name\":\"ATK-SIGTAS.xml\",\"type\":\"text/xml\",\"mtime\":\"2022-03-07T12:21:00.950Z\"}}","timestamp":"2022-03-07 12:21:01"}
{"level":"\u001b[34minfo\u001b[39m","message":"garbage collector started on path: C:\\develop\\nodejs\\projects\\aitam\\work\\","timestamp":"2022-03-07 13:05:52"}
{"level":"\u001b[34minfo\u001b[39m","message":"garbage collector started on path: C:\\develop\\nodejs\\projects\\aitam\\work\\","timestamp":"2022-03-07 13:32:56"}
{"level":"\u001b[34minfo\u001b[39m","message":"garbage collector started on path: C:\\develop\\nodejs\\projects\\aitam\\work\\","timestamp":"2022-03-07 13:33:00"}
{"level":"\u001b[34minfo\u001b[39m","message":"garbage collector started on path: C:\\develop\\nodejs\\projects\\aitam\\work\\","timestamp":"2022-03-07 13:33:05"}
{"level":"\u001b[34minfo\u001b[39m","message":"garbage collector started on path: C:\\develop\\nodejs\\projects\\aitam\\work\\","timestamp":"2022-03-07 13:33:08"}
{"level":"\u001b[34minfo\u001b[39m","message":"req.user: undefined","timestamp":"2022-03-07 13:33:13"}
{"level":"\u001b[34minfo\u001b[39m","message":"Session id started: {\"user\":\"2f24vvg\"}","timestamp":"2022-03-07 13:33:13"}
{"level":"\u001b[34minfo\u001b[39m","message":"User logged in: {\"id\":\"2f24vvg\",\"email\":\"test@test.com\",\"password\":\"$2a$10$A2g6pbxxhLA9MNYRJ0rnzOf/7Ara76B0KcRdjzUcsIBIclRuas/fG\"}","timestamp":"2022-03-07 13:33:13"}
{"level":"\u001b[34minfo\u001b[39m","message":"User (2f24vvg) uploaded a file: {\"file-upload\":{\"size\":465587,\"path\":\"C:\\\\develop\\\\nodejs\\\\projects\\\\aitam\\\\work\\\\9aa638fb-9696-406a-869e-04b99dcc2d86.xml\",\"name\":\"ATK-SIGTAS.xml\",\"type\":\"text/xml\",\"mtime\":\"2022-03-07T13:33:19.858Z\"}}","timestamp":"2022-03-07 13:33:20"}
{"level":"\u001b[34minfo\u001b[39m","message":"garbage collector started on path: C:\\develop\\nodejs\\projects\\aitam\\work\\","timestamp":"2022-03-07 13:34:56"}
{"level":"\u001b[34minfo\u001b[39m","message":"garbage collector started on path: C:\\develop\\nodejs\\projects\\aitam\\work\\","timestamp":"2022-03-07 13:35:13"}
{"level":"\u001b[34minfo\u001b[39m","message":"Session created received the id:71015938-6da4-4cd4-b24e-1f28b291d420","timestamp":"2022-03-07 13:35:23"}
{"level":"\u001b[34minfo\u001b[39m","message":"req.user: undefined","timestamp":"2022-03-07 13:35:33"}
{"level":"\u001b[34minfo\u001b[39m","message":"Session id started: {\"user\":\"2f24vvg\"}","timestamp":"2022-03-07 13:35:33"}
{"level":"\u001b[34minfo\u001b[39m","message":"User logged in: {\"id\":\"2f24vvg\",\"email\":\"test@test.com\",\"password\":\"$2a$10$A2g6pbxxhLA9MNYRJ0rnzOf/7Ara76B0KcRdjzUcsIBIclRuas/fG\"}","timestamp":"2022-03-07 13:35:33"}
{"level":"\u001b[34minfo\u001b[39m","message":"User (2f24vvg) uploaded a file: {\"file-upload\":{\"size\":465587,\"path\":\"C:\\\\develop\\\\nodejs\\\\projects\\\\aitam\\\\work\\\\71015938-6da4-4cd4-b24e-1f28b291d420.xml\",\"name\":\"ATK-SIGTAS.xml\",\"type\":\"text/xml\",\"mtime\":\"2022-03-07T13:35:39.828Z\"}}","timestamp":"2022-03-07 13:35:40"}
{"level":"\u001b[34minfo\u001b[39m","message":"garbage collector started on path: C:\\develop\\nodejs\\projects\\aitam\\work\\","timestamp":"2022-03-07 13:35:46"}
{"level":"\u001b[34minfo\u001b[39m","message":"req.user: undefined","timestamp":"2022-03-07 13:38:08"}
{"level":"\u001b[34minfo\u001b[39m","message":"Session id started: {\"user\":\"2f24vvg\"}","timestamp":"2022-03-07 13:38:08"}
{"level":"\u001b[34minfo\u001b[39m","message":"User logged in: {\"id\":\"2f24vvg\",\"email\":\"test@test.com\",\"password\":\"$2a$10$A2g6pbxxhLA9MNYRJ0rnzOf/7Ara76B0KcRdjzUcsIBIclRuas/fG\"}","timestamp":"2022-03-07 13:38:08"}
{"level":"\u001b[34minfo\u001b[39m","message":"User (2f24vvg) uploaded a file: {\"file-upload\":{\"size\":465587,\"path\":\"C:\\\\develop\\\\nodejs\\\\projects\\\\aitam\\\\work\\\\26cb5364-9f52-4699-83b5-fff54d948ed7.xml\",\"name\":\"ATK-SIGTAS.xml\",\"type\":\"text/xml\",\"mtime\":\"2022-03-07T13:38:14.856Z\"}}","timestamp":"2022-03-07 13:38:15"}
{"level":"\u001b[34minfo\u001b[39m","message":"garbage collector started on path: C:\\develop\\nodejs\\projects\\aitam\\work\\","timestamp":"2022-03-07 13:48:52"}
{"level":"\u001b[34minfo\u001b[39m","message":"garbage collector started on path: C:\\develop\\nodejs\\projects\\aitam\\work\\","timestamp":"2022-03-07 13:48:54"}
{"level":"\u001b[34minfo\u001b[39m","message":"garbage collector started on path: C:\\develop\\nodejs\\projects\\aitam\\work\\","timestamp":"2022-03-07 13:52:59"}
{"level":"\u001b[34minfo\u001b[39m","message":"garbage collector started on path: C:\\develop\\nodejs\\projects\\aitam\\work\\","timestamp":"2022-03-07 14:08:45"}
{"level":"\u001b[34minfo\u001b[39m","message":"garbage collector started on path: C:\\develop\\nodejs\\projects\\aitam\\work\\","timestamp":"2022-03-07 14:10:01"}
{"level":"\u001b[34minfo\u001b[39m","message":"req.user: undefined","timestamp":"2022-03-07 14:10:09"}
{"level":"\u001b[34minfo\u001b[39m","message":"Session id started: {\"user\":\"2f24vvg\"}","timestamp":"2022-03-07 14:10:09"}
{"level":"\u001b[34minfo\u001b[39m","message":"User logged in: {\"id\":\"2f24vvg\",\"email\":\"test@test.com\",\"password\":\"$2a$10$A2g6pbxxhLA9MNYRJ0rnzOf/7Ara76B0KcRdjzUcsIBIclRuas/fG\"}","timestamp":"2022-03-07 14:10:09"}
{"level":"\u001b[34minfo\u001b[39m","message":"New audit file created:C:\\develop\\nodejs\\projects\\aitam\\work\\33626d0d-3401-4442-badd-038a50400329.xml","timestamp":"2022-03-07 14:10:10"}
{"level":"\u001b[34minfo\u001b[39m","message":"garbage collector started on path: C:\\develop\\nodejs\\projects\\aitam\\work\\","timestamp":"2022-03-07 14:13:09"}
{"level":"\u001b[34minfo\u001b[39m","message":"garbage collector started on path: C:\\develop\\nodejs\\projects\\aitam\\work\\","timestamp":"2022-03-07 14:13:41"}
{"level":"\u001b[34minfo\u001b[39m","message":"garbage collector started on path: C:\\develop\\nodejs\\projects\\aitam\\work\\","timestamp":"2022-03-07 14:14:28"}
{"level":"\u001b[34minfo\u001b[39m","message":"garbage collector started on path: C:\\develop\\nodejs\\projects\\aitam\\work\\","timestamp":"2022-03-07 14:17:04"}
{"level":"\u001b[34minfo\u001b[39m","message":"garbage collector started on path: C:\\develop\\nodejs\\projects\\aitam\\work\\","timestamp":"2022-03-07 14:17:17"}
{"level":"\u001b[34minfo\u001b[39m","message":"garbage collector started on path: C:\\develop\\nodejs\\projects\\aitam\\work\\","timestamp":"2022-03-07 15:05:44"}
{"level":"\u001b[34minfo\u001b[39m","message":"garbage collector started on path: C:\\develop\\nodejs\\projects\\aitam\\work\\","timestamp":"2022-03-07 15:05:47"}
{"level":"\u001b[34minfo\u001b[39m","message":"garbage collector started on path: C:\\develop\\nodejs\\projects\\aitam\\work\\","timestamp":"2022-03-07 15:16:54"}
{"level":"\u001b[34minfo\u001b[39m","message":"Session created received the id:b84e67d6-956a-4214-a1be-32b698f1f02f","timestamp":"2022-03-07 15:16:58"}
{"level":"\u001b[34minfo\u001b[39m","message":"garbage collector started on path: C:\\develop\\nodejs\\projects\\aitam\\work\\","timestamp":"2022-03-07 15:17:00"}
{"level":"\u001b[34minfo\u001b[39m","message":"garbage collector started on path: C:\\develop\\nodejs\\projects\\aitam\\work\\","timestamp":"2022-03-07 15:17:05"}
{"level":"\u001b[34minfo\u001b[39m","message":"req.user: undefined","timestamp":"2022-03-07 15:17:09"}
{"level":"\u001b[34minfo\u001b[39m","message":"Session id started: {\"user\":\"2f24vvg\"}","timestamp":"2022-03-07 15:17:09"}
{"level":"\u001b[34minfo\u001b[39m","message":"User logged in: {\"id\":\"2f24vvg\",\"email\":\"test@test.com\",\"password\":\"$2a$10$A2g6pbxxhLA9MNYRJ0rnzOf/7Ara76B0KcRdjzUcsIBIclRuas/fG\"}","timestamp":"2022-03-07 15:17:09"}
{"level":"\u001b[34minfo\u001b[39m","message":"New audit file created:C:\\develop\\nodejs\\projects\\aitam\\work\\726422e0-3c58-44ba-a47f-0ae3c601bbf5.xml","timestamp":"2022-03-07 15:17:22"}
{"level":"\u001b[34minfo\u001b[39m","message":"garbage collector started on path: C:\\develop\\nodejs\\projects\\aitam\\work\\","timestamp":"2022-03-07 15:17:49"}
{"level":"\u001b[34minfo\u001b[39m","message":"req.user: undefined","timestamp":"2022-03-07 15:18:20"}
{"level":"\u001b[34minfo\u001b[39m","message":"Session id started: {\"user\":\"2f24vvg\"}","timestamp":"2022-03-07 15:18:20"}
{"level":"\u001b[34minfo\u001b[39m","message":"User logged in: {\"id\":\"2f24vvg\",\"email\":\"test@test.com\",\"password\":\"$2a$10$A2g6pbxxhLA9MNYRJ0rnzOf/7Ara76B0KcRdjzUcsIBIclRuas/fG\"}","timestamp":"2022-03-07 15:18:20"}
{"level":"\u001b[34minfo\u001b[39m","message":"New audit file created:C:\\develop\\nodejs\\projects\\aitam\\work\\e7459bad-1ccc-4d0c-9191-ab0edafbc497.xml","timestamp":"2022-03-07 15:18:22"}
{"level":"\u001b[34minfo\u001b[39m","message":"garbage collector started on path: C:\\develop\\nodejs\\projects\\aitam\\work\\","timestamp":"2022-03-07 15:19:09"}
{"level":"\u001b[34minfo\u001b[39m","message":"garbage collector started on path: C:\\develop\\nodejs\\projects\\aitam\\work\\","timestamp":"2022-03-07 15:19:31"}
{"level":"\u001b[34minfo\u001b[39m","message":"req.user: undefined","timestamp":"2022-03-07 15:22:07"}
{"level":"\u001b[34minfo\u001b[39m","message":"Session id started: {\"user\":\"2f24vvg\"}","timestamp":"2022-03-07 15:22:07"}
{"level":"\u001b[34minfo\u001b[39m","message":"User logged in: {\"id\":\"2f24vvg\",\"email\":\"test@test.com\",\"password\":\"$2a$10$A2g6pbxxhLA9MNYRJ0rnzOf/7Ara76B0KcRdjzUcsIBIclRuas/fG\"}","timestamp":"2022-03-07 15:22:07"}
{"level":"\u001b[34minfo\u001b[39m","message":"New audit file created:C:\\develop\\nodejs\\projects\\aitam\\work\\dcb759ef-ccdc-4a01-b39a-5fe6449009ab.xml","timestamp":"2022-03-07 15:22:09"}
{"level":"\u001b[34minfo\u001b[39m","message":"garbage collector started on path: C:\\develop\\nodejs\\projects\\aitam\\work\\","timestamp":"2022-03-07 15:24:39"}
{"level":"\u001b[34minfo\u001b[39m","message":"Session created received the id:22c38b74-a5d8-4be5-aa93-60d390ff595a","timestamp":"2022-03-07 15:24:42"}
{"level":"\u001b[34minfo\u001b[39m","message":"req.user: undefined","timestamp":"2022-03-07 15:24:52"}
{"level":"\u001b[34minfo\u001b[39m","message":"Session id started: {\"user\":\"2f24vvg\"}","timestamp":"2022-03-07 15:24:52"}
{"level":"\u001b[34minfo\u001b[39m","message":"User logged in: {\"id\":\"2f24vvg\",\"email\":\"test@test.com\",\"password\":\"$2a$10$A2g6pbxxhLA9MNYRJ0rnzOf/7Ara76B0KcRdjzUcsIBIclRuas/fG\"}","timestamp":"2022-03-07 15:24:52"}
{"level":"\u001b[34minfo\u001b[39m","message":"New audit file created:C:\\develop\\nodejs\\projects\\aitam\\work\\22c38b74-a5d8-4be5-aa93-60d390ff595a.xml","timestamp":"2022-03-07 15:24:54"}
{"level":"\u001b[34minfo\u001b[39m","message":"garbage collector started on path: C:\\develop\\nodejs\\projects\\aitam\\work\\","timestamp":"2022-03-07 15:31:37"}
{"level":"\u001b[34minfo\u001b[39m","message":"garbage collector started on path: C:\\develop\\nodejs\\projects\\aitam\\work\\","timestamp":"2022-03-07 15:36:07"}
{"level":"\u001b[34minfo\u001b[39m","message":"Session created received the id:c52d8809-5a31-4140-9a92-ff580cd71766","timestamp":"2022-03-07 15:37:32"}
{"level":"\u001b[34minfo\u001b[39m","message":"req.user: undefined","timestamp":"2022-03-07 15:37:40"}
{"level":"\u001b[34minfo\u001b[39m","message":"Session id started: {\"user\":\"2f24vvg\"}","timestamp":"2022-03-07 15:37:40"}
{"level":"\u001b[34minfo\u001b[39m","message":"User logged in: {\"id\":\"2f24vvg\",\"email\":\"test@test.com\",\"password\":\"$2a$10$A2g6pbxxhLA9MNYRJ0rnzOf/7Ara76B0KcRdjzUcsIBIclRuas/fG\"}","timestamp":"2022-03-07 15:37:40"}
{"level":"\u001b[34minfo\u001b[39m","message":"New audit file created:C:\\develop\\nodejs\\projects\\aitam\\work\\c52d8809-5a31-4140-9a92-ff580cd71766.xml","timestamp":"2022-03-07 15:37:42"}
{"level":"\u001b[34minfo\u001b[39m","message":"working audit file closed and deleted : C:\\develop\\nodejs\\projects\\aitam\\work\\c52d8809-5a31-4140-9a92-ff580cd71766.xml","timestamp":"2022-03-07 15:39:49"}
{"level":"\u001b[34minfo\u001b[39m","message":"User (2f24vvg) uploaded a file: {\"file-upload\":{\"size\":465587,\"path\":\"C:\\\\develop\\\\nodejs\\\\projects\\\\aitam\\\\work\\\\c52d8809-5a31-4140-9a92-ff580cd71766.xml\",\"name\":\"ATK-SIGTAS.xml\",\"type\":\"text/xml\",\"mtime\":\"2022-03-07T15:39:55.598Z\"}}","timestamp":"2022-03-07 15:39:55"}
{"level":"\u001b[34minfo\u001b[39m","message":"garbage collector started on path: C:\\develop\\nodejs\\projects\\aitam\\work\\","timestamp":"2022-03-07 15:41:08"}
