{"level":"\u001b[34minfo\u001b[39m","message":"garbage collector started on path: C:\\develop\\nodejs\\projects\\aitam\\work\\","timestamp":"2022-09-12 06:49:21"}
{"level":"\u001b[34minfo\u001b[39m","message":"garbage collector started on path: C:\\develop\\nodejs\\projects\\aitam\\work\\","timestamp":"2022-09-12 06:51:20"}
{"level":"\u001b[34minfo\u001b[39m","message":"Session created received the id:ba3f865e-f3d7-4e99-8ab4-7bec3aff5865","timestamp":"2022-09-12 06:51:26"}
{"level":"\u001b[34minfo\u001b[39m","message":"Session created received the id:ba3f865e-f3d7-4e99-8ab4-7bec3aff5865","timestamp":"2022-09-12 06:51:56"}
{"level":"\u001b[34minfo\u001b[39m","message":"garbage collector started on path: C:\\develop\\nodejs\\projects\\aitam\\work\\","timestamp":"2022-09-12 06:55:41"}
{"level":"\u001b[34minfo\u001b[39m","message":"garbage collector started on path: C:\\develop\\nodejs\\projects\\aitam\\work\\","timestamp":"2022-09-12 06:56:21"}
{"level":"\u001b[34minfo\u001b[39m","message":"garbage collector started on path: C:\\develop\\nodejs\\projects\\aitam\\work\\","timestamp":"2022-09-12 06:57:11"}
{"level":"\u001b[34minfo\u001b[39m","message":"Session created received the id:af7af702-ddc2-4f3c-9fd1-46cbbb602c8a","timestamp":"2022-09-12 06:57:17"}
{"level":"\u001b[34minfo\u001b[39m","message":"garbage collector started on path: C:\\develop\\nodejs\\projects\\aitam\\work\\","timestamp":"2022-09-12 06:58:21"}
{"level":"\u001b[34minfo\u001b[39m","message":"Session created received the id:1c33b90e-6d5a-4629-8e59-4e4666221018","timestamp":"2022-09-12 06:58:52"}
{"level":"\u001b[33mwarn\u001b[39m","message":"404 - Not Found","timestamp":"2022-09-12 06:58:52"}
{"level":"\u001b[34minfo\u001b[39m","message":"Session created received the id:1c33b90e-6d5a-4629-8e59-4e4666221018","timestamp":"2022-09-12 06:58:53"}
{"level":"\u001b[34minfo\u001b[39m","message":"garbage collector deleted  5c5de56c-45c2-4518-82ef-f56006227bd8.xml on folder: C:\\develop\\nodejs\\projects\\aitam\\work\\, path: C:\\develop\\nodejs\\projects\\aitam\\work\\5c5de56c-45c2-4518-82ef-f56006227bd8.xml","timestamp":"2022-09-12 07:00:00"}
{"level":"\u001b[34minfo\u001b[39m","message":"garbage collector deleted  7514983c-cb3d-442f-aad1-adcc44b44382.xml on folder: C:\\develop\\nodejs\\projects\\aitam\\work\\, path: C:\\develop\\nodejs\\projects\\aitam\\work\\7514983c-cb3d-442f-aad1-adcc44b44382.xml","timestamp":"2022-09-12 07:00:00"}
{"level":"\u001b[34minfo\u001b[39m","message":"garbage collector deleted  4e29d330-6cd9-41d6-b34a-8a29c5038d85.xml on folder: C:\\develop\\nodejs\\projects\\aitam\\work\\, path: C:\\develop\\nodejs\\projects\\aitam\\work\\4e29d330-6cd9-41d6-b34a-8a29c5038d85.xml","timestamp":"2022-09-12 07:00:00"}
{"level":"\u001b[34minfo\u001b[39m","message":"garbage collector deleted  0a3b7ac7-7635-4d49-97ce-6048f0b7f4dd.xml on folder: C:\\develop\\nodejs\\projects\\aitam\\work\\, path: C:\\develop\\nodejs\\projects\\aitam\\work\\0a3b7ac7-7635-4d49-97ce-6048f0b7f4dd.xml","timestamp":"2022-09-12 07:00:00"}
{"level":"\u001b[34minfo\u001b[39m","message":"garbage collector deleted  d309148e-5cfa-4714-83f0-19c619d6f6ad.xml on folder: C:\\develop\\nodejs\\projects\\aitam\\work\\, path: C:\\develop\\nodejs\\projects\\aitam\\work\\d309148e-5cfa-4714-83f0-19c619d6f6ad.xml","timestamp":"2022-09-12 07:00:00"}
{"level":"\u001b[34minfo\u001b[39m","message":"garbage collector deleted  caf2ebfb-e71c-4b16-9468-075276afeded.xml on folder: C:\\develop\\nodejs\\projects\\aitam\\work\\, path: C:\\develop\\nodejs\\projects\\aitam\\work\\caf2ebfb-e71c-4b16-9468-075276afeded.xml","timestamp":"2022-09-12 07:00:00"}
{"level":"\u001b[34minfo\u001b[39m","message":"garbage collector deleted  3c86f22b-79bd-45c0-86d2-6ac4e496a217.xml on folder: C:\\develop\\nodejs\\projects\\aitam\\work\\, path: C:\\develop\\nodejs\\projects\\aitam\\work\\3c86f22b-79bd-45c0-86d2-6ac4e496a217.xml","timestamp":"2022-09-12 07:00:00"}
{"level":"\u001b[34minfo\u001b[39m","message":"garbage collector error:  Error: Can't delete C:\\develop\\nodejs\\projects\\aitam\\work\\0a3b7ac7-7635-4d49-97ce-6048f0b7f4dd.xml","timestamp":"2022-09-12 07:00:00"}
{"level":"\u001b[34minfo\u001b[39m","message":"garbage collector deleted  db35cb9d-1d11-40ad-b06b-2e01bcc5c6fc.xml on folder: C:\\develop\\nodejs\\projects\\aitam\\work\\, path: C:\\develop\\nodejs\\projects\\aitam\\work\\db35cb9d-1d11-40ad-b06b-2e01bcc5c6fc.xml","timestamp":"2022-09-12 07:00:00"}
{"level":"\u001b[34minfo\u001b[39m","message":"garbage collector error:  Error: Can't delete C:\\develop\\nodejs\\projects\\aitam\\work\\4e29d330-6cd9-41d6-b34a-8a29c5038d85.xml","timestamp":"2022-09-12 07:00:00"}
{"level":"\u001b[34minfo\u001b[39m","message":"garbage collector deleted  fca1a696-518c-4ab5-acc4-f0a210989c09.xml on folder: C:\\develop\\nodejs\\projects\\aitam\\work\\, path: C:\\develop\\nodejs\\projects\\aitam\\work\\fca1a696-518c-4ab5-acc4-f0a210989c09.xml","timestamp":"2022-09-12 07:00:00"}
{"level":"\u001b[34minfo\u001b[39m","message":"garbage collector error:  Error: Can't delete C:\\develop\\nodejs\\projects\\aitam\\work\\5c5de56c-45c2-4518-82ef-f56006227bd8.xml","timestamp":"2022-09-12 07:00:00"}
{"level":"\u001b[34minfo\u001b[39m","message":"garbage collector error:  Error: Can't delete C:\\develop\\nodejs\\projects\\aitam\\work\\7514983c-cb3d-442f-aad1-adcc44b44382.xml","timestamp":"2022-09-12 07:00:00"}
{"level":"\u001b[34minfo\u001b[39m","message":"garbage collector deleted  gazetteer.dic on folder: C:\\develop\\nodejs\\projects\\aitam\\work\\, path: C:\\develop\\nodejs\\projects\\aitam\\work\\gazetteer.dic","timestamp":"2022-09-12 07:00:00"}
{"level":"\u001b[34minfo\u001b[39m","message":"garbage collector error:  Error: Can't delete C:\\develop\\nodejs\\projects\\aitam\\work\\d309148e-5cfa-4714-83f0-19c619d6f6ad.xml","timestamp":"2022-09-12 07:00:00"}
{"level":"\u001b[34minfo\u001b[39m","message":"garbage collector error:  Error: Can't delete C:\\develop\\nodejs\\projects\\aitam\\work\\caf2ebfb-e71c-4b16-9468-075276afeded.xml","timestamp":"2022-09-12 07:00:00"}
{"level":"\u001b[34minfo\u001b[39m","message":"garbage collector error:  Error: Can't delete C:\\develop\\nodejs\\projects\\aitam\\work\\fca1a696-518c-4ab5-acc4-f0a210989c09.xml","timestamp":"2022-09-12 07:00:00"}
{"level":"\u001b[34minfo\u001b[39m","message":"garbage collector error:  Error: Can't delete C:\\develop\\nodejs\\projects\\aitam\\work\\gazetteer.dic","timestamp":"2022-09-12 07:00:00"}
{"level":"\u001b[34minfo\u001b[39m","message":"garbage collector error:  Error: Can't delete C:\\develop\\nodejs\\projects\\aitam\\work\\3c86f22b-79bd-45c0-86d2-6ac4e496a217.xml","timestamp":"2022-09-12 07:00:00"}
{"level":"\u001b[34minfo\u001b[39m","message":"garbage collector error:  Error: Can't delete C:\\develop\\nodejs\\projects\\aitam\\work\\db35cb9d-1d11-40ad-b06b-2e01bcc5c6fc.xml","timestamp":"2022-09-12 07:00:00"}
