{"level":"\u001b[34minfo\u001b[39m","message":"garbage collector started on path: C:\\develop\\nodejs\\projects\\aitam\\work\\","timestamp":"2023-02-21 15:57:25"}
{"level":"\u001b[34minfo\u001b[39m","message":"Session created received the id:e8804bbd-3bb5-4eb8-be31-d536852e32ce","timestamp":"2023-02-21 15:57:34"}
{"level":"\u001b[33mwarn\u001b[39m","message":"404 - Not Found","timestamp":"2023-02-21 15:57:34"}
{"level":"\u001b[34minfo\u001b[39m","message":"Session created received the id:e8804bbd-3bb5-4eb8-be31-d536852e32ce","timestamp":"2023-02-21 15:57:35"}
{"level":"\u001b[34minfo\u001b[39m","message":"req.user: undefined","timestamp":"2023-02-21 15:57:43"}
{"level":"\u001b[34minfo\u001b[39m","message":"Session id started: {\"user\":\"2f24vvg\"}","timestamp":"2023-02-21 15:57:43"}
{"level":"\u001b[34minfo\u001b[39m","message":"User logged in: {\"id\":\"2f24vvg\",\"email\":\"test@test.com\",\"password\":\"$2a$10$A2g6pbxxhLA9MNYRJ0rnzOf/7Ara76B0KcRdjzUcsIBIclRuas/fG\"}","timestamp":"2023-02-21 15:57:43"}
{"level":"\u001b[34minfo\u001b[39m","message":"User (2f24vvg) uploaded a file: {\"file\":{\"size\":920393,\"path\":\"C:\\\\develop\\\\nodejs\\\\projects\\\\aitam\\\\work\\\\f8509520-4f67-472e-9bff-4df87561dbe9.xml\",\"name\":\"a549f860-51a6-462a-b935-831cff832ff3 (1).xml\",\"type\":\"text/xml\",\"mtime\":\"2023-02-21T15:57:54.725Z\"}}","timestamp":"2023-02-21 15:57:54"}
{"level":"\u001b[34minfo\u001b[39m","message":"audit file download: C:\\develop\\nodejs\\projects\\aitam\\work\\f8509520-4f67-472e-9bff-4df87561dbe9.xml","timestamp":"2023-02-21 15:58:42"}
{"level":"\u001b[34minfo\u001b[39m","message":"audit file download: C:\\develop\\nodejs\\projects\\aitam\\work\\f8509520-4f67-472e-9bff-4df87561dbe9.xml","timestamp":"2023-02-21 15:59:03"}
{"level":"\u001b[34minfo\u001b[39m","message":"garbage collector deleted  2072248b-31b3-4f78-b44b-40664314f074.xml on folder: C:\\develop\\nodejs\\projects\\aitam\\work\\, path: C:\\develop\\nodejs\\projects\\aitam\\work\\2072248b-31b3-4f78-b44b-40664314f074.xml","timestamp":"2023-02-21 16:00:00"}
{"level":"\u001b[34minfo\u001b[39m","message":"garbage collector deleted  2072248b-31b3-4f78-b44b-40664314f074_trace.txt on folder: C:\\develop\\nodejs\\projects\\aitam\\work\\, path: C:\\develop\\nodejs\\projects\\aitam\\work\\2072248b-31b3-4f78-b44b-40664314f074_trace.txt","timestamp":"2023-02-21 16:00:00"}
{"level":"\u001b[34minfo\u001b[39m","message":"garbage collector deleted  2b8c09e3-1f91-4f3d-b93c-3826cdda46b7.xml on folder: C:\\develop\\nodejs\\projects\\aitam\\work\\, path: C:\\develop\\nodejs\\projects\\aitam\\work\\2b8c09e3-1f91-4f3d-b93c-3826cdda46b7.xml","timestamp":"2023-02-21 16:00:00"}
{"level":"\u001b[34minfo\u001b[39m","message":"garbage collector deleted  b61d7b35-89e1-4c31-a906-a04457c9dc15_trace.txt on folder: C:\\develop\\nodejs\\projects\\aitam\\work\\, path: C:\\develop\\nodejs\\projects\\aitam\\work\\b61d7b35-89e1-4c31-a906-a04457c9dc15_trace.txt","timestamp":"2023-02-21 16:00:00"}
{"level":"\u001b[34minfo\u001b[39m","message":"garbage collector deleted  da7b599c-25e0-4f5e-b276-75eb3ac396fa.xml on folder: C:\\develop\\nodejs\\projects\\aitam\\work\\, path: C:\\develop\\nodejs\\projects\\aitam\\work\\da7b599c-25e0-4f5e-b276-75eb3ac396fa.xml","timestamp":"2023-02-21 16:00:00"}
{"level":"\u001b[34minfo\u001b[39m","message":"garbage collector deleted  2b8c09e3-1f91-4f3d-b93c-3826cdda46b7_trace.txt on folder: C:\\develop\\nodejs\\projects\\aitam\\work\\, path: C:\\develop\\nodejs\\projects\\aitam\\work\\2b8c09e3-1f91-4f3d-b93c-3826cdda46b7_trace.txt","timestamp":"2023-02-21 16:00:00"}
{"level":"\u001b[34minfo\u001b[39m","message":"garbage collector deleted  b61d7b35-89e1-4c31-a906-a04457c9dc15.xml on folder: C:\\develop\\nodejs\\projects\\aitam\\work\\, path: C:\\develop\\nodejs\\projects\\aitam\\work\\b61d7b35-89e1-4c31-a906-a04457c9dc15.xml","timestamp":"2023-02-21 16:00:00"}
{"level":"\u001b[34minfo\u001b[39m","message":"garbage collector deleted  db808414-e66e-4841-ad59-c66bfab59907.xml on folder: C:\\develop\\nodejs\\projects\\aitam\\work\\, path: C:\\develop\\nodejs\\projects\\aitam\\work\\db808414-e66e-4841-ad59-c66bfab59907.xml","timestamp":"2023-02-21 16:00:00"}
{"level":"\u001b[34minfo\u001b[39m","message":"garbage collector deleted  db808414-e66e-4841-ad59-c66bfab59907_trace.txt on folder: C:\\develop\\nodejs\\projects\\aitam\\work\\, path: C:\\develop\\nodejs\\projects\\aitam\\work\\db808414-e66e-4841-ad59-c66bfab59907_trace.txt","timestamp":"2023-02-21 16:00:00"}
{"level":"\u001b[34minfo\u001b[39m","message":"garbage collector deleted  f0e834ba-dce6-4b52-9b94-f2c35fef40b7.xml on folder: C:\\develop\\nodejs\\projects\\aitam\\work\\, path: C:\\develop\\nodejs\\projects\\aitam\\work\\f0e834ba-dce6-4b52-9b94-f2c35fef40b7.xml","timestamp":"2023-02-21 16:00:00"}
{"level":"\u001b[34minfo\u001b[39m","message":"garbage collector error:  Error: Can't read file C:\\develop\\nodejs\\projects\\aitam\\work\\2072248b-31b3-4f78-b44b-40664314f074.xml","timestamp":"2023-02-21 16:00:00"}
{"level":"\u001b[34minfo\u001b[39m","message":"garbage collector deleted  da7b599c-25e0-4f5e-b276-75eb3ac396fa_trace.txt on folder: C:\\develop\\nodejs\\projects\\aitam\\work\\, path: C:\\develop\\nodejs\\projects\\aitam\\work\\da7b599c-25e0-4f5e-b276-75eb3ac396fa_trace.txt","timestamp":"2023-02-21 16:00:00"}
{"level":"\u001b[34minfo\u001b[39m","message":"garbage collector deleted  f0e834ba-dce6-4b52-9b94-f2c35fef40b7_trace.txt on folder: C:\\develop\\nodejs\\projects\\aitam\\work\\, path: C:\\develop\\nodejs\\projects\\aitam\\work\\f0e834ba-dce6-4b52-9b94-f2c35fef40b7_trace.txt","timestamp":"2023-02-21 16:00:00"}
{"level":"\u001b[34minfo\u001b[39m","message":"garbage collector error:  Error: Can't read file C:\\develop\\nodejs\\projects\\aitam\\work\\2b8c09e3-1f91-4f3d-b93c-3826cdda46b7.xml","timestamp":"2023-02-21 16:00:00"}
{"level":"\u001b[34minfo\u001b[39m","message":"garbage collector error:  Error: Can't read file C:\\develop\\nodejs\\projects\\aitam\\work\\2072248b-31b3-4f78-b44b-40664314f074_trace.txt","timestamp":"2023-02-21 16:00:00"}
{"level":"\u001b[34minfo\u001b[39m","message":"garbage collector error:  Error: Can't read file C:\\develop\\nodejs\\projects\\aitam\\work\\2b8c09e3-1f91-4f3d-b93c-3826cdda46b7_trace.txt","timestamp":"2023-02-21 16:00:00"}
{"level":"\u001b[34minfo\u001b[39m","message":"garbage collector error:  Error: Can't read file C:\\develop\\nodejs\\projects\\aitam\\work\\b61d7b35-89e1-4c31-a906-a04457c9dc15_trace.txt","timestamp":"2023-02-21 16:00:00"}
{"level":"\u001b[34minfo\u001b[39m","message":"garbage collector error:  Error: Can't read file C:\\develop\\nodejs\\projects\\aitam\\work\\b61d7b35-89e1-4c31-a906-a04457c9dc15.xml","timestamp":"2023-02-21 16:00:00"}
{"level":"\u001b[34minfo\u001b[39m","message":"garbage collector error:  Error: Can't read file C:\\develop\\nodejs\\projects\\aitam\\work\\da7b599c-25e0-4f5e-b276-75eb3ac396fa_trace.txt","timestamp":"2023-02-21 16:00:00"}
{"level":"\u001b[34minfo\u001b[39m","message":"garbage collector deleted  gazetteer.dic on folder: C:\\develop\\nodejs\\projects\\aitam\\work\\, path: C:\\develop\\nodejs\\projects\\aitam\\work\\gazetteer.dic","timestamp":"2023-02-21 16:00:00"}
{"level":"\u001b[34minfo\u001b[39m","message":"garbage collector error:  Error: Can't read file C:\\develop\\nodejs\\projects\\aitam\\work\\da7b599c-25e0-4f5e-b276-75eb3ac396fa.xml","timestamp":"2023-02-21 16:00:00"}
{"level":"\u001b[34minfo\u001b[39m","message":"garbage collector error:  Error: Can't read file C:\\develop\\nodejs\\projects\\aitam\\work\\db808414-e66e-4841-ad59-c66bfab59907.xml","timestamp":"2023-02-21 16:00:00"}
{"level":"\u001b[34minfo\u001b[39m","message":"garbage collector error:  Error: Can't read file C:\\develop\\nodejs\\projects\\aitam\\work\\f0e834ba-dce6-4b52-9b94-f2c35fef40b7.xml","timestamp":"2023-02-21 16:00:00"}
{"level":"\u001b[34minfo\u001b[39m","message":"garbage collector error:  Error: Can't read file C:\\develop\\nodejs\\projects\\aitam\\work\\f0e834ba-dce6-4b52-9b94-f2c35fef40b7_trace.txt","timestamp":"2023-02-21 16:00:00"}
{"level":"\u001b[34minfo\u001b[39m","message":"garbage collector error:  Error: Can't read file C:\\develop\\nodejs\\projects\\aitam\\work\\gazetteer.dic","timestamp":"2023-02-21 16:00:00"}
{"level":"\u001b[34minfo\u001b[39m","message":"garbage collector error:  Error: Can't read file C:\\develop\\nodejs\\projects\\aitam\\work\\db808414-e66e-4841-ad59-c66bfab59907_trace.txt","timestamp":"2023-02-21 16:00:00"}
{"level":"\u001b[34minfo\u001b[39m","message":"garbage collector started on path: C:\\develop\\nodejs\\projects\\aitam\\work\\","timestamp":"2023-02-21 16:02:49"}
{"level":"\u001b[34minfo\u001b[39m","message":"Session created received the id:97124d10-d21d-45d7-97a2-044cbd410062","timestamp":"2023-02-21 16:02:56"}
{"level":"\u001b[34minfo\u001b[39m","message":"req.user: undefined","timestamp":"2023-02-21 16:03:03"}
{"level":"\u001b[34minfo\u001b[39m","message":"Session id started: {\"user\":\"2f24vvg\"}","timestamp":"2023-02-21 16:03:03"}
{"level":"\u001b[34minfo\u001b[39m","message":"User logged in: {\"id\":\"2f24vvg\",\"email\":\"test@test.com\",\"password\":\"$2a$10$A2g6pbxxhLA9MNYRJ0rnzOf/7Ara76B0KcRdjzUcsIBIclRuas/fG\"}","timestamp":"2023-02-21 16:03:03"}
{"level":"\u001b[34minfo\u001b[39m","message":"User (2f24vvg) uploaded a file: {\"file\":{\"size\":920755,\"path\":\"C:\\\\develop\\\\nodejs\\\\projects\\\\aitam\\\\work\\\\81cc2900-770f-4df8-a867-7a4c0c82cb07.xml\",\"name\":\"f8509520-4f67-472e-9bff-4df87561dbe9.xml\",\"type\":\"text/xml\",\"mtime\":\"2023-02-21T16:03:07.914Z\"}}","timestamp":"2023-02-21 16:03:07"}
{"level":"\u001b[34minfo\u001b[39m","message":"audit file download: C:\\develop\\nodejs\\projects\\aitam\\work\\81cc2900-770f-4df8-a867-7a4c0c82cb07.xml","timestamp":"2023-02-21 16:03:50"}
{"level":"\u001b[34minfo\u001b[39m","message":"garbage collector started on path: C:\\develop\\nodejs\\projects\\aitam\\work\\","timestamp":"2023-02-21 16:07:57"}
{"level":"\u001b[34minfo\u001b[39m","message":"Session created received the id:b1df43f5-1c72-42c9-9247-b94c498d64e8","timestamp":"2023-02-21 16:08:10"}
{"level":"\u001b[34minfo\u001b[39m","message":"req.user: undefined","timestamp":"2023-02-21 16:08:17"}
{"level":"\u001b[34minfo\u001b[39m","message":"Session id started: {\"user\":\"2f24vvg\"}","timestamp":"2023-02-21 16:08:17"}
{"level":"\u001b[34minfo\u001b[39m","message":"User logged in: {\"id\":\"2f24vvg\",\"email\":\"test@test.com\",\"password\":\"$2a$10$A2g6pbxxhLA9MNYRJ0rnzOf/7Ara76B0KcRdjzUcsIBIclRuas/fG\"}","timestamp":"2023-02-21 16:08:17"}
{"level":"\u001b[34minfo\u001b[39m","message":"User (2f24vvg) uploaded a file: {\"file\":{\"size\":920755,\"path\":\"C:\\\\develop\\\\nodejs\\\\projects\\\\aitam\\\\work\\\\ab5961a1-a71e-43ef-affd-6f9edfb4f706.xml\",\"name\":\"f8509520-4f67-472e-9bff-4df87561dbe9.xml\",\"type\":\"text/xml\",\"mtime\":\"2023-02-21T16:08:29.301Z\"}}","timestamp":"2023-02-21 16:08:29"}
{"level":"\u001b[34minfo\u001b[39m","message":"audit file download: C:\\develop\\nodejs\\projects\\aitam\\work\\ab5961a1-a71e-43ef-affd-6f9edfb4f706.xml","timestamp":"2023-02-21 16:09:43"}
{"level":"\u001b[34minfo\u001b[39m","message":"Session created received the id:ab5961a1-a71e-43ef-affd-6f9edfb4f706","timestamp":"2023-02-21 16:12:25"}
{"level":"\u001b[34minfo\u001b[39m","message":"User (2f24vvg) uploaded a file: {\"file\":{\"size\":465587,\"path\":\"C:\\\\develop\\\\nodejs\\\\projects\\\\aitam\\\\work\\\\ab5961a1-a71e-43ef-affd-6f9edfb4f706.xml\",\"name\":\"ATK-SIGTAS.xml\",\"type\":\"text/xml\",\"mtime\":\"2023-02-21T16:12:39.510Z\"}}","timestamp":"2023-02-21 16:12:39"}
{"level":"\u001b[34minfo\u001b[39m","message":"Session created received the id:ab5961a1-a71e-43ef-affd-6f9edfb4f706","timestamp":"2023-02-21 16:12:55"}
{"level":"\u001b[34minfo\u001b[39m","message":"User (2f24vvg) uploaded a file: {\"file\":{\"size\":920755,\"path\":\"C:\\\\develop\\\\nodejs\\\\projects\\\\aitam\\\\work\\\\ab5961a1-a71e-43ef-affd-6f9edfb4f706.xml\",\"name\":\"f8509520-4f67-472e-9bff-4df87561dbe9.xml\",\"type\":\"text/xml\",\"mtime\":\"2023-02-21T16:13:01.775Z\"}}","timestamp":"2023-02-21 16:13:01"}
{"level":"\u001b[34minfo\u001b[39m","message":"audit file download: C:\\develop\\nodejs\\projects\\aitam\\work\\ab5961a1-a71e-43ef-affd-6f9edfb4f706.xml","timestamp":"2023-02-21 16:13:19"}
{"level":"\u001b[34minfo\u001b[39m","message":"garbage collector started on path: C:\\develop\\nodejs\\projects\\aitam\\work\\","timestamp":"2023-02-21 16:14:39"}
{"level":"\u001b[34minfo\u001b[39m","message":"Session created received the id:85247a79-d534-46f6-97a1-c0a973c346e9","timestamp":"2023-02-21 16:14:45"}
{"level":"\u001b[34minfo\u001b[39m","message":"req.user: undefined","timestamp":"2023-02-21 16:14:51"}
{"level":"\u001b[34minfo\u001b[39m","message":"Session id started: {\"user\":\"2f24vvg\"}","timestamp":"2023-02-21 16:14:51"}
{"level":"\u001b[34minfo\u001b[39m","message":"User logged in: {\"id\":\"2f24vvg\",\"email\":\"test@test.com\",\"password\":\"$2a$10$A2g6pbxxhLA9MNYRJ0rnzOf/7Ara76B0KcRdjzUcsIBIclRuas/fG\"}","timestamp":"2023-02-21 16:14:51"}
{"level":"\u001b[34minfo\u001b[39m","message":"User (2f24vvg) uploaded a file: {\"file\":{\"size\":920755,\"path\":\"C:\\\\develop\\\\nodejs\\\\projects\\\\aitam\\\\work\\\\e2728f7f-cf15-455a-95b2-9da9f7287785.xml\",\"name\":\"f8509520-4f67-472e-9bff-4df87561dbe9.xml\",\"type\":\"text/xml\",\"mtime\":\"2023-02-21T16:14:57.409Z\"}}","timestamp":"2023-02-21 16:14:57"}
{"level":"\u001b[34minfo\u001b[39m","message":"audit file download: C:\\develop\\nodejs\\projects\\aitam\\work\\e2728f7f-cf15-455a-95b2-9da9f7287785.xml","timestamp":"2023-02-21 16:15:42"}
{"level":"\u001b[34minfo\u001b[39m","message":"garbage collector started on path: C:\\develop\\nodejs\\projects\\aitam\\work\\","timestamp":"2023-02-21 16:18:50"}
{"level":"\u001b[34minfo\u001b[39m","message":"garbage collector started on path: C:\\develop\\nodejs\\projects\\aitam\\work\\","timestamp":"2023-02-21 16:19:08"}
{"level":"\u001b[34minfo\u001b[39m","message":"Session created received the id:194c801e-2bf0-486a-a41e-c8c6b9a79375","timestamp":"2023-02-21 16:19:14"}
{"level":"\u001b[34minfo\u001b[39m","message":"req.user: undefined","timestamp":"2023-02-21 16:19:20"}
{"level":"\u001b[34minfo\u001b[39m","message":"Session id started: {\"user\":\"2f24vvg\"}","timestamp":"2023-02-21 16:19:20"}
{"level":"\u001b[34minfo\u001b[39m","message":"User logged in: {\"id\":\"2f24vvg\",\"email\":\"test@test.com\",\"password\":\"$2a$10$A2g6pbxxhLA9MNYRJ0rnzOf/7Ara76B0KcRdjzUcsIBIclRuas/fG\"}","timestamp":"2023-02-21 16:19:20"}
{"level":"\u001b[34minfo\u001b[39m","message":"User (2f24vvg) uploaded a file: {\"file\":{\"size\":920393,\"path\":\"C:\\\\develop\\\\nodejs\\\\projects\\\\aitam\\\\work\\\\ce476103-9dfc-44cd-b44b-dd96a766967d.xml\",\"name\":\"a549f860-51a6-462a-b935-831cff832ff3 (1).xml\",\"type\":\"text/xml\",\"mtime\":\"2023-02-21T16:19:34.002Z\"}}","timestamp":"2023-02-21 16:19:34"}
{"level":"\u001b[34minfo\u001b[39m","message":"User (2f24vvg) uploaded a file: {\"file\":{\"size\":920755,\"path\":\"C:\\\\develop\\\\nodejs\\\\projects\\\\aitam\\\\work\\\\ce476103-9dfc-44cd-b44b-dd96a766967d.xml\",\"name\":\"f8509520-4f67-472e-9bff-4df87561dbe9.xml\",\"type\":\"text/xml\",\"mtime\":\"2023-02-21T16:19:56.241Z\"}}","timestamp":"2023-02-21 16:19:56"}
{"level":"\u001b[34minfo\u001b[39m","message":"audit file download: C:\\develop\\nodejs\\projects\\aitam\\work\\ce476103-9dfc-44cd-b44b-dd96a766967d.xml","timestamp":"2023-02-21 16:20:11"}
{"level":"\u001b[34minfo\u001b[39m","message":"Session created received the id:ce476103-9dfc-44cd-b44b-dd96a766967d","timestamp":"2023-02-21 16:20:33"}
{"level":"\u001b[34minfo\u001b[39m","message":"garbage collector started on path: C:\\develop\\nodejs\\projects\\aitam\\work\\","timestamp":"2023-02-21 16:22:34"}
{"level":"\u001b[34minfo\u001b[39m","message":"Session created received the id:9a3c8ec1-f375-4d30-bc5e-ae03022f0cc6","timestamp":"2023-02-21 16:22:39"}
{"level":"\u001b[34minfo\u001b[39m","message":"req.user: undefined","timestamp":"2023-02-21 16:22:45"}
{"level":"\u001b[34minfo\u001b[39m","message":"Session id started: {\"user\":\"2f24vvg\"}","timestamp":"2023-02-21 16:22:45"}
{"level":"\u001b[34minfo\u001b[39m","message":"User logged in: {\"id\":\"2f24vvg\",\"email\":\"test@test.com\",\"password\":\"$2a$10$A2g6pbxxhLA9MNYRJ0rnzOf/7Ara76B0KcRdjzUcsIBIclRuas/fG\"}","timestamp":"2023-02-21 16:22:45"}
{"level":"\u001b[34minfo\u001b[39m","message":"User (2f24vvg) uploaded a file: {\"file\":{\"size\":920755,\"path\":\"C:\\\\develop\\\\nodejs\\\\projects\\\\aitam\\\\work\\\\147b34dd-11c9-4e12-ab42-46d0ebe8323b.xml\",\"name\":\"f8509520-4f67-472e-9bff-4df87561dbe9.xml\",\"type\":\"text/xml\",\"mtime\":\"2023-02-21T16:22:52.650Z\"}}","timestamp":"2023-02-21 16:22:52"}
{"level":"\u001b[34minfo\u001b[39m","message":"audit file download: C:\\develop\\nodejs\\projects\\aitam\\work\\147b34dd-11c9-4e12-ab42-46d0ebe8323b.xml","timestamp":"2023-02-21 16:23:06"}
{"level":"\u001b[34minfo\u001b[39m","message":"audit file download: C:\\develop\\nodejs\\projects\\aitam\\work\\147b34dd-11c9-4e12-ab42-46d0ebe8323b.xml","timestamp":"2023-02-21 16:24:20"}
{"level":"\u001b[34minfo\u001b[39m","message":"garbage collector started on path: C:\\develop\\nodejs\\projects\\aitam\\work\\","timestamp":"2023-02-21 16:33:20"}
{"level":"\u001b[34minfo\u001b[39m","message":"garbage collector started on path: C:\\develop\\nodejs\\projects\\aitam\\work\\","timestamp":"2023-02-21 16:33:27"}
{"level":"\u001b[34minfo\u001b[39m","message":"Session created received the id:d1b72881-a9ad-4819-a48d-586444e015d2","timestamp":"2023-02-21 16:33:30"}
{"level":"\u001b[34minfo\u001b[39m","message":"req.user: undefined","timestamp":"2023-02-21 16:33:36"}
{"level":"\u001b[34minfo\u001b[39m","message":"Session id started: {\"user\":\"2f24vvg\"}","timestamp":"2023-02-21 16:33:36"}
{"level":"\u001b[34minfo\u001b[39m","message":"User logged in: {\"id\":\"2f24vvg\",\"email\":\"test@test.com\",\"password\":\"$2a$10$A2g6pbxxhLA9MNYRJ0rnzOf/7Ara76B0KcRdjzUcsIBIclRuas/fG\"}","timestamp":"2023-02-21 16:33:36"}
{"level":"\u001b[34minfo\u001b[39m","message":"User (2f24vvg) uploaded a file: {\"file\":{\"size\":920755,\"path\":\"C:\\\\develop\\\\nodejs\\\\projects\\\\aitam\\\\work\\\\a593c471-dc02-4334-af95-b4965697fcb3.xml\",\"name\":\"f8509520-4f67-472e-9bff-4df87561dbe9.xml\",\"type\":\"text/xml\",\"mtime\":\"2023-02-21T16:33:44.070Z\"}}","timestamp":"2023-02-21 16:33:44"}
{"level":"\u001b[34minfo\u001b[39m","message":"audit file download: C:\\develop\\nodejs\\projects\\aitam\\work\\a593c471-dc02-4334-af95-b4965697fcb3.xml","timestamp":"2023-02-21 16:33:59"}
{"level":"\u001b[34minfo\u001b[39m","message":"garbage collector started on path: C:\\develop\\nodejs\\projects\\aitam\\work\\","timestamp":"2023-02-21 16:36:37"}
{"level":"\u001b[34minfo\u001b[39m","message":"Session created received the id:6aae0bab-5e1a-41e5-8079-4c01168d56ea","timestamp":"2023-02-21 16:36:43"}
{"level":"\u001b[34minfo\u001b[39m","message":"req.user: undefined","timestamp":"2023-02-21 16:36:51"}
{"level":"\u001b[34minfo\u001b[39m","message":"Session id started: {\"user\":\"2f24vvg\"}","timestamp":"2023-02-21 16:36:51"}
{"level":"\u001b[34minfo\u001b[39m","message":"User logged in: {\"id\":\"2f24vvg\",\"email\":\"test@test.com\",\"password\":\"$2a$10$A2g6pbxxhLA9MNYRJ0rnzOf/7Ara76B0KcRdjzUcsIBIclRuas/fG\"}","timestamp":"2023-02-21 16:36:51"}
{"level":"\u001b[34minfo\u001b[39m","message":"User (2f24vvg) uploaded a file: {\"file\":{\"size\":920755,\"path\":\"C:\\\\develop\\\\nodejs\\\\projects\\\\aitam\\\\work\\\\2d927ca0-ddc7-4a4d-bd60-d1e3e737f3e6.xml\",\"name\":\"f8509520-4f67-472e-9bff-4df87561dbe9.xml\",\"type\":\"text/xml\",\"mtime\":\"2023-02-21T16:36:56.536Z\"}}","timestamp":"2023-02-21 16:36:56"}
{"level":"\u001b[34minfo\u001b[39m","message":"garbage collector started on path: C:\\develop\\nodejs\\projects\\aitam\\work\\","timestamp":"2023-02-21 16:38:04"}
{"level":"\u001b[34minfo\u001b[39m","message":"req.user: undefined","timestamp":"2023-02-21 16:38:21"}
{"level":"\u001b[34minfo\u001b[39m","message":"Session id started: {\"user\":\"2f24vvg\"}","timestamp":"2023-02-21 16:38:21"}
{"level":"\u001b[34minfo\u001b[39m","message":"User logged in: {\"id\":\"2f24vvg\",\"email\":\"test@test.com\",\"password\":\"$2a$10$A2g6pbxxhLA9MNYRJ0rnzOf/7Ara76B0KcRdjzUcsIBIclRuas/fG\"}","timestamp":"2023-02-21 16:38:21"}
{"level":"\u001b[34minfo\u001b[39m","message":"User (2f24vvg) uploaded a file: {\"file\":{\"size\":920755,\"path\":\"C:\\\\develop\\\\nodejs\\\\projects\\\\aitam\\\\work\\\\c063601c-2d4a-4fff-bde4-547ed443bb9a.xml\",\"name\":\"f8509520-4f67-472e-9bff-4df87561dbe9.xml\",\"type\":\"text/xml\",\"mtime\":\"2023-02-21T16:38:26.054Z\"}}","timestamp":"2023-02-21 16:38:26"}
{"level":"\u001b[34minfo\u001b[39m","message":"audit file download: C:\\develop\\nodejs\\projects\\aitam\\work\\c063601c-2d4a-4fff-bde4-547ed443bb9a.xml","timestamp":"2023-02-21 16:38:38"}
{"level":"\u001b[34minfo\u001b[39m","message":"garbage collector started on path: C:\\develop\\nodejs\\projects\\aitam\\work\\","timestamp":"2023-02-21 16:42:31"}
{"level":"\u001b[34minfo\u001b[39m","message":"Session created received the id:e5f7215e-4078-4d41-b24d-22ce1e8f1f0f","timestamp":"2023-02-21 16:42:50"}
{"level":"\u001b[34minfo\u001b[39m","message":"req.user: undefined","timestamp":"2023-02-21 16:42:56"}
{"level":"\u001b[34minfo\u001b[39m","message":"Session id started: {\"user\":\"2f24vvg\"}","timestamp":"2023-02-21 16:42:56"}
{"level":"\u001b[34minfo\u001b[39m","message":"User logged in: {\"id\":\"2f24vvg\",\"email\":\"test@test.com\",\"password\":\"$2a$10$A2g6pbxxhLA9MNYRJ0rnzOf/7Ara76B0KcRdjzUcsIBIclRuas/fG\"}","timestamp":"2023-02-21 16:42:56"}
{"level":"\u001b[34minfo\u001b[39m","message":"User (2f24vvg) uploaded a file: {\"file\":{\"size\":920755,\"path\":\"C:\\\\develop\\\\nodejs\\\\projects\\\\aitam\\\\work\\\\3fdda20e-f217-4462-93ec-8cc30fcb6766.xml\",\"name\":\"f8509520-4f67-472e-9bff-4df87561dbe9.xml\",\"type\":\"text/xml\",\"mtime\":\"2023-02-21T16:43:01.151Z\"}}","timestamp":"2023-02-21 16:43:01"}
{"level":"\u001b[34minfo\u001b[39m","message":"audit file download: C:\\develop\\nodejs\\projects\\aitam\\work\\3fdda20e-f217-4462-93ec-8cc30fcb6766.xml","timestamp":"2023-02-21 16:43:20"}
{"level":"\u001b[34minfo\u001b[39m","message":"audit file download: C:\\develop\\nodejs\\projects\\aitam\\work\\3fdda20e-f217-4462-93ec-8cc30fcb6766.xml","timestamp":"2023-02-21 16:43:49"}
{"level":"\u001b[34minfo\u001b[39m","message":"audit file download: C:\\develop\\nodejs\\projects\\aitam\\work\\3fdda20e-f217-4462-93ec-8cc30fcb6766.xml","timestamp":"2023-02-21 16:44:08"}
