{"level":"\u001b[34minfo\u001b[39m","message":"garbage collector started on path: C:\\develop\\nodejs\\projects\\aitam\\work\\","timestamp":"2023-04-17 10:05:17"}
{"level":"\u001b[34minfo\u001b[39m","message":"Session created received the id:20872723-e93d-4e87-a73d-b60aa02c0eaa","timestamp":"2023-04-17 10:05:54"}
{"level":"\u001b[33mwarn\u001b[39m","message":"404 - Not Found","timestamp":"2023-04-17 10:05:54"}
{"level":"\u001b[34minfo\u001b[39m","message":"req.user: undefined","timestamp":"2023-04-17 10:06:12"}
{"level":"\u001b[34minfo\u001b[39m","message":"Session id started: {\"user\":\"2f24vvg\"}","timestamp":"2023-04-17 10:06:12"}
{"level":"\u001b[34minfo\u001b[39m","message":"User logged in: {\"id\":\"2f24vvg\",\"email\":\"test@test.com\",\"password\":\"$2a$10$A2g6pbxxhLA9MNYRJ0rnzOf/7Ara76B0KcRdjzUcsIBIclRuas/fG\"}","timestamp":"2023-04-17 10:06:12"}
{"level":"\u001b[34minfo\u001b[39m","message":"Session created received the id:d59cc5f9-6853-4175-a5ae-0e1ae1c8b933","timestamp":"2023-04-17 10:06:38"}
{"level":"\u001b[34minfo\u001b[39m","message":"Session created received the id:d59cc5f9-6853-4175-a5ae-0e1ae1c8b933","timestamp":"2023-04-17 10:06:45"}
{"level":"\u001b[34minfo\u001b[39m","message":"Session created received the id:d59cc5f9-6853-4175-a5ae-0e1ae1c8b933","timestamp":"2023-04-17 10:06:51"}
{"level":"\u001b[34minfo\u001b[39m","message":"garbage collector deleted  08ec027c-8f44-4755-bf7a-c51c16352513_trace.txt on folder: C:\\develop\\nodejs\\projects\\aitam\\work\\, path: C:\\develop\\nodejs\\projects\\aitam\\work\\08ec027c-8f44-4755-bf7a-c51c16352513_trace.txt","timestamp":"2023-04-17 10:15:00"}
{"level":"\u001b[34minfo\u001b[39m","message":"garbage collector deleted  042e7f0d-cff6-4987-b091-bbdfb573f0be_trace.txt on folder: C:\\develop\\nodejs\\projects\\aitam\\work\\, path: C:\\develop\\nodejs\\projects\\aitam\\work\\042e7f0d-cff6-4987-b091-bbdfb573f0be_trace.txt","timestamp":"2023-04-17 10:15:00"}
{"level":"\u001b[34minfo\u001b[39m","message":"garbage collector deleted  08ec027c-8f44-4755-bf7a-c51c16352513.xml on folder: C:\\develop\\nodejs\\projects\\aitam\\work\\, path: C:\\develop\\nodejs\\projects\\aitam\\work\\08ec027c-8f44-4755-bf7a-c51c16352513.xml","timestamp":"2023-04-17 10:15:00"}
{"level":"\u001b[34minfo\u001b[39m","message":"garbage collector deleted  042e7f0d-cff6-4987-b091-bbdfb573f0be.xml on folder: C:\\develop\\nodejs\\projects\\aitam\\work\\, path: C:\\develop\\nodejs\\projects\\aitam\\work\\042e7f0d-cff6-4987-b091-bbdfb573f0be.xml","timestamp":"2023-04-17 10:15:00"}
{"level":"\u001b[34minfo\u001b[39m","message":"garbage collector deleted  13af8114-6794-44e0-b8cf-8c6097bfbc9a.xml on folder: C:\\develop\\nodejs\\projects\\aitam\\work\\, path: C:\\develop\\nodejs\\projects\\aitam\\work\\13af8114-6794-44e0-b8cf-8c6097bfbc9a.xml","timestamp":"2023-04-17 10:15:00"}
{"level":"\u001b[34minfo\u001b[39m","message":"garbage collector deleted  13af8114-6794-44e0-b8cf-8c6097bfbc9a_trace.txt on folder: C:\\develop\\nodejs\\projects\\aitam\\work\\, path: C:\\develop\\nodejs\\projects\\aitam\\work\\13af8114-6794-44e0-b8cf-8c6097bfbc9a_trace.txt","timestamp":"2023-04-17 10:15:00"}
{"level":"\u001b[34minfo\u001b[39m","message":"garbage collector deleted  22a7e226-7b1d-47ad-9a9c-cf00037c4119.xml on folder: C:\\develop\\nodejs\\projects\\aitam\\work\\, path: C:\\develop\\nodejs\\projects\\aitam\\work\\22a7e226-7b1d-47ad-9a9c-cf00037c4119.xml","timestamp":"2023-04-17 10:15:00"}
{"level":"\u001b[34minfo\u001b[39m","message":"garbage collector deleted  22a7e226-7b1d-47ad-9a9c-cf00037c4119_trace.txt on folder: C:\\develop\\nodejs\\projects\\aitam\\work\\, path: C:\\develop\\nodejs\\projects\\aitam\\work\\22a7e226-7b1d-47ad-9a9c-cf00037c4119_trace.txt","timestamp":"2023-04-17 10:15:00"}
{"level":"\u001b[34minfo\u001b[39m","message":"garbage collector deleted  2b10e980-1fb1-412f-9de2-d532f556bddd.xml on folder: C:\\develop\\nodejs\\projects\\aitam\\work\\, path: C:\\develop\\nodejs\\projects\\aitam\\work\\2b10e980-1fb1-412f-9de2-d532f556bddd.xml","timestamp":"2023-04-17 10:15:00"}
{"level":"\u001b[34minfo\u001b[39m","message":"garbage collector deleted  2bbb2a1f-d173-48b1-a012-72a87ebad3c2.xml on folder: C:\\develop\\nodejs\\projects\\aitam\\work\\, path: C:\\develop\\nodejs\\projects\\aitam\\work\\2bbb2a1f-d173-48b1-a012-72a87ebad3c2.xml","timestamp":"2023-04-17 10:15:00"}
{"level":"\u001b[34minfo\u001b[39m","message":"garbage collector deleted  2bbb2a1f-d173-48b1-a012-72a87ebad3c2_trace.txt on folder: C:\\develop\\nodejs\\projects\\aitam\\work\\, path: C:\\develop\\nodejs\\projects\\aitam\\work\\2bbb2a1f-d173-48b1-a012-72a87ebad3c2_trace.txt","timestamp":"2023-04-17 10:15:00"}
{"level":"\u001b[34minfo\u001b[39m","message":"garbage collector deleted  2f53b3e2-dde0-4f8b-a4fb-4df9e7db090a.xml on folder: C:\\develop\\nodejs\\projects\\aitam\\work\\, path: C:\\develop\\nodejs\\projects\\aitam\\work\\2f53b3e2-dde0-4f8b-a4fb-4df9e7db090a.xml","timestamp":"2023-04-17 10:15:00"}
{"level":"\u001b[34minfo\u001b[39m","message":"garbage collector deleted  2f53b3e2-dde0-4f8b-a4fb-4df9e7db090a_trace.txt on folder: C:\\develop\\nodejs\\projects\\aitam\\work\\, path: C:\\develop\\nodejs\\projects\\aitam\\work\\2f53b3e2-dde0-4f8b-a4fb-4df9e7db090a_trace.txt","timestamp":"2023-04-17 10:15:00"}
{"level":"\u001b[34minfo\u001b[39m","message":"garbage collector deleted  2b10e980-1fb1-412f-9de2-d532f556bddd_trace.txt on folder: C:\\develop\\nodejs\\projects\\aitam\\work\\, path: C:\\develop\\nodejs\\projects\\aitam\\work\\2b10e980-1fb1-412f-9de2-d532f556bddd_trace.txt","timestamp":"2023-04-17 10:15:00"}
{"level":"\u001b[34minfo\u001b[39m","message":"garbage collector deleted  337406ad-fb5e-4a3d-b6c2-444d58de5e5a_trace.txt on folder: C:\\develop\\nodejs\\projects\\aitam\\work\\, path: C:\\develop\\nodejs\\projects\\aitam\\work\\337406ad-fb5e-4a3d-b6c2-444d58de5e5a_trace.txt","timestamp":"2023-04-17 10:15:00"}
{"level":"\u001b[34minfo\u001b[39m","message":"garbage collector deleted  337406ad-fb5e-4a3d-b6c2-444d58de5e5a.xml on folder: C:\\develop\\nodejs\\projects\\aitam\\work\\, path: C:\\develop\\nodejs\\projects\\aitam\\work\\337406ad-fb5e-4a3d-b6c2-444d58de5e5a.xml","timestamp":"2023-04-17 10:15:00"}
{"level":"\u001b[34minfo\u001b[39m","message":"garbage collector deleted  3bb13552-a10d-445a-890c-df47b4cceb63.xml on folder: C:\\develop\\nodejs\\projects\\aitam\\work\\, path: C:\\develop\\nodejs\\projects\\aitam\\work\\3bb13552-a10d-445a-890c-df47b4cceb63.xml","timestamp":"2023-04-17 10:15:00"}
{"level":"\u001b[34minfo\u001b[39m","message":"garbage collector deleted  3b1259c3-188d-4e04-8595-beba1cc5ce08.xml on folder: C:\\develop\\nodejs\\projects\\aitam\\work\\, path: C:\\develop\\nodejs\\projects\\aitam\\work\\3b1259c3-188d-4e04-8595-beba1cc5ce08.xml","timestamp":"2023-04-17 10:15:00"}
{"level":"\u001b[34minfo\u001b[39m","message":"garbage collector deleted  3b1259c3-188d-4e04-8595-beba1cc5ce08_trace.txt on folder: C:\\develop\\nodejs\\projects\\aitam\\work\\, path: C:\\develop\\nodejs\\projects\\aitam\\work\\3b1259c3-188d-4e04-8595-beba1cc5ce08_trace.txt","timestamp":"2023-04-17 10:15:00"}
{"level":"\u001b[34minfo\u001b[39m","message":"garbage collector deleted  42251551-9700-4d92-913b-1ad58caeda59.xml on folder: C:\\develop\\nodejs\\projects\\aitam\\work\\, path: C:\\develop\\nodejs\\projects\\aitam\\work\\42251551-9700-4d92-913b-1ad58caeda59.xml","timestamp":"2023-04-17 10:15:00"}
{"level":"\u001b[34minfo\u001b[39m","message":"garbage collector deleted  42251551-9700-4d92-913b-1ad58caeda59_trace.txt on folder: C:\\develop\\nodejs\\projects\\aitam\\work\\, path: C:\\develop\\nodejs\\projects\\aitam\\work\\42251551-9700-4d92-913b-1ad58caeda59_trace.txt","timestamp":"2023-04-17 10:15:00"}
{"level":"\u001b[34minfo\u001b[39m","message":"garbage collector deleted  3bb13552-a10d-445a-890c-df47b4cceb63_trace.txt on folder: C:\\develop\\nodejs\\projects\\aitam\\work\\, path: C:\\develop\\nodejs\\projects\\aitam\\work\\3bb13552-a10d-445a-890c-df47b4cceb63_trace.txt","timestamp":"2023-04-17 10:15:00"}
{"level":"\u001b[34minfo\u001b[39m","message":"garbage collector deleted  44748cce-2a94-4ab1-a3b2-b1c95edd1500_trace.txt on folder: C:\\develop\\nodejs\\projects\\aitam\\work\\, path: C:\\develop\\nodejs\\projects\\aitam\\work\\44748cce-2a94-4ab1-a3b2-b1c95edd1500_trace.txt","timestamp":"2023-04-17 10:15:00"}
{"level":"\u001b[34minfo\u001b[39m","message":"garbage collector deleted  44748cce-2a94-4ab1-a3b2-b1c95edd1500.xml on folder: C:\\develop\\nodejs\\projects\\aitam\\work\\, path: C:\\develop\\nodejs\\projects\\aitam\\work\\44748cce-2a94-4ab1-a3b2-b1c95edd1500.xml","timestamp":"2023-04-17 10:15:00"}
{"level":"\u001b[34minfo\u001b[39m","message":"garbage collector deleted  4566cf5b-54f0-401e-8f8d-9e9b94257bb1.xml on folder: C:\\develop\\nodejs\\projects\\aitam\\work\\, path: C:\\develop\\nodejs\\projects\\aitam\\work\\4566cf5b-54f0-401e-8f8d-9e9b94257bb1.xml","timestamp":"2023-04-17 10:15:00"}
{"level":"\u001b[34minfo\u001b[39m","message":"garbage collector deleted  4566cf5b-54f0-401e-8f8d-9e9b94257bb1_trace.txt on folder: C:\\develop\\nodejs\\projects\\aitam\\work\\, path: C:\\develop\\nodejs\\projects\\aitam\\work\\4566cf5b-54f0-401e-8f8d-9e9b94257bb1_trace.txt","timestamp":"2023-04-17 10:15:00"}
{"level":"\u001b[34minfo\u001b[39m","message":"garbage collector deleted  46cf0fd2-942c-4e7f-b096-a6f0245fb679.xml on folder: C:\\develop\\nodejs\\projects\\aitam\\work\\, path: C:\\develop\\nodejs\\projects\\aitam\\work\\46cf0fd2-942c-4e7f-b096-a6f0245fb679.xml","timestamp":"2023-04-17 10:15:00"}
{"level":"\u001b[34minfo\u001b[39m","message":"garbage collector deleted  475cb6b5-91b2-4b08-9500-e62c8917da36.xml on folder: C:\\develop\\nodejs\\projects\\aitam\\work\\, path: C:\\develop\\nodejs\\projects\\aitam\\work\\475cb6b5-91b2-4b08-9500-e62c8917da36.xml","timestamp":"2023-04-17 10:15:00"}
{"level":"\u001b[34minfo\u001b[39m","message":"garbage collector deleted  475cb6b5-91b2-4b08-9500-e62c8917da36_trace.txt on folder: C:\\develop\\nodejs\\projects\\aitam\\work\\, path: C:\\develop\\nodejs\\projects\\aitam\\work\\475cb6b5-91b2-4b08-9500-e62c8917da36_trace.txt","timestamp":"2023-04-17 10:15:00"}
{"level":"\u001b[34minfo\u001b[39m","message":"garbage collector deleted  5579b9e3-e023-4043-9c15-d5d936ac7a09.xml on folder: C:\\develop\\nodejs\\projects\\aitam\\work\\, path: C:\\develop\\nodejs\\projects\\aitam\\work\\5579b9e3-e023-4043-9c15-d5d936ac7a09.xml","timestamp":"2023-04-17 10:15:00"}
{"level":"\u001b[34minfo\u001b[39m","message":"garbage collector deleted  569ab6b9-86b1-4bd5-b5a5-d4b5d2d7dd73.src on folder: C:\\develop\\nodejs\\projects\\aitam\\work\\, path: C:\\develop\\nodejs\\projects\\aitam\\work\\569ab6b9-86b1-4bd5-b5a5-d4b5d2d7dd73.src","timestamp":"2023-04-17 10:15:00"}
{"level":"\u001b[34minfo\u001b[39m","message":"garbage collector deleted  5579b9e3-e023-4043-9c15-d5d936ac7a09_trace.txt on folder: C:\\develop\\nodejs\\projects\\aitam\\work\\, path: C:\\develop\\nodejs\\projects\\aitam\\work\\5579b9e3-e023-4043-9c15-d5d936ac7a09_trace.txt","timestamp":"2023-04-17 10:15:00"}
{"level":"\u001b[34minfo\u001b[39m","message":"garbage collector deleted  569ab6b9-86b1-4bd5-b5a5-d4b5d2d7dd73.tkn on folder: C:\\develop\\nodejs\\projects\\aitam\\work\\, path: C:\\develop\\nodejs\\projects\\aitam\\work\\569ab6b9-86b1-4bd5-b5a5-d4b5d2d7dd73.tkn","timestamp":"2023-04-17 10:15:00"}
{"level":"\u001b[34minfo\u001b[39m","message":"garbage collector deleted  569ab6b9-86b1-4bd5-b5a5-d4b5d2d7dd73.vec on folder: C:\\develop\\nodejs\\projects\\aitam\\work\\, path: C:\\develop\\nodejs\\projects\\aitam\\work\\569ab6b9-86b1-4bd5-b5a5-d4b5d2d7dd73.vec","timestamp":"2023-04-17 10:15:00"}
{"level":"\u001b[34minfo\u001b[39m","message":"garbage collector deleted  569ab6b9-86b1-4bd5-b5a5-d4b5d2d7dd73.xml on folder: C:\\develop\\nodejs\\projects\\aitam\\work\\, path: C:\\develop\\nodejs\\projects\\aitam\\work\\569ab6b9-86b1-4bd5-b5a5-d4b5d2d7dd73.xml","timestamp":"2023-04-17 10:15:00"}
{"level":"\u001b[34minfo\u001b[39m","message":"garbage collector deleted  569ab6b9-86b1-4bd5-b5a5-d4b5d2d7dd73_trace.txt on folder: C:\\develop\\nodejs\\projects\\aitam\\work\\, path: C:\\develop\\nodejs\\projects\\aitam\\work\\569ab6b9-86b1-4bd5-b5a5-d4b5d2d7dd73_trace.txt","timestamp":"2023-04-17 10:15:00"}
{"level":"\u001b[34minfo\u001b[39m","message":"garbage collector deleted  58953a8a-6958-4204-9251-415ff524dd38.xml on folder: C:\\develop\\nodejs\\projects\\aitam\\work\\, path: C:\\develop\\nodejs\\projects\\aitam\\work\\58953a8a-6958-4204-9251-415ff524dd38.xml","timestamp":"2023-04-17 10:15:00"}
{"level":"\u001b[34minfo\u001b[39m","message":"garbage collector deleted  5c06d2e3-e686-4151-b0c1-63f9181c7fb5.xml on folder: C:\\develop\\nodejs\\projects\\aitam\\work\\, path: C:\\develop\\nodejs\\projects\\aitam\\work\\5c06d2e3-e686-4151-b0c1-63f9181c7fb5.xml","timestamp":"2023-04-17 10:15:00"}
{"level":"\u001b[34minfo\u001b[39m","message":"garbage collector deleted  58953a8a-6958-4204-9251-415ff524dd38_trace.txt on folder: C:\\develop\\nodejs\\projects\\aitam\\work\\, path: C:\\develop\\nodejs\\projects\\aitam\\work\\58953a8a-6958-4204-9251-415ff524dd38_trace.txt","timestamp":"2023-04-17 10:15:00"}
{"level":"\u001b[34minfo\u001b[39m","message":"garbage collector deleted  5c06d2e3-e686-4151-b0c1-63f9181c7fb5_trace.txt on folder: C:\\develop\\nodejs\\projects\\aitam\\work\\, path: C:\\develop\\nodejs\\projects\\aitam\\work\\5c06d2e3-e686-4151-b0c1-63f9181c7fb5_trace.txt","timestamp":"2023-04-17 10:15:00"}
{"level":"\u001b[34minfo\u001b[39m","message":"garbage collector deleted  5fc2787f-697a-4405-b9a1-96f8a2adae21.xml on folder: C:\\develop\\nodejs\\projects\\aitam\\work\\, path: C:\\develop\\nodejs\\projects\\aitam\\work\\5fc2787f-697a-4405-b9a1-96f8a2adae21.xml","timestamp":"2023-04-17 10:15:00"}
{"level":"\u001b[34minfo\u001b[39m","message":"garbage collector deleted  5fc2787f-697a-4405-b9a1-96f8a2adae21_trace.txt on folder: C:\\develop\\nodejs\\projects\\aitam\\work\\, path: C:\\develop\\nodejs\\projects\\aitam\\work\\5fc2787f-697a-4405-b9a1-96f8a2adae21_trace.txt","timestamp":"2023-04-17 10:15:00"}
{"level":"\u001b[34minfo\u001b[39m","message":"garbage collector deleted  72b059d5-6106-4558-b566-4a89d42f4ad2.xml on folder: C:\\develop\\nodejs\\projects\\aitam\\work\\, path: C:\\develop\\nodejs\\projects\\aitam\\work\\72b059d5-6106-4558-b566-4a89d42f4ad2.xml","timestamp":"2023-04-17 10:15:00"}
{"level":"\u001b[34minfo\u001b[39m","message":"garbage collector deleted  72b059d5-6106-4558-b566-4a89d42f4ad2_trace.txt on folder: C:\\develop\\nodejs\\projects\\aitam\\work\\, path: C:\\develop\\nodejs\\projects\\aitam\\work\\72b059d5-6106-4558-b566-4a89d42f4ad2_trace.txt","timestamp":"2023-04-17 10:15:00"}
{"level":"\u001b[34minfo\u001b[39m","message":"garbage collector deleted  85924932-5934-414d-a993-989b92e08c40.xml on folder: C:\\develop\\nodejs\\projects\\aitam\\work\\, path: C:\\develop\\nodejs\\projects\\aitam\\work\\85924932-5934-414d-a993-989b92e08c40.xml","timestamp":"2023-04-17 10:15:00"}
{"level":"\u001b[34minfo\u001b[39m","message":"garbage collector deleted  85924932-5934-414d-a993-989b92e08c40_trace.txt on folder: C:\\develop\\nodejs\\projects\\aitam\\work\\, path: C:\\develop\\nodejs\\projects\\aitam\\work\\85924932-5934-414d-a993-989b92e08c40_trace.txt","timestamp":"2023-04-17 10:15:00"}
{"level":"\u001b[34minfo\u001b[39m","message":"garbage collector deleted  8e3c01cd-fdfe-4adf-a6ee-2f56904ded9c.xml on folder: C:\\develop\\nodejs\\projects\\aitam\\work\\, path: C:\\develop\\nodejs\\projects\\aitam\\work\\8e3c01cd-fdfe-4adf-a6ee-2f56904ded9c.xml","timestamp":"2023-04-17 10:15:00"}
{"level":"\u001b[34minfo\u001b[39m","message":"garbage collector deleted  8e3c01cd-fdfe-4adf-a6ee-2f56904ded9c_trace.txt on folder: C:\\develop\\nodejs\\projects\\aitam\\work\\, path: C:\\develop\\nodejs\\projects\\aitam\\work\\8e3c01cd-fdfe-4adf-a6ee-2f56904ded9c_trace.txt","timestamp":"2023-04-17 10:15:00"}
{"level":"\u001b[34minfo\u001b[39m","message":"garbage collector deleted  900c8979-9258-4103-93ec-079a5c1898ec.xml on folder: C:\\develop\\nodejs\\projects\\aitam\\work\\, path: C:\\develop\\nodejs\\projects\\aitam\\work\\900c8979-9258-4103-93ec-079a5c1898ec.xml","timestamp":"2023-04-17 10:15:00"}
{"level":"\u001b[34minfo\u001b[39m","message":"garbage collector deleted  92cb5b5f-975b-4fd8-836d-82dd5f1522e2.xml on folder: C:\\develop\\nodejs\\projects\\aitam\\work\\, path: C:\\develop\\nodejs\\projects\\aitam\\work\\92cb5b5f-975b-4fd8-836d-82dd5f1522e2.xml","timestamp":"2023-04-17 10:15:00"}
{"level":"\u001b[34minfo\u001b[39m","message":"garbage collector deleted  92cb5b5f-975b-4fd8-836d-82dd5f1522e2_trace.txt on folder: C:\\develop\\nodejs\\projects\\aitam\\work\\, path: C:\\develop\\nodejs\\projects\\aitam\\work\\92cb5b5f-975b-4fd8-836d-82dd5f1522e2_trace.txt","timestamp":"2023-04-17 10:15:00"}
{"level":"\u001b[34minfo\u001b[39m","message":"garbage collector deleted  9a2a6640-fc01-40eb-b8f3-cc31ea85310d.xml on folder: C:\\develop\\nodejs\\projects\\aitam\\work\\, path: C:\\develop\\nodejs\\projects\\aitam\\work\\9a2a6640-fc01-40eb-b8f3-cc31ea85310d.xml","timestamp":"2023-04-17 10:15:00"}
{"level":"\u001b[34minfo\u001b[39m","message":"garbage collector deleted  900c8979-9258-4103-93ec-079a5c1898ec_trace.txt on folder: C:\\develop\\nodejs\\projects\\aitam\\work\\, path: C:\\develop\\nodejs\\projects\\aitam\\work\\900c8979-9258-4103-93ec-079a5c1898ec_trace.txt","timestamp":"2023-04-17 10:15:00"}
{"level":"\u001b[34minfo\u001b[39m","message":"garbage collector deleted  9a2a6640-fc01-40eb-b8f3-cc31ea85310d_trace.txt on folder: C:\\develop\\nodejs\\projects\\aitam\\work\\, path: C:\\develop\\nodejs\\projects\\aitam\\work\\9a2a6640-fc01-40eb-b8f3-cc31ea85310d_trace.txt","timestamp":"2023-04-17 10:15:00"}
{"level":"\u001b[34minfo\u001b[39m","message":"garbage collector deleted  9afdc785-2ed2-4e81-9b8c-2284ee79266d.xml on folder: C:\\develop\\nodejs\\projects\\aitam\\work\\, path: C:\\develop\\nodejs\\projects\\aitam\\work\\9afdc785-2ed2-4e81-9b8c-2284ee79266d.xml","timestamp":"2023-04-17 10:15:00"}
{"level":"\u001b[34minfo\u001b[39m","message":"garbage collector deleted  9afdc785-2ed2-4e81-9b8c-2284ee79266d_trace.txt on folder: C:\\develop\\nodejs\\projects\\aitam\\work\\, path: C:\\develop\\nodejs\\projects\\aitam\\work\\9afdc785-2ed2-4e81-9b8c-2284ee79266d_trace.txt","timestamp":"2023-04-17 10:15:00"}
{"level":"\u001b[34minfo\u001b[39m","message":"garbage collector deleted  9baacd7f-1d37-4c01-a65d-4ccc5cbed724_trace.txt on folder: C:\\develop\\nodejs\\projects\\aitam\\work\\, path: C:\\develop\\nodejs\\projects\\aitam\\work\\9baacd7f-1d37-4c01-a65d-4ccc5cbed724_trace.txt","timestamp":"2023-04-17 10:15:00"}
{"level":"\u001b[34minfo\u001b[39m","message":"garbage collector deleted  46cf0fd2-942c-4e7f-b096-a6f0245fb679_trace.txt on folder: C:\\develop\\nodejs\\projects\\aitam\\work\\, path: C:\\develop\\nodejs\\projects\\aitam\\work\\46cf0fd2-942c-4e7f-b096-a6f0245fb679_trace.txt","timestamp":"2023-04-17 10:15:00"}
{"level":"\u001b[34minfo\u001b[39m","message":"garbage collector deleted  9be8a23f-0dd9-4e49-a2c6-5d743dfcedc4_trace.txt on folder: C:\\develop\\nodejs\\projects\\aitam\\work\\, path: C:\\develop\\nodejs\\projects\\aitam\\work\\9be8a23f-0dd9-4e49-a2c6-5d743dfcedc4_trace.txt","timestamp":"2023-04-17 10:15:00"}
{"level":"\u001b[34minfo\u001b[39m","message":"garbage collector deleted  9be8a23f-0dd9-4e49-a2c6-5d743dfcedc4.xml on folder: C:\\develop\\nodejs\\projects\\aitam\\work\\, path: C:\\develop\\nodejs\\projects\\aitam\\work\\9be8a23f-0dd9-4e49-a2c6-5d743dfcedc4.xml","timestamp":"2023-04-17 10:15:00"}
{"level":"\u001b[34minfo\u001b[39m","message":"garbage collector deleted  a4a884a1-ed3c-4114-b181-a92afd0ee3b5.xml on folder: C:\\develop\\nodejs\\projects\\aitam\\work\\, path: C:\\develop\\nodejs\\projects\\aitam\\work\\a4a884a1-ed3c-4114-b181-a92afd0ee3b5.xml","timestamp":"2023-04-17 10:15:00"}
{"level":"\u001b[34minfo\u001b[39m","message":"garbage collector deleted  a4a884a1-ed3c-4114-b181-a92afd0ee3b5_trace.txt on folder: C:\\develop\\nodejs\\projects\\aitam\\work\\, path: C:\\develop\\nodejs\\projects\\aitam\\work\\a4a884a1-ed3c-4114-b181-a92afd0ee3b5_trace.txt","timestamp":"2023-04-17 10:15:00"}
{"level":"\u001b[34minfo\u001b[39m","message":"garbage collector deleted  a5c9af8f-9401-43b2-8697-fd42792b8df7.xml on folder: C:\\develop\\nodejs\\projects\\aitam\\work\\, path: C:\\develop\\nodejs\\projects\\aitam\\work\\a5c9af8f-9401-43b2-8697-fd42792b8df7.xml","timestamp":"2023-04-17 10:15:00"}
{"level":"\u001b[34minfo\u001b[39m","message":"garbage collector deleted  b3a04239-f393-4ee8-b133-b4e2cd634bd3.xml on folder: C:\\develop\\nodejs\\projects\\aitam\\work\\, path: C:\\develop\\nodejs\\projects\\aitam\\work\\b3a04239-f393-4ee8-b133-b4e2cd634bd3.xml","timestamp":"2023-04-17 10:15:00"}
{"level":"\u001b[34minfo\u001b[39m","message":"garbage collector deleted  a5c9af8f-9401-43b2-8697-fd42792b8df7_trace.txt on folder: C:\\develop\\nodejs\\projects\\aitam\\work\\, path: C:\\develop\\nodejs\\projects\\aitam\\work\\a5c9af8f-9401-43b2-8697-fd42792b8df7_trace.txt","timestamp":"2023-04-17 10:15:00"}
{"level":"\u001b[34minfo\u001b[39m","message":"garbage collector deleted  b3a04239-f393-4ee8-b133-b4e2cd634bd3_trace.txt on folder: C:\\develop\\nodejs\\projects\\aitam\\work\\, path: C:\\develop\\nodejs\\projects\\aitam\\work\\b3a04239-f393-4ee8-b133-b4e2cd634bd3_trace.txt","timestamp":"2023-04-17 10:15:00"}
{"level":"\u001b[34minfo\u001b[39m","message":"garbage collector deleted  b97fff25-fefa-44f7-b20f-ec91ea0e1530.xml on folder: C:\\develop\\nodejs\\projects\\aitam\\work\\, path: C:\\develop\\nodejs\\projects\\aitam\\work\\b97fff25-fefa-44f7-b20f-ec91ea0e1530.xml","timestamp":"2023-04-17 10:15:00"}
{"level":"\u001b[34minfo\u001b[39m","message":"garbage collector deleted  b97fff25-fefa-44f7-b20f-ec91ea0e1530_trace.txt on folder: C:\\develop\\nodejs\\projects\\aitam\\work\\, path: C:\\develop\\nodejs\\projects\\aitam\\work\\b97fff25-fefa-44f7-b20f-ec91ea0e1530_trace.txt","timestamp":"2023-04-17 10:15:00"}
{"level":"\u001b[34minfo\u001b[39m","message":"garbage collector deleted  9baacd7f-1d37-4c01-a65d-4ccc5cbed724.xml on folder: C:\\develop\\nodejs\\projects\\aitam\\work\\, path: C:\\develop\\nodejs\\projects\\aitam\\work\\9baacd7f-1d37-4c01-a65d-4ccc5cbed724.xml","timestamp":"2023-04-17 10:15:00"}
{"level":"\u001b[34minfo\u001b[39m","message":"garbage collector deleted  c59d1b1b-24f7-478e-9cd6-dcde8bfb3d46.xml on folder: C:\\develop\\nodejs\\projects\\aitam\\work\\, path: C:\\develop\\nodejs\\projects\\aitam\\work\\c59d1b1b-24f7-478e-9cd6-dcde8bfb3d46.xml","timestamp":"2023-04-17 10:15:00"}
{"level":"\u001b[34minfo\u001b[39m","message":"garbage collector deleted  c59d1b1b-24f7-478e-9cd6-dcde8bfb3d46_trace.txt on folder: C:\\develop\\nodejs\\projects\\aitam\\work\\, path: C:\\develop\\nodejs\\projects\\aitam\\work\\c59d1b1b-24f7-478e-9cd6-dcde8bfb3d46_trace.txt","timestamp":"2023-04-17 10:15:00"}
{"level":"\u001b[34minfo\u001b[39m","message":"garbage collector deleted  ca19a17b-70d1-4b5a-acb1-af50a02af6b2.xml on folder: C:\\develop\\nodejs\\projects\\aitam\\work\\, path: C:\\develop\\nodejs\\projects\\aitam\\work\\ca19a17b-70d1-4b5a-acb1-af50a02af6b2.xml","timestamp":"2023-04-17 10:15:00"}
{"level":"\u001b[34minfo\u001b[39m","message":"garbage collector deleted  ca19a17b-70d1-4b5a-acb1-af50a02af6b2_trace.txt on folder: C:\\develop\\nodejs\\projects\\aitam\\work\\, path: C:\\develop\\nodejs\\projects\\aitam\\work\\ca19a17b-70d1-4b5a-acb1-af50a02af6b2_trace.txt","timestamp":"2023-04-17 10:15:00"}
{"level":"\u001b[34minfo\u001b[39m","message":"garbage collector deleted  d1439e37-7212-4ab8-a208-2c75cf7d6cc2_trace.txt on folder: C:\\develop\\nodejs\\projects\\aitam\\work\\, path: C:\\develop\\nodejs\\projects\\aitam\\work\\d1439e37-7212-4ab8-a208-2c75cf7d6cc2_trace.txt","timestamp":"2023-04-17 10:15:00"}
{"level":"\u001b[34minfo\u001b[39m","message":"garbage collector deleted  d1439e37-7212-4ab8-a208-2c75cf7d6cc2.xml on folder: C:\\develop\\nodejs\\projects\\aitam\\work\\, path: C:\\develop\\nodejs\\projects\\aitam\\work\\d1439e37-7212-4ab8-a208-2c75cf7d6cc2.xml","timestamp":"2023-04-17 10:15:00"}
{"level":"\u001b[34minfo\u001b[39m","message":"garbage collector deleted  d2b0619d-8637-4b43-aefa-e8d5374ab62e.xml on folder: C:\\develop\\nodejs\\projects\\aitam\\work\\, path: C:\\develop\\nodejs\\projects\\aitam\\work\\d2b0619d-8637-4b43-aefa-e8d5374ab62e.xml","timestamp":"2023-04-17 10:15:00"}
{"level":"\u001b[34minfo\u001b[39m","message":"garbage collector deleted  d5afb77f-494d-4757-bf39-81d46956f0f8.xml on folder: C:\\develop\\nodejs\\projects\\aitam\\work\\, path: C:\\develop\\nodejs\\projects\\aitam\\work\\d5afb77f-494d-4757-bf39-81d46956f0f8.xml","timestamp":"2023-04-17 10:15:00"}
{"level":"\u001b[34minfo\u001b[39m","message":"garbage collector deleted  d2b0619d-8637-4b43-aefa-e8d5374ab62e_trace.txt on folder: C:\\develop\\nodejs\\projects\\aitam\\work\\, path: C:\\develop\\nodejs\\projects\\aitam\\work\\d2b0619d-8637-4b43-aefa-e8d5374ab62e_trace.txt","timestamp":"2023-04-17 10:15:00"}
{"level":"\u001b[34minfo\u001b[39m","message":"garbage collector deleted  d5afb77f-494d-4757-bf39-81d46956f0f8_trace.txt on folder: C:\\develop\\nodejs\\projects\\aitam\\work\\, path: C:\\develop\\nodejs\\projects\\aitam\\work\\d5afb77f-494d-4757-bf39-81d46956f0f8_trace.txt","timestamp":"2023-04-17 10:15:00"}
{"level":"\u001b[34minfo\u001b[39m","message":"garbage collector deleted  d6a2a6c0-6862-449f-bcc4-e8fe55fc151e_trace.txt on folder: C:\\develop\\nodejs\\projects\\aitam\\work\\, path: C:\\develop\\nodejs\\projects\\aitam\\work\\d6a2a6c0-6862-449f-bcc4-e8fe55fc151e_trace.txt","timestamp":"2023-04-17 10:15:00"}
{"level":"\u001b[34minfo\u001b[39m","message":"garbage collector deleted  d6a2a6c0-6862-449f-bcc4-e8fe55fc151e.xml on folder: C:\\develop\\nodejs\\projects\\aitam\\work\\, path: C:\\develop\\nodejs\\projects\\aitam\\work\\d6a2a6c0-6862-449f-bcc4-e8fe55fc151e.xml","timestamp":"2023-04-17 10:15:00"}
{"level":"\u001b[34minfo\u001b[39m","message":"garbage collector deleted  de904620-f764-4397-ad53-11636a30abe0.xml on folder: C:\\develop\\nodejs\\projects\\aitam\\work\\, path: C:\\develop\\nodejs\\projects\\aitam\\work\\de904620-f764-4397-ad53-11636a30abe0.xml","timestamp":"2023-04-17 10:15:00"}
{"level":"\u001b[34minfo\u001b[39m","message":"garbage collector deleted  de904620-f764-4397-ad53-11636a30abe0_trace.txt on folder: C:\\develop\\nodejs\\projects\\aitam\\work\\, path: C:\\develop\\nodejs\\projects\\aitam\\work\\de904620-f764-4397-ad53-11636a30abe0_trace.txt","timestamp":"2023-04-17 10:15:00"}
{"level":"\u001b[34minfo\u001b[39m","message":"garbage collector deleted  dfd46bc4-c9da-417c-b9fc-4b68d5cb4f42_trace.txt on folder: C:\\develop\\nodejs\\projects\\aitam\\work\\, path: C:\\develop\\nodejs\\projects\\aitam\\work\\dfd46bc4-c9da-417c-b9fc-4b68d5cb4f42_trace.txt","timestamp":"2023-04-17 10:15:00"}
{"level":"\u001b[34minfo\u001b[39m","message":"garbage collector deleted  dfd46bc4-c9da-417c-b9fc-4b68d5cb4f42.xml on folder: C:\\develop\\nodejs\\projects\\aitam\\work\\, path: C:\\develop\\nodejs\\projects\\aitam\\work\\dfd46bc4-c9da-417c-b9fc-4b68d5cb4f42.xml","timestamp":"2023-04-17 10:15:00"}
{"level":"\u001b[34minfo\u001b[39m","message":"garbage collector deleted  e4301079-ea0c-4a92-a5db-decb8578b036_trace.txt on folder: C:\\develop\\nodejs\\projects\\aitam\\work\\, path: C:\\develop\\nodejs\\projects\\aitam\\work\\e4301079-ea0c-4a92-a5db-decb8578b036_trace.txt","timestamp":"2023-04-17 10:15:00"}
{"level":"\u001b[34minfo\u001b[39m","message":"garbage collector deleted  e4301079-ea0c-4a92-a5db-decb8578b036.xml on folder: C:\\develop\\nodejs\\projects\\aitam\\work\\, path: C:\\develop\\nodejs\\projects\\aitam\\work\\e4301079-ea0c-4a92-a5db-decb8578b036.xml","timestamp":"2023-04-17 10:15:00"}
{"level":"\u001b[34minfo\u001b[39m","message":"garbage collector deleted  f28f2ae4-46ac-4ca9-840a-09c1ff3c8376_trace.txt on folder: C:\\develop\\nodejs\\projects\\aitam\\work\\, path: C:\\develop\\nodejs\\projects\\aitam\\work\\f28f2ae4-46ac-4ca9-840a-09c1ff3c8376_trace.txt","timestamp":"2023-04-17 10:15:00"}
{"level":"\u001b[34minfo\u001b[39m","message":"garbage collector deleted  fe4c262f-0d69-4a39-97f4-334bc1f6441e.xml on folder: C:\\develop\\nodejs\\projects\\aitam\\work\\, path: C:\\develop\\nodejs\\projects\\aitam\\work\\fe4c262f-0d69-4a39-97f4-334bc1f6441e.xml","timestamp":"2023-04-17 10:15:00"}
{"level":"\u001b[34minfo\u001b[39m","message":"garbage collector deleted  f28f2ae4-46ac-4ca9-840a-09c1ff3c8376.xml on folder: C:\\develop\\nodejs\\projects\\aitam\\work\\, path: C:\\develop\\nodejs\\projects\\aitam\\work\\f28f2ae4-46ac-4ca9-840a-09c1ff3c8376.xml","timestamp":"2023-04-17 10:15:00"}
{"level":"\u001b[34minfo\u001b[39m","message":"garbage collector deleted  fa2523b7-de74-4a2e-9527-4b00cca95538_trace.txt on folder: C:\\develop\\nodejs\\projects\\aitam\\work\\, path: C:\\develop\\nodejs\\projects\\aitam\\work\\fa2523b7-de74-4a2e-9527-4b00cca95538_trace.txt","timestamp":"2023-04-17 10:15:00"}
{"level":"\u001b[34minfo\u001b[39m","message":"garbage collector deleted  fa2523b7-de74-4a2e-9527-4b00cca95538.xml on folder: C:\\develop\\nodejs\\projects\\aitam\\work\\, path: C:\\develop\\nodejs\\projects\\aitam\\work\\fa2523b7-de74-4a2e-9527-4b00cca95538.xml","timestamp":"2023-04-17 10:15:00"}
{"level":"\u001b[34minfo\u001b[39m","message":"garbage collector error:  Error: Can't delete C:\\develop\\nodejs\\projects\\aitam\\work\\042e7f0d-cff6-4987-b091-bbdfb573f0be.xml","timestamp":"2023-04-17 10:15:00"}
{"level":"\u001b[34minfo\u001b[39m","message":"garbage collector deleted  fe4c262f-0d69-4a39-97f4-334bc1f6441e_trace.txt on folder: C:\\develop\\nodejs\\projects\\aitam\\work\\, path: C:\\develop\\nodejs\\projects\\aitam\\work\\fe4c262f-0d69-4a39-97f4-334bc1f6441e_trace.txt","timestamp":"2023-04-17 10:15:00"}
{"level":"\u001b[34minfo\u001b[39m","message":"garbage collector error:  Error: Can't delete C:\\develop\\nodejs\\projects\\aitam\\work\\042e7f0d-cff6-4987-b091-bbdfb573f0be_trace.txt","timestamp":"2023-04-17 10:15:00"}
{"level":"\u001b[34minfo\u001b[39m","message":"garbage collector error:  Error: Can't delete C:\\develop\\nodejs\\projects\\aitam\\work\\08ec027c-8f44-4755-bf7a-c51c16352513_trace.txt","timestamp":"2023-04-17 10:15:00"}
{"level":"\u001b[34minfo\u001b[39m","message":"garbage collector error:  Error: Can't delete C:\\develop\\nodejs\\projects\\aitam\\work\\13af8114-6794-44e0-b8cf-8c6097bfbc9a_trace.txt","timestamp":"2023-04-17 10:15:00"}
{"level":"\u001b[34minfo\u001b[39m","message":"garbage collector error:  Error: Can't delete C:\\develop\\nodejs\\projects\\aitam\\work\\22a7e226-7b1d-47ad-9a9c-cf00037c4119.xml","timestamp":"2023-04-17 10:15:00"}
{"level":"\u001b[34minfo\u001b[39m","message":"garbage collector error:  Error: Can't delete C:\\develop\\nodejs\\projects\\aitam\\work\\22a7e226-7b1d-47ad-9a9c-cf00037c4119_trace.txt","timestamp":"2023-04-17 10:15:00"}
{"level":"\u001b[34minfo\u001b[39m","message":"garbage collector error:  Error: Can't delete C:\\develop\\nodejs\\projects\\aitam\\work\\2b10e980-1fb1-412f-9de2-d532f556bddd_trace.txt","timestamp":"2023-04-17 10:15:00"}
{"level":"\u001b[34minfo\u001b[39m","message":"garbage collector error:  Error: Can't delete C:\\develop\\nodejs\\projects\\aitam\\work\\13af8114-6794-44e0-b8cf-8c6097bfbc9a.xml","timestamp":"2023-04-17 10:15:00"}
{"level":"\u001b[34minfo\u001b[39m","message":"garbage collector error:  Error: Can't delete C:\\develop\\nodejs\\projects\\aitam\\work\\2bbb2a1f-d173-48b1-a012-72a87ebad3c2.xml","timestamp":"2023-04-17 10:15:00"}
{"level":"\u001b[34minfo\u001b[39m","message":"garbage collector error:  Error: Can't delete C:\\develop\\nodejs\\projects\\aitam\\work\\2b10e980-1fb1-412f-9de2-d532f556bddd.xml","timestamp":"2023-04-17 10:15:00"}
{"level":"\u001b[34minfo\u001b[39m","message":"garbage collector error:  Error: Can't delete C:\\develop\\nodejs\\projects\\aitam\\work\\2bbb2a1f-d173-48b1-a012-72a87ebad3c2_trace.txt","timestamp":"2023-04-17 10:15:00"}
{"level":"\u001b[34minfo\u001b[39m","message":"garbage collector error:  Error: Can't delete C:\\develop\\nodejs\\projects\\aitam\\work\\2f53b3e2-dde0-4f8b-a4fb-4df9e7db090a_trace.txt","timestamp":"2023-04-17 10:15:00"}
{"level":"\u001b[34minfo\u001b[39m","message":"garbage collector error:  Error: Can't delete C:\\develop\\nodejs\\projects\\aitam\\work\\2f53b3e2-dde0-4f8b-a4fb-4df9e7db090a.xml","timestamp":"2023-04-17 10:15:00"}
{"level":"\u001b[34minfo\u001b[39m","message":"garbage collector error:  Error: Can't delete C:\\develop\\nodejs\\projects\\aitam\\work\\08ec027c-8f44-4755-bf7a-c51c16352513.xml","timestamp":"2023-04-17 10:15:00"}
{"level":"\u001b[34minfo\u001b[39m","message":"garbage collector error:  Error: Can't delete C:\\develop\\nodejs\\projects\\aitam\\work\\337406ad-fb5e-4a3d-b6c2-444d58de5e5a.xml","timestamp":"2023-04-17 10:15:00"}
{"level":"\u001b[34minfo\u001b[39m","message":"garbage collector deleted  gazetteer.dic on folder: C:\\develop\\nodejs\\projects\\aitam\\work\\, path: C:\\develop\\nodejs\\projects\\aitam\\work\\gazetteer.dic","timestamp":"2023-04-17 10:15:00"}
{"level":"\u001b[34minfo\u001b[39m","message":"garbage collector error:  Error: Can't delete C:\\develop\\nodejs\\projects\\aitam\\work\\337406ad-fb5e-4a3d-b6c2-444d58de5e5a_trace.txt","timestamp":"2023-04-17 10:15:00"}
{"level":"\u001b[34minfo\u001b[39m","message":"garbage collector error:  Error: Can't delete C:\\develop\\nodejs\\projects\\aitam\\work\\3b1259c3-188d-4e04-8595-beba1cc5ce08_trace.txt","timestamp":"2023-04-17 10:15:00"}
{"level":"\u001b[34minfo\u001b[39m","message":"garbage collector error:  Error: Can't delete C:\\develop\\nodejs\\projects\\aitam\\work\\3b1259c3-188d-4e04-8595-beba1cc5ce08.xml","timestamp":"2023-04-17 10:15:00"}
{"level":"\u001b[34minfo\u001b[39m","message":"garbage collector error:  Error: Can't delete C:\\develop\\nodejs\\projects\\aitam\\work\\3bb13552-a10d-445a-890c-df47b4cceb63_trace.txt","timestamp":"2023-04-17 10:15:00"}
{"level":"\u001b[34minfo\u001b[39m","message":"garbage collector error:  Error: Can't delete C:\\develop\\nodejs\\projects\\aitam\\work\\42251551-9700-4d92-913b-1ad58caeda59.xml","timestamp":"2023-04-17 10:15:00"}
{"level":"\u001b[34minfo\u001b[39m","message":"garbage collector error:  Error: Can't delete C:\\develop\\nodejs\\projects\\aitam\\work\\44748cce-2a94-4ab1-a3b2-b1c95edd1500.xml","timestamp":"2023-04-17 10:15:00"}
{"level":"\u001b[34minfo\u001b[39m","message":"garbage collector error:  Error: Can't delete C:\\develop\\nodejs\\projects\\aitam\\work\\44748cce-2a94-4ab1-a3b2-b1c95edd1500_trace.txt","timestamp":"2023-04-17 10:15:00"}
{"level":"\u001b[34minfo\u001b[39m","message":"garbage collector error:  Error: Can't delete C:\\develop\\nodejs\\projects\\aitam\\work\\4566cf5b-54f0-401e-8f8d-9e9b94257bb1.xml","timestamp":"2023-04-17 10:15:00"}
{"level":"\u001b[34minfo\u001b[39m","message":"garbage collector error:  Error: Can't delete C:\\develop\\nodejs\\projects\\aitam\\work\\3bb13552-a10d-445a-890c-df47b4cceb63.xml","timestamp":"2023-04-17 10:15:00"}
{"level":"\u001b[34minfo\u001b[39m","message":"garbage collector error:  Error: Can't delete C:\\develop\\nodejs\\projects\\aitam\\work\\4566cf5b-54f0-401e-8f8d-9e9b94257bb1_trace.txt","timestamp":"2023-04-17 10:15:00"}
{"level":"\u001b[34minfo\u001b[39m","message":"garbage collector error:  Error: Can't delete C:\\develop\\nodejs\\projects\\aitam\\work\\46cf0fd2-942c-4e7f-b096-a6f0245fb679.xml","timestamp":"2023-04-17 10:15:00"}
{"level":"\u001b[34minfo\u001b[39m","message":"garbage collector error:  Error: Can't delete C:\\develop\\nodejs\\projects\\aitam\\work\\46cf0fd2-942c-4e7f-b096-a6f0245fb679_trace.txt","timestamp":"2023-04-17 10:15:00"}
{"level":"\u001b[34minfo\u001b[39m","message":"garbage collector error:  Error: Can't delete C:\\develop\\nodejs\\projects\\aitam\\work\\475cb6b5-91b2-4b08-9500-e62c8917da36_trace.txt","timestamp":"2023-04-17 10:15:00"}
{"level":"\u001b[34minfo\u001b[39m","message":"garbage collector error:  Error: Can't delete C:\\develop\\nodejs\\projects\\aitam\\work\\42251551-9700-4d92-913b-1ad58caeda59_trace.txt","timestamp":"2023-04-17 10:15:00"}
{"level":"\u001b[34minfo\u001b[39m","message":"garbage collector error:  Error: Can't delete C:\\develop\\nodejs\\projects\\aitam\\work\\475cb6b5-91b2-4b08-9500-e62c8917da36.xml","timestamp":"2023-04-17 10:15:00"}
{"level":"\u001b[34minfo\u001b[39m","message":"garbage collector error:  Error: Can't delete C:\\develop\\nodejs\\projects\\aitam\\work\\5579b9e3-e023-4043-9c15-d5d936ac7a09.xml","timestamp":"2023-04-17 10:15:00"}
{"level":"\u001b[34minfo\u001b[39m","message":"garbage collector error:  Error: Can't delete C:\\develop\\nodejs\\projects\\aitam\\work\\5579b9e3-e023-4043-9c15-d5d936ac7a09_trace.txt","timestamp":"2023-04-17 10:15:00"}
{"level":"\u001b[34minfo\u001b[39m","message":"garbage collector error:  Error: Can't delete C:\\develop\\nodejs\\projects\\aitam\\work\\569ab6b9-86b1-4bd5-b5a5-d4b5d2d7dd73.vec","timestamp":"2023-04-17 10:15:00"}
{"level":"\u001b[34minfo\u001b[39m","message":"garbage collector error:  Error: Can't delete C:\\develop\\nodejs\\projects\\aitam\\work\\569ab6b9-86b1-4bd5-b5a5-d4b5d2d7dd73_trace.txt","timestamp":"2023-04-17 10:15:00"}
{"level":"\u001b[34minfo\u001b[39m","message":"garbage collector error:  Error: Can't delete C:\\develop\\nodejs\\projects\\aitam\\work\\569ab6b9-86b1-4bd5-b5a5-d4b5d2d7dd73.xml","timestamp":"2023-04-17 10:15:00"}
{"level":"\u001b[34minfo\u001b[39m","message":"garbage collector error:  Error: Can't delete C:\\develop\\nodejs\\projects\\aitam\\work\\569ab6b9-86b1-4bd5-b5a5-d4b5d2d7dd73.src","timestamp":"2023-04-17 10:15:00"}
{"level":"\u001b[34minfo\u001b[39m","message":"garbage collector error:  Error: Can't delete C:\\develop\\nodejs\\projects\\aitam\\work\\58953a8a-6958-4204-9251-415ff524dd38.xml","timestamp":"2023-04-17 10:15:00"}
{"level":"\u001b[34minfo\u001b[39m","message":"garbage collector error:  Error: Can't delete C:\\develop\\nodejs\\projects\\aitam\\work\\5c06d2e3-e686-4151-b0c1-63f9181c7fb5.xml","timestamp":"2023-04-17 10:15:00"}
{"level":"\u001b[34minfo\u001b[39m","message":"garbage collector error:  Error: Can't delete C:\\develop\\nodejs\\projects\\aitam\\work\\569ab6b9-86b1-4bd5-b5a5-d4b5d2d7dd73.tkn","timestamp":"2023-04-17 10:15:00"}
{"level":"\u001b[34minfo\u001b[39m","message":"garbage collector error:  Error: Can't delete C:\\develop\\nodejs\\projects\\aitam\\work\\5fc2787f-697a-4405-b9a1-96f8a2adae21.xml","timestamp":"2023-04-17 10:15:00"}
{"level":"\u001b[34minfo\u001b[39m","message":"garbage collector error:  Error: Can't delete C:\\develop\\nodejs\\projects\\aitam\\work\\5fc2787f-697a-4405-b9a1-96f8a2adae21_trace.txt","timestamp":"2023-04-17 10:15:00"}
{"level":"\u001b[34minfo\u001b[39m","message":"garbage collector error:  Error: Can't delete C:\\develop\\nodejs\\projects\\aitam\\work\\5c06d2e3-e686-4151-b0c1-63f9181c7fb5_trace.txt","timestamp":"2023-04-17 10:15:00"}
{"level":"\u001b[34minfo\u001b[39m","message":"garbage collector error:  Error: Can't delete C:\\develop\\nodejs\\projects\\aitam\\work\\72b059d5-6106-4558-b566-4a89d42f4ad2_trace.txt","timestamp":"2023-04-17 10:15:00"}
{"level":"\u001b[34minfo\u001b[39m","message":"garbage collector error:  Error: Can't delete C:\\develop\\nodejs\\projects\\aitam\\work\\85924932-5934-414d-a993-989b92e08c40.xml","timestamp":"2023-04-17 10:15:00"}
{"level":"\u001b[34minfo\u001b[39m","message":"garbage collector error:  Error: Can't delete C:\\develop\\nodejs\\projects\\aitam\\work\\72b059d5-6106-4558-b566-4a89d42f4ad2.xml","timestamp":"2023-04-17 10:15:00"}
{"level":"\u001b[34minfo\u001b[39m","message":"garbage collector error:  Error: Can't delete C:\\develop\\nodejs\\projects\\aitam\\work\\8e3c01cd-fdfe-4adf-a6ee-2f56904ded9c.xml","timestamp":"2023-04-17 10:15:00"}
{"level":"\u001b[34minfo\u001b[39m","message":"garbage collector error:  Error: Can't delete C:\\develop\\nodejs\\projects\\aitam\\work\\85924932-5934-414d-a993-989b92e08c40_trace.txt","timestamp":"2023-04-17 10:15:00"}
{"level":"\u001b[34minfo\u001b[39m","message":"garbage collector error:  Error: Can't delete C:\\develop\\nodejs\\projects\\aitam\\work\\58953a8a-6958-4204-9251-415ff524dd38_trace.txt","timestamp":"2023-04-17 10:15:00"}
{"level":"\u001b[34minfo\u001b[39m","message":"garbage collector error:  Error: Can't delete C:\\develop\\nodejs\\projects\\aitam\\work\\8e3c01cd-fdfe-4adf-a6ee-2f56904ded9c_trace.txt","timestamp":"2023-04-17 10:15:00"}
{"level":"\u001b[34minfo\u001b[39m","message":"garbage collector error:  Error: Can't delete C:\\develop\\nodejs\\projects\\aitam\\work\\92cb5b5f-975b-4fd8-836d-82dd5f1522e2_trace.txt","timestamp":"2023-04-17 10:15:00"}
{"level":"\u001b[34minfo\u001b[39m","message":"garbage collector error:  Error: Can't delete C:\\develop\\nodejs\\projects\\aitam\\work\\900c8979-9258-4103-93ec-079a5c1898ec.xml","timestamp":"2023-04-17 10:15:00"}
{"level":"\u001b[34minfo\u001b[39m","message":"garbage collector error:  Error: Can't delete C:\\develop\\nodejs\\projects\\aitam\\work\\900c8979-9258-4103-93ec-079a5c1898ec_trace.txt","timestamp":"2023-04-17 10:15:00"}
{"level":"\u001b[34minfo\u001b[39m","message":"garbage collector error:  Error: Can't delete C:\\develop\\nodejs\\projects\\aitam\\work\\92cb5b5f-975b-4fd8-836d-82dd5f1522e2.xml","timestamp":"2023-04-17 10:15:00"}
{"level":"\u001b[34minfo\u001b[39m","message":"garbage collector error:  Error: Can't delete C:\\develop\\nodejs\\projects\\aitam\\work\\9a2a6640-fc01-40eb-b8f3-cc31ea85310d.xml","timestamp":"2023-04-17 10:15:00"}
{"level":"\u001b[34minfo\u001b[39m","message":"garbage collector error:  Error: Can't delete C:\\develop\\nodejs\\projects\\aitam\\work\\9afdc785-2ed2-4e81-9b8c-2284ee79266d_trace.txt","timestamp":"2023-04-17 10:15:00"}
{"level":"\u001b[34minfo\u001b[39m","message":"garbage collector error:  Error: Can't delete C:\\develop\\nodejs\\projects\\aitam\\work\\9a2a6640-fc01-40eb-b8f3-cc31ea85310d_trace.txt","timestamp":"2023-04-17 10:15:00"}
{"level":"\u001b[34minfo\u001b[39m","message":"garbage collector error:  Error: Can't delete C:\\develop\\nodejs\\projects\\aitam\\work\\9baacd7f-1d37-4c01-a65d-4ccc5cbed724.xml","timestamp":"2023-04-17 10:15:00"}
{"level":"\u001b[34minfo\u001b[39m","message":"garbage collector error:  Error: Can't delete C:\\develop\\nodejs\\projects\\aitam\\work\\9afdc785-2ed2-4e81-9b8c-2284ee79266d.xml","timestamp":"2023-04-17 10:15:00"}
{"level":"\u001b[34minfo\u001b[39m","message":"garbage collector error:  Error: Can't delete C:\\develop\\nodejs\\projects\\aitam\\work\\9baacd7f-1d37-4c01-a65d-4ccc5cbed724_trace.txt","timestamp":"2023-04-17 10:15:00"}
{"level":"\u001b[34minfo\u001b[39m","message":"garbage collector error:  Error: Can't delete C:\\develop\\nodejs\\projects\\aitam\\work\\9be8a23f-0dd9-4e49-a2c6-5d743dfcedc4_trace.txt","timestamp":"2023-04-17 10:15:00"}
{"level":"\u001b[34minfo\u001b[39m","message":"garbage collector error:  Error: Can't delete C:\\develop\\nodejs\\projects\\aitam\\work\\9be8a23f-0dd9-4e49-a2c6-5d743dfcedc4.xml","timestamp":"2023-04-17 10:15:00"}
{"level":"\u001b[34minfo\u001b[39m","message":"garbage collector error:  Error: Can't delete C:\\develop\\nodejs\\projects\\aitam\\work\\a4a884a1-ed3c-4114-b181-a92afd0ee3b5_trace.txt","timestamp":"2023-04-17 10:15:00"}
{"level":"\u001b[34minfo\u001b[39m","message":"garbage collector error:  Error: Can't delete C:\\develop\\nodejs\\projects\\aitam\\work\\a5c9af8f-9401-43b2-8697-fd42792b8df7_trace.txt","timestamp":"2023-04-17 10:15:00"}
{"level":"\u001b[34minfo\u001b[39m","message":"garbage collector error:  Error: Can't delete C:\\develop\\nodejs\\projects\\aitam\\work\\a4a884a1-ed3c-4114-b181-a92afd0ee3b5.xml","timestamp":"2023-04-17 10:15:00"}
{"level":"\u001b[34minfo\u001b[39m","message":"garbage collector error:  Error: Can't delete C:\\develop\\nodejs\\projects\\aitam\\work\\b97fff25-fefa-44f7-b20f-ec91ea0e1530.xml","timestamp":"2023-04-17 10:15:00"}
{"level":"\u001b[34minfo\u001b[39m","message":"garbage collector error:  Error: Can't delete C:\\develop\\nodejs\\projects\\aitam\\work\\a5c9af8f-9401-43b2-8697-fd42792b8df7.xml","timestamp":"2023-04-17 10:15:00"}
{"level":"\u001b[34minfo\u001b[39m","message":"garbage collector error:  Error: Can't delete C:\\develop\\nodejs\\projects\\aitam\\work\\b3a04239-f393-4ee8-b133-b4e2cd634bd3_trace.txt","timestamp":"2023-04-17 10:15:00"}
{"level":"\u001b[34minfo\u001b[39m","message":"garbage collector error:  Error: Can't delete C:\\develop\\nodejs\\projects\\aitam\\work\\c59d1b1b-24f7-478e-9cd6-dcde8bfb3d46.xml","timestamp":"2023-04-17 10:15:00"}
{"level":"\u001b[34minfo\u001b[39m","message":"garbage collector error:  Error: Can't delete C:\\develop\\nodejs\\projects\\aitam\\work\\b97fff25-fefa-44f7-b20f-ec91ea0e1530_trace.txt","timestamp":"2023-04-17 10:15:00"}
{"level":"\u001b[34minfo\u001b[39m","message":"garbage collector error:  Error: Can't delete C:\\develop\\nodejs\\projects\\aitam\\work\\b3a04239-f393-4ee8-b133-b4e2cd634bd3.xml","timestamp":"2023-04-17 10:15:00"}
{"level":"\u001b[34minfo\u001b[39m","message":"garbage collector error:  Error: Can't delete C:\\develop\\nodejs\\projects\\aitam\\work\\ca19a17b-70d1-4b5a-acb1-af50a02af6b2.xml","timestamp":"2023-04-17 10:15:00"}
{"level":"\u001b[34minfo\u001b[39m","message":"garbage collector error:  Error: Can't delete C:\\develop\\nodejs\\projects\\aitam\\work\\d1439e37-7212-4ab8-a208-2c75cf7d6cc2.xml","timestamp":"2023-04-17 10:15:00"}
{"level":"\u001b[34minfo\u001b[39m","message":"garbage collector error:  Error: Can't delete C:\\develop\\nodejs\\projects\\aitam\\work\\c59d1b1b-24f7-478e-9cd6-dcde8bfb3d46_trace.txt","timestamp":"2023-04-17 10:15:00"}
{"level":"\u001b[34minfo\u001b[39m","message":"garbage collector error:  Error: Can't delete C:\\develop\\nodejs\\projects\\aitam\\work\\d1439e37-7212-4ab8-a208-2c75cf7d6cc2_trace.txt","timestamp":"2023-04-17 10:15:00"}
{"level":"\u001b[34minfo\u001b[39m","message":"garbage collector error:  Error: Can't delete C:\\develop\\nodejs\\projects\\aitam\\work\\ca19a17b-70d1-4b5a-acb1-af50a02af6b2_trace.txt","timestamp":"2023-04-17 10:15:00"}
{"level":"\u001b[34minfo\u001b[39m","message":"garbage collector error:  Error: Can't delete C:\\develop\\nodejs\\projects\\aitam\\work\\d2b0619d-8637-4b43-aefa-e8d5374ab62e.xml","timestamp":"2023-04-17 10:15:00"}
{"level":"\u001b[34minfo\u001b[39m","message":"garbage collector error:  Error: Can't delete C:\\develop\\nodejs\\projects\\aitam\\work\\d5afb77f-494d-4757-bf39-81d46956f0f8.xml","timestamp":"2023-04-17 10:15:00"}
{"level":"\u001b[34minfo\u001b[39m","message":"garbage collector error:  Error: Can't delete C:\\develop\\nodejs\\projects\\aitam\\work\\d2b0619d-8637-4b43-aefa-e8d5374ab62e_trace.txt","timestamp":"2023-04-17 10:15:00"}
{"level":"\u001b[34minfo\u001b[39m","message":"garbage collector error:  Error: Can't delete C:\\develop\\nodejs\\projects\\aitam\\work\\d6a2a6c0-6862-449f-bcc4-e8fe55fc151e.xml","timestamp":"2023-04-17 10:15:00"}
{"level":"\u001b[34minfo\u001b[39m","message":"garbage collector error:  Error: Can't delete C:\\develop\\nodejs\\projects\\aitam\\work\\d5afb77f-494d-4757-bf39-81d46956f0f8_trace.txt","timestamp":"2023-04-17 10:15:00"}
{"level":"\u001b[34minfo\u001b[39m","message":"garbage collector error:  Error: Can't delete C:\\develop\\nodejs\\projects\\aitam\\work\\d6a2a6c0-6862-449f-bcc4-e8fe55fc151e_trace.txt","timestamp":"2023-04-17 10:15:00"}
{"level":"\u001b[34minfo\u001b[39m","message":"garbage collector error:  Error: Can't delete C:\\develop\\nodejs\\projects\\aitam\\work\\de904620-f764-4397-ad53-11636a30abe0_trace.txt","timestamp":"2023-04-17 10:15:00"}
{"level":"\u001b[34minfo\u001b[39m","message":"garbage collector error:  Error: Can't delete C:\\develop\\nodejs\\projects\\aitam\\work\\dfd46bc4-c9da-417c-b9fc-4b68d5cb4f42_trace.txt","timestamp":"2023-04-17 10:15:00"}
{"level":"\u001b[34minfo\u001b[39m","message":"garbage collector error:  Error: Can't delete C:\\develop\\nodejs\\projects\\aitam\\work\\de904620-f764-4397-ad53-11636a30abe0.xml","timestamp":"2023-04-17 10:15:00"}
{"level":"\u001b[34minfo\u001b[39m","message":"garbage collector error:  Error: Can't delete C:\\develop\\nodejs\\projects\\aitam\\work\\e4301079-ea0c-4a92-a5db-decb8578b036.xml","timestamp":"2023-04-17 10:15:00"}
{"level":"\u001b[34minfo\u001b[39m","message":"garbage collector error:  Error: Can't delete C:\\develop\\nodejs\\projects\\aitam\\work\\dfd46bc4-c9da-417c-b9fc-4b68d5cb4f42.xml","timestamp":"2023-04-17 10:15:00"}
{"level":"\u001b[34minfo\u001b[39m","message":"garbage collector error:  Error: Can't delete C:\\develop\\nodejs\\projects\\aitam\\work\\e4301079-ea0c-4a92-a5db-decb8578b036_trace.txt","timestamp":"2023-04-17 10:15:00"}
{"level":"\u001b[34minfo\u001b[39m","message":"garbage collector error:  Error: Can't delete C:\\develop\\nodejs\\projects\\aitam\\work\\f28f2ae4-46ac-4ca9-840a-09c1ff3c8376_trace.txt","timestamp":"2023-04-17 10:15:00"}
{"level":"\u001b[34minfo\u001b[39m","message":"garbage collector error:  Error: Can't delete C:\\develop\\nodejs\\projects\\aitam\\work\\f28f2ae4-46ac-4ca9-840a-09c1ff3c8376.xml","timestamp":"2023-04-17 10:15:00"}
{"level":"\u001b[34minfo\u001b[39m","message":"garbage collector error:  Error: Can't delete C:\\develop\\nodejs\\projects\\aitam\\work\\fa2523b7-de74-4a2e-9527-4b00cca95538.xml","timestamp":"2023-04-17 10:15:00"}
{"level":"\u001b[34minfo\u001b[39m","message":"garbage collector error:  Error: Can't delete C:\\develop\\nodejs\\projects\\aitam\\work\\fe4c262f-0d69-4a39-97f4-334bc1f6441e.xml","timestamp":"2023-04-17 10:15:00"}
{"level":"\u001b[34minfo\u001b[39m","message":"garbage collector error:  Error: Can't delete C:\\develop\\nodejs\\projects\\aitam\\work\\fe4c262f-0d69-4a39-97f4-334bc1f6441e_trace.txt","timestamp":"2023-04-17 10:15:00"}
{"level":"\u001b[34minfo\u001b[39m","message":"garbage collector error:  Error: Can't delete C:\\develop\\nodejs\\projects\\aitam\\work\\gazetteer.dic","timestamp":"2023-04-17 10:15:00"}
{"level":"\u001b[34minfo\u001b[39m","message":"garbage collector error:  Error: Can't delete C:\\develop\\nodejs\\projects\\aitam\\work\\fa2523b7-de74-4a2e-9527-4b00cca95538_trace.txt","timestamp":"2023-04-17 10:15:00"}
{"level":"\u001b[34minfo\u001b[39m","message":"User (2f24vvg) uploaded a file: {\"file\":{\"size\":921997,\"path\":\"C:\\\\develop\\\\nodejs\\\\projects\\\\aitam\\\\work\\\\d59cc5f9-6853-4175-a5ae-0e1ae1c8b933.xml\",\"name\":\"4366da29-2735-427b-8473-72399d9e54ae_EN.xml\",\"type\":\"text/xml\",\"mtime\":\"2023-04-17T09:15:17.858Z\"}}","timestamp":"2023-04-17 10:15:17"}
{"level":"\u001b[34minfo\u001b[39m","message":"Session created received the id:d59cc5f9-6853-4175-a5ae-0e1ae1c8b933","timestamp":"2023-04-17 10:15:47"}
{"level":"\u001b[34minfo\u001b[39m","message":"Session created received the id:d59cc5f9-6853-4175-a5ae-0e1ae1c8b933","timestamp":"2023-04-17 10:15:53"}
{"level":"\u001b[34minfo\u001b[39m","message":"working audit file closed and deleted : C:\\develop\\nodejs\\projects\\aitam\\work\\d59cc5f9-6853-4175-a5ae-0e1ae1c8b933.xml","timestamp":"2023-04-17 10:16:04"}
{"level":"\u001b[34minfo\u001b[39m","message":"Session created received the id:d59cc5f9-6853-4175-a5ae-0e1ae1c8b933","timestamp":"2023-04-17 10:16:07"}
{"level":"\u001b[34minfo\u001b[39m","message":"User (2f24vvg) uploaded a file: {\"file\":{\"size\":921997,\"path\":\"C:\\\\develop\\\\nodejs\\\\projects\\\\aitam\\\\work\\\\d59cc5f9-6853-4175-a5ae-0e1ae1c8b933.xml\",\"name\":\"4366da29-2735-427b-8473-72399d9e54ae_EN.xml\",\"type\":\"text/xml\",\"mtime\":\"2023-04-17T09:27:22.530Z\"}}","timestamp":"2023-04-17 10:27:22"}
{"level":"\u001b[34minfo\u001b[39m","message":"working audit file closed and deleted : C:\\develop\\nodejs\\projects\\aitam\\work\\d59cc5f9-6853-4175-a5ae-0e1ae1c8b933.xml","timestamp":"2023-04-17 10:30:24"}
{"level":"\u001b[34minfo\u001b[39m","message":"Session created received the id:d59cc5f9-6853-4175-a5ae-0e1ae1c8b933","timestamp":"2023-04-17 10:53:32"}
{"level":"\u001b[34minfo\u001b[39m","message":"Session created received the id:d59cc5f9-6853-4175-a5ae-0e1ae1c8b933","timestamp":"2023-04-17 14:34:30"}
{"level":"\u001b[34minfo\u001b[39m","message":"User (2f24vvg) uploaded a file: {\"file\":{\"size\":921997,\"path\":\"C:\\\\develop\\\\nodejs\\\\projects\\\\aitam\\\\work\\\\d59cc5f9-6853-4175-a5ae-0e1ae1c8b933.xml\",\"name\":\"4366da29-2735-427b-8473-72399d9e54ae_EN.xml\",\"type\":\"text/xml\",\"mtime\":\"2023-04-17T13:53:20.631Z\"}}","timestamp":"2023-04-17 14:53:20"}
{"level":"\u001b[34minfo\u001b[39m","message":"Session created received the id:d59cc5f9-6853-4175-a5ae-0e1ae1c8b933","timestamp":"2023-04-17 14:54:57"}
{"level":"\u001b[34minfo\u001b[39m","message":"working audit file closed and deleted : C:\\develop\\nodejs\\projects\\aitam\\work\\d59cc5f9-6853-4175-a5ae-0e1ae1c8b933.xml","timestamp":"2023-04-17 14:55:02"}
{"level":"\u001b[34minfo\u001b[39m","message":"User (2f24vvg) uploaded a file: {\"file\":{\"size\":921997,\"path\":\"C:\\\\develop\\\\nodejs\\\\projects\\\\aitam\\\\work\\\\d59cc5f9-6853-4175-a5ae-0e1ae1c8b933.xml\",\"name\":\"4366da29-2735-427b-8473-72399d9e54ae_EN.xml\",\"type\":\"text/xml\",\"mtime\":\"2023-04-17T13:55:11.650Z\"}}","timestamp":"2023-04-17 14:55:11"}
{"level":"\u001b[34minfo\u001b[39m","message":"audit file download: C:\\develop\\nodejs\\projects\\aitam\\work\\d59cc5f9-6853-4175-a5ae-0e1ae1c8b933.xml","timestamp":"2023-04-17 15:03:59"}
{"level":"\u001b[34minfo\u001b[39m","message":"audit file download: C:\\develop\\nodejs\\projects\\aitam\\work\\d59cc5f9-6853-4175-a5ae-0e1ae1c8b933.xml","timestamp":"2023-04-17 15:04:14"}
{"level":"\u001b[34minfo\u001b[39m","message":"working audit file closed and deleted : C:\\develop\\nodejs\\projects\\aitam\\work\\d59cc5f9-6853-4175-a5ae-0e1ae1c8b933.xml","timestamp":"2023-04-17 15:24:37"}
{"level":"\u001b[34minfo\u001b[39m","message":"User (2f24vvg) uploaded a file: {\"file\":{\"size\":413726,\"path\":\"C:\\\\develop\\\\nodejs\\\\projects\\\\aitam\\\\work\\\\d59cc5f9-6853-4175-a5ae-0e1ae1c8b933.xml\",\"name\":\"KosovoTaxAdministration.xml\",\"type\":\"text/xml\",\"mtime\":\"2023-04-17T14:24:49.672Z\"}}","timestamp":"2023-04-17 15:24:49"}
{"level":"\u001b[34minfo\u001b[39m","message":"User (2f24vvg) uploaded a file: {\"file\":{\"size\":465587,\"path\":\"C:\\\\develop\\\\nodejs\\\\projects\\\\aitam\\\\work\\\\d59cc5f9-6853-4175-a5ae-0e1ae1c8b933.xml\",\"name\":\"ATK-SIGTAS.xml\",\"type\":\"text/xml\",\"mtime\":\"2023-04-17T14:25:37.407Z\"}}","timestamp":"2023-04-17 15:25:37"}
{"level":"\u001b[34minfo\u001b[39m","message":"Session created received the id:d59cc5f9-6853-4175-a5ae-0e1ae1c8b933","timestamp":"2023-04-17 16:11:51"}
