{"level":"\u001b[34minfo\u001b[39m","message":"garbage collector started on path: C:\\develop\\nodejs\\projects\\aitam\\work\\","timestamp":"2023-05-08 08:55:20"}
{"level":"\u001b[34minfo\u001b[39m","message":"Session created received the id:6533c66a-8f98-48ee-b74d-675c96d86f15","timestamp":"2023-05-08 08:56:23"}
{"level":"\u001b[33mwarn\u001b[39m","message":"404 - Not Found","timestamp":"2023-05-08 08:56:26"}
{"level":"\u001b[34minfo\u001b[39m","message":"req.user: undefined","timestamp":"2023-05-08 08:56:32"}
{"level":"\u001b[34minfo\u001b[39m","message":"Session id started: {\"user\":\"2f24vvg\"}","timestamp":"2023-05-08 08:56:32"}
{"level":"\u001b[34minfo\u001b[39m","message":"User logged in: {\"id\":\"2f24vvg\",\"email\":\"test@test.com\",\"password\":\"$2a$10$A2g6pbxxhLA9MNYRJ0rnzOf/7Ara76B0KcRdjzUcsIBIclRuas/fG\"}","timestamp":"2023-05-08 08:56:32"}
{"level":"\u001b[34minfo\u001b[39m","message":"User (2f24vvg) uploaded a file: {\"file\":{\"size\":921997,\"path\":\"C:\\\\develop\\\\nodejs\\\\projects\\\\aitam\\\\work\\\\bbb59f31-8b69-4c5b-9672-dfb0e2b5bb5c.xml\",\"name\":\"4366da29-2735-427b-8473-72399d9e54ae_EN.xml\",\"type\":\"text/xml\",\"mtime\":\"2023-05-08T07:56:45.197Z\"}}","timestamp":"2023-05-08 08:56:45"}
{"level":"\u001b[34minfo\u001b[39m","message":"garbage collector started on path: C:\\develop\\nodejs\\projects\\aitam\\work\\","timestamp":"2023-05-08 09:04:18"}
{"level":"\u001b[34minfo\u001b[39m","message":"req.user: undefined","timestamp":"2023-05-08 09:04:30"}
{"level":"\u001b[34minfo\u001b[39m","message":"Session id started: {\"user\":\"2f24vvg\"}","timestamp":"2023-05-08 09:04:30"}
{"level":"\u001b[34minfo\u001b[39m","message":"User logged in: {\"id\":\"2f24vvg\",\"email\":\"test@test.com\",\"password\":\"$2a$10$A2g6pbxxhLA9MNYRJ0rnzOf/7Ara76B0KcRdjzUcsIBIclRuas/fG\"}","timestamp":"2023-05-08 09:04:30"}
{"level":"\u001b[34minfo\u001b[39m","message":"User (2f24vvg) uploaded a file: {\"file\":{\"size\":921997,\"path\":\"C:\\\\develop\\\\nodejs\\\\projects\\\\aitam\\\\work\\\\f02355fb-751b-45a6-8363-3b4e07873589.xml\",\"name\":\"4366da29-2735-427b-8473-72399d9e54ae_EN.xml\",\"type\":\"text/xml\",\"mtime\":\"2023-05-08T08:04:35.961Z\"}}","timestamp":"2023-05-08 09:04:36"}
{"level":"\u001b[34minfo\u001b[39m","message":"garbage collector started on path: C:\\develop\\nodejs\\projects\\aitam\\work\\","timestamp":"2023-05-08 09:06:48"}
{"level":"\u001b[34minfo\u001b[39m","message":"Session created received the id:7859f34b-2e43-41df-87fa-eeecc379ad5c","timestamp":"2023-05-08 09:06:51"}
{"level":"\u001b[34minfo\u001b[39m","message":"req.user: undefined","timestamp":"2023-05-08 09:06:57"}
{"level":"\u001b[34minfo\u001b[39m","message":"Session id started: {\"user\":\"2f24vvg\"}","timestamp":"2023-05-08 09:06:57"}
{"level":"\u001b[34minfo\u001b[39m","message":"User logged in: {\"id\":\"2f24vvg\",\"email\":\"test@test.com\",\"password\":\"$2a$10$A2g6pbxxhLA9MNYRJ0rnzOf/7Ara76B0KcRdjzUcsIBIclRuas/fG\"}","timestamp":"2023-05-08 09:06:57"}
{"level":"\u001b[34minfo\u001b[39m","message":"User (2f24vvg) uploaded a file: {\"file\":{\"size\":921997,\"path\":\"C:\\\\develop\\\\nodejs\\\\projects\\\\aitam\\\\work\\\\50c0a5fb-936b-49ea-9a1e-245eb267f5dc.xml\",\"name\":\"4366da29-2735-427b-8473-72399d9e54ae_EN.xml\",\"type\":\"text/xml\",\"mtime\":\"2023-05-08T08:07:02.346Z\"}}","timestamp":"2023-05-08 09:07:02"}
{"level":"\u001b[34minfo\u001b[39m","message":"garbage collector started on path: C:\\develop\\nodejs\\projects\\aitam\\work\\","timestamp":"2023-05-08 09:10:55"}
{"level":"\u001b[34minfo\u001b[39m","message":"Session created received the id:5e8f0f01-5d05-48cf-8d50-f7712ddefd22","timestamp":"2023-05-08 09:11:14"}
{"level":"\u001b[34minfo\u001b[39m","message":"req.user: undefined","timestamp":"2023-05-08 09:11:44"}
{"level":"\u001b[34minfo\u001b[39m","message":"Session id started: {\"user\":\"2f24vvg\"}","timestamp":"2023-05-08 09:11:44"}
{"level":"\u001b[34minfo\u001b[39m","message":"User logged in: {\"id\":\"2f24vvg\",\"email\":\"test@test.com\",\"password\":\"$2a$10$A2g6pbxxhLA9MNYRJ0rnzOf/7Ara76B0KcRdjzUcsIBIclRuas/fG\"}","timestamp":"2023-05-08 09:11:44"}
{"level":"\u001b[34minfo\u001b[39m","message":"User (2f24vvg) uploaded a file: {\"file\":{\"size\":921997,\"path\":\"C:\\\\develop\\\\nodejs\\\\projects\\\\aitam\\\\work\\\\5e50507f-a528-4e4b-9882-856e99c47501.xml\",\"name\":\"4366da29-2735-427b-8473-72399d9e54ae_EN.xml\",\"type\":\"text/xml\",\"mtime\":\"2023-05-08T08:11:55.592Z\"}}","timestamp":"2023-05-08 09:11:55"}
{"level":"\u001b[34minfo\u001b[39m","message":"audit file download: C:\\develop\\nodejs\\projects\\aitam\\work\\5e50507f-a528-4e4b-9882-856e99c47501.xml","timestamp":"2023-05-08 09:12:13"}
{"level":"\u001b[34minfo\u001b[39m","message":"audit file download: C:\\develop\\nodejs\\projects\\aitam\\work\\5e50507f-a528-4e4b-9882-856e99c47501.xml","timestamp":"2023-05-08 09:12:50"}
{"level":"\u001b[34minfo\u001b[39m","message":"audit file download: C:\\develop\\nodejs\\projects\\aitam\\work\\5e50507f-a528-4e4b-9882-856e99c47501.xml","timestamp":"2023-05-08 09:13:43"}
{"level":"\u001b[34minfo\u001b[39m","message":"garbage collector started on path: C:\\develop\\nodejs\\projects\\aitam\\work\\","timestamp":"2023-05-08 09:16:09"}
{"level":"\u001b[34minfo\u001b[39m","message":"req.user: undefined","timestamp":"2023-05-08 09:16:17"}
{"level":"\u001b[34minfo\u001b[39m","message":"Session id started: {\"user\":\"2f24vvg\"}","timestamp":"2023-05-08 09:16:17"}
{"level":"\u001b[34minfo\u001b[39m","message":"User logged in: {\"id\":\"2f24vvg\",\"email\":\"test@test.com\",\"password\":\"$2a$10$A2g6pbxxhLA9MNYRJ0rnzOf/7Ara76B0KcRdjzUcsIBIclRuas/fG\"}","timestamp":"2023-05-08 09:16:17"}
{"level":"\u001b[34minfo\u001b[39m","message":"User (2f24vvg) uploaded a file: {\"file\":{\"size\":921997,\"path\":\"C:\\\\develop\\\\nodejs\\\\projects\\\\aitam\\\\work\\\\fc38705d-5114-42fe-a62d-c58c63619778.xml\",\"name\":\"4366da29-2735-427b-8473-72399d9e54ae_EN.xml\",\"type\":\"text/xml\",\"mtime\":\"2023-05-08T08:16:27.615Z\"}}","timestamp":"2023-05-08 09:16:27"}
{"level":"\u001b[34minfo\u001b[39m","message":"New audit file created:C:\\develop\\nodejs\\projects\\aitam\\work\\fc38705d-5114-42fe-a62d-c58c63619778.xml","timestamp":"2023-05-08 09:17:52"}
{"level":"\u001b[34minfo\u001b[39m","message":"garbage collector started on path: C:\\develop\\nodejs\\projects\\aitam\\work\\","timestamp":"2023-05-08 09:18:37"}
{"level":"\u001b[34minfo\u001b[39m","message":"req.user: undefined","timestamp":"2023-05-08 09:20:04"}
{"level":"\u001b[34minfo\u001b[39m","message":"Session id started: {\"user\":\"2f24vvg\"}","timestamp":"2023-05-08 09:20:04"}
{"level":"\u001b[34minfo\u001b[39m","message":"User logged in: {\"id\":\"2f24vvg\",\"email\":\"test@test.com\",\"password\":\"$2a$10$A2g6pbxxhLA9MNYRJ0rnzOf/7Ara76B0KcRdjzUcsIBIclRuas/fG\"}","timestamp":"2023-05-08 09:20:04"}
{"level":"\u001b[34minfo\u001b[39m","message":"New audit file created:C:\\develop\\nodejs\\projects\\aitam\\work\\fe303ff5-0d61-43ab-a236-f856f49d5df2.xml","timestamp":"2023-05-08 09:20:06"}
{"level":"\u001b[34minfo\u001b[39m","message":"garbage collector started on path: C:\\develop\\nodejs\\projects\\aitam\\work\\","timestamp":"2023-05-08 09:33:21"}
{"level":"\u001b[34minfo\u001b[39m","message":"req.user: undefined","timestamp":"2023-05-08 09:33:35"}
{"level":"\u001b[34minfo\u001b[39m","message":"Session id started: {\"user\":\"2f24vvg\"}","timestamp":"2023-05-08 09:33:35"}
{"level":"\u001b[34minfo\u001b[39m","message":"User logged in: {\"id\":\"2f24vvg\",\"email\":\"test@test.com\",\"password\":\"$2a$10$A2g6pbxxhLA9MNYRJ0rnzOf/7Ara76B0KcRdjzUcsIBIclRuas/fG\"}","timestamp":"2023-05-08 09:33:35"}
{"level":"\u001b[34minfo\u001b[39m","message":"New audit file created:C:\\develop\\nodejs\\projects\\aitam\\work\\3db1685e-35fc-4f8d-b3ca-af1d7747a302.xml","timestamp":"2023-05-08 09:33:38"}
{"level":"\u001b[34minfo\u001b[39m","message":"audit file download: C:\\develop\\nodejs\\projects\\aitam\\work\\3db1685e-35fc-4f8d-b3ca-af1d7747a302.xml","timestamp":"2023-05-08 09:33:57"}
{"level":"\u001b[34minfo\u001b[39m","message":"audit file download: C:\\develop\\nodejs\\projects\\aitam\\work\\3db1685e-35fc-4f8d-b3ca-af1d7747a302.xml","timestamp":"2023-05-08 09:34:15"}
{"level":"\u001b[34minfo\u001b[39m","message":"garbage collector started on path: C:\\develop\\nodejs\\projects\\aitam\\work\\","timestamp":"2023-05-08 09:34:35"}
{"level":"\u001b[34minfo\u001b[39m","message":"Session created received the id:e920e6eb-8fba-4904-a521-d8f5d415f0fe","timestamp":"2023-05-08 09:34:39"}
{"level":"\u001b[34minfo\u001b[39m","message":"req.user: undefined","timestamp":"2023-05-08 09:34:45"}
{"level":"\u001b[34minfo\u001b[39m","message":"Session id started: {\"user\":\"2f24vvg\"}","timestamp":"2023-05-08 09:34:45"}
{"level":"\u001b[34minfo\u001b[39m","message":"User logged in: {\"id\":\"2f24vvg\",\"email\":\"test@test.com\",\"password\":\"$2a$10$A2g6pbxxhLA9MNYRJ0rnzOf/7Ara76B0KcRdjzUcsIBIclRuas/fG\"}","timestamp":"2023-05-08 09:34:45"}
{"level":"\u001b[34minfo\u001b[39m","message":"New audit file created:C:\\develop\\nodejs\\projects\\aitam\\work\\db87c70a-5a3f-46f2-9c8b-5c9a8a375918.xml","timestamp":"2023-05-08 09:34:47"}
{"level":"\u001b[34minfo\u001b[39m","message":"audit file download: C:\\develop\\nodejs\\projects\\aitam\\work\\db87c70a-5a3f-46f2-9c8b-5c9a8a375918.xml","timestamp":"2023-05-08 09:35:02"}
{"level":"\u001b[34minfo\u001b[39m","message":"audit file download: C:\\develop\\nodejs\\projects\\aitam\\work\\db87c70a-5a3f-46f2-9c8b-5c9a8a375918.xml","timestamp":"2023-05-08 09:35:16"}
{"level":"\u001b[34minfo\u001b[39m","message":"garbage collector started on path: C:\\develop\\nodejs\\projects\\aitam\\work\\","timestamp":"2023-05-08 09:36:09"}
{"level":"\u001b[34minfo\u001b[39m","message":"req.user: undefined","timestamp":"2023-05-08 09:36:23"}
{"level":"\u001b[34minfo\u001b[39m","message":"Session id started: {\"user\":\"2f24vvg\"}","timestamp":"2023-05-08 09:36:23"}
{"level":"\u001b[34minfo\u001b[39m","message":"User logged in: {\"id\":\"2f24vvg\",\"email\":\"test@test.com\",\"password\":\"$2a$10$A2g6pbxxhLA9MNYRJ0rnzOf/7Ara76B0KcRdjzUcsIBIclRuas/fG\"}","timestamp":"2023-05-08 09:36:23"}
{"level":"\u001b[34minfo\u001b[39m","message":"New audit file created:C:\\develop\\nodejs\\projects\\aitam\\work\\0d7bb9a0-3ae8-4124-8b30-6001acad9050.xml","timestamp":"2023-05-08 09:36:25"}
{"level":"\u001b[34minfo\u001b[39m","message":"audit file download: C:\\develop\\nodejs\\projects\\aitam\\work\\0d7bb9a0-3ae8-4124-8b30-6001acad9050.xml","timestamp":"2023-05-08 09:36:43"}
{"level":"\u001b[34minfo\u001b[39m","message":"audit file download: C:\\develop\\nodejs\\projects\\aitam\\work\\0d7bb9a0-3ae8-4124-8b30-6001acad9050.xml","timestamp":"2023-05-08 09:36:58"}
{"level":"\u001b[34minfo\u001b[39m","message":"garbage collector started on path: C:\\develop\\nodejs\\projects\\aitam\\work\\","timestamp":"2023-05-08 09:37:58"}
{"level":"\u001b[34minfo\u001b[39m","message":"garbage collector started on path: C:\\develop\\nodejs\\projects\\aitam\\work\\","timestamp":"2023-05-08 09:38:05"}
{"level":"\u001b[34minfo\u001b[39m","message":"garbage collector started on path: C:\\develop\\nodejs\\projects\\aitam\\work\\","timestamp":"2023-05-08 09:38:14"}
{"level":"\u001b[34minfo\u001b[39m","message":"garbage collector started on path: C:\\develop\\nodejs\\projects\\aitam\\work\\","timestamp":"2023-05-08 09:38:39"}
{"level":"\u001b[34minfo\u001b[39m","message":"Session created received the id:461bfe58-f316-47e0-80f6-b13336f10714","timestamp":"2023-05-08 09:38:45"}
{"level":"\u001b[34minfo\u001b[39m","message":"req.user: undefined","timestamp":"2023-05-08 09:38:51"}
{"level":"\u001b[34minfo\u001b[39m","message":"Session id started: {\"user\":\"2f24vvg\"}","timestamp":"2023-05-08 09:38:51"}
{"level":"\u001b[34minfo\u001b[39m","message":"User logged in: {\"id\":\"2f24vvg\",\"email\":\"test@test.com\",\"password\":\"$2a$10$A2g6pbxxhLA9MNYRJ0rnzOf/7Ara76B0KcRdjzUcsIBIclRuas/fG\"}","timestamp":"2023-05-08 09:38:51"}
{"level":"\u001b[34minfo\u001b[39m","message":"New audit file created:C:\\develop\\nodejs\\projects\\aitam\\work\\5de2a396-d53c-47d3-bf4c-4e5a891c6eeb.xml","timestamp":"2023-05-08 09:38:54"}
{"level":"\u001b[34minfo\u001b[39m","message":"audit file download: C:\\develop\\nodejs\\projects\\aitam\\work\\5de2a396-d53c-47d3-bf4c-4e5a891c6eeb.xml","timestamp":"2023-05-08 09:39:04"}
{"level":"\u001b[34minfo\u001b[39m","message":"garbage collector started on path: C:\\develop\\nodejs\\projects\\aitam\\work\\","timestamp":"2023-05-08 09:40:00"}
{"level":"\u001b[34minfo\u001b[39m","message":"req.user: undefined","timestamp":"2023-05-08 09:40:11"}
{"level":"\u001b[34minfo\u001b[39m","message":"Session id started: {\"user\":\"2f24vvg\"}","timestamp":"2023-05-08 09:40:11"}
{"level":"\u001b[34minfo\u001b[39m","message":"User logged in: {\"id\":\"2f24vvg\",\"email\":\"test@test.com\",\"password\":\"$2a$10$A2g6pbxxhLA9MNYRJ0rnzOf/7Ara76B0KcRdjzUcsIBIclRuas/fG\"}","timestamp":"2023-05-08 09:40:11"}
{"level":"\u001b[34minfo\u001b[39m","message":"New audit file created:C:\\develop\\nodejs\\projects\\aitam\\work\\048c7915-86a0-49a7-a723-7fe6cf5c5517.xml","timestamp":"2023-05-08 09:40:13"}
{"level":"\u001b[34minfo\u001b[39m","message":"audit file download: C:\\develop\\nodejs\\projects\\aitam\\work\\048c7915-86a0-49a7-a723-7fe6cf5c5517.xml","timestamp":"2023-05-08 09:40:28"}
{"level":"\u001b[34minfo\u001b[39m","message":"audit file download: C:\\develop\\nodejs\\projects\\aitam\\work\\048c7915-86a0-49a7-a723-7fe6cf5c5517.xml","timestamp":"2023-05-08 09:40:48"}
{"level":"\u001b[34minfo\u001b[39m","message":"garbage collector started on path: C:\\develop\\nodejs\\projects\\aitam\\work\\","timestamp":"2023-05-08 09:43:25"}
{"level":"\u001b[34minfo\u001b[39m","message":"garbage collector started on path: C:\\develop\\nodejs\\projects\\aitam\\work\\","timestamp":"2023-05-08 09:43:56"}
{"level":"\u001b[34minfo\u001b[39m","message":"req.user: undefined","timestamp":"2023-05-08 09:44:04"}
{"level":"\u001b[34minfo\u001b[39m","message":"Session id started: {\"user\":\"2f24vvg\"}","timestamp":"2023-05-08 09:44:04"}
{"level":"\u001b[34minfo\u001b[39m","message":"User logged in: {\"id\":\"2f24vvg\",\"email\":\"test@test.com\",\"password\":\"$2a$10$A2g6pbxxhLA9MNYRJ0rnzOf/7Ara76B0KcRdjzUcsIBIclRuas/fG\"}","timestamp":"2023-05-08 09:44:04"}
{"level":"\u001b[34minfo\u001b[39m","message":"New audit file created:C:\\develop\\nodejs\\projects\\aitam\\work\\8b875328-9b38-4277-9458-7c2aa1f03370.xml","timestamp":"2023-05-08 09:44:05"}
{"level":"\u001b[34minfo\u001b[39m","message":"audit file download: C:\\develop\\nodejs\\projects\\aitam\\work\\8b875328-9b38-4277-9458-7c2aa1f03370.xml","timestamp":"2023-05-08 09:44:16"}
{"level":"\u001b[34minfo\u001b[39m","message":"garbage collector started on path: C:\\develop\\nodejs\\projects\\aitam\\work\\","timestamp":"2023-05-08 09:44:38"}
{"level":"\u001b[34minfo\u001b[39m","message":"req.user: undefined","timestamp":"2023-05-08 09:45:02"}
{"level":"\u001b[34minfo\u001b[39m","message":"Session id started: {\"user\":\"2f24vvg\"}","timestamp":"2023-05-08 09:45:02"}
{"level":"\u001b[34minfo\u001b[39m","message":"User logged in: {\"id\":\"2f24vvg\",\"email\":\"test@test.com\",\"password\":\"$2a$10$A2g6pbxxhLA9MNYRJ0rnzOf/7Ara76B0KcRdjzUcsIBIclRuas/fG\"}","timestamp":"2023-05-08 09:45:02"}
{"level":"\u001b[34minfo\u001b[39m","message":"New audit file created:C:\\develop\\nodejs\\projects\\aitam\\work\\f2027457-1fb5-407e-a80a-e36e2a14c1c5.xml","timestamp":"2023-05-08 09:45:03"}
{"level":"\u001b[34minfo\u001b[39m","message":"audit file download: C:\\develop\\nodejs\\projects\\aitam\\work\\f2027457-1fb5-407e-a80a-e36e2a14c1c5.xml","timestamp":"2023-05-08 09:45:13"}
{"level":"\u001b[34minfo\u001b[39m","message":"audit file download: C:\\develop\\nodejs\\projects\\aitam\\work\\f2027457-1fb5-407e-a80a-e36e2a14c1c5.xml","timestamp":"2023-05-08 09:45:58"}
{"level":"\u001b[34minfo\u001b[39m","message":"garbage collector started on path: C:\\develop\\nodejs\\projects\\aitam\\work\\","timestamp":"2023-05-08 09:46:52"}
{"level":"\u001b[34minfo\u001b[39m","message":"req.user: undefined","timestamp":"2023-05-08 09:47:01"}
{"level":"\u001b[34minfo\u001b[39m","message":"Session id started: {\"user\":\"2f24vvg\"}","timestamp":"2023-05-08 09:47:01"}
{"level":"\u001b[34minfo\u001b[39m","message":"User logged in: {\"id\":\"2f24vvg\",\"email\":\"test@test.com\",\"password\":\"$2a$10$A2g6pbxxhLA9MNYRJ0rnzOf/7Ara76B0KcRdjzUcsIBIclRuas/fG\"}","timestamp":"2023-05-08 09:47:01"}
{"level":"\u001b[34minfo\u001b[39m","message":"New audit file created:C:\\develop\\nodejs\\projects\\aitam\\work\\89109140-1a3a-4df1-a2ae-43285a2961cd.xml","timestamp":"2023-05-08 09:47:02"}
{"level":"\u001b[34minfo\u001b[39m","message":"audit file download: C:\\develop\\nodejs\\projects\\aitam\\work\\89109140-1a3a-4df1-a2ae-43285a2961cd.xml","timestamp":"2023-05-08 09:47:09"}
{"level":"\u001b[34minfo\u001b[39m","message":"garbage collector started on path: C:\\develop\\nodejs\\projects\\aitam\\work\\","timestamp":"2023-05-08 09:47:37"}
{"level":"\u001b[34minfo\u001b[39m","message":"garbage collector started on path: C:\\develop\\nodejs\\projects\\aitam\\work\\","timestamp":"2023-05-08 09:50:52"}
{"level":"\u001b[34minfo\u001b[39m","message":"Session created received the id:57c60d96-b1c8-4d89-b9a4-0dddfeed0b0f","timestamp":"2023-05-08 09:50:55"}
{"level":"\u001b[34minfo\u001b[39m","message":"req.user: undefined","timestamp":"2023-05-08 09:51:02"}
{"level":"\u001b[34minfo\u001b[39m","message":"Session id started: {\"user\":\"2f24vvg\"}","timestamp":"2023-05-08 09:51:02"}
{"level":"\u001b[34minfo\u001b[39m","message":"User logged in: {\"id\":\"2f24vvg\",\"email\":\"test@test.com\",\"password\":\"$2a$10$A2g6pbxxhLA9MNYRJ0rnzOf/7Ara76B0KcRdjzUcsIBIclRuas/fG\"}","timestamp":"2023-05-08 09:51:02"}
{"level":"\u001b[34minfo\u001b[39m","message":"New audit file created:C:\\develop\\nodejs\\projects\\aitam\\work\\8dcf7363-b5f2-405a-bb41-ea5ed97a6bc7.xml","timestamp":"2023-05-08 09:51:03"}
{"level":"\u001b[34minfo\u001b[39m","message":"audit file download: C:\\develop\\nodejs\\projects\\aitam\\work\\8dcf7363-b5f2-405a-bb41-ea5ed97a6bc7.xml","timestamp":"2023-05-08 09:51:19"}
{"level":"\u001b[34minfo\u001b[39m","message":"garbage collector started on path: C:\\develop\\nodejs\\projects\\aitam\\work\\","timestamp":"2023-05-08 09:51:39"}
{"level":"\u001b[34minfo\u001b[39m","message":"garbage collector started on path: C:\\develop\\nodejs\\projects\\aitam\\work\\","timestamp":"2023-05-08 09:52:04"}
{"level":"\u001b[34minfo\u001b[39m","message":"req.user: undefined","timestamp":"2023-05-08 09:52:13"}
{"level":"\u001b[34minfo\u001b[39m","message":"Session id started: {\"user\":\"2f24vvg\"}","timestamp":"2023-05-08 09:52:13"}
{"level":"\u001b[34minfo\u001b[39m","message":"User logged in: {\"id\":\"2f24vvg\",\"email\":\"test@test.com\",\"password\":\"$2a$10$A2g6pbxxhLA9MNYRJ0rnzOf/7Ara76B0KcRdjzUcsIBIclRuas/fG\"}","timestamp":"2023-05-08 09:52:13"}
{"level":"\u001b[34minfo\u001b[39m","message":"New audit file created:C:\\develop\\nodejs\\projects\\aitam\\work\\940e0a3d-8bfe-48ac-a16c-0c4551fe1c46.xml","timestamp":"2023-05-08 09:52:18"}
{"level":"\u001b[34minfo\u001b[39m","message":"audit file download: C:\\develop\\nodejs\\projects\\aitam\\work\\940e0a3d-8bfe-48ac-a16c-0c4551fe1c46.xml","timestamp":"2023-05-08 09:52:30"}
{"level":"\u001b[34minfo\u001b[39m","message":"audit file download: C:\\develop\\nodejs\\projects\\aitam\\work\\940e0a3d-8bfe-48ac-a16c-0c4551fe1c46.xml","timestamp":"2023-05-08 09:52:43"}
{"level":"\u001b[34minfo\u001b[39m","message":"garbage collector started on path: C:\\develop\\nodejs\\projects\\aitam\\work\\","timestamp":"2023-05-08 09:53:03"}
{"level":"\u001b[34minfo\u001b[39m","message":"req.user: undefined","timestamp":"2023-05-08 09:53:14"}
{"level":"\u001b[34minfo\u001b[39m","message":"Session id started: {\"user\":\"2f24vvg\"}","timestamp":"2023-05-08 09:53:14"}
{"level":"\u001b[34minfo\u001b[39m","message":"User logged in: {\"id\":\"2f24vvg\",\"email\":\"test@test.com\",\"password\":\"$2a$10$A2g6pbxxhLA9MNYRJ0rnzOf/7Ara76B0KcRdjzUcsIBIclRuas/fG\"}","timestamp":"2023-05-08 09:53:14"}
{"level":"\u001b[34minfo\u001b[39m","message":"New audit file created:C:\\develop\\nodejs\\projects\\aitam\\work\\837a1813-c2ef-41b9-8a48-a1c008667285.xml","timestamp":"2023-05-08 09:53:16"}
{"level":"\u001b[34minfo\u001b[39m","message":"audit file download: C:\\develop\\nodejs\\projects\\aitam\\work\\837a1813-c2ef-41b9-8a48-a1c008667285.xml","timestamp":"2023-05-08 09:53:28"}
{"level":"\u001b[34minfo\u001b[39m","message":"audit file download: C:\\develop\\nodejs\\projects\\aitam\\work\\837a1813-c2ef-41b9-8a48-a1c008667285.xml","timestamp":"2023-05-08 09:53:43"}
{"level":"\u001b[34minfo\u001b[39m","message":"audit file download: C:\\develop\\nodejs\\projects\\aitam\\work\\837a1813-c2ef-41b9-8a48-a1c008667285.xml","timestamp":"2023-05-08 09:54:00"}
{"level":"\u001b[34minfo\u001b[39m","message":"garbage collector started on path: C:\\develop\\nodejs\\projects\\aitam\\work\\","timestamp":"2023-05-08 09:55:57"}
{"level":"\u001b[34minfo\u001b[39m","message":"req.user: undefined","timestamp":"2023-05-08 09:58:50"}
{"level":"\u001b[34minfo\u001b[39m","message":"Session id started: {\"user\":\"2f24vvg\"}","timestamp":"2023-05-08 09:58:50"}
{"level":"\u001b[34minfo\u001b[39m","message":"User logged in: {\"id\":\"2f24vvg\",\"email\":\"test@test.com\",\"password\":\"$2a$10$A2g6pbxxhLA9MNYRJ0rnzOf/7Ara76B0KcRdjzUcsIBIclRuas/fG\"}","timestamp":"2023-05-08 09:58:50"}
{"level":"\u001b[34minfo\u001b[39m","message":"User (2f24vvg) uploaded a file: {\"file\":{\"size\":921997,\"path\":\"C:\\\\develop\\\\nodejs\\\\projects\\\\aitam\\\\work\\\\0e8dfafc-3a0b-42e4-8b6b-a71d8de63950.xml\",\"name\":\"4366da29-2735-427b-8473-72399d9e54ae_EN.xml\",\"type\":\"text/xml\",\"mtime\":\"2023-05-08T08:58:59.362Z\"}}","timestamp":"2023-05-08 09:58:59"}
{"level":"\u001b[34minfo\u001b[39m","message":"garbage collector started on path: C:\\develop\\nodejs\\projects\\aitam\\work\\","timestamp":"2023-05-08 10:18:49"}
{"level":"\u001b[34minfo\u001b[39m","message":"Session created received the id:6cf6275a-1eab-4da4-8b45-18f0211559f5","timestamp":"2023-05-08 10:18:54"}
{"level":"\u001b[34minfo\u001b[39m","message":"req.user: undefined","timestamp":"2023-05-08 10:19:02"}
{"level":"\u001b[34minfo\u001b[39m","message":"Session id started: {\"user\":\"2f24vvg\"}","timestamp":"2023-05-08 10:19:02"}
{"level":"\u001b[34minfo\u001b[39m","message":"User logged in: {\"id\":\"2f24vvg\",\"email\":\"test@test.com\",\"password\":\"$2a$10$A2g6pbxxhLA9MNYRJ0rnzOf/7Ara76B0KcRdjzUcsIBIclRuas/fG\"}","timestamp":"2023-05-08 10:19:02"}
{"level":"\u001b[34minfo\u001b[39m","message":"User (2f24vvg) uploaded a file: {\"file\":{\"size\":922361,\"path\":\"C:\\\\develop\\\\nodejs\\\\projects\\\\aitam\\\\work\\\\03c6f9ea-9ddf-4662-8c7b-167f0b93957f.xml\",\"name\":\"4366da29-2735-427b-8473-72399d9e54ae_EN.xml\",\"type\":\"text/xml\",\"mtime\":\"2023-05-08T09:21:32.540Z\"}}","timestamp":"2023-05-08 10:21:32"}
{"level":"\u001b[34minfo\u001b[39m","message":"working audit file closed and deleted : C:\\develop\\nodejs\\projects\\aitam\\work\\03c6f9ea-9ddf-4662-8c7b-167f0b93957f.xml","timestamp":"2023-05-08 10:22:48"}
{"level":"\u001b[34minfo\u001b[39m","message":"User (2f24vvg) uploaded a file: {\"file\":{\"size\":922363,\"path\":\"C:\\\\develop\\\\nodejs\\\\projects\\\\aitam\\\\work\\\\03c6f9ea-9ddf-4662-8c7b-167f0b93957f.xml\",\"name\":\"4366da29-2735-427b-8473-72399d9e54ae_EN.xml\",\"type\":\"text/xml\",\"mtime\":\"2023-05-08T09:22:54.613Z\"}}","timestamp":"2023-05-08 10:22:54"}
{"level":"\u001b[34minfo\u001b[39m","message":"garbage collector started on path: C:\\develop\\nodejs\\projects\\aitam\\work\\","timestamp":"2023-05-08 10:24:25"}
{"level":"\u001b[34minfo\u001b[39m","message":"garbage collector started on path: C:\\develop\\nodejs\\projects\\aitam\\work\\","timestamp":"2023-05-08 10:24:34"}
{"level":"\u001b[34minfo\u001b[39m","message":"req.user: undefined","timestamp":"2023-05-08 10:29:00"}
{"level":"\u001b[34minfo\u001b[39m","message":"Session id started: {\"user\":\"2f24vvg\"}","timestamp":"2023-05-08 10:29:00"}
{"level":"\u001b[34minfo\u001b[39m","message":"User logged in: {\"id\":\"2f24vvg\",\"email\":\"test@test.com\",\"password\":\"$2a$10$A2g6pbxxhLA9MNYRJ0rnzOf/7Ara76B0KcRdjzUcsIBIclRuas/fG\"}","timestamp":"2023-05-08 10:29:00"}
{"level":"\u001b[34minfo\u001b[39m","message":"User (2f24vvg) uploaded a file: {\"file\":{\"size\":922363,\"path\":\"C:\\\\develop\\\\nodejs\\\\projects\\\\aitam\\\\work\\\\da8a1715-7b4b-4419-97eb-9cc083405a90.xml\",\"name\":\"4366da29-2735-427b-8473-72399d9e54ae_EN.xml\",\"type\":\"text/xml\",\"mtime\":\"2023-05-08T09:37:58.284Z\"}}","timestamp":"2023-05-08 10:37:58"}
{"level":"\u001b[34minfo\u001b[39m","message":"garbage collector started on path: C:\\develop\\nodejs\\projects\\aitam\\work\\","timestamp":"2023-05-08 12:28:08"}
{"level":"\u001b[34minfo\u001b[39m","message":"Session created received the id:5668d703-e68d-4f40-84cc-1e1d424bb5e9","timestamp":"2023-05-08 12:29:04"}
{"level":"\u001b[33mwarn\u001b[39m","message":"404 - Not Found","timestamp":"2023-05-08 12:29:05"}
{"level":"\u001b[34minfo\u001b[39m","message":"req.user: undefined","timestamp":"2023-05-08 12:29:13"}
{"level":"\u001b[34minfo\u001b[39m","message":"Session id started: {\"user\":\"2f24vvg\"}","timestamp":"2023-05-08 12:29:13"}
{"level":"\u001b[34minfo\u001b[39m","message":"User logged in: {\"id\":\"2f24vvg\",\"email\":\"test@test.com\",\"password\":\"$2a$10$A2g6pbxxhLA9MNYRJ0rnzOf/7Ara76B0KcRdjzUcsIBIclRuas/fG\"}","timestamp":"2023-05-08 12:29:13"}
{"level":"\u001b[34minfo\u001b[39m","message":"User (2f24vvg) uploaded a file: {\"file\":{\"size\":922363,\"path\":\"C:\\\\develop\\\\nodejs\\\\projects\\\\aitam\\\\work\\\\ad24d7ff-e43d-4a10-8326-82d3612b15b1.xml\",\"name\":\"4366da29-2735-427b-8473-72399d9e54ae_EN.xml\",\"type\":\"text/xml\",\"mtime\":\"2023-05-08T11:29:23.592Z\"}}","timestamp":"2023-05-08 12:29:23"}
{"level":"\u001b[34minfo\u001b[39m","message":"garbage collector started on path: C:\\develop\\nodejs\\projects\\aitam\\work\\","timestamp":"2023-05-08 12:32:19"}
{"level":"\u001b[34minfo\u001b[39m","message":"Session created received the id:916e538c-2661-4530-8056-a9057ce36efd","timestamp":"2023-05-08 12:32:25"}
{"level":"\u001b[34minfo\u001b[39m","message":"req.user: undefined","timestamp":"2023-05-08 12:32:35"}
{"level":"\u001b[34minfo\u001b[39m","message":"Session id started: {\"user\":\"2f24vvg\"}","timestamp":"2023-05-08 12:32:35"}
{"level":"\u001b[34minfo\u001b[39m","message":"User logged in: {\"id\":\"2f24vvg\",\"email\":\"test@test.com\",\"password\":\"$2a$10$A2g6pbxxhLA9MNYRJ0rnzOf/7Ara76B0KcRdjzUcsIBIclRuas/fG\"}","timestamp":"2023-05-08 12:32:35"}
{"level":"\u001b[34minfo\u001b[39m","message":"User (2f24vvg) uploaded a file: {\"file\":{\"size\":922363,\"path\":\"C:\\\\develop\\\\nodejs\\\\projects\\\\aitam\\\\work\\\\ab1df165-d5aa-45e4-b558-a26b41465945.xml\",\"name\":\"4366da29-2735-427b-8473-72399d9e54ae_EN.xml\",\"type\":\"text/xml\",\"mtime\":\"2023-05-08T11:32:46.961Z\"}}","timestamp":"2023-05-08 12:32:47"}
{"level":"\u001b[34minfo\u001b[39m","message":"garbage collector started on path: C:\\develop\\nodejs\\projects\\aitam\\work\\","timestamp":"2023-05-08 12:33:26"}
{"level":"\u001b[34minfo\u001b[39m","message":"Session created received the id:e1678e84-e419-46ed-9961-5d07d81caf3b","timestamp":"2023-05-08 12:33:33"}
{"level":"\u001b[34minfo\u001b[39m","message":"req.user: undefined","timestamp":"2023-05-08 12:33:40"}
{"level":"\u001b[34minfo\u001b[39m","message":"Session id started: {\"user\":\"2f24vvg\"}","timestamp":"2023-05-08 12:33:40"}
{"level":"\u001b[34minfo\u001b[39m","message":"User logged in: {\"id\":\"2f24vvg\",\"email\":\"test@test.com\",\"password\":\"$2a$10$A2g6pbxxhLA9MNYRJ0rnzOf/7Ara76B0KcRdjzUcsIBIclRuas/fG\"}","timestamp":"2023-05-08 12:33:40"}
{"level":"\u001b[34minfo\u001b[39m","message":"User (2f24vvg) uploaded a file: {\"file\":{\"size\":922363,\"path\":\"C:\\\\develop\\\\nodejs\\\\projects\\\\aitam\\\\work\\\\6e5b5c84-1b56-4dc6-8755-9461f9122415.xml\",\"name\":\"4366da29-2735-427b-8473-72399d9e54ae_EN.xml\",\"type\":\"text/xml\",\"mtime\":\"2023-05-08T11:33:46.276Z\"}}","timestamp":"2023-05-08 12:33:46"}
{"level":"\u001b[34minfo\u001b[39m","message":"audit file download: C:\\develop\\nodejs\\projects\\aitam\\work\\6e5b5c84-1b56-4dc6-8755-9461f9122415.xml","timestamp":"2023-05-08 12:33:57"}
{"level":"\u001b[34minfo\u001b[39m","message":"garbage collector started on path: C:\\develop\\nodejs\\projects\\aitam\\work\\","timestamp":"2023-05-08 12:35:25"}
{"level":"\u001b[34minfo\u001b[39m","message":"Session created received the id:2bbccd4f-1035-4414-8374-41aba7fcb052","timestamp":"2023-05-08 12:35:28"}
{"level":"\u001b[34minfo\u001b[39m","message":"req.user: undefined","timestamp":"2023-05-08 12:35:34"}
{"level":"\u001b[34minfo\u001b[39m","message":"Session id started: {\"user\":\"2f24vvg\"}","timestamp":"2023-05-08 12:35:34"}
{"level":"\u001b[34minfo\u001b[39m","message":"User logged in: {\"id\":\"2f24vvg\",\"email\":\"test@test.com\",\"password\":\"$2a$10$A2g6pbxxhLA9MNYRJ0rnzOf/7Ara76B0KcRdjzUcsIBIclRuas/fG\"}","timestamp":"2023-05-08 12:35:34"}
{"level":"\u001b[34minfo\u001b[39m","message":"User (2f24vvg) uploaded a file: {\"file\":{\"size\":922363,\"path\":\"C:\\\\develop\\\\nodejs\\\\projects\\\\aitam\\\\work\\\\9f215276-fed2-442b-ba47-689adbd5a8b4.xml\",\"name\":\"4366da29-2735-427b-8473-72399d9e54ae_EN.xml\",\"type\":\"text/xml\",\"mtime\":\"2023-05-08T11:35:39.416Z\"}}","timestamp":"2023-05-08 12:35:39"}
{"level":"\u001b[34minfo\u001b[39m","message":"garbage collector started on path: C:\\develop\\nodejs\\projects\\aitam\\work\\","timestamp":"2023-05-08 12:42:51"}
{"level":"\u001b[34minfo\u001b[39m","message":"Session created received the id:6c299c68-0748-4442-9d8b-88feed13b744","timestamp":"2023-05-08 12:43:05"}
{"level":"\u001b[34minfo\u001b[39m","message":"req.user: undefined","timestamp":"2023-05-08 12:43:13"}
{"level":"\u001b[34minfo\u001b[39m","message":"Session id started: {\"user\":\"2f24vvg\"}","timestamp":"2023-05-08 12:43:13"}
{"level":"\u001b[34minfo\u001b[39m","message":"User logged in: {\"id\":\"2f24vvg\",\"email\":\"test@test.com\",\"password\":\"$2a$10$A2g6pbxxhLA9MNYRJ0rnzOf/7Ara76B0KcRdjzUcsIBIclRuas/fG\"}","timestamp":"2023-05-08 12:43:13"}
{"level":"\u001b[34minfo\u001b[39m","message":"User (2f24vvg) uploaded a file: {\"file\":{\"size\":922363,\"path\":\"C:\\\\develop\\\\nodejs\\\\projects\\\\aitam\\\\work\\\\dda95fd1-db46-4261-8f4f-ea05bcaa6ed0.xml\",\"name\":\"4366da29-2735-427b-8473-72399d9e54ae_EN.xml\",\"type\":\"text/xml\",\"mtime\":\"2023-05-08T11:43:18.438Z\"}}","timestamp":"2023-05-08 12:43:18"}
{"level":"\u001b[34minfo\u001b[39m","message":"garbage collector started on path: C:\\develop\\nodejs\\projects\\aitam\\work\\","timestamp":"2023-05-08 12:43:38"}
{"level":"\u001b[34minfo\u001b[39m","message":"Session created received the id:59c3c04c-0d6f-4234-ae0a-e2c0ea55412e","timestamp":"2023-05-08 12:43:42"}
{"level":"\u001b[34minfo\u001b[39m","message":"req.user: undefined","timestamp":"2023-05-08 12:43:49"}
{"level":"\u001b[34minfo\u001b[39m","message":"Session id started: {\"user\":\"2f24vvg\"}","timestamp":"2023-05-08 12:43:49"}
{"level":"\u001b[34minfo\u001b[39m","message":"User logged in: {\"id\":\"2f24vvg\",\"email\":\"test@test.com\",\"password\":\"$2a$10$A2g6pbxxhLA9MNYRJ0rnzOf/7Ara76B0KcRdjzUcsIBIclRuas/fG\"}","timestamp":"2023-05-08 12:43:49"}
{"level":"\u001b[34minfo\u001b[39m","message":"User (2f24vvg) uploaded a file: {\"file\":{\"size\":922363,\"path\":\"C:\\\\develop\\\\nodejs\\\\projects\\\\aitam\\\\work\\\\a969d5e1-e1a4-4b35-8bb0-be5dd483cac9.xml\",\"name\":\"4366da29-2735-427b-8473-72399d9e54ae_EN.xml\",\"type\":\"text/xml\",\"mtime\":\"2023-05-08T11:43:52.943Z\"}}","timestamp":"2023-05-08 12:43:53"}
{"level":"\u001b[34minfo\u001b[39m","message":"garbage collector started on path: C:\\develop\\nodejs\\projects\\aitam\\work\\","timestamp":"2023-05-08 12:46:19"}
{"level":"\u001b[34minfo\u001b[39m","message":"garbage collector started on path: C:\\develop\\nodejs\\projects\\aitam\\work\\","timestamp":"2023-05-08 12:51:32"}
{"level":"\u001b[34minfo\u001b[39m","message":"Session created received the id:b7f59f75-d428-4fd5-9677-ac9ccc614f01","timestamp":"2023-05-08 12:51:39"}
{"level":"\u001b[34minfo\u001b[39m","message":"req.user: undefined","timestamp":"2023-05-08 12:51:45"}
{"level":"\u001b[34minfo\u001b[39m","message":"Session id started: {\"user\":\"2f24vvg\"}","timestamp":"2023-05-08 12:51:45"}
{"level":"\u001b[34minfo\u001b[39m","message":"User logged in: {\"id\":\"2f24vvg\",\"email\":\"test@test.com\",\"password\":\"$2a$10$A2g6pbxxhLA9MNYRJ0rnzOf/7Ara76B0KcRdjzUcsIBIclRuas/fG\"}","timestamp":"2023-05-08 12:51:45"}
{"level":"\u001b[34minfo\u001b[39m","message":"User (2f24vvg) uploaded a file: {\"file\":{\"size\":922363,\"path\":\"C:\\\\develop\\\\nodejs\\\\projects\\\\aitam\\\\work\\\\df6e3d8f-a815-428c-8df3-4d4ceae5d79b.xml\",\"name\":\"4366da29-2735-427b-8473-72399d9e54ae_EN.xml\",\"type\":\"text/xml\",\"mtime\":\"2023-05-08T11:51:49.049Z\"}}","timestamp":"2023-05-08 12:51:49"}
{"level":"\u001b[34minfo\u001b[39m","message":"garbage collector started on path: C:\\develop\\nodejs\\projects\\aitam\\work\\","timestamp":"2023-05-08 13:39:43"}
{"level":"\u001b[34minfo\u001b[39m","message":"Session created received the id:4c53c24a-a52f-4d42-82ee-57c89626c16c","timestamp":"2023-05-08 13:39:54"}
{"level":"\u001b[33mwarn\u001b[39m","message":"404 - Not Found","timestamp":"2023-05-08 13:39:54"}
{"level":"\u001b[34minfo\u001b[39m","message":"req.user: undefined","timestamp":"2023-05-08 13:40:03"}
{"level":"\u001b[34minfo\u001b[39m","message":"Session id started: {\"user\":\"2f24vvg\"}","timestamp":"2023-05-08 13:40:03"}
{"level":"\u001b[34minfo\u001b[39m","message":"User logged in: {\"id\":\"2f24vvg\",\"email\":\"test@test.com\",\"password\":\"$2a$10$A2g6pbxxhLA9MNYRJ0rnzOf/7Ara76B0KcRdjzUcsIBIclRuas/fG\"}","timestamp":"2023-05-08 13:40:03"}
{"level":"\u001b[34minfo\u001b[39m","message":"User (2f24vvg) uploaded a file: {\"file\":{\"size\":431441,\"path\":\"C:\\\\develop\\\\nodejs\\\\projects\\\\aitam\\\\work\\\\3d70ef05-5735-460b-8ad5-dbfb1ad84ea7.xml\",\"name\":\"HRMIS.xml\",\"type\":\"text/xml\",\"mtime\":\"2023-05-08T12:40:19.353Z\"}}","timestamp":"2023-05-08 13:40:19"}
