{"level":"\u001b[34minfo\u001b[39m","message":"garbage collector started on path: C:\\develop\\nodejs\\projects\\aitam\\work\\","timestamp":"2023-02-15 21:07:33"}
{"level":"\u001b[34minfo\u001b[39m","message":"Session created received the id:404e7df4-f2c1-443a-aac4-15917a3e9f33","timestamp":"2023-02-15 21:07:47"}
{"level":"\u001b[33mwarn\u001b[39m","message":"404 - Not Found","timestamp":"2023-02-15 21:07:47"}
{"level":"\u001b[34minfo\u001b[39m","message":"req.user: undefined","timestamp":"2023-02-15 21:07:54"}
{"level":"\u001b[34minfo\u001b[39m","message":"Session id started: {\"user\":\"2f24vvg\"}","timestamp":"2023-02-15 21:07:54"}
{"level":"\u001b[34minfo\u001b[39m","message":"User logged in: {\"id\":\"2f24vvg\",\"email\":\"test@test.com\",\"password\":\"$2a$10$A2g6pbxxhLA9MNYRJ0rnzOf/7Ara76B0KcRdjzUcsIBIclRuas/fG\"}","timestamp":"2023-02-15 21:07:54"}
{"level":"\u001b[34minfo\u001b[39m","message":"User (2f24vvg) uploaded a file: {\"file-upload\":{\"size\":920393,\"filepath\":\"C:\\\\develop\\\\nodejs\\\\projects\\\\aitam\\\\work\\\\dadd0948e8334df19a7027000\",\"newFilename\":\"dadd0948e8334df19a7027000\",\"mimetype\":\"text/xml\",\"mtime\":\"2023-02-15T21:08:02.293Z\",\"originalFilename\":\"a549f860-51a6-462a-b935-831cff832ff3 (1).xml\"}}","timestamp":"2023-02-15 21:08:02"}
{"level":"\u001b[34minfo\u001b[39m","message":"garbage collector started on path: C:\\develop\\nodejs\\projects\\aitam\\work\\","timestamp":"2023-02-15 21:09:49"}
{"level":"\u001b[34minfo\u001b[39m","message":"Session created received the id:6376d631-1393-4083-8540-8dc202e3a001","timestamp":"2023-02-15 21:09:56"}
{"level":"\u001b[34minfo\u001b[39m","message":"req.user: undefined","timestamp":"2023-02-15 21:10:04"}
{"level":"\u001b[34minfo\u001b[39m","message":"Session id started: {\"user\":\"2f24vvg\"}","timestamp":"2023-02-15 21:10:04"}
{"level":"\u001b[34minfo\u001b[39m","message":"User logged in: {\"id\":\"2f24vvg\",\"email\":\"test@test.com\",\"password\":\"$2a$10$A2g6pbxxhLA9MNYRJ0rnzOf/7Ara76B0KcRdjzUcsIBIclRuas/fG\"}","timestamp":"2023-02-15 21:10:04"}
{"level":"\u001b[34minfo\u001b[39m","message":"New audit file created:C:\\develop\\nodejs\\projects\\aitam\\work\\8d583e99-3cc3-4ccc-899a-9fe714069f44.xml","timestamp":"2023-02-15 21:10:06"}
{"level":"\u001b[34minfo\u001b[39m","message":"audit file download: C:\\develop\\nodejs\\projects\\aitam\\work\\8d583e99-3cc3-4ccc-899a-9fe714069f44.xml","timestamp":"2023-02-15 21:10:32"}
{"level":"\u001b[34minfo\u001b[39m","message":"working audit file closed and deleted : C:\\develop\\nodejs\\projects\\aitam\\work\\8d583e99-3cc3-4ccc-899a-9fe714069f44.xml","timestamp":"2023-02-15 21:10:53"}
{"level":"\u001b[34minfo\u001b[39m","message":"User (2f24vvg) uploaded a file: {\"file-upload\":{\"size\":920393,\"filepath\":\"C:\\\\develop\\\\nodejs\\\\projects\\\\aitam\\\\work\\\\a757864dfc891b6122bf31000\",\"newFilename\":\"a757864dfc891b6122bf31000\",\"mimetype\":\"text/xml\",\"mtime\":\"2023-02-15T21:10:57.487Z\",\"originalFilename\":\"a549f860-51a6-462a-b935-831cff832ff3 (1).xml\"}}","timestamp":"2023-02-15 21:10:57"}
{"level":"\u001b[34minfo\u001b[39m","message":"garbage collector started on path: C:\\develop\\nodejs\\projects\\aitam\\work\\","timestamp":"2023-02-15 21:12:04"}
{"level":"\u001b[34minfo\u001b[39m","message":"Session created received the id:b865aa25-3a98-4e20-9899-c9fa5864f575","timestamp":"2023-02-15 21:12:12"}
{"level":"\u001b[34minfo\u001b[39m","message":"req.user: undefined","timestamp":"2023-02-15 21:12:19"}
{"level":"\u001b[34minfo\u001b[39m","message":"Session id started: {\"user\":\"2f24vvg\"}","timestamp":"2023-02-15 21:12:19"}
{"level":"\u001b[34minfo\u001b[39m","message":"User logged in: {\"id\":\"2f24vvg\",\"email\":\"test@test.com\",\"password\":\"$2a$10$A2g6pbxxhLA9MNYRJ0rnzOf/7Ara76B0KcRdjzUcsIBIclRuas/fG\"}","timestamp":"2023-02-15 21:12:19"}
{"level":"\u001b[34minfo\u001b[39m","message":"User (2f24vvg) uploaded a file: {\"file-upload\":{\"size\":920393,\"path\":\"C:\\\\develop\\\\nodejs\\\\projects\\\\aitam\\\\work\\\\00499e60-baa4-436e-9c6e-f56255d68817.xml\",\"name\":\"a549f860-51a6-462a-b935-831cff832ff3 (1).xml\",\"type\":\"text/xml\",\"mtime\":\"2023-02-15T21:12:23.430Z\"}}","timestamp":"2023-02-15 21:12:23"}
{"level":"\u001b[34minfo\u001b[39m","message":"garbage collector deleted  0ffc0787-51f1-4ec5-9208-39d0c55803d0.xml on folder: C:\\develop\\nodejs\\projects\\aitam\\work\\, path: C:\\develop\\nodejs\\projects\\aitam\\work\\0ffc0787-51f1-4ec5-9208-39d0c55803d0.xml","timestamp":"2023-02-15 21:15:00"}
{"level":"\u001b[34minfo\u001b[39m","message":"garbage collector deleted  2955ebc9-c846-4662-a304-d4053dffe9b5.xml on folder: C:\\develop\\nodejs\\projects\\aitam\\work\\, path: C:\\develop\\nodejs\\projects\\aitam\\work\\2955ebc9-c846-4662-a304-d4053dffe9b5.xml","timestamp":"2023-02-15 21:15:00"}
{"level":"\u001b[34minfo\u001b[39m","message":"garbage collector deleted  0ffc0787-51f1-4ec5-9208-39d0c55803d0_trace.txt on folder: C:\\develop\\nodejs\\projects\\aitam\\work\\, path: C:\\develop\\nodejs\\projects\\aitam\\work\\0ffc0787-51f1-4ec5-9208-39d0c55803d0_trace.txt","timestamp":"2023-02-15 21:15:00"}
{"level":"\u001b[34minfo\u001b[39m","message":"garbage collector deleted  2955ebc9-c846-4662-a304-d4053dffe9b5_trace.txt on folder: C:\\develop\\nodejs\\projects\\aitam\\work\\, path: C:\\develop\\nodejs\\projects\\aitam\\work\\2955ebc9-c846-4662-a304-d4053dffe9b5_trace.txt","timestamp":"2023-02-15 21:15:00"}
{"level":"\u001b[34minfo\u001b[39m","message":"garbage collector deleted  3e741748-d8df-423b-b1b7-a9671852ce00.xml on folder: C:\\develop\\nodejs\\projects\\aitam\\work\\, path: C:\\develop\\nodejs\\projects\\aitam\\work\\3e741748-d8df-423b-b1b7-a9671852ce00.xml","timestamp":"2023-02-15 21:15:00"}
{"level":"\u001b[34minfo\u001b[39m","message":"garbage collector deleted  4e3f9943-1519-4846-88b8-49b67b6abec8.xml on folder: C:\\develop\\nodejs\\projects\\aitam\\work\\, path: C:\\develop\\nodejs\\projects\\aitam\\work\\4e3f9943-1519-4846-88b8-49b67b6abec8.xml","timestamp":"2023-02-15 21:15:00"}
{"level":"\u001b[34minfo\u001b[39m","message":"garbage collector deleted  3e741748-d8df-423b-b1b7-a9671852ce00_trace.txt on folder: C:\\develop\\nodejs\\projects\\aitam\\work\\, path: C:\\develop\\nodejs\\projects\\aitam\\work\\3e741748-d8df-423b-b1b7-a9671852ce00_trace.txt","timestamp":"2023-02-15 21:15:00"}
{"level":"\u001b[34minfo\u001b[39m","message":"garbage collector deleted  4f633f5d-c729-42f7-bb8c-445be6466495.xml on folder: C:\\develop\\nodejs\\projects\\aitam\\work\\, path: C:\\develop\\nodejs\\projects\\aitam\\work\\4f633f5d-c729-42f7-bb8c-445be6466495.xml","timestamp":"2023-02-15 21:15:00"}
{"level":"\u001b[34minfo\u001b[39m","message":"garbage collector deleted  4f633f5d-c729-42f7-bb8c-445be6466495_trace.txt on folder: C:\\develop\\nodejs\\projects\\aitam\\work\\, path: C:\\develop\\nodejs\\projects\\aitam\\work\\4f633f5d-c729-42f7-bb8c-445be6466495_trace.txt","timestamp":"2023-02-15 21:15:00"}
{"level":"\u001b[34minfo\u001b[39m","message":"garbage collector deleted  4f96f38d-fd71-46b0-a159-a75d5fa0df0b.xml on folder: C:\\develop\\nodejs\\projects\\aitam\\work\\, path: C:\\develop\\nodejs\\projects\\aitam\\work\\4f96f38d-fd71-46b0-a159-a75d5fa0df0b.xml","timestamp":"2023-02-15 21:15:00"}
{"level":"\u001b[34minfo\u001b[39m","message":"garbage collector deleted  4f96f38d-fd71-46b0-a159-a75d5fa0df0b_trace.txt on folder: C:\\develop\\nodejs\\projects\\aitam\\work\\, path: C:\\develop\\nodejs\\projects\\aitam\\work\\4f96f38d-fd71-46b0-a159-a75d5fa0df0b_trace.txt","timestamp":"2023-02-15 21:15:00"}
{"level":"\u001b[34minfo\u001b[39m","message":"garbage collector deleted  4e3f9943-1519-4846-88b8-49b67b6abec8_trace.txt on folder: C:\\develop\\nodejs\\projects\\aitam\\work\\, path: C:\\develop\\nodejs\\projects\\aitam\\work\\4e3f9943-1519-4846-88b8-49b67b6abec8_trace.txt","timestamp":"2023-02-15 21:15:00"}
{"level":"\u001b[34minfo\u001b[39m","message":"garbage collector deleted  63f31534-179d-43b2-8442-57bc5caf8a9e.xml on folder: C:\\develop\\nodejs\\projects\\aitam\\work\\, path: C:\\develop\\nodejs\\projects\\aitam\\work\\63f31534-179d-43b2-8442-57bc5caf8a9e.xml","timestamp":"2023-02-15 21:15:00"}
{"level":"\u001b[34minfo\u001b[39m","message":"garbage collector deleted  63f31534-179d-43b2-8442-57bc5caf8a9e_trace.txt on folder: C:\\develop\\nodejs\\projects\\aitam\\work\\, path: C:\\develop\\nodejs\\projects\\aitam\\work\\63f31534-179d-43b2-8442-57bc5caf8a9e_trace.txt","timestamp":"2023-02-15 21:15:00"}
{"level":"\u001b[34minfo\u001b[39m","message":"garbage collector deleted  6d584d13-2f90-4d2a-9a7a-040417b5826c.xml on folder: C:\\develop\\nodejs\\projects\\aitam\\work\\, path: C:\\develop\\nodejs\\projects\\aitam\\work\\6d584d13-2f90-4d2a-9a7a-040417b5826c.xml","timestamp":"2023-02-15 21:15:00"}
{"level":"\u001b[34minfo\u001b[39m","message":"garbage collector deleted  99b619a2-722f-4a73-b0be-9d205667a14e.vec on folder: C:\\develop\\nodejs\\projects\\aitam\\work\\, path: C:\\develop\\nodejs\\projects\\aitam\\work\\99b619a2-722f-4a73-b0be-9d205667a14e.vec","timestamp":"2023-02-15 21:15:00"}
{"level":"\u001b[34minfo\u001b[39m","message":"garbage collector deleted  6d584d13-2f90-4d2a-9a7a-040417b5826c_trace.txt on folder: C:\\develop\\nodejs\\projects\\aitam\\work\\, path: C:\\develop\\nodejs\\projects\\aitam\\work\\6d584d13-2f90-4d2a-9a7a-040417b5826c_trace.txt","timestamp":"2023-02-15 21:15:00"}
{"level":"\u001b[34minfo\u001b[39m","message":"garbage collector deleted  99b619a2-722f-4a73-b0be-9d205667a14e.xml on folder: C:\\develop\\nodejs\\projects\\aitam\\work\\, path: C:\\develop\\nodejs\\projects\\aitam\\work\\99b619a2-722f-4a73-b0be-9d205667a14e.xml","timestamp":"2023-02-15 21:15:00"}
{"level":"\u001b[34minfo\u001b[39m","message":"garbage collector deleted  99b619a2-722f-4a73-b0be-9d205667a14e_trace.txt on folder: C:\\develop\\nodejs\\projects\\aitam\\work\\, path: C:\\develop\\nodejs\\projects\\aitam\\work\\99b619a2-722f-4a73-b0be-9d205667a14e_trace.txt","timestamp":"2023-02-15 21:15:00"}
{"level":"\u001b[34minfo\u001b[39m","message":"garbage collector deleted  9a0d879a-c3ef-4294-b176-08d470cec1b8.xml on folder: C:\\develop\\nodejs\\projects\\aitam\\work\\, path: C:\\develop\\nodejs\\projects\\aitam\\work\\9a0d879a-c3ef-4294-b176-08d470cec1b8.xml","timestamp":"2023-02-15 21:15:00"}
{"level":"\u001b[34minfo\u001b[39m","message":"garbage collector deleted  9a0d879a-c3ef-4294-b176-08d470cec1b8_trace.txt on folder: C:\\develop\\nodejs\\projects\\aitam\\work\\, path: C:\\develop\\nodejs\\projects\\aitam\\work\\9a0d879a-c3ef-4294-b176-08d470cec1b8_trace.txt","timestamp":"2023-02-15 21:15:00"}
{"level":"\u001b[34minfo\u001b[39m","message":"garbage collector deleted  a201619b-7082-4fba-805a-d7abfffa65f1.xml on folder: C:\\develop\\nodejs\\projects\\aitam\\work\\, path: C:\\develop\\nodejs\\projects\\aitam\\work\\a201619b-7082-4fba-805a-d7abfffa65f1.xml","timestamp":"2023-02-15 21:15:00"}
{"level":"\u001b[34minfo\u001b[39m","message":"garbage collector deleted  a201619b-7082-4fba-805a-d7abfffa65f1_trace.txt on folder: C:\\develop\\nodejs\\projects\\aitam\\work\\, path: C:\\develop\\nodejs\\projects\\aitam\\work\\a201619b-7082-4fba-805a-d7abfffa65f1_trace.txt","timestamp":"2023-02-15 21:15:00"}
{"level":"\u001b[34minfo\u001b[39m","message":"garbage collector deleted  b64a4c89-f18d-41a8-9c16-8010abbcca2c.xml on folder: C:\\develop\\nodejs\\projects\\aitam\\work\\, path: C:\\develop\\nodejs\\projects\\aitam\\work\\b64a4c89-f18d-41a8-9c16-8010abbcca2c.xml","timestamp":"2023-02-15 21:15:00"}
{"level":"\u001b[34minfo\u001b[39m","message":"garbage collector deleted  b64a4c89-f18d-41a8-9c16-8010abbcca2c_trace.txt on folder: C:\\develop\\nodejs\\projects\\aitam\\work\\, path: C:\\develop\\nodejs\\projects\\aitam\\work\\b64a4c89-f18d-41a8-9c16-8010abbcca2c_trace.txt","timestamp":"2023-02-15 21:15:00"}
{"level":"\u001b[34minfo\u001b[39m","message":"garbage collector deleted  bfb8350c-6836-459a-bc79-34d6c8c3147d_trace.txt on folder: C:\\develop\\nodejs\\projects\\aitam\\work\\, path: C:\\develop\\nodejs\\projects\\aitam\\work\\bfb8350c-6836-459a-bc79-34d6c8c3147d_trace.txt","timestamp":"2023-02-15 21:15:00"}
{"level":"\u001b[34minfo\u001b[39m","message":"garbage collector deleted  e0202a7b-2045-40af-ac6d-0c918d095dd2.xml on folder: C:\\develop\\nodejs\\projects\\aitam\\work\\, path: C:\\develop\\nodejs\\projects\\aitam\\work\\e0202a7b-2045-40af-ac6d-0c918d095dd2.xml","timestamp":"2023-02-15 21:15:00"}
{"level":"\u001b[34minfo\u001b[39m","message":"garbage collector deleted  bfb8350c-6836-459a-bc79-34d6c8c3147d.xml on folder: C:\\develop\\nodejs\\projects\\aitam\\work\\, path: C:\\develop\\nodejs\\projects\\aitam\\work\\bfb8350c-6836-459a-bc79-34d6c8c3147d.xml","timestamp":"2023-02-15 21:15:00"}
{"level":"\u001b[34minfo\u001b[39m","message":"garbage collector error:  Error: Can't delete C:\\develop\\nodejs\\projects\\aitam\\work\\0ffc0787-51f1-4ec5-9208-39d0c55803d0_trace.txt","timestamp":"2023-02-15 21:15:00"}
{"level":"\u001b[34minfo\u001b[39m","message":"garbage collector deleted  e0202a7b-2045-40af-ac6d-0c918d095dd2_trace.txt on folder: C:\\develop\\nodejs\\projects\\aitam\\work\\, path: C:\\develop\\nodejs\\projects\\aitam\\work\\e0202a7b-2045-40af-ac6d-0c918d095dd2_trace.txt","timestamp":"2023-02-15 21:15:00"}
{"level":"\u001b[34minfo\u001b[39m","message":"garbage collector error:  Error: Can't delete C:\\develop\\nodejs\\projects\\aitam\\work\\0ffc0787-51f1-4ec5-9208-39d0c55803d0.xml","timestamp":"2023-02-15 21:15:00"}
{"level":"\u001b[34minfo\u001b[39m","message":"garbage collector error:  Error: Can't delete C:\\develop\\nodejs\\projects\\aitam\\work\\2955ebc9-c846-4662-a304-d4053dffe9b5.xml","timestamp":"2023-02-15 21:15:00"}
{"level":"\u001b[34minfo\u001b[39m","message":"garbage collector error:  Error: Can't delete C:\\develop\\nodejs\\projects\\aitam\\work\\2955ebc9-c846-4662-a304-d4053dffe9b5_trace.txt","timestamp":"2023-02-15 21:15:00"}
{"level":"\u001b[34minfo\u001b[39m","message":"garbage collector error:  Error: Can't delete C:\\develop\\nodejs\\projects\\aitam\\work\\3e741748-d8df-423b-b1b7-a9671852ce00.xml","timestamp":"2023-02-15 21:15:00"}
{"level":"\u001b[34minfo\u001b[39m","message":"garbage collector deleted  gazetteer.dic on folder: C:\\develop\\nodejs\\projects\\aitam\\work\\, path: C:\\develop\\nodejs\\projects\\aitam\\work\\gazetteer.dic","timestamp":"2023-02-15 21:15:00"}
{"level":"\u001b[34minfo\u001b[39m","message":"garbage collector error:  Error: Can't delete C:\\develop\\nodejs\\projects\\aitam\\work\\3e741748-d8df-423b-b1b7-a9671852ce00_trace.txt","timestamp":"2023-02-15 21:15:00"}
{"level":"\u001b[34minfo\u001b[39m","message":"garbage collector error:  Error: Can't delete C:\\develop\\nodejs\\projects\\aitam\\work\\4e3f9943-1519-4846-88b8-49b67b6abec8_trace.txt","timestamp":"2023-02-15 21:15:00"}
{"level":"\u001b[34minfo\u001b[39m","message":"garbage collector error:  Error: Can't delete C:\\develop\\nodejs\\projects\\aitam\\work\\4e3f9943-1519-4846-88b8-49b67b6abec8.xml","timestamp":"2023-02-15 21:15:00"}
{"level":"\u001b[34minfo\u001b[39m","message":"garbage collector error:  Error: Can't delete C:\\develop\\nodejs\\projects\\aitam\\work\\4f633f5d-c729-42f7-bb8c-445be6466495_trace.txt","timestamp":"2023-02-15 21:15:00"}
{"level":"\u001b[34minfo\u001b[39m","message":"garbage collector error:  Error: Can't delete C:\\develop\\nodejs\\projects\\aitam\\work\\4f633f5d-c729-42f7-bb8c-445be6466495.xml","timestamp":"2023-02-15 21:15:00"}
{"level":"\u001b[34minfo\u001b[39m","message":"garbage collector error:  Error: Can't delete C:\\develop\\nodejs\\projects\\aitam\\work\\63f31534-179d-43b2-8442-57bc5caf8a9e.xml","timestamp":"2023-02-15 21:15:00"}
{"level":"\u001b[34minfo\u001b[39m","message":"garbage collector error:  Error: Can't delete C:\\develop\\nodejs\\projects\\aitam\\work\\4f96f38d-fd71-46b0-a159-a75d5fa0df0b_trace.txt","timestamp":"2023-02-15 21:15:00"}
{"level":"\u001b[34minfo\u001b[39m","message":"garbage collector error:  Error: Can't delete C:\\develop\\nodejs\\projects\\aitam\\work\\4f96f38d-fd71-46b0-a159-a75d5fa0df0b.xml","timestamp":"2023-02-15 21:15:00"}
{"level":"\u001b[34minfo\u001b[39m","message":"garbage collector error:  Error: Can't delete C:\\develop\\nodejs\\projects\\aitam\\work\\6d584d13-2f90-4d2a-9a7a-040417b5826c_trace.txt","timestamp":"2023-02-15 21:15:00"}
{"level":"\u001b[34minfo\u001b[39m","message":"garbage collector error:  Error: Can't delete C:\\develop\\nodejs\\projects\\aitam\\work\\63f31534-179d-43b2-8442-57bc5caf8a9e_trace.txt","timestamp":"2023-02-15 21:15:00"}
{"level":"\u001b[34minfo\u001b[39m","message":"garbage collector error:  Error: Can't delete C:\\develop\\nodejs\\projects\\aitam\\work\\6d584d13-2f90-4d2a-9a7a-040417b5826c.xml","timestamp":"2023-02-15 21:15:00"}
{"level":"\u001b[34minfo\u001b[39m","message":"garbage collector error:  Error: Can't delete C:\\develop\\nodejs\\projects\\aitam\\work\\99b619a2-722f-4a73-b0be-9d205667a14e.xml","timestamp":"2023-02-15 21:15:00"}
{"level":"\u001b[34minfo\u001b[39m","message":"garbage collector error:  Error: Can't delete C:\\develop\\nodejs\\projects\\aitam\\work\\99b619a2-722f-4a73-b0be-9d205667a14e.vec","timestamp":"2023-02-15 21:15:00"}
{"level":"\u001b[34minfo\u001b[39m","message":"garbage collector error:  Error: Can't delete C:\\develop\\nodejs\\projects\\aitam\\work\\99b619a2-722f-4a73-b0be-9d205667a14e_trace.txt","timestamp":"2023-02-15 21:15:00"}
{"level":"\u001b[34minfo\u001b[39m","message":"garbage collector error:  Error: Can't delete C:\\develop\\nodejs\\projects\\aitam\\work\\a201619b-7082-4fba-805a-d7abfffa65f1.xml","timestamp":"2023-02-15 21:15:00"}
{"level":"\u001b[34minfo\u001b[39m","message":"garbage collector error:  Error: Can't delete C:\\develop\\nodejs\\projects\\aitam\\work\\9a0d879a-c3ef-4294-b176-08d470cec1b8_trace.txt","timestamp":"2023-02-15 21:15:00"}
{"level":"\u001b[34minfo\u001b[39m","message":"garbage collector error:  Error: Can't delete C:\\develop\\nodejs\\projects\\aitam\\work\\9a0d879a-c3ef-4294-b176-08d470cec1b8.xml","timestamp":"2023-02-15 21:15:00"}
{"level":"\u001b[34minfo\u001b[39m","message":"garbage collector error:  Error: Can't delete C:\\develop\\nodejs\\projects\\aitam\\work\\a201619b-7082-4fba-805a-d7abfffa65f1_trace.txt","timestamp":"2023-02-15 21:15:00"}
{"level":"\u001b[34minfo\u001b[39m","message":"garbage collector error:  Error: Can't delete C:\\develop\\nodejs\\projects\\aitam\\work\\bfb8350c-6836-459a-bc79-34d6c8c3147d_trace.txt","timestamp":"2023-02-15 21:15:00"}
{"level":"\u001b[34minfo\u001b[39m","message":"garbage collector error:  Error: Can't delete C:\\develop\\nodejs\\projects\\aitam\\work\\b64a4c89-f18d-41a8-9c16-8010abbcca2c_trace.txt","timestamp":"2023-02-15 21:15:00"}
{"level":"\u001b[34minfo\u001b[39m","message":"garbage collector error:  Error: Can't delete C:\\develop\\nodejs\\projects\\aitam\\work\\bfb8350c-6836-459a-bc79-34d6c8c3147d.xml","timestamp":"2023-02-15 21:15:00"}
{"level":"\u001b[34minfo\u001b[39m","message":"garbage collector error:  Error: Can't delete C:\\develop\\nodejs\\projects\\aitam\\work\\b64a4c89-f18d-41a8-9c16-8010abbcca2c.xml","timestamp":"2023-02-15 21:15:00"}
{"level":"\u001b[34minfo\u001b[39m","message":"garbage collector error:  Error: Can't delete C:\\develop\\nodejs\\projects\\aitam\\work\\gazetteer.dic","timestamp":"2023-02-15 21:15:00"}
{"level":"\u001b[34minfo\u001b[39m","message":"garbage collector error:  Error: Can't delete C:\\develop\\nodejs\\projects\\aitam\\work\\e0202a7b-2045-40af-ac6d-0c918d095dd2.xml","timestamp":"2023-02-15 21:15:00"}
{"level":"\u001b[34minfo\u001b[39m","message":"garbage collector error:  Error: Can't delete C:\\develop\\nodejs\\projects\\aitam\\work\\e0202a7b-2045-40af-ac6d-0c918d095dd2_trace.txt","timestamp":"2023-02-15 21:15:00"}
{"level":"\u001b[34minfo\u001b[39m","message":"Session created received the id:4d514906-4899-4ad3-afff-016399ea4df2","timestamp":"2023-02-15 21:35:40"}
{"level":"\u001b[33mwarn\u001b[39m","message":"404 - Not Found","timestamp":"2023-02-15 21:35:40"}
