{"level":"\u001b[34minfo\u001b[39m","message":"garbage collector started on path: C:\\develop\\nodejs\\projects\\aitam\\work\\","timestamp":"2023-03-03 10:40:22"}
{"level":"\u001b[34minfo\u001b[39m","message":"Session created received the id:90aa8406-63f4-4b64-aa1c-c1c708d0eefe","timestamp":"2023-03-03 10:40:42"}
{"level":"\u001b[33mwarn\u001b[39m","message":"404 - Not Found","timestamp":"2023-03-03 10:40:42"}
{"level":"\u001b[34minfo\u001b[39m","message":"req.user: undefined","timestamp":"2023-03-03 10:40:49"}
{"level":"\u001b[34minfo\u001b[39m","message":"Session id started: {\"user\":\"2f24vvg\"}","timestamp":"2023-03-03 10:40:49"}
{"level":"\u001b[34minfo\u001b[39m","message":"User logged in: {\"id\":\"2f24vvg\",\"email\":\"test@test.com\",\"password\":\"$2a$10$A2g6pbxxhLA9MNYRJ0rnzOf/7Ara76B0KcRdjzUcsIBIclRuas/fG\"}","timestamp":"2023-03-03 10:40:49"}
{"level":"\u001b[34minfo\u001b[39m","message":"User (2f24vvg) uploaded a file: {\"file\":{\"size\":920755,\"path\":\"C:\\\\develop\\\\nodejs\\\\projects\\\\aitam\\\\work\\\\a338b91b-433e-401e-8ac8-0001fdc8a258.xml\",\"name\":\"f8509520-4f67-472e-9bff-4df87561dbe9.xml\",\"type\":\"text/xml\",\"mtime\":\"2023-03-03T10:41:03.012Z\"}}","timestamp":"2023-03-03 10:41:03"}
{"level":"\u001b[34minfo\u001b[39m","message":"audit file download: C:\\develop\\nodejs\\projects\\aitam\\work\\a338b91b-433e-401e-8ac8-0001fdc8a258.xml","timestamp":"2023-03-03 10:41:23"}
{"level":"\u001b[34minfo\u001b[39m","message":"audit file download: C:\\develop\\nodejs\\projects\\aitam\\work\\a338b91b-433e-401e-8ac8-0001fdc8a258.xml","timestamp":"2023-03-03 10:41:40"}
{"level":"\u001b[34minfo\u001b[39m","message":"garbage collector deleted  147b34dd-11c9-4e12-ab42-46d0ebe8323b.xml on folder: C:\\develop\\nodejs\\projects\\aitam\\work\\, path: C:\\develop\\nodejs\\projects\\aitam\\work\\147b34dd-11c9-4e12-ab42-46d0ebe8323b.xml","timestamp":"2023-03-03 10:45:00"}
{"level":"\u001b[34minfo\u001b[39m","message":"garbage collector deleted  147b34dd-11c9-4e12-ab42-46d0ebe8323b_trace.txt on folder: C:\\develop\\nodejs\\projects\\aitam\\work\\, path: C:\\develop\\nodejs\\projects\\aitam\\work\\147b34dd-11c9-4e12-ab42-46d0ebe8323b_trace.txt","timestamp":"2023-03-03 10:45:00"}
{"level":"\u001b[34minfo\u001b[39m","message":"garbage collector deleted  2d927ca0-ddc7-4a4d-bd60-d1e3e737f3e6.xml on folder: C:\\develop\\nodejs\\projects\\aitam\\work\\, path: C:\\develop\\nodejs\\projects\\aitam\\work\\2d927ca0-ddc7-4a4d-bd60-d1e3e737f3e6.xml","timestamp":"2023-03-03 10:45:00"}
{"level":"\u001b[34minfo\u001b[39m","message":"garbage collector deleted  2d927ca0-ddc7-4a4d-bd60-d1e3e737f3e6_trace.txt on folder: C:\\develop\\nodejs\\projects\\aitam\\work\\, path: C:\\develop\\nodejs\\projects\\aitam\\work\\2d927ca0-ddc7-4a4d-bd60-d1e3e737f3e6_trace.txt","timestamp":"2023-03-03 10:45:00"}
{"level":"\u001b[34minfo\u001b[39m","message":"garbage collector deleted  3fdda20e-f217-4462-93ec-8cc30fcb6766_trace.txt on folder: C:\\develop\\nodejs\\projects\\aitam\\work\\, path: C:\\develop\\nodejs\\projects\\aitam\\work\\3fdda20e-f217-4462-93ec-8cc30fcb6766_trace.txt","timestamp":"2023-03-03 10:45:00"}
{"level":"\u001b[34minfo\u001b[39m","message":"garbage collector deleted  3fdda20e-f217-4462-93ec-8cc30fcb6766.xml on folder: C:\\develop\\nodejs\\projects\\aitam\\work\\, path: C:\\develop\\nodejs\\projects\\aitam\\work\\3fdda20e-f217-4462-93ec-8cc30fcb6766.xml","timestamp":"2023-03-03 10:45:00"}
{"level":"\u001b[34minfo\u001b[39m","message":"garbage collector deleted  81cc2900-770f-4df8-a867-7a4c0c82cb07.xml on folder: C:\\develop\\nodejs\\projects\\aitam\\work\\, path: C:\\develop\\nodejs\\projects\\aitam\\work\\81cc2900-770f-4df8-a867-7a4c0c82cb07.xml","timestamp":"2023-03-03 10:45:00"}
{"level":"\u001b[34minfo\u001b[39m","message":"garbage collector deleted  81cc2900-770f-4df8-a867-7a4c0c82cb07_trace.txt on folder: C:\\develop\\nodejs\\projects\\aitam\\work\\, path: C:\\develop\\nodejs\\projects\\aitam\\work\\81cc2900-770f-4df8-a867-7a4c0c82cb07_trace.txt","timestamp":"2023-03-03 10:45:00"}
{"level":"\u001b[34minfo\u001b[39m","message":"garbage collector deleted  a593c471-dc02-4334-af95-b4965697fcb3.xml on folder: C:\\develop\\nodejs\\projects\\aitam\\work\\, path: C:\\develop\\nodejs\\projects\\aitam\\work\\a593c471-dc02-4334-af95-b4965697fcb3.xml","timestamp":"2023-03-03 10:45:00"}
{"level":"\u001b[34minfo\u001b[39m","message":"garbage collector deleted  a593c471-dc02-4334-af95-b4965697fcb3_trace.txt on folder: C:\\develop\\nodejs\\projects\\aitam\\work\\, path: C:\\develop\\nodejs\\projects\\aitam\\work\\a593c471-dc02-4334-af95-b4965697fcb3_trace.txt","timestamp":"2023-03-03 10:45:00"}
{"level":"\u001b[34minfo\u001b[39m","message":"garbage collector deleted  ab5961a1-a71e-43ef-affd-6f9edfb4f706.xml on folder: C:\\develop\\nodejs\\projects\\aitam\\work\\, path: C:\\develop\\nodejs\\projects\\aitam\\work\\ab5961a1-a71e-43ef-affd-6f9edfb4f706.xml","timestamp":"2023-03-03 10:45:00"}
{"level":"\u001b[34minfo\u001b[39m","message":"garbage collector deleted  ab5961a1-a71e-43ef-affd-6f9edfb4f706_trace.txt on folder: C:\\develop\\nodejs\\projects\\aitam\\work\\, path: C:\\develop\\nodejs\\projects\\aitam\\work\\ab5961a1-a71e-43ef-affd-6f9edfb4f706_trace.txt","timestamp":"2023-03-03 10:45:00"}
{"level":"\u001b[34minfo\u001b[39m","message":"garbage collector deleted  c063601c-2d4a-4fff-bde4-547ed443bb9a_trace.txt on folder: C:\\develop\\nodejs\\projects\\aitam\\work\\, path: C:\\develop\\nodejs\\projects\\aitam\\work\\c063601c-2d4a-4fff-bde4-547ed443bb9a_trace.txt","timestamp":"2023-03-03 10:45:00"}
{"level":"\u001b[34minfo\u001b[39m","message":"garbage collector deleted  c063601c-2d4a-4fff-bde4-547ed443bb9a.xml on folder: C:\\develop\\nodejs\\projects\\aitam\\work\\, path: C:\\develop\\nodejs\\projects\\aitam\\work\\c063601c-2d4a-4fff-bde4-547ed443bb9a.xml","timestamp":"2023-03-03 10:45:00"}
{"level":"\u001b[34minfo\u001b[39m","message":"garbage collector deleted  ce476103-9dfc-44cd-b44b-dd96a766967d_trace.txt on folder: C:\\develop\\nodejs\\projects\\aitam\\work\\, path: C:\\develop\\nodejs\\projects\\aitam\\work\\ce476103-9dfc-44cd-b44b-dd96a766967d_trace.txt","timestamp":"2023-03-03 10:45:00"}
{"level":"\u001b[34minfo\u001b[39m","message":"garbage collector deleted  db849b49-ac08-4112-91ce-159f3b39fc20.xml on folder: C:\\develop\\nodejs\\projects\\aitam\\work\\, path: C:\\develop\\nodejs\\projects\\aitam\\work\\db849b49-ac08-4112-91ce-159f3b39fc20.xml","timestamp":"2023-03-03 10:45:00"}
{"level":"\u001b[34minfo\u001b[39m","message":"garbage collector deleted  db849b49-ac08-4112-91ce-159f3b39fc20_trace.txt on folder: C:\\develop\\nodejs\\projects\\aitam\\work\\, path: C:\\develop\\nodejs\\projects\\aitam\\work\\db849b49-ac08-4112-91ce-159f3b39fc20_trace.txt","timestamp":"2023-03-03 10:45:00"}
{"level":"\u001b[34minfo\u001b[39m","message":"garbage collector deleted  ce476103-9dfc-44cd-b44b-dd96a766967d.xml on folder: C:\\develop\\nodejs\\projects\\aitam\\work\\, path: C:\\develop\\nodejs\\projects\\aitam\\work\\ce476103-9dfc-44cd-b44b-dd96a766967d.xml","timestamp":"2023-03-03 10:45:00"}
{"level":"\u001b[34minfo\u001b[39m","message":"garbage collector deleted  e2728f7f-cf15-455a-95b2-9da9f7287785.xml on folder: C:\\develop\\nodejs\\projects\\aitam\\work\\, path: C:\\develop\\nodejs\\projects\\aitam\\work\\e2728f7f-cf15-455a-95b2-9da9f7287785.xml","timestamp":"2023-03-03 10:45:00"}
{"level":"\u001b[34minfo\u001b[39m","message":"garbage collector deleted  f8509520-4f67-472e-9bff-4df87561dbe9.xml on folder: C:\\develop\\nodejs\\projects\\aitam\\work\\, path: C:\\develop\\nodejs\\projects\\aitam\\work\\f8509520-4f67-472e-9bff-4df87561dbe9.xml","timestamp":"2023-03-03 10:45:00"}
{"level":"\u001b[34minfo\u001b[39m","message":"garbage collector error:  Error: Can't delete C:\\develop\\nodejs\\projects\\aitam\\work\\147b34dd-11c9-4e12-ab42-46d0ebe8323b.xml","timestamp":"2023-03-03 10:45:00"}
{"level":"\u001b[34minfo\u001b[39m","message":"garbage collector error:  Error: Can't delete C:\\develop\\nodejs\\projects\\aitam\\work\\147b34dd-11c9-4e12-ab42-46d0ebe8323b_trace.txt","timestamp":"2023-03-03 10:45:00"}
{"level":"\u001b[34minfo\u001b[39m","message":"garbage collector error:  Error: Can't delete C:\\develop\\nodejs\\projects\\aitam\\work\\2d927ca0-ddc7-4a4d-bd60-d1e3e737f3e6.xml","timestamp":"2023-03-03 10:45:00"}
{"level":"\u001b[34minfo\u001b[39m","message":"garbage collector deleted  e2728f7f-cf15-455a-95b2-9da9f7287785_trace.txt on folder: C:\\develop\\nodejs\\projects\\aitam\\work\\, path: C:\\develop\\nodejs\\projects\\aitam\\work\\e2728f7f-cf15-455a-95b2-9da9f7287785_trace.txt","timestamp":"2023-03-03 10:45:00"}
{"level":"\u001b[34minfo\u001b[39m","message":"garbage collector deleted  f8509520-4f67-472e-9bff-4df87561dbe9_trace.txt on folder: C:\\develop\\nodejs\\projects\\aitam\\work\\, path: C:\\develop\\nodejs\\projects\\aitam\\work\\f8509520-4f67-472e-9bff-4df87561dbe9_trace.txt","timestamp":"2023-03-03 10:45:00"}
{"level":"\u001b[34minfo\u001b[39m","message":"garbage collector error:  Error: Can't delete C:\\develop\\nodejs\\projects\\aitam\\work\\3fdda20e-f217-4462-93ec-8cc30fcb6766.xml","timestamp":"2023-03-03 10:45:00"}
{"level":"\u001b[34minfo\u001b[39m","message":"garbage collector error:  Error: Can't delete C:\\develop\\nodejs\\projects\\aitam\\work\\3fdda20e-f217-4462-93ec-8cc30fcb6766_trace.txt","timestamp":"2023-03-03 10:45:00"}
{"level":"\u001b[34minfo\u001b[39m","message":"garbage collector error:  Error: Can't delete C:\\develop\\nodejs\\projects\\aitam\\work\\81cc2900-770f-4df8-a867-7a4c0c82cb07.xml","timestamp":"2023-03-03 10:45:00"}
{"level":"\u001b[34minfo\u001b[39m","message":"garbage collector error:  Error: Can't delete C:\\develop\\nodejs\\projects\\aitam\\work\\81cc2900-770f-4df8-a867-7a4c0c82cb07_trace.txt","timestamp":"2023-03-03 10:45:00"}
{"level":"\u001b[34minfo\u001b[39m","message":"garbage collector error:  Error: Can't delete C:\\develop\\nodejs\\projects\\aitam\\work\\a593c471-dc02-4334-af95-b4965697fcb3_trace.txt","timestamp":"2023-03-03 10:45:00"}
{"level":"\u001b[34minfo\u001b[39m","message":"garbage collector error:  Error: Can't delete C:\\develop\\nodejs\\projects\\aitam\\work\\a593c471-dc02-4334-af95-b4965697fcb3.xml","timestamp":"2023-03-03 10:45:00"}
{"level":"\u001b[34minfo\u001b[39m","message":"garbage collector error:  Error: Can't delete C:\\develop\\nodejs\\projects\\aitam\\work\\2d927ca0-ddc7-4a4d-bd60-d1e3e737f3e6_trace.txt","timestamp":"2023-03-03 10:45:00"}
{"level":"\u001b[34minfo\u001b[39m","message":"garbage collector error:  Error: Can't delete C:\\develop\\nodejs\\projects\\aitam\\work\\ab5961a1-a71e-43ef-affd-6f9edfb4f706.xml","timestamp":"2023-03-03 10:45:00"}
{"level":"\u001b[34minfo\u001b[39m","message":"garbage collector error:  Error: Can't delete C:\\develop\\nodejs\\projects\\aitam\\work\\ab5961a1-a71e-43ef-affd-6f9edfb4f706_trace.txt","timestamp":"2023-03-03 10:45:00"}
{"level":"\u001b[34minfo\u001b[39m","message":"garbage collector error:  Error: Can't delete C:\\develop\\nodejs\\projects\\aitam\\work\\c063601c-2d4a-4fff-bde4-547ed443bb9a.xml","timestamp":"2023-03-03 10:45:00"}
{"level":"\u001b[34minfo\u001b[39m","message":"garbage collector error:  Error: Can't delete C:\\develop\\nodejs\\projects\\aitam\\work\\c063601c-2d4a-4fff-bde4-547ed443bb9a_trace.txt","timestamp":"2023-03-03 10:45:00"}
{"level":"\u001b[34minfo\u001b[39m","message":"garbage collector error:  Error: Can't delete C:\\develop\\nodejs\\projects\\aitam\\work\\ce476103-9dfc-44cd-b44b-dd96a766967d_trace.txt","timestamp":"2023-03-03 10:45:00"}
{"level":"\u001b[34minfo\u001b[39m","message":"garbage collector error:  Error: Can't delete C:\\develop\\nodejs\\projects\\aitam\\work\\ce476103-9dfc-44cd-b44b-dd96a766967d.xml","timestamp":"2023-03-03 10:45:00"}
{"level":"\u001b[34minfo\u001b[39m","message":"garbage collector error:  Error: Can't delete C:\\develop\\nodejs\\projects\\aitam\\work\\db849b49-ac08-4112-91ce-159f3b39fc20.xml","timestamp":"2023-03-03 10:45:00"}
{"level":"\u001b[34minfo\u001b[39m","message":"garbage collector error:  Error: Can't delete C:\\develop\\nodejs\\projects\\aitam\\work\\db849b49-ac08-4112-91ce-159f3b39fc20_trace.txt","timestamp":"2023-03-03 10:45:00"}
{"level":"\u001b[34minfo\u001b[39m","message":"garbage collector error:  Error: Can't delete C:\\develop\\nodejs\\projects\\aitam\\work\\e2728f7f-cf15-455a-95b2-9da9f7287785_trace.txt","timestamp":"2023-03-03 10:45:00"}
{"level":"\u001b[34minfo\u001b[39m","message":"garbage collector error:  Error: Can't delete C:\\develop\\nodejs\\projects\\aitam\\work\\f8509520-4f67-472e-9bff-4df87561dbe9.xml","timestamp":"2023-03-03 10:45:00"}
{"level":"\u001b[34minfo\u001b[39m","message":"garbage collector error:  Error: Can't delete C:\\develop\\nodejs\\projects\\aitam\\work\\e2728f7f-cf15-455a-95b2-9da9f7287785.xml","timestamp":"2023-03-03 10:45:00"}
{"level":"\u001b[34minfo\u001b[39m","message":"garbage collector deleted  gazetteer.dic on folder: C:\\develop\\nodejs\\projects\\aitam\\work\\, path: C:\\develop\\nodejs\\projects\\aitam\\work\\gazetteer.dic","timestamp":"2023-03-03 10:45:00"}
{"level":"\u001b[34minfo\u001b[39m","message":"garbage collector error:  Error: Can't delete C:\\develop\\nodejs\\projects\\aitam\\work\\gazetteer.dic","timestamp":"2023-03-03 10:45:00"}
{"level":"\u001b[34minfo\u001b[39m","message":"garbage collector error:  Error: Can't delete C:\\develop\\nodejs\\projects\\aitam\\work\\f8509520-4f67-472e-9bff-4df87561dbe9_trace.txt","timestamp":"2023-03-03 10:45:00"}
{"level":"\u001b[34minfo\u001b[39m","message":"garbage collector started on path: C:\\develop\\nodejs\\projects\\aitam\\work\\","timestamp":"2023-03-03 11:43:13"}
{"level":"\u001b[34minfo\u001b[39m","message":"garbage collector started on path: C:\\develop\\nodejs\\projects\\aitam\\work\\","timestamp":"2023-03-03 11:48:15"}
{"level":"\u001b[34minfo\u001b[39m","message":"garbage collector started on path: C:\\develop\\nodejs\\projects\\aitam\\work\\","timestamp":"2023-03-03 11:48:42"}
{"level":"\u001b[34minfo\u001b[39m","message":"garbage collector started on path: C:\\develop\\nodejs\\projects\\aitam\\work\\","timestamp":"2023-03-03 12:06:32"}
{"level":"\u001b[34minfo\u001b[39m","message":"Session created received the id:4a404594-bec2-41b9-8a24-3ab021738072","timestamp":"2023-03-03 12:07:33"}
{"level":"\u001b[34minfo\u001b[39m","message":"req.user: undefined","timestamp":"2023-03-03 12:07:39"}
{"level":"\u001b[34minfo\u001b[39m","message":"Session id started: {\"user\":\"2f24vvg\"}","timestamp":"2023-03-03 12:07:39"}
{"level":"\u001b[34minfo\u001b[39m","message":"User logged in: {\"id\":\"2f24vvg\",\"email\":\"test@test.com\",\"password\":\"$2a$10$A2g6pbxxhLA9MNYRJ0rnzOf/7Ara76B0KcRdjzUcsIBIclRuas/fG\"}","timestamp":"2023-03-03 12:07:39"}
{"level":"\u001b[34minfo\u001b[39m","message":"User (2f24vvg) uploaded a file: {\"file\":{\"size\":920755,\"path\":\"C:\\\\develop\\\\nodejs\\\\projects\\\\aitam\\\\work\\\\3bfe0d8d-ca5a-4a1b-90be-b42ca36a80a8.xml\",\"name\":\"f8509520-4f67-472e-9bff-4df87561dbe9.xml\",\"type\":\"text/xml\",\"mtime\":\"2023-03-03T12:07:47.817Z\"}}","timestamp":"2023-03-03 12:07:47"}
{"level":"\u001b[34minfo\u001b[39m","message":"audit file download: C:\\develop\\nodejs\\projects\\aitam\\work\\3bfe0d8d-ca5a-4a1b-90be-b42ca36a80a8.xml","timestamp":"2023-03-03 12:08:02"}
{"level":"\u001b[34minfo\u001b[39m","message":"audit file download: C:\\develop\\nodejs\\projects\\aitam\\work\\3bfe0d8d-ca5a-4a1b-90be-b42ca36a80a8.xml","timestamp":"2023-03-03 12:08:08"}
{"level":"\u001b[34minfo\u001b[39m","message":"audit file download: C:\\develop\\nodejs\\projects\\aitam\\work\\3bfe0d8d-ca5a-4a1b-90be-b42ca36a80a8.xml","timestamp":"2023-03-03 12:08:16"}
{"level":"\u001b[34minfo\u001b[39m","message":"audit file download: C:\\develop\\nodejs\\projects\\aitam\\work\\3bfe0d8d-ca5a-4a1b-90be-b42ca36a80a8.xml","timestamp":"2023-03-03 12:08:42"}
{"level":"\u001b[34minfo\u001b[39m","message":"audit file download: C:\\develop\\nodejs\\projects\\aitam\\work\\3bfe0d8d-ca5a-4a1b-90be-b42ca36a80a8.xml","timestamp":"2023-03-03 12:08:53"}
