{"level":"\u001b[34minfo\u001b[39m","message":"garbage collector started on path: C:\\develop\\nodejs\\projects\\aitam\\work\\","timestamp":"2023-02-16 21:41:00"}
{"level":"\u001b[34minfo\u001b[39m","message":"garbage collector deleted  99b619a2-722f-4a73-b0be-9d205667a14e.src on folder: C:\\develop\\nodejs\\projects\\aitam\\work\\, path: C:\\develop\\nodejs\\projects\\aitam\\work\\99b619a2-722f-4a73-b0be-9d205667a14e.src","timestamp":"2023-02-16 21:45:00"}
{"level":"\u001b[34minfo\u001b[39m","message":"garbage collector error:  Error: Can't delete C:\\develop\\nodejs\\projects\\aitam\\work\\99b619a2-722f-4a73-b0be-9d205667a14e.src","timestamp":"2023-02-16 21:45:00"}
{"level":"\u001b[34minfo\u001b[39m","message":"garbage collector error:  Error: Can't delete C:\\develop\\nodejs\\projects\\aitam\\work\\966502f1b2c01d972e1ec5500","timestamp":"2023-02-16 21:45:00"}
{"level":"\u001b[34minfo\u001b[39m","message":"garbage collector deleted  966502f1b2c01d972e1ec5500 on folder: C:\\develop\\nodejs\\projects\\aitam\\work\\, path: C:\\develop\\nodejs\\projects\\aitam\\work\\966502f1b2c01d972e1ec5500","timestamp":"2023-02-16 21:45:00"}
{"level":"\u001b[34minfo\u001b[39m","message":"Session created received the id:c009088d-cda0-492a-bef3-dfb15e57313d","timestamp":"2023-02-16 21:59:22"}
{"level":"\u001b[34minfo\u001b[39m","message":"Session created received the id:c009088d-cda0-492a-bef3-dfb15e57313d","timestamp":"2023-02-16 21:59:23"}
{"level":"\u001b[34minfo\u001b[39m","message":"Session created received the id:c009088d-cda0-492a-bef3-dfb15e57313d","timestamp":"2023-02-16 22:00:19"}
{"level":"\u001b[34minfo\u001b[39m","message":"Session created received the id:c009088d-cda0-492a-bef3-dfb15e57313d","timestamp":"2023-02-16 22:00:39"}
{"level":"\u001b[33mwarn\u001b[39m","message":"404 - Not Found","timestamp":"2023-02-16 22:00:39"}
{"level":"\u001b[34minfo\u001b[39m","message":"req.user: undefined","timestamp":"2023-02-16 22:00:46"}
{"level":"\u001b[34minfo\u001b[39m","message":"Session id started: {\"user\":\"2f24vvg\"}","timestamp":"2023-02-16 22:00:46"}
{"level":"\u001b[34minfo\u001b[39m","message":"User logged in: {\"id\":\"2f24vvg\",\"email\":\"test@test.com\",\"password\":\"$2a$10$A2g6pbxxhLA9MNYRJ0rnzOf/7Ara76B0KcRdjzUcsIBIclRuas/fG\"}","timestamp":"2023-02-16 22:00:46"}
{"level":"\u001b[34minfo\u001b[39m","message":"User (2f24vvg) uploaded a file: {\"file-upload\":{\"size\":920393,\"path\":\"C:\\\\develop\\\\nodejs\\\\projects\\\\aitam\\\\work\\\\4b504be6-05f5-4a33-9b64-89c59c9ef9e5.xml\",\"name\":\"a549f860-51a6-462a-b935-831cff832ff3 (1).xml\",\"type\":\"text/xml\",\"mtime\":\"2023-02-16T22:00:54.807Z\"}}","timestamp":"2023-02-16 22:00:54"}
{"level":"\u001b[34minfo\u001b[39m","message":"User (2f24vvg) uploaded a file: {\"file-upload\":{\"size\":465587,\"path\":\"C:\\\\develop\\\\nodejs\\\\projects\\\\aitam\\\\work\\\\4b504be6-05f5-4a33-9b64-89c59c9ef9e5.xml\",\"name\":\"ATK-SIGTAS.xml\",\"type\":\"text/xml\",\"mtime\":\"2023-02-16T22:01:06.816Z\"}}","timestamp":"2023-02-16 22:01:06"}
{"level":"\u001b[33mwarn\u001b[39m","message":"404 - Not Found","timestamp":"2023-02-16 22:06:32"}
{"level":"\u001b[33mwarn\u001b[39m","message":"404 - Not Found","timestamp":"2023-02-16 22:06:55"}
{"level":"\u001b[33mwarn\u001b[39m","message":"404 - Not Found","timestamp":"2023-02-16 22:07:18"}
{"level":"\u001b[34minfo\u001b[39m","message":"Session created received the id:4b504be6-05f5-4a33-9b64-89c59c9ef9e5","timestamp":"2023-02-16 22:09:30"}
{"level":"\u001b[34minfo\u001b[39m","message":"New audit file created:C:\\develop\\nodejs\\projects\\aitam\\work\\4b504be6-05f5-4a33-9b64-89c59c9ef9e5.xml","timestamp":"2023-02-16 22:09:36"}
{"level":"\u001b[34minfo\u001b[39m","message":"User (2f24vvg) uploaded a file: {\"file\":{\"size\":920393,\"path\":\"C:\\\\develop\\\\nodejs\\\\projects\\\\aitam\\\\work\\\\4b504be6-05f5-4a33-9b64-89c59c9ef9e5.xml\",\"name\":\"a549f860-51a6-462a-b935-831cff832ff3 (1).xml\",\"type\":\"text/xml\",\"mtime\":\"2023-02-16T22:09:51.224Z\"}}","timestamp":"2023-02-16 22:09:51"}
{"level":"\u001b[34minfo\u001b[39m","message":"User (2f24vvg) uploaded a file: {\"file-upload\":{\"size\":920393,\"path\":\"C:\\\\develop\\\\nodejs\\\\projects\\\\aitam\\\\work\\\\4b504be6-05f5-4a33-9b64-89c59c9ef9e5.xml\",\"name\":\"a549f860-51a6-462a-b935-831cff832ff3 (1).xml\",\"type\":\"text/xml\",\"mtime\":\"2023-02-16T22:10:22.383Z\"}}","timestamp":"2023-02-16 22:10:22"}
{"level":"\u001b[34minfo\u001b[39m","message":"garbage collector started on path: C:\\develop\\nodejs\\projects\\aitam\\work\\","timestamp":"2023-02-16 22:10:38"}
{"level":"\u001b[34minfo\u001b[39m","message":"Session created received the id:daf4c267-cdf3-485c-a623-94b08e3f4bf6","timestamp":"2023-02-16 22:10:40"}
{"level":"\u001b[34minfo\u001b[39m","message":"req.user: undefined","timestamp":"2023-02-16 22:10:48"}
{"level":"\u001b[34minfo\u001b[39m","message":"Session id started: {\"user\":\"2f24vvg\"}","timestamp":"2023-02-16 22:10:48"}
{"level":"\u001b[34minfo\u001b[39m","message":"User logged in: {\"id\":\"2f24vvg\",\"email\":\"test@test.com\",\"password\":\"$2a$10$A2g6pbxxhLA9MNYRJ0rnzOf/7Ara76B0KcRdjzUcsIBIclRuas/fG\"}","timestamp":"2023-02-16 22:10:48"}
{"level":"\u001b[34minfo\u001b[39m","message":"User (2f24vvg) uploaded a file: {\"file\":{\"size\":465587,\"path\":\"C:\\\\develop\\\\nodejs\\\\projects\\\\aitam\\\\work\\\\97931fc9-abd2-431d-9661-a1502250b1d9.xml\",\"name\":\"ATK-SIGTAS.xml\",\"type\":\"text/xml\",\"mtime\":\"2023-02-16T22:10:57.038Z\"}}","timestamp":"2023-02-16 22:10:57"}
{"level":"\u001b[34minfo\u001b[39m","message":"garbage collector started on path: C:\\develop\\nodejs\\projects\\aitam\\work\\","timestamp":"2023-02-16 22:11:59"}
{"level":"\u001b[34minfo\u001b[39m","message":"Session created received the id:f5f6f2d9-4e0d-41e6-a67e-4e651e1d2bba","timestamp":"2023-02-16 22:12:01"}
{"level":"\u001b[34minfo\u001b[39m","message":"req.user: undefined","timestamp":"2023-02-16 22:12:07"}
{"level":"\u001b[34minfo\u001b[39m","message":"Session id started: {\"user\":\"2f24vvg\"}","timestamp":"2023-02-16 22:12:07"}
{"level":"\u001b[34minfo\u001b[39m","message":"User logged in: {\"id\":\"2f24vvg\",\"email\":\"test@test.com\",\"password\":\"$2a$10$A2g6pbxxhLA9MNYRJ0rnzOf/7Ara76B0KcRdjzUcsIBIclRuas/fG\"}","timestamp":"2023-02-16 22:12:07"}
{"level":"\u001b[34minfo\u001b[39m","message":"User (2f24vvg) uploaded a file: {\"file\":{\"size\":465587,\"path\":\"C:\\\\develop\\\\nodejs\\\\projects\\\\aitam\\\\work\\\\d5f6b8ee-7e4f-4d7e-8ddd-7d5914649944.xml\",\"name\":\"ATK-SIGTAS.xml\",\"type\":\"text/xml\",\"mtime\":\"2023-02-16T22:12:21.215Z\"}}","timestamp":"2023-02-16 22:12:21"}
{"level":"\u001b[34minfo\u001b[39m","message":"User (2f24vvg) uploaded a file: {\"file\":{\"size\":465587,\"path\":\"C:\\\\develop\\\\nodejs\\\\projects\\\\aitam\\\\work\\\\d5f6b8ee-7e4f-4d7e-8ddd-7d5914649944.xml\",\"name\":\"ATK-SIGTAS.xml\",\"type\":\"text/xml\",\"mtime\":\"2023-02-16T22:14:00.129Z\"}}","timestamp":"2023-02-16 22:14:00"}
{"level":"\u001b[34minfo\u001b[39m","message":"Session created received the id:d5f6b8ee-7e4f-4d7e-8ddd-7d5914649944","timestamp":"2023-02-16 22:14:46"}
{"level":"\u001b[34minfo\u001b[39m","message":"User (2f24vvg) uploaded a file: {\"file\":{\"size\":465587,\"path\":\"C:\\\\develop\\\\nodejs\\\\projects\\\\aitam\\\\work\\\\d5f6b8ee-7e4f-4d7e-8ddd-7d5914649944.xml\",\"name\":\"ATK-SIGTAS.xml\",\"type\":\"text/xml\",\"mtime\":\"2023-02-16T22:15:00.704Z\"}}","timestamp":"2023-02-16 22:15:00"}
{"level":"\u001b[34minfo\u001b[39m","message":"Session created received the id:d5f6b8ee-7e4f-4d7e-8ddd-7d5914649944","timestamp":"2023-02-16 22:16:13"}
{"level":"\u001b[34minfo\u001b[39m","message":"New audit file created:C:\\develop\\nodejs\\projects\\aitam\\work\\d5f6b8ee-7e4f-4d7e-8ddd-7d5914649944.xml","timestamp":"2023-02-16 22:19:32"}
{"level":"\u001b[34minfo\u001b[39m","message":"User (2f24vvg) uploaded a file: {\"file\":{\"size\":465587,\"path\":\"C:\\\\develop\\\\nodejs\\\\projects\\\\aitam\\\\work\\\\d5f6b8ee-7e4f-4d7e-8ddd-7d5914649944.xml\",\"name\":\"ATK-SIGTAS.xml\",\"type\":\"text/xml\",\"mtime\":\"2023-02-16T22:19:51.247Z\"}}","timestamp":"2023-02-16 22:19:51"}
{"level":"\u001b[34minfo\u001b[39m","message":"Session created received the id:d5f6b8ee-7e4f-4d7e-8ddd-7d5914649944","timestamp":"2023-02-16 22:20:06"}
{"level":"\u001b[34minfo\u001b[39m","message":"User (2f24vvg) uploaded a file: {\"file\":{\"size\":928864,\"path\":\"C:\\\\develop\\\\nodejs\\\\projects\\\\aitam\\\\work\\\\d5f6b8ee-7e4f-4d7e-8ddd-7d5914649944.xml\",\"name\":\"Audit 2-2022_EN (9).xml\",\"type\":\"text/xml\",\"mtime\":\"2023-02-16T22:21:56.423Z\"}}","timestamp":"2023-02-16 22:21:56"}
{"level":"\u001b[34minfo\u001b[39m","message":"Session created received the id:d5f6b8ee-7e4f-4d7e-8ddd-7d5914649944","timestamp":"2023-02-16 22:22:04"}
{"level":"\u001b[34minfo\u001b[39m","message":"User (2f24vvg) uploaded a file: {\"file\":{\"size\":467133,\"path\":\"C:\\\\develop\\\\nodejs\\\\projects\\\\aitam\\\\work\\\\d5f6b8ee-7e4f-4d7e-8ddd-7d5914649944.xml\",\"name\":\"KAS.xml\",\"type\":\"text/xml\",\"mtime\":\"2023-02-16T22:22:13.831Z\"}}","timestamp":"2023-02-16 22:22:13"}
{"level":"\u001b[34minfo\u001b[39m","message":"Session created received the id:d5f6b8ee-7e4f-4d7e-8ddd-7d5914649944","timestamp":"2023-02-16 22:53:16"}
{"level":"\u001b[34minfo\u001b[39m","message":"User (2f24vvg) uploaded a file: {\"file\":{\"size\":465587,\"path\":\"C:\\\\develop\\\\nodejs\\\\projects\\\\aitam\\\\work\\\\d5f6b8ee-7e4f-4d7e-8ddd-7d5914649944.xml\",\"name\":\"ATK-SIGTAS.xml\",\"type\":\"text/xml\",\"mtime\":\"2023-02-16T22:53:33.711Z\"}}","timestamp":"2023-02-16 22:53:33"}
{"level":"\u001b[34minfo\u001b[39m","message":"User (2f24vvg) uploaded a file: {\"file\":{\"size\":920393,\"path\":\"C:\\\\develop\\\\nodejs\\\\projects\\\\aitam\\\\work\\\\d5f6b8ee-7e4f-4d7e-8ddd-7d5914649944.xml\",\"name\":\"a549f860-51a6-462a-b935-831cff832ff3 (1).xml\",\"type\":\"text/xml\",\"mtime\":\"2023-02-16T22:54:03.517Z\"}}","timestamp":"2023-02-16 22:54:03"}
{"level":"\u001b[34minfo\u001b[39m","message":"Session created received the id:d5f6b8ee-7e4f-4d7e-8ddd-7d5914649944","timestamp":"2023-02-16 22:55:32"}
{"level":"\u001b[34minfo\u001b[39m","message":"User (2f24vvg) uploaded a file: {\"file\":{\"size\":465587,\"path\":\"C:\\\\develop\\\\nodejs\\\\projects\\\\aitam\\\\work\\\\d5f6b8ee-7e4f-4d7e-8ddd-7d5914649944.xml\",\"name\":\"ATK-SIGTAS.xml\",\"type\":\"text/xml\",\"mtime\":\"2023-02-16T22:55:38.842Z\"}}","timestamp":"2023-02-16 22:55:38"}
{"level":"\u001b[34minfo\u001b[39m","message":"User (2f24vvg) uploaded a file: {\"file\":{\"size\":910898,\"path\":\"C:\\\\develop\\\\nodejs\\\\projects\\\\aitam\\\\work\\\\d5f6b8ee-7e4f-4d7e-8ddd-7d5914649944.xml\",\"name\":\"AuditMultiLang.xml\",\"type\":\"text/xml\",\"mtime\":\"2023-02-16T22:55:58.199Z\"}}","timestamp":"2023-02-16 22:55:58"}
{"level":"\u001b[34minfo\u001b[39m","message":"User (2f24vvg) uploaded a file: {\"file\":{\"size\":467133,\"path\":\"C:\\\\develop\\\\nodejs\\\\projects\\\\aitam\\\\work\\\\d5f6b8ee-7e4f-4d7e-8ddd-7d5914649944.xml\",\"name\":\"KAS.xml\",\"type\":\"text/xml\",\"mtime\":\"2023-02-16T22:56:12.799Z\"}}","timestamp":"2023-02-16 22:56:12"}
{"level":"\u001b[34minfo\u001b[39m","message":"User (2f24vvg) uploaded a file: {\"file\":{\"size\":413726,\"path\":\"C:\\\\develop\\\\nodejs\\\\projects\\\\aitam\\\\work\\\\d5f6b8ee-7e4f-4d7e-8ddd-7d5914649944.xml\",\"name\":\"KosovoTaxAdministration.xml\",\"type\":\"text/xml\",\"mtime\":\"2023-02-16T23:00:07.030Z\"}}","timestamp":"2023-02-16 23:00:07"}
{"level":"\u001b[34minfo\u001b[39m","message":"User (2f24vvg) uploaded a file: {\"file\":{\"size\":465587,\"path\":\"C:\\\\develop\\\\nodejs\\\\projects\\\\aitam\\\\work\\\\d5f6b8ee-7e4f-4d7e-8ddd-7d5914649944.xml\",\"name\":\"ATK-SIGTAS.xml\",\"type\":\"text/xml\",\"mtime\":\"2023-02-16T23:00:36.064Z\"}}","timestamp":"2023-02-16 23:00:36"}
